        -:    0:Source:/home/krillin/code/nsu/23203_knyazkov/lab1/test/src/all_tests.cc
        -:    0:Graph:/home/krillin/code/nsu/23203_knyazkov/lab1/test/build/CMakeFiles/TestCoverage.dir/src/all_tests.gcno
        -:    0:Data:/home/krillin/code/nsu/23203_knyazkov/lab1/test/build/CMakeFiles/TestCoverage.dir/src/all_tests.gcda
        -:    0:Runs:2
        -:    1:#pragma GCC diagnostic ignored "-Wself-move"
        -:    2:#include "../../src/hashtable.cpp"
        -:    3:#include <gtest/gtest.h>
        -:    4:#include <gtest/gtest_prod.h>
        -:    5:#include <limits.h>
        -:    6:#include <stdexcept>
        -:    7:
        8:    8:TEST(ctors_tests, empty_ctor_test) {
        2:    9:  HashTable h = HashTable();
       2*:   10:  EXPECT_EQ(0, h.getSize());
       2*:   11:  EXPECT_EQ(true, h.empty());
       2*:   12:  ASSERT_EQ(10, h.getCapacity());
        2:   13:}
------------------
_ZN32ctors_tests_empty_ctor_test_TestC2Ev:
function _ZN32ctors_tests_empty_ctor_test_TestC2Ev called 2 returned 100% blocks executed 100%
        2:    8:TEST(ctors_tests, empty_ctor_test) {
call    0 returned 100%
------------------
_ZN32ctors_tests_empty_ctor_test_TestD0Ev:
function _ZN32ctors_tests_empty_ctor_test_TestD0Ev called 2 returned 100% blocks executed 100%
        2:    8:TEST(ctors_tests, empty_ctor_test) {
call    0 returned 100%
call    1 returned 100%
------------------
_ZN32ctors_tests_empty_ctor_test_TestD2Ev:
function _ZN32ctors_tests_empty_ctor_test_TestD2Ev called 2 returned 100% blocks executed 100%
        2:    8:TEST(ctors_tests, empty_ctor_test) {
call    0 returned 100%
------------------
_ZN32ctors_tests_empty_ctor_test_Test8TestBodyEv:
function _ZN32ctors_tests_empty_ctor_test_Test8TestBodyEv called 2 returned 100% blocks executed 31%
        2:    8:TEST(ctors_tests, empty_ctor_test) {
        2:    9:  HashTable h = HashTable();
call    0 returned 100%
branch  1 taken 100% (fallthrough)
branch  2 taken 0% (throw)
       2*:   10:  EXPECT_EQ(0, h.getSize());
call    0 returned 100%
call    1 returned 100%
branch  2 taken 100% (fallthrough)
branch  3 taken 0% (throw)
call    4 returned 100%
branch  5 taken 0% (fallthrough)
branch  6 taken 100%
call    7 never executed
branch  8 never executed (fallthrough)
branch  9 never executed (throw)
call   10 never executed
call   11 never executed
branch 12 never executed (fallthrough)
branch 13 never executed (throw)
call   14 never executed
branch 15 never executed (fallthrough)
branch 16 never executed (throw)
call   17 never executed
call   18 never executed
call   19 returned 100%
call   20 never executed
call   21 never executed
call   22 never executed
       2*:   11:  EXPECT_EQ(true, h.empty());
call    0 returned 100%
call    1 returned 100%
branch  2 taken 100% (fallthrough)
branch  3 taken 0% (throw)
call    4 returned 100%
branch  5 taken 0% (fallthrough)
branch  6 taken 100%
call    7 never executed
branch  8 never executed (fallthrough)
branch  9 never executed (throw)
call   10 never executed
call   11 never executed
branch 12 never executed (fallthrough)
branch 13 never executed (throw)
call   14 never executed
branch 15 never executed (fallthrough)
branch 16 never executed (throw)
call   17 never executed
call   18 never executed
call   19 returned 100%
call   20 never executed
call   21 never executed
call   22 never executed
       2*:   12:  ASSERT_EQ(10, h.getCapacity());
call    0 returned 100%
call    1 returned 100%
branch  2 taken 100% (fallthrough)
branch  3 taken 0% (throw)
call    4 returned 100%
branch  5 taken 0% (fallthrough)
branch  6 taken 100%
call    7 never executed
branch  8 never executed (fallthrough)
branch  9 never executed (throw)
call   10 never executed
call   11 never executed
branch 12 never executed (fallthrough)
branch 13 never executed (throw)
call   14 never executed
branch 15 never executed (fallthrough)
branch 16 never executed (throw)
call   17 never executed
call   18 never executed
call   19 returned 100%
branch 20 taken 100% (fallthrough)
branch 21 taken 0%
call   22 never executed
call   23 never executed
call   24 never executed
        2:   13:}
call    0 returned 100%
branch  1 taken 100% (fallthrough)
branch  2 taken 0%
call    3 never executed
------------------
        -:   14:
        8:   15:TEST(ctors_tests, copy_cstor_test_1) {
        2:   16:  HashTable a = HashTable();
        2:   17:  Value value = {1, 1};
        2:   18:  a.insert("Key", value);
        2:   19:  HashTable b(a);
      10*:   20:  EXPECT_EQ(true, a["Key"].age == b["Key"].age);
       8*:   21:  EXPECT_EQ(true, a["Key"].weight == b["Key"].weight);
        2:   22:}
------------------
_ZN34ctors_tests_copy_cstor_test_1_TestC2Ev:
function _ZN34ctors_tests_copy_cstor_test_1_TestC2Ev called 2 returned 100% blocks executed 100%
        2:   15:TEST(ctors_tests, copy_cstor_test_1) {
call    0 returned 100%
------------------
_ZN34ctors_tests_copy_cstor_test_1_TestD0Ev:
function _ZN34ctors_tests_copy_cstor_test_1_TestD0Ev called 2 returned 100% blocks executed 100%
        2:   15:TEST(ctors_tests, copy_cstor_test_1) {
call    0 returned 100%
call    1 returned 100%
------------------
_ZN34ctors_tests_copy_cstor_test_1_TestD2Ev:
function _ZN34ctors_tests_copy_cstor_test_1_TestD2Ev called 2 returned 100% blocks executed 100%
        2:   15:TEST(ctors_tests, copy_cstor_test_1) {
call    0 returned 100%
------------------
_ZN34ctors_tests_copy_cstor_test_1_Test8TestBodyEv:
function _ZN34ctors_tests_copy_cstor_test_1_Test8TestBodyEv called 2 returned 100% blocks executed 39%
        2:   15:TEST(ctors_tests, copy_cstor_test_1) {
        2:   16:  HashTable a = HashTable();
call    0 returned 100%
branch  1 taken 100% (fallthrough)
branch  2 taken 0% (throw)
        2:   17:  Value value = {1, 1};
        2:   18:  a.insert("Key", value);
call    0 returned 100%
branch  1 taken 100% (fallthrough)
branch  2 taken 0% (throw)
call    3 returned 100%
branch  4 taken 100% (fallthrough)
branch  5 taken 0% (throw)
call    6 returned 100%
call    7 never executed
        2:   19:  HashTable b(a);
call    0 returned 100%
branch  1 taken 100% (fallthrough)
branch  2 taken 0% (throw)
      10*:   20:  EXPECT_EQ(true, a["Key"].age == b["Key"].age);
call    0 returned 100%
branch  1 taken 100% (fallthrough)
branch  2 taken 0% (throw)
call    3 returned 100%
branch  4 taken 100% (fallthrough)
branch  5 taken 0% (throw)
call    6 returned 100%
branch  7 taken 100% (fallthrough)
branch  8 taken 0% (throw)
call    9 returned 100%
branch 10 taken 100% (fallthrough)
branch 11 taken 0% (throw)
call   12 returned 100%
branch 13 taken 100% (fallthrough)
branch 14 taken 0% (throw)
call   15 returned 100%
call   16 returned 100%
call   17 returned 100%
branch 18 taken 0% (fallthrough)
branch 19 taken 100%
call   20 never executed
branch 21 never executed (fallthrough)
branch 22 never executed (throw)
call   23 never executed
call   24 never executed
branch 25 never executed (fallthrough)
branch 26 never executed (throw)
call   27 never executed
branch 28 never executed (fallthrough)
branch 29 never executed (throw)
call   30 never executed
call   31 never executed
call   32 returned 100%
call   33 never executed
call   34 never executed
call   35 never executed
call   36 never executed
call   37 never executed
       8*:   21:  EXPECT_EQ(true, a["Key"].weight == b["Key"].weight);
call    0 returned 100%
branch  1 taken 100% (fallthrough)
branch  2 taken 0% (throw)
call    3 returned 100%
branch  4 taken 100% (fallthrough)
branch  5 taken 0% (throw)
call    6 returned 100%
branch  7 taken 100% (fallthrough)
branch  8 taken 0% (throw)
call    9 returned 100%
branch 10 taken 100% (fallthrough)
branch 11 taken 0% (throw)
call   12 returned 100%
branch 13 taken 100% (fallthrough)
branch 14 taken 0% (throw)
call   15 returned 100%
call   16 returned 100%
call   17 returned 100%
branch 18 taken 0% (fallthrough)
branch 19 taken 100%
call   20 never executed
branch 21 never executed (fallthrough)
branch 22 never executed (throw)
call   23 never executed
call   24 never executed
branch 25 never executed (fallthrough)
branch 26 never executed (throw)
call   27 never executed
branch 28 never executed (fallthrough)
branch 29 never executed (throw)
call   30 never executed
call   31 never executed
call   32 returned 100%
call   33 never executed
call   34 never executed
call   35 never executed
call   36 never executed
call   37 never executed
        2:   22:}
call    0 returned 100%
call    1 returned 100%
call    2 never executed
call    3 never executed
------------------
        -:   23:
        8:   24:TEST(ctors_tests, copy_cstor_test_2) {
       4*:   25:  ASSERT_THROW(HashTable a = HashTable(0), std::invalid_argument);
        -:   26:}
------------------
_ZN34ctors_tests_copy_cstor_test_2_TestC2Ev:
function _ZN34ctors_tests_copy_cstor_test_2_TestC2Ev called 2 returned 100% blocks executed 100%
        2:   24:TEST(ctors_tests, copy_cstor_test_2) {
call    0 returned 100%
------------------
_ZN34ctors_tests_copy_cstor_test_2_TestD0Ev:
function _ZN34ctors_tests_copy_cstor_test_2_TestD0Ev called 2 returned 100% blocks executed 100%
        2:   24:TEST(ctors_tests, copy_cstor_test_2) {
call    0 returned 100%
call    1 returned 100%
------------------
_ZN34ctors_tests_copy_cstor_test_2_TestD2Ev:
function _ZN34ctors_tests_copy_cstor_test_2_TestD2Ev called 2 returned 100% blocks executed 100%
        2:   24:TEST(ctors_tests, copy_cstor_test_2) {
call    0 returned 100%
------------------
_ZN34ctors_tests_copy_cstor_test_2_Test8TestBodyEv:
function _ZN34ctors_tests_copy_cstor_test_2_Test8TestBodyEv called 2 returned 100% blocks executed 30%
        2:   24:TEST(ctors_tests, copy_cstor_test_2) {
       4*:   25:  ASSERT_THROW(HashTable a = HashTable(0), std::invalid_argument);
call    0 returned 100%
call    1 returned 100%
branch  2 taken 100% (fallthrough)
branch  3 taken 0%
call    4 returned 100%
branch  5 taken 100% (fallthrough)
branch  6 taken 0% (throw)
branch  7 taken 100% (fallthrough)
branch  8 taken 0%
call    9 returned 100%
branch 10 taken 0% (fallthrough)
branch 11 taken 100% (throw)
call   12 never executed
branch 13 taken 0% (fallthrough)
branch 14 taken 100%
call   15 never executed
branch 16 never executed (fallthrough)
branch 17 never executed (throw)
call   18 never executed
branch 19 never executed (fallthrough)
branch 20 never executed (throw)
call   21 never executed
call   22 never executed
branch 23 never executed (fallthrough)
branch 24 never executed (throw)
call   25 never executed
branch 26 never executed (fallthrough)
branch 27 never executed (throw)
call   28 never executed
call   29 never executed
call   30 returned 100%
branch 31 taken 100% (fallthrough)
branch 32 taken 0%
branch 33 taken 100%
branch 34 taken 0%
branch 35 taken 0%
call   36 returned 100%
call   37 returned 100%
call   38 never executed
call   39 never executed
branch 40 never executed (fallthrough)
branch 41 never executed (throw)
call   42 never executed
branch 43 never executed (fallthrough)
branch 44 never executed (throw)
call   45 never executed
branch 46 never executed (fallthrough)
branch 47 never executed (throw)
call   48 never executed
call   49 never executed
branch 50 never executed (fallthrough)
branch 51 never executed (throw)
call   52 never executed
call   53 never executed
branch 54 never executed (fallthrough)
branch 55 never executed (throw)
call   56 never executed
branch 57 never executed (fallthrough)
branch 58 never executed (throw)
call   59 never executed
call   60 never executed
call   61 never executed
branch 62 never executed (fallthrough)
branch 63 never executed (throw)
call   64 never executed
branch 65 never executed (fallthrough)
branch 66 never executed (throw)
call   67 never executed
call   68 never executed
call   69 never executed
call   70 never executed
call   71 never executed
call   72 never executed
        -:   26:}
------------------
        -:   27:
        8:   28:TEST(ctors_tests, capacity_cstor_test_1) {
        2:   29:  size_t init_capacity = 10;
        2:   30:  HashTable a = HashTable();
        -:   31:
       2*:   32:  EXPECT_EQ(init_capacity, a.getCapacity());
       2*:   33:  EXPECT_EQ(0, a.getSize());
        2:   34:}
------------------
_ZN38ctors_tests_capacity_cstor_test_1_TestC2Ev:
function _ZN38ctors_tests_capacity_cstor_test_1_TestC2Ev called 2 returned 100% blocks executed 100%
        2:   28:TEST(ctors_tests, capacity_cstor_test_1) {
call    0 returned 100%
------------------
_ZN38ctors_tests_capacity_cstor_test_1_TestD0Ev:
function _ZN38ctors_tests_capacity_cstor_test_1_TestD0Ev called 2 returned 100% blocks executed 100%
        2:   28:TEST(ctors_tests, capacity_cstor_test_1) {
call    0 returned 100%
call    1 returned 100%
------------------
_ZN38ctors_tests_capacity_cstor_test_1_TestD2Ev:
function _ZN38ctors_tests_capacity_cstor_test_1_TestD2Ev called 2 returned 100% blocks executed 100%
        2:   28:TEST(ctors_tests, capacity_cstor_test_1) {
call    0 returned 100%
------------------
_ZN38ctors_tests_capacity_cstor_test_1_Test8TestBodyEv:
function _ZN38ctors_tests_capacity_cstor_test_1_Test8TestBodyEv called 2 returned 100% blocks executed 27%
        2:   28:TEST(ctors_tests, capacity_cstor_test_1) {
        2:   29:  size_t init_capacity = 10;
        2:   30:  HashTable a = HashTable();
call    0 returned 100%
branch  1 taken 100% (fallthrough)
branch  2 taken 0% (throw)
        -:   31:
       2*:   32:  EXPECT_EQ(init_capacity, a.getCapacity());
call    0 returned 100%
call    1 returned 100%
branch  2 taken 100% (fallthrough)
branch  3 taken 0% (throw)
call    4 returned 100%
branch  5 taken 0% (fallthrough)
branch  6 taken 100%
call    7 never executed
branch  8 never executed (fallthrough)
branch  9 never executed (throw)
call   10 never executed
call   11 never executed
branch 12 never executed (fallthrough)
branch 13 never executed (throw)
call   14 never executed
branch 15 never executed (fallthrough)
branch 16 never executed (throw)
call   17 never executed
call   18 never executed
call   19 returned 100%
call   20 never executed
call   21 never executed
call   22 never executed
       2*:   33:  EXPECT_EQ(0, a.getSize());
call    0 returned 100%
call    1 returned 100%
branch  2 taken 100% (fallthrough)
branch  3 taken 0% (throw)
call    4 returned 100%
branch  5 taken 0% (fallthrough)
branch  6 taken 100%
call    7 never executed
branch  8 never executed (fallthrough)
branch  9 never executed (throw)
call   10 never executed
call   11 never executed
branch 12 never executed (fallthrough)
branch 13 never executed (throw)
call   14 never executed
branch 15 never executed (fallthrough)
branch 16 never executed (throw)
call   17 never executed
call   18 never executed
call   19 returned 100%
call   20 never executed
call   21 never executed
call   22 never executed
        2:   34:}
call    0 returned 100%
call    1 never executed
------------------
        -:   35:
        8:   36:TEST(ctors_tests, capacity_cstor_test_2) {
       4*:   37:  EXPECT_THROW({ HashTable a(0); }, std::invalid_argument);
        2:   38:}
------------------
_ZN38ctors_tests_capacity_cstor_test_2_TestC2Ev:
function _ZN38ctors_tests_capacity_cstor_test_2_TestC2Ev called 2 returned 100% blocks executed 100%
        2:   36:TEST(ctors_tests, capacity_cstor_test_2) {
call    0 returned 100%
------------------
_ZN38ctors_tests_capacity_cstor_test_2_TestD0Ev:
function _ZN38ctors_tests_capacity_cstor_test_2_TestD0Ev called 2 returned 100% blocks executed 100%
        2:   36:TEST(ctors_tests, capacity_cstor_test_2) {
call    0 returned 100%
call    1 returned 100%
------------------
_ZN38ctors_tests_capacity_cstor_test_2_TestD2Ev:
function _ZN38ctors_tests_capacity_cstor_test_2_TestD2Ev called 2 returned 100% blocks executed 100%
        2:   36:TEST(ctors_tests, capacity_cstor_test_2) {
call    0 returned 100%
------------------
_ZN38ctors_tests_capacity_cstor_test_2_Test8TestBodyEv:
function _ZN38ctors_tests_capacity_cstor_test_2_Test8TestBodyEv called 2 returned 100% blocks executed 25%
        2:   36:TEST(ctors_tests, capacity_cstor_test_2) {
       4*:   37:  EXPECT_THROW({ HashTable a(0); }, std::invalid_argument);
call    0 returned 100%
call    1 returned 100%
branch  2 taken 100% (fallthrough)
branch  3 taken 0%
call    4 returned 100%
branch  5 taken 100% (fallthrough)
branch  6 taken 0% (throw)
branch  7 taken 100% (fallthrough)
branch  8 taken 0%
call    9 returned 100%
branch 10 taken 0% (fallthrough)
branch 11 taken 100% (throw)
call   12 never executed
branch 13 taken 0% (fallthrough)
branch 14 taken 100%
call   15 never executed
branch 16 never executed (fallthrough)
branch 17 never executed (throw)
call   18 never executed
branch 19 never executed (fallthrough)
branch 20 never executed (throw)
call   21 never executed
call   22 never executed
branch 23 never executed (fallthrough)
branch 24 never executed (throw)
call   25 never executed
branch 26 never executed (fallthrough)
branch 27 never executed (throw)
call   28 never executed
call   29 never executed
call   30 returned 100%
branch 31 taken 100%
branch 32 taken 0%
branch 33 taken 0%
call   34 returned 100%
call   35 returned 100%
call   36 never executed
call   37 never executed
branch 38 never executed (fallthrough)
branch 39 never executed (throw)
call   40 never executed
branch 41 never executed (fallthrough)
branch 42 never executed (throw)
call   43 never executed
branch 44 never executed (fallthrough)
branch 45 never executed (throw)
call   46 never executed
call   47 never executed
branch 48 never executed (fallthrough)
branch 49 never executed (throw)
call   50 never executed
call   51 never executed
branch 52 never executed (fallthrough)
branch 53 never executed (throw)
call   54 never executed
branch 55 never executed (fallthrough)
branch 56 never executed (throw)
call   57 never executed
call   58 never executed
call   59 never executed
branch 60 never executed (fallthrough)
branch 61 never executed (throw)
call   62 never executed
branch 63 never executed (fallthrough)
branch 64 never executed (throw)
call   65 never executed
call   66 never executed
call   67 never executed
call   68 never executed
call   69 never executed
call   70 never executed
        2:   38:}
------------------
        -:   39:
        8:   40:TEST(ctors_tests, move_cstor_test_1) {
        2:   41:  HashTable a = HashTable();
        -:   42:
        -:   43:  // Move construct a new HashTable from ht1
        2:   44:  HashTable b(std::move(a));
        -:   45:
       2*:   46:  EXPECT_EQ(10, b.getCapacity());
       2*:   47:  EXPECT_EQ(0, b.getSize());
        -:   48:
        2:   49:}
------------------
_ZN34ctors_tests_move_cstor_test_1_TestC2Ev:
function _ZN34ctors_tests_move_cstor_test_1_TestC2Ev called 2 returned 100% blocks executed 100%
        2:   40:TEST(ctors_tests, move_cstor_test_1) {
call    0 returned 100%
------------------
_ZN34ctors_tests_move_cstor_test_1_TestD0Ev:
function _ZN34ctors_tests_move_cstor_test_1_TestD0Ev called 2 returned 100% blocks executed 100%
        2:   40:TEST(ctors_tests, move_cstor_test_1) {
call    0 returned 100%
call    1 returned 100%
------------------
_ZN34ctors_tests_move_cstor_test_1_TestD2Ev:
function _ZN34ctors_tests_move_cstor_test_1_TestD2Ev called 2 returned 100% blocks executed 100%
        2:   40:TEST(ctors_tests, move_cstor_test_1) {
call    0 returned 100%
------------------
_ZN34ctors_tests_move_cstor_test_1_Test8TestBodyEv:
function _ZN34ctors_tests_move_cstor_test_1_Test8TestBodyEv called 2 returned 100% blocks executed 30%
        2:   40:TEST(ctors_tests, move_cstor_test_1) {
        2:   41:  HashTable a = HashTable();
call    0 returned 100%
branch  1 taken 100% (fallthrough)
branch  2 taken 0% (throw)
        -:   42:
        -:   43:  // Move construct a new HashTable from ht1
        2:   44:  HashTable b(std::move(a));
call    0 returned 100%
call    1 returned 100%
        -:   45:
       2*:   46:  EXPECT_EQ(10, b.getCapacity());
call    0 returned 100%
call    1 returned 100%
branch  2 taken 100% (fallthrough)
branch  3 taken 0% (throw)
call    4 returned 100%
branch  5 taken 0% (fallthrough)
branch  6 taken 100%
call    7 never executed
branch  8 never executed (fallthrough)
branch  9 never executed (throw)
call   10 never executed
call   11 never executed
branch 12 never executed (fallthrough)
branch 13 never executed (throw)
call   14 never executed
branch 15 never executed (fallthrough)
branch 16 never executed (throw)
call   17 never executed
call   18 never executed
call   19 returned 100%
call   20 never executed
call   21 never executed
call   22 never executed
       2*:   47:  EXPECT_EQ(0, b.getSize());
call    0 returned 100%
call    1 returned 100%
branch  2 taken 100% (fallthrough)
branch  3 taken 0% (throw)
call    4 returned 100%
branch  5 taken 0% (fallthrough)
branch  6 taken 100%
call    7 never executed
branch  8 never executed (fallthrough)
branch  9 never executed (throw)
call   10 never executed
call   11 never executed
branch 12 never executed (fallthrough)
branch 13 never executed (throw)
call   14 never executed
branch 15 never executed (fallthrough)
branch 16 never executed (throw)
call   17 never executed
call   18 never executed
call   19 returned 100%
call   20 never executed
call   21 never executed
call   22 never executed
        -:   48:
        2:   49:}
call    0 returned 100%
call    1 returned 100%
call    2 never executed
call    3 never executed
------------------
        -:   50:
        8:   51:TEST(ctors_tests, move_cstor_test_2) {
        2:   52:  HashTable a = HashTable();
        2:   53:  const Value value1 = {1, 1};
        2:   54:  const Value value2 = {2, 2};
        4:   55:  a.insert("key1", value1);
        2:   56:  a.insert("key2", value2);
        -:   57:
        2:   58:  HashTable b(std::move(a));
        -:   59:
        2:   60:  std::clog << "b.capacity and size is :" << b.getCapacity() << " "
        2:   61:            << b.getSize() << std::endl;
        -:   62:
       2*:   63:  EXPECT_EQ(2, b.getSize());
       4*:   64:  EXPECT_EQ(value1.age, b["key1"].age);
       4*:   65:  EXPECT_EQ(value1.weight, b["key1"].weight);
        -:   66:
       4*:   67:  EXPECT_EQ(value2.age, b["key2"].age);
       4*:   68:  EXPECT_EQ(value2.weight, b["key2"].weight);
        2:   69:}
------------------
_ZN34ctors_tests_move_cstor_test_2_TestC2Ev:
function _ZN34ctors_tests_move_cstor_test_2_TestC2Ev called 2 returned 100% blocks executed 100%
        2:   51:TEST(ctors_tests, move_cstor_test_2) {
call    0 returned 100%
------------------
_ZN34ctors_tests_move_cstor_test_2_TestD0Ev:
function _ZN34ctors_tests_move_cstor_test_2_TestD0Ev called 2 returned 100% blocks executed 100%
        2:   51:TEST(ctors_tests, move_cstor_test_2) {
call    0 returned 100%
call    1 returned 100%
------------------
_ZN34ctors_tests_move_cstor_test_2_TestD2Ev:
function _ZN34ctors_tests_move_cstor_test_2_TestD2Ev called 2 returned 100% blocks executed 100%
        2:   51:TEST(ctors_tests, move_cstor_test_2) {
call    0 returned 100%
------------------
_ZN34ctors_tests_move_cstor_test_2_Test8TestBodyEv:
function _ZN34ctors_tests_move_cstor_test_2_Test8TestBodyEv called 2 returned 100% blocks executed 37%
        2:   51:TEST(ctors_tests, move_cstor_test_2) {
        2:   52:  HashTable a = HashTable();
call    0 returned 100%
branch  1 taken 100% (fallthrough)
branch  2 taken 0% (throw)
        2:   53:  const Value value1 = {1, 1};
        2:   54:  const Value value2 = {2, 2};
        4:   55:  a.insert("key1", value1);
call    0 returned 100%
branch  1 taken 100% (fallthrough)
branch  2 taken 0% (throw)
call    3 returned 100%
branch  4 taken 100% (fallthrough)
branch  5 taken 0% (throw)
call    6 returned 100%
call    7 never executed
        2:   56:  a.insert("key2", value2);
call    0 returned 100%
branch  1 taken 100% (fallthrough)
branch  2 taken 0% (throw)
call    3 returned 100%
branch  4 taken 100% (fallthrough)
branch  5 taken 0% (throw)
call    6 returned 100%
call    7 never executed
        -:   57:
        2:   58:  HashTable b(std::move(a));
call    0 returned 100%
call    1 returned 100%
        -:   59:
        2:   60:  std::clog << "b.capacity and size is :" << b.getCapacity() << " "
call    0 returned 100%
branch  1 taken 100% (fallthrough)
branch  2 taken 0% (throw)
call    3 returned 100%
call    4 returned 100%
branch  5 taken 100% (fallthrough)
branch  6 taken 0% (throw)
call    7 returned 100%
branch  8 taken 100% (fallthrough)
branch  9 taken 0% (throw)
        2:   61:            << b.getSize() << std::endl;
call    0 returned 100%
call    1 returned 100%
branch  2 taken 100% (fallthrough)
branch  3 taken 0% (throw)
call    4 returned 100%
branch  5 taken 100% (fallthrough)
branch  6 taken 0% (throw)
        -:   62:
       2*:   63:  EXPECT_EQ(2, b.getSize());
call    0 returned 100%
call    1 returned 100%
branch  2 taken 100% (fallthrough)
branch  3 taken 0% (throw)
call    4 returned 100%
branch  5 taken 0% (fallthrough)
branch  6 taken 100%
call    7 never executed
branch  8 never executed (fallthrough)
branch  9 never executed (throw)
call   10 never executed
call   11 never executed
branch 12 never executed (fallthrough)
branch 13 never executed (throw)
call   14 never executed
branch 15 never executed (fallthrough)
branch 16 never executed (throw)
call   17 never executed
call   18 never executed
call   19 returned 100%
call   20 never executed
call   21 never executed
call   22 never executed
       4*:   64:  EXPECT_EQ(value1.age, b["key1"].age);
call    0 returned 100%
branch  1 taken 100% (fallthrough)
branch  2 taken 0% (throw)
call    3 returned 100%
branch  4 taken 100% (fallthrough)
branch  5 taken 0% (throw)
call    6 returned 100%
branch  7 taken 100% (fallthrough)
branch  8 taken 0% (throw)
call    9 returned 100%
call   10 returned 100%
branch 11 taken 0% (fallthrough)
branch 12 taken 100%
call   13 never executed
branch 14 never executed (fallthrough)
branch 15 never executed (throw)
call   16 never executed
call   17 never executed
branch 18 never executed (fallthrough)
branch 19 never executed (throw)
call   20 never executed
branch 21 never executed (fallthrough)
branch 22 never executed (throw)
call   23 never executed
call   24 never executed
call   25 returned 100%
call   26 never executed
call   27 never executed
call   28 never executed
call   29 never executed
       4*:   65:  EXPECT_EQ(value1.weight, b["key1"].weight);
call    0 returned 100%
branch  1 taken 100% (fallthrough)
branch  2 taken 0% (throw)
call    3 returned 100%
branch  4 taken 100% (fallthrough)
branch  5 taken 0% (throw)
call    6 returned 100%
branch  7 taken 100% (fallthrough)
branch  8 taken 0% (throw)
call    9 returned 100%
call   10 returned 100%
branch 11 taken 0% (fallthrough)
branch 12 taken 100%
call   13 never executed
branch 14 never executed (fallthrough)
branch 15 never executed (throw)
call   16 never executed
call   17 never executed
branch 18 never executed (fallthrough)
branch 19 never executed (throw)
call   20 never executed
branch 21 never executed (fallthrough)
branch 22 never executed (throw)
call   23 never executed
call   24 never executed
call   25 returned 100%
call   26 never executed
call   27 never executed
call   28 never executed
call   29 never executed
        -:   66:
       4*:   67:  EXPECT_EQ(value2.age, b["key2"].age);
call    0 returned 100%
branch  1 taken 100% (fallthrough)
branch  2 taken 0% (throw)
call    3 returned 100%
branch  4 taken 100% (fallthrough)
branch  5 taken 0% (throw)
call    6 returned 100%
branch  7 taken 100% (fallthrough)
branch  8 taken 0% (throw)
call    9 returned 100%
call   10 returned 100%
branch 11 taken 0% (fallthrough)
branch 12 taken 100%
call   13 never executed
branch 14 never executed (fallthrough)
branch 15 never executed (throw)
call   16 never executed
call   17 never executed
branch 18 never executed (fallthrough)
branch 19 never executed (throw)
call   20 never executed
branch 21 never executed (fallthrough)
branch 22 never executed (throw)
call   23 never executed
call   24 never executed
call   25 returned 100%
call   26 never executed
call   27 never executed
call   28 never executed
call   29 never executed
       4*:   68:  EXPECT_EQ(value2.weight, b["key2"].weight);
call    0 returned 100%
branch  1 taken 100% (fallthrough)
branch  2 taken 0% (throw)
call    3 returned 100%
branch  4 taken 100% (fallthrough)
branch  5 taken 0% (throw)
call    6 returned 100%
branch  7 taken 100% (fallthrough)
branch  8 taken 0% (throw)
call    9 returned 100%
call   10 returned 100%
branch 11 taken 0% (fallthrough)
branch 12 taken 100%
call   13 never executed
branch 14 never executed (fallthrough)
branch 15 never executed (throw)
call   16 never executed
call   17 never executed
branch 18 never executed (fallthrough)
branch 19 never executed (throw)
call   20 never executed
branch 21 never executed (fallthrough)
branch 22 never executed (throw)
call   23 never executed
call   24 never executed
call   25 returned 100%
call   26 never executed
call   27 never executed
call   28 never executed
call   29 never executed
        2:   69:}
call    0 returned 100%
call    1 returned 100%
call    2 never executed
call    3 never executed
------------------
        -:   70:
        8:   71:TEST(operators_tests, brackets_test_1) {
        2:   72:  HashTable a = HashTable();
        2:   73:  const Value value = {1, 1};
        4:   74:  a.insert("Key", value);
       4*:   75:  EXPECT_TRUE(a["Key"] == value);
        2:   76:}
------------------
_ZN36operators_tests_brackets_test_1_TestC2Ev:
function _ZN36operators_tests_brackets_test_1_TestC2Ev called 2 returned 100% blocks executed 100%
        2:   71:TEST(operators_tests, brackets_test_1) {
call    0 returned 100%
------------------
_ZN36operators_tests_brackets_test_1_TestD0Ev:
function _ZN36operators_tests_brackets_test_1_TestD0Ev called 2 returned 100% blocks executed 100%
        2:   71:TEST(operators_tests, brackets_test_1) {
call    0 returned 100%
call    1 returned 100%
------------------
_ZN36operators_tests_brackets_test_1_TestD2Ev:
function _ZN36operators_tests_brackets_test_1_TestD2Ev called 2 returned 100% blocks executed 100%
        2:   71:TEST(operators_tests, brackets_test_1) {
call    0 returned 100%
------------------
_ZN36operators_tests_brackets_test_1_Test8TestBodyEv:
function _ZN36operators_tests_brackets_test_1_Test8TestBodyEv called 2 returned 100% blocks executed 37%
        2:   71:TEST(operators_tests, brackets_test_1) {
        2:   72:  HashTable a = HashTable();
call    0 returned 100%
branch  1 taken 100% (fallthrough)
branch  2 taken 0% (throw)
        2:   73:  const Value value = {1, 1};
        4:   74:  a.insert("Key", value);
call    0 returned 100%
branch  1 taken 100% (fallthrough)
branch  2 taken 0% (throw)
call    3 returned 100%
branch  4 taken 100% (fallthrough)
branch  5 taken 0% (throw)
call    6 returned 100%
call    7 never executed
       4*:   75:  EXPECT_TRUE(a["Key"] == value);
call    0 returned 100%
branch  1 taken 100% (fallthrough)
branch  2 taken 0% (throw)
call    3 returned 100%
branch  4 taken 100% (fallthrough)
branch  5 taken 0% (throw)
call    6 returned 100%
call    7 returned 100%
call    8 returned 100%
call    9 returned 100%
branch 10 taken 0% (fallthrough)
branch 11 taken 100%
call   12 never executed
branch 13 never executed (fallthrough)
branch 14 never executed (throw)
call   15 never executed
branch 16 never executed (fallthrough)
branch 17 never executed (throw)
call   18 never executed
call   19 never executed
branch 20 never executed (fallthrough)
branch 21 never executed (throw)
call   22 never executed
branch 23 never executed (fallthrough)
branch 24 never executed (throw)
call   25 never executed
call   26 never executed
call   27 never executed
call   28 returned 100%
call   29 never executed
call   30 never executed
call   31 never executed
call   32 never executed
call   33 never executed
        2:   76:}
call    0 returned 100%
call    1 never executed
------------------
        -:   77:
        8:   78:TEST(operators_tests, brackets_test_2) {
        2:   79:  HashTable a = HashTable();
        2:   80:  Value empty = Value();
       4*:   81:  EXPECT_TRUE(empty == a["something"]);
        2:   82:}
------------------
_ZN36operators_tests_brackets_test_2_TestC2Ev:
function _ZN36operators_tests_brackets_test_2_TestC2Ev called 2 returned 100% blocks executed 100%
        2:   78:TEST(operators_tests, brackets_test_2) {
call    0 returned 100%
------------------
_ZN36operators_tests_brackets_test_2_TestD0Ev:
function _ZN36operators_tests_brackets_test_2_TestD0Ev called 2 returned 100% blocks executed 100%
        2:   78:TEST(operators_tests, brackets_test_2) {
call    0 returned 100%
call    1 returned 100%
------------------
_ZN36operators_tests_brackets_test_2_TestD2Ev:
function _ZN36operators_tests_brackets_test_2_TestD2Ev called 2 returned 100% blocks executed 100%
        2:   78:TEST(operators_tests, brackets_test_2) {
call    0 returned 100%
------------------
_ZN36operators_tests_brackets_test_2_Test8TestBodyEv:
function _ZN36operators_tests_brackets_test_2_Test8TestBodyEv called 2 returned 100% blocks executed 33%
        2:   78:TEST(operators_tests, brackets_test_2) {
        2:   79:  HashTable a = HashTable();
call    0 returned 100%
branch  1 taken 100% (fallthrough)
branch  2 taken 0% (throw)
        2:   80:  Value empty = Value();
       4*:   81:  EXPECT_TRUE(empty == a["something"]);
call    0 returned 100%
branch  1 taken 100% (fallthrough)
branch  2 taken 0% (throw)
call    3 returned 100%
branch  4 taken 100% (fallthrough)
branch  5 taken 0% (throw)
call    6 returned 100%
call    7 returned 100%
call    8 returned 100%
call    9 returned 100%
branch 10 taken 0% (fallthrough)
branch 11 taken 100%
call   12 never executed
branch 13 never executed (fallthrough)
branch 14 never executed (throw)
call   15 never executed
branch 16 never executed (fallthrough)
branch 17 never executed (throw)
call   18 never executed
call   19 never executed
branch 20 never executed (fallthrough)
branch 21 never executed (throw)
call   22 never executed
branch 23 never executed (fallthrough)
branch 24 never executed (throw)
call   25 never executed
call   26 never executed
call   27 never executed
call   28 returned 100%
call   29 never executed
call   30 never executed
call   31 never executed
call   32 never executed
call   33 never executed
        2:   82:}
call    0 returned 100%
call    1 never executed
------------------
        -:   83:
        8:   84:TEST(operators_tests, copy_assignment_test_1) {
        2:   85:  HashTable a = HashTable();
        2:   86:  Value Value1 = {1, 1};
        2:   87:  Value Value2 = {2, 2};
        4:   88:  Value Value3 = {3, 3};
        -:   89:
        4:   90:  a.insert("Key1", Value1);
        2:   91:  a.insert("Key2", Value2);
        -:   92:
        2:   93:  HashTable b;
        2:   94:  b.insert("Key3", Value3);
        -:   95:
        2:   96:  b = a;
        -:   97:
       6*:   98:  EXPECT_TRUE(b["Key1"] == Value1);
       4*:   99:  EXPECT_TRUE(b["Key2"] == Value2);
       4*:  100:  EXPECT_FALSE(b["Key3"] == Value3); // do not need to be here
        2:  101:}
------------------
_ZN43operators_tests_copy_assignment_test_1_TestC2Ev:
function _ZN43operators_tests_copy_assignment_test_1_TestC2Ev called 2 returned 100% blocks executed 100%
        2:   84:TEST(operators_tests, copy_assignment_test_1) {
call    0 returned 100%
------------------
_ZN43operators_tests_copy_assignment_test_1_TestD0Ev:
function _ZN43operators_tests_copy_assignment_test_1_TestD0Ev called 2 returned 100% blocks executed 100%
        2:   84:TEST(operators_tests, copy_assignment_test_1) {
call    0 returned 100%
call    1 returned 100%
------------------
_ZN43operators_tests_copy_assignment_test_1_TestD2Ev:
function _ZN43operators_tests_copy_assignment_test_1_TestD2Ev called 2 returned 100% blocks executed 100%
        2:   84:TEST(operators_tests, copy_assignment_test_1) {
call    0 returned 100%
------------------
_ZN43operators_tests_copy_assignment_test_1_Test8TestBodyEv:
function _ZN43operators_tests_copy_assignment_test_1_Test8TestBodyEv called 2 returned 100% blocks executed 35%
        2:   84:TEST(operators_tests, copy_assignment_test_1) {
        2:   85:  HashTable a = HashTable();
call    0 returned 100%
branch  1 taken 100% (fallthrough)
branch  2 taken 0% (throw)
        2:   86:  Value Value1 = {1, 1};
        2:   87:  Value Value2 = {2, 2};
        4:   88:  Value Value3 = {3, 3};
        -:   89:
        4:   90:  a.insert("Key1", Value1);
call    0 returned 100%
branch  1 taken 100% (fallthrough)
branch  2 taken 0% (throw)
call    3 returned 100%
branch  4 taken 100% (fallthrough)
branch  5 taken 0% (throw)
call    6 returned 100%
call    7 never executed
        2:   91:  a.insert("Key2", Value2);
call    0 returned 100%
branch  1 taken 100% (fallthrough)
branch  2 taken 0% (throw)
call    3 returned 100%
branch  4 taken 100% (fallthrough)
branch  5 taken 0% (throw)
call    6 returned 100%
call    7 never executed
        -:   92:
        2:   93:  HashTable b;
call    0 returned 100%
branch  1 taken 100% (fallthrough)
branch  2 taken 0% (throw)
        2:   94:  b.insert("Key3", Value3);
call    0 returned 100%
branch  1 taken 100% (fallthrough)
branch  2 taken 0% (throw)
call    3 returned 100%
branch  4 taken 100% (fallthrough)
branch  5 taken 0% (throw)
call    6 returned 100%
call    7 never executed
        -:   95:
        2:   96:  b = a;
call    0 returned 100%
branch  1 taken 100% (fallthrough)
branch  2 taken 0% (throw)
        -:   97:
       6*:   98:  EXPECT_TRUE(b["Key1"] == Value1);
call    0 returned 100%
branch  1 taken 100% (fallthrough)
branch  2 taken 0% (throw)
call    3 returned 100%
branch  4 taken 100% (fallthrough)
branch  5 taken 0% (throw)
call    6 returned 100%
call    7 returned 100%
call    8 returned 100%
call    9 returned 100%
branch 10 taken 0% (fallthrough)
branch 11 taken 100%
call   12 never executed
branch 13 never executed (fallthrough)
branch 14 never executed (throw)
call   15 never executed
branch 16 never executed (fallthrough)
branch 17 never executed (throw)
call   18 never executed
call   19 never executed
branch 20 never executed (fallthrough)
branch 21 never executed (throw)
call   22 never executed
branch 23 never executed (fallthrough)
branch 24 never executed (throw)
call   25 never executed
call   26 never executed
call   27 never executed
call   28 returned 100%
call   29 never executed
call   30 never executed
call   31 never executed
call   32 never executed
call   33 never executed
       4*:   99:  EXPECT_TRUE(b["Key2"] == Value2);
call    0 returned 100%
branch  1 taken 100% (fallthrough)
branch  2 taken 0% (throw)
call    3 returned 100%
branch  4 taken 100% (fallthrough)
branch  5 taken 0% (throw)
call    6 returned 100%
call    7 returned 100%
call    8 returned 100%
call    9 returned 100%
branch 10 taken 0% (fallthrough)
branch 11 taken 100%
call   12 never executed
branch 13 never executed (fallthrough)
branch 14 never executed (throw)
call   15 never executed
branch 16 never executed (fallthrough)
branch 17 never executed (throw)
call   18 never executed
call   19 never executed
branch 20 never executed (fallthrough)
branch 21 never executed (throw)
call   22 never executed
branch 23 never executed (fallthrough)
branch 24 never executed (throw)
call   25 never executed
call   26 never executed
call   27 never executed
call   28 returned 100%
call   29 never executed
call   30 never executed
call   31 never executed
call   32 never executed
call   33 never executed
       4*:  100:  EXPECT_FALSE(b["Key3"] == Value3); // do not need to be here
call    0 returned 100%
branch  1 taken 100% (fallthrough)
branch  2 taken 0% (throw)
call    3 returned 100%
branch  4 taken 100% (fallthrough)
branch  5 taken 0% (throw)
call    6 returned 100%
call    7 returned 100%
call    8 returned 100%
call    9 returned 100%
branch 10 taken 0% (fallthrough)
branch 11 taken 100%
call   12 never executed
branch 13 never executed (fallthrough)
branch 14 never executed (throw)
call   15 never executed
branch 16 never executed (fallthrough)
branch 17 never executed (throw)
call   18 never executed
call   19 never executed
branch 20 never executed (fallthrough)
branch 21 never executed (throw)
call   22 never executed
branch 23 never executed (fallthrough)
branch 24 never executed (throw)
call   25 never executed
call   26 never executed
call   27 never executed
call   28 returned 100%
call   29 never executed
call   30 never executed
call   31 never executed
call   32 never executed
call   33 never executed
        2:  101:}
call    0 returned 100%
call    1 returned 100%
call    2 never executed
call    3 never executed
------------------
        -:  102:
        8:  103:TEST(operators_tests, copy_assignment_test_2) {
        2:  104:  HashTable a = HashTable();
        2:  105:  a = a;
       2*:  106:  EXPECT_EQ(a.getSize(), 0);
        2:  107:}
------------------
_ZN43operators_tests_copy_assignment_test_2_TestC2Ev:
function _ZN43operators_tests_copy_assignment_test_2_TestC2Ev called 2 returned 100% blocks executed 100%
        2:  103:TEST(operators_tests, copy_assignment_test_2) {
call    0 returned 100%
------------------
_ZN43operators_tests_copy_assignment_test_2_TestD0Ev:
function _ZN43operators_tests_copy_assignment_test_2_TestD0Ev called 2 returned 100% blocks executed 100%
        2:  103:TEST(operators_tests, copy_assignment_test_2) {
call    0 returned 100%
call    1 returned 100%
------------------
_ZN43operators_tests_copy_assignment_test_2_TestD2Ev:
function _ZN43operators_tests_copy_assignment_test_2_TestD2Ev called 2 returned 100% blocks executed 100%
        2:  103:TEST(operators_tests, copy_assignment_test_2) {
call    0 returned 100%
------------------
_ZN43operators_tests_copy_assignment_test_2_Test8TestBodyEv:
function _ZN43operators_tests_copy_assignment_test_2_Test8TestBodyEv called 2 returned 100% blocks executed 33%
        2:  103:TEST(operators_tests, copy_assignment_test_2) {
        2:  104:  HashTable a = HashTable();
call    0 returned 100%
branch  1 taken 100% (fallthrough)
branch  2 taken 0% (throw)
        2:  105:  a = a;
call    0 returned 100%
branch  1 taken 100% (fallthrough)
branch  2 taken 0% (throw)
       2*:  106:  EXPECT_EQ(a.getSize(), 0);
call    0 returned 100%
call    1 returned 100%
branch  2 taken 100% (fallthrough)
branch  3 taken 0% (throw)
call    4 returned 100%
branch  5 taken 0% (fallthrough)
branch  6 taken 100%
call    7 never executed
branch  8 never executed (fallthrough)
branch  9 never executed (throw)
call   10 never executed
call   11 never executed
branch 12 never executed (fallthrough)
branch 13 never executed (throw)
call   14 never executed
branch 15 never executed (fallthrough)
branch 16 never executed (throw)
call   17 never executed
call   18 never executed
call   19 returned 100%
call   20 never executed
call   21 never executed
call   22 never executed
        2:  107:}
call    0 returned 100%
call    1 never executed
------------------
        -:  108:
        8:  109:TEST(operators_tests, copy_assignment_test_3) {
        2:  110:  HashTable a = HashTable();
        2:  111:  HashTable b = HashTable();
        -:  112:
        4:  113:  b.insert("1", {1, 1});
        4:  114:  b.insert("2", {2, 2});
        -:  115:
        2:  116:  a = b;
        -:  117:
       2*:  118:  EXPECT_EQ(a.getSize(), 2);
       2*:  119:  EXPECT_EQ(a.getCapacity(), 10);
       4*:  120:  EXPECT_TRUE(a.contains("1"));
       4*:  121:  EXPECT_TRUE(a.contains("2"));
        2:  122:}
------------------
_ZN43operators_tests_copy_assignment_test_3_TestC2Ev:
function _ZN43operators_tests_copy_assignment_test_3_TestC2Ev called 2 returned 100% blocks executed 100%
        2:  109:TEST(operators_tests, copy_assignment_test_3) {
call    0 returned 100%
------------------
_ZN43operators_tests_copy_assignment_test_3_TestD0Ev:
function _ZN43operators_tests_copy_assignment_test_3_TestD0Ev called 2 returned 100% blocks executed 100%
        2:  109:TEST(operators_tests, copy_assignment_test_3) {
call    0 returned 100%
call    1 returned 100%
------------------
_ZN43operators_tests_copy_assignment_test_3_TestD2Ev:
function _ZN43operators_tests_copy_assignment_test_3_TestD2Ev called 2 returned 100% blocks executed 100%
        2:  109:TEST(operators_tests, copy_assignment_test_3) {
call    0 returned 100%
------------------
_ZN43operators_tests_copy_assignment_test_3_Test8TestBodyEv:
function _ZN43operators_tests_copy_assignment_test_3_Test8TestBodyEv called 2 returned 100% blocks executed 31%
        2:  109:TEST(operators_tests, copy_assignment_test_3) {
        2:  110:  HashTable a = HashTable();
call    0 returned 100%
branch  1 taken 100% (fallthrough)
branch  2 taken 0% (throw)
        2:  111:  HashTable b = HashTable();
call    0 returned 100%
branch  1 taken 100% (fallthrough)
branch  2 taken 0% (throw)
        -:  112:
        4:  113:  b.insert("1", {1, 1});
call    0 returned 100%
branch  1 taken 100% (fallthrough)
branch  2 taken 0% (throw)
call    3 returned 100%
branch  4 taken 100% (fallthrough)
branch  5 taken 0% (throw)
call    6 returned 100%
call    7 never executed
        4:  114:  b.insert("2", {2, 2});
call    0 returned 100%
branch  1 taken 100% (fallthrough)
branch  2 taken 0% (throw)
call    3 returned 100%
branch  4 taken 100% (fallthrough)
branch  5 taken 0% (throw)
call    6 returned 100%
call    7 never executed
        -:  115:
        2:  116:  a = b;
call    0 returned 100%
branch  1 taken 100% (fallthrough)
branch  2 taken 0% (throw)
        -:  117:
       2*:  118:  EXPECT_EQ(a.getSize(), 2);
call    0 returned 100%
call    1 returned 100%
branch  2 taken 100% (fallthrough)
branch  3 taken 0% (throw)
call    4 returned 100%
branch  5 taken 0% (fallthrough)
branch  6 taken 100%
call    7 never executed
branch  8 never executed (fallthrough)
branch  9 never executed (throw)
call   10 never executed
call   11 never executed
branch 12 never executed (fallthrough)
branch 13 never executed (throw)
call   14 never executed
branch 15 never executed (fallthrough)
branch 16 never executed (throw)
call   17 never executed
call   18 never executed
call   19 returned 100%
call   20 never executed
call   21 never executed
call   22 never executed
       2*:  119:  EXPECT_EQ(a.getCapacity(), 10);
call    0 returned 100%
call    1 returned 100%
branch  2 taken 100% (fallthrough)
branch  3 taken 0% (throw)
call    4 returned 100%
branch  5 taken 0% (fallthrough)
branch  6 taken 100%
call    7 never executed
branch  8 never executed (fallthrough)
branch  9 never executed (throw)
call   10 never executed
call   11 never executed
branch 12 never executed (fallthrough)
branch 13 never executed (throw)
call   14 never executed
branch 15 never executed (fallthrough)
branch 16 never executed (throw)
call   17 never executed
call   18 never executed
call   19 returned 100%
call   20 never executed
call   21 never executed
call   22 never executed
       4*:  120:  EXPECT_TRUE(a.contains("1"));
call    0 returned 100%
branch  1 taken 100% (fallthrough)
branch  2 taken 0% (throw)
call    3 returned 100%
branch  4 taken 100% (fallthrough)
branch  5 taken 0% (throw)
call    6 returned 100%
call    7 returned 100%
call    8 returned 100%
branch  9 taken 0% (fallthrough)
branch 10 taken 100%
call   11 never executed
branch 12 never executed (fallthrough)
branch 13 never executed (throw)
call   14 never executed
branch 15 never executed (fallthrough)
branch 16 never executed (throw)
call   17 never executed
call   18 never executed
branch 19 never executed (fallthrough)
branch 20 never executed (throw)
call   21 never executed
branch 22 never executed (fallthrough)
branch 23 never executed (throw)
call   24 never executed
call   25 never executed
call   26 never executed
call   27 returned 100%
call   28 never executed
call   29 never executed
call   30 never executed
call   31 never executed
call   32 never executed
       4*:  121:  EXPECT_TRUE(a.contains("2"));
call    0 returned 100%
branch  1 taken 100% (fallthrough)
branch  2 taken 0% (throw)
call    3 returned 100%
branch  4 taken 100% (fallthrough)
branch  5 taken 0% (throw)
call    6 returned 100%
call    7 returned 100%
call    8 returned 100%
branch  9 taken 0% (fallthrough)
branch 10 taken 100%
call   11 never executed
branch 12 never executed (fallthrough)
branch 13 never executed (throw)
call   14 never executed
branch 15 never executed (fallthrough)
branch 16 never executed (throw)
call   17 never executed
call   18 never executed
branch 19 never executed (fallthrough)
branch 20 never executed (throw)
call   21 never executed
branch 22 never executed (fallthrough)
branch 23 never executed (throw)
call   24 never executed
call   25 never executed
call   26 never executed
call   27 returned 100%
call   28 never executed
call   29 never executed
call   30 never executed
call   31 never executed
call   32 never executed
        2:  122:}
call    0 returned 100%
call    1 returned 100%
call    2 never executed
call    3 never executed
------------------
        -:  123:
        -:  124:// assignment to itself
        -:  125:// TEST(operators_tests, move_assignment_test_1) {
        -:  126://   HashTable a = HashTable();
        -:  127://   size_t init_size = a.getSize();
        -:  128://   size_t init_capacity = a.getCapacity();
        -:  129://   a = std::move(a);
        -:  130://   EXPECT_EQ(init_size, a.getSize());
        -:  131://   EXPECT_EQ(init_capacity, a.getCapacity());
        -:  132:// }
        -:  133:
        8:  134:TEST(operators_tests, move_assignment_test_2) {
        2:  135:  HashTable a = HashTable();
        2:  136:  HashTable b(1);
        4:  137:  b.insert("K", {1, 1});
        2:  138:  size_t b_size = b.getSize();
        2:  139:  size_t b_capacity = b.getCapacity();
        2:  140:  a = std::move(b);
        -:  141:
       2*:  142:  EXPECT_EQ(b_size, a.getSize());
       2*:  143:  EXPECT_EQ(b_capacity, a.getCapacity());
        2:  144:}
------------------
_ZN43operators_tests_move_assignment_test_2_TestC2Ev:
function _ZN43operators_tests_move_assignment_test_2_TestC2Ev called 2 returned 100% blocks executed 100%
        2:  134:TEST(operators_tests, move_assignment_test_2) {
call    0 returned 100%
------------------
_ZN43operators_tests_move_assignment_test_2_TestD0Ev:
function _ZN43operators_tests_move_assignment_test_2_TestD0Ev called 2 returned 100% blocks executed 100%
        2:  134:TEST(operators_tests, move_assignment_test_2) {
call    0 returned 100%
call    1 returned 100%
------------------
_ZN43operators_tests_move_assignment_test_2_TestD2Ev:
function _ZN43operators_tests_move_assignment_test_2_TestD2Ev called 2 returned 100% blocks executed 100%
        2:  134:TEST(operators_tests, move_assignment_test_2) {
call    0 returned 100%
------------------
_ZN43operators_tests_move_assignment_test_2_Test8TestBodyEv:
function _ZN43operators_tests_move_assignment_test_2_Test8TestBodyEv called 2 returned 100% blocks executed 37%
        2:  134:TEST(operators_tests, move_assignment_test_2) {
        2:  135:  HashTable a = HashTable();
call    0 returned 100%
branch  1 taken 100% (fallthrough)
branch  2 taken 0% (throw)
        2:  136:  HashTable b(1);
call    0 returned 100%
branch  1 taken 100% (fallthrough)
branch  2 taken 0% (throw)
        4:  137:  b.insert("K", {1, 1});
call    0 returned 100%
branch  1 taken 100% (fallthrough)
branch  2 taken 0% (throw)
call    3 returned 100%
branch  4 taken 100% (fallthrough)
branch  5 taken 0% (throw)
call    6 returned 100%
call    7 never executed
        2:  138:  size_t b_size = b.getSize();
call    0 returned 100%
        2:  139:  size_t b_capacity = b.getCapacity();
call    0 returned 100%
        2:  140:  a = std::move(b);
call    0 returned 100%
call    1 returned 100%
        -:  141:
       2*:  142:  EXPECT_EQ(b_size, a.getSize());
call    0 returned 100%
call    1 returned 100%
branch  2 taken 100% (fallthrough)
branch  3 taken 0% (throw)
call    4 returned 100%
branch  5 taken 0% (fallthrough)
branch  6 taken 100%
call    7 never executed
branch  8 never executed (fallthrough)
branch  9 never executed (throw)
call   10 never executed
call   11 never executed
branch 12 never executed (fallthrough)
branch 13 never executed (throw)
call   14 never executed
branch 15 never executed (fallthrough)
branch 16 never executed (throw)
call   17 never executed
call   18 never executed
call   19 returned 100%
call   20 never executed
call   21 never executed
call   22 never executed
       2*:  143:  EXPECT_EQ(b_capacity, a.getCapacity());
call    0 returned 100%
call    1 returned 100%
branch  2 taken 100% (fallthrough)
branch  3 taken 0% (throw)
call    4 returned 100%
branch  5 taken 0% (fallthrough)
branch  6 taken 100%
call    7 never executed
branch  8 never executed (fallthrough)
branch  9 never executed (throw)
call   10 never executed
call   11 never executed
branch 12 never executed (fallthrough)
branch 13 never executed (throw)
call   14 never executed
branch 15 never executed (fallthrough)
branch 16 never executed (throw)
call   17 never executed
call   18 never executed
call   19 returned 100%
call   20 never executed
call   21 never executed
call   22 never executed
        2:  144:}
call    0 returned 100%
call    1 returned 100%
call    2 never executed
call    3 never executed
------------------
        -:  145:
        8:  146:TEST(operators_tests, move_assignment_test_3) {
        2:  147:  HashTable a = HashTable();
       2*:  148:  EXPECT_NO_THROW(a = std::move(a));
        2:  149:}
------------------
_ZN43operators_tests_move_assignment_test_3_TestC2Ev:
function _ZN43operators_tests_move_assignment_test_3_TestC2Ev called 2 returned 100% blocks executed 100%
        2:  146:TEST(operators_tests, move_assignment_test_3) {
call    0 returned 100%
------------------
_ZN43operators_tests_move_assignment_test_3_TestD0Ev:
function _ZN43operators_tests_move_assignment_test_3_TestD0Ev called 2 returned 100% blocks executed 100%
        2:  146:TEST(operators_tests, move_assignment_test_3) {
call    0 returned 100%
call    1 returned 100%
------------------
_ZN43operators_tests_move_assignment_test_3_TestD2Ev:
function _ZN43operators_tests_move_assignment_test_3_TestD2Ev called 2 returned 100% blocks executed 100%
        2:  146:TEST(operators_tests, move_assignment_test_3) {
call    0 returned 100%
------------------
_ZN43operators_tests_move_assignment_test_3_Test8TestBodyEv:
function _ZN43operators_tests_move_assignment_test_3_Test8TestBodyEv called 2 returned 100% blocks executed 21%
        2:  146:TEST(operators_tests, move_assignment_test_3) {
        2:  147:  HashTable a = HashTable();
call    0 returned 100%
branch  1 taken 100% (fallthrough)
branch  2 taken 0% (throw)
       2*:  148:  EXPECT_NO_THROW(a = std::move(a));
call    0 returned 100%
call    1 returned 100%
branch  2 taken 100% (fallthrough)
branch  3 taken 0%
call    4 returned 100%
branch  5 taken 100% (fallthrough)
branch  6 taken 0% (throw)
branch  7 taken 100% (fallthrough)
branch  8 taken 0%
call    9 returned 100%
call   10 returned 100%
call   11 never executed
branch 12 never executed (fallthrough)
branch 13 never executed (throw)
call   14 never executed
branch 15 never executed (fallthrough)
branch 16 never executed (throw)
call   17 never executed
call   18 never executed
branch 19 never executed (fallthrough)
branch 20 never executed (throw)
call   21 never executed
branch 22 never executed (fallthrough)
branch 23 never executed (throw)
call   24 never executed
call   25 never executed
call   26 never executed
call   27 returned 100%
branch 28 never executed
branch 29 never executed
call   30 never executed
call   31 never executed
branch 32 never executed (fallthrough)
branch 33 never executed (throw)
call   34 never executed
branch 35 never executed (fallthrough)
branch 36 never executed (throw)
call   37 never executed
branch 38 never executed (fallthrough)
branch 39 never executed (throw)
call   40 never executed
call   41 never executed
branch 42 never executed (fallthrough)
branch 43 never executed (throw)
call   44 never executed
call   45 never executed
branch 46 never executed (fallthrough)
branch 47 never executed (throw)
call   48 never executed
branch 49 never executed (fallthrough)
branch 50 never executed (throw)
call   51 never executed
call   52 never executed
call   53 never executed
branch 54 never executed (fallthrough)
branch 55 never executed (throw)
call   56 never executed
branch 57 never executed (fallthrough)
branch 58 never executed (throw)
call   59 never executed
call   60 never executed
call   61 never executed
call   62 never executed
call   63 never executed
call   64 never executed
call   65 never executed
        2:  149:}
call    0 returned 100%
call    1 never executed
------------------
        -:  150:
        8:  151:TEST(operators_tests, move_assignment_test_4) {
        2:  152:  HashTable a = HashTable();
        2:  153:  HashTable b = HashTable(2);
        2:  154:  size_t init_b_size = b.getSize();
        -:  155:
        2:  156:   int number = 100;
      100:  157:  for (int i = 1; i < number - 1; i += 2) {
       98:  158:    a.insert(std::to_string(i), {2, 2});
        -:  159:  }
        -:  160:
        2:  161:  a = std::move(b);
        -:  162:  // EXPECT_TRUE(b.empty());
       2*:  163:  EXPECT_EQ(init_b_size, a.getSize());
        -:  164:
        2:  165:}
------------------
_ZN43operators_tests_move_assignment_test_4_TestC2Ev:
function _ZN43operators_tests_move_assignment_test_4_TestC2Ev called 2 returned 100% blocks executed 100%
        2:  151:TEST(operators_tests, move_assignment_test_4) {
call    0 returned 100%
------------------
_ZN43operators_tests_move_assignment_test_4_TestD0Ev:
function _ZN43operators_tests_move_assignment_test_4_TestD0Ev called 2 returned 100% blocks executed 100%
        2:  151:TEST(operators_tests, move_assignment_test_4) {
call    0 returned 100%
call    1 returned 100%
------------------
_ZN43operators_tests_move_assignment_test_4_TestD2Ev:
function _ZN43operators_tests_move_assignment_test_4_TestD2Ev called 2 returned 100% blocks executed 100%
        2:  151:TEST(operators_tests, move_assignment_test_4) {
call    0 returned 100%
------------------
_ZN43operators_tests_move_assignment_test_4_Test8TestBodyEv:
function _ZN43operators_tests_move_assignment_test_4_Test8TestBodyEv called 2 returned 100% blocks executed 44%
        2:  151:TEST(operators_tests, move_assignment_test_4) {
        2:  152:  HashTable a = HashTable();
call    0 returned 100%
branch  1 taken 100% (fallthrough)
branch  2 taken 0% (throw)
        2:  153:  HashTable b = HashTable(2);
call    0 returned 100%
branch  1 taken 100% (fallthrough)
branch  2 taken 0% (throw)
        2:  154:  size_t init_b_size = b.getSize();
call    0 returned 100%
        -:  155:
        2:  156:   int number = 100;
      100:  157:  for (int i = 1; i < number - 1; i += 2) {
branch  0 taken 98%
branch  1 taken 2% (fallthrough)
       98:  158:    a.insert(std::to_string(i), {2, 2});
call    0 returned 100%
call    1 returned 100%
branch  2 taken 100% (fallthrough)
branch  3 taken 0% (throw)
call    4 returned 100%
call    5 never executed
        -:  159:  }
        -:  160:
        2:  161:  a = std::move(b);
call    0 returned 100%
call    1 returned 100%
        -:  162:  // EXPECT_TRUE(b.empty());
       2*:  163:  EXPECT_EQ(init_b_size, a.getSize());
call    0 returned 100%
call    1 returned 100%
branch  2 taken 100% (fallthrough)
branch  3 taken 0% (throw)
call    4 returned 100%
branch  5 taken 0% (fallthrough)
branch  6 taken 100%
call    7 never executed
branch  8 never executed (fallthrough)
branch  9 never executed (throw)
call   10 never executed
call   11 never executed
branch 12 never executed (fallthrough)
branch 13 never executed (throw)
call   14 never executed
branch 15 never executed (fallthrough)
branch 16 never executed (throw)
call   17 never executed
call   18 never executed
call   19 returned 100%
call   20 never executed
call   21 never executed
call   22 never executed
        -:  164:
        2:  165:}
call    0 returned 100%
call    1 returned 100%
call    2 never executed
call    3 never executed
------------------
        -:  166:
        8:  167:TEST(operators_tests, isEqual_test_1) {
        2:  168:  HashTable a = HashTable();
        2:  169:  HashTable b = HashTable();
        -:  170:
        4:  171:  a.insert("KeyA", {1, 1});
        4:  172:  b.insert("KeyA", {1, 1});
       2*:  173:  EXPECT_TRUE(a == b);
        2:  174:}
------------------
_ZN35operators_tests_isEqual_test_1_TestC2Ev:
function _ZN35operators_tests_isEqual_test_1_TestC2Ev called 2 returned 100% blocks executed 100%
        2:  167:TEST(operators_tests, isEqual_test_1) {
call    0 returned 100%
------------------
_ZN35operators_tests_isEqual_test_1_TestD0Ev:
function _ZN35operators_tests_isEqual_test_1_TestD0Ev called 2 returned 100% blocks executed 100%
        2:  167:TEST(operators_tests, isEqual_test_1) {
call    0 returned 100%
call    1 returned 100%
------------------
_ZN35operators_tests_isEqual_test_1_TestD2Ev:
function _ZN35operators_tests_isEqual_test_1_TestD2Ev called 2 returned 100% blocks executed 100%
        2:  167:TEST(operators_tests, isEqual_test_1) {
call    0 returned 100%
------------------
_ZN35operators_tests_isEqual_test_1_Test8TestBodyEv:
function _ZN35operators_tests_isEqual_test_1_Test8TestBodyEv called 2 returned 100% blocks executed 37%
        2:  167:TEST(operators_tests, isEqual_test_1) {
        2:  168:  HashTable a = HashTable();
call    0 returned 100%
branch  1 taken 100% (fallthrough)
branch  2 taken 0% (throw)
        2:  169:  HashTable b = HashTable();
call    0 returned 100%
branch  1 taken 100% (fallthrough)
branch  2 taken 0% (throw)
        -:  170:
        4:  171:  a.insert("KeyA", {1, 1});
call    0 returned 100%
branch  1 taken 100% (fallthrough)
branch  2 taken 0% (throw)
call    3 returned 100%
branch  4 taken 100% (fallthrough)
branch  5 taken 0% (throw)
call    6 returned 100%
call    7 never executed
        4:  172:  b.insert("KeyA", {1, 1});
call    0 returned 100%
branch  1 taken 100% (fallthrough)
branch  2 taken 0% (throw)
call    3 returned 100%
branch  4 taken 100% (fallthrough)
branch  5 taken 0% (throw)
call    6 returned 100%
call    7 never executed
       2*:  173:  EXPECT_TRUE(a == b);
call    0 returned 100%
branch  1 taken 100% (fallthrough)
branch  2 taken 0% (throw)
call    3 returned 100%
call    4 returned 100%
branch  5 taken 0% (fallthrough)
branch  6 taken 100%
call    7 never executed
branch  8 never executed (fallthrough)
branch  9 never executed (throw)
call   10 never executed
branch 11 never executed (fallthrough)
branch 12 never executed (throw)
call   13 never executed
call   14 never executed
branch 15 never executed (fallthrough)
branch 16 never executed (throw)
call   17 never executed
branch 18 never executed (fallthrough)
branch 19 never executed (throw)
call   20 never executed
call   21 never executed
call   22 never executed
call   23 returned 100%
call   24 never executed
call   25 never executed
call   26 never executed
call   27 never executed
        2:  174:}
call    0 returned 100%
call    1 returned 100%
call    2 never executed
call    3 never executed
------------------
        -:  175:
        8:  176:TEST(operators_tests, isEqual_test_2) {
        2:  177:  HashTable a = HashTable();
        2:  178:  HashTable b = HashTable();
        -:  179:
        4:  180:  a.insert("KeyA", {1, 1});
        4:  181:  b.insert("KeyA", {2, 2});
       2*:  182:  EXPECT_FALSE(a == b);
        2:  183:}
------------------
_ZN35operators_tests_isEqual_test_2_TestC2Ev:
function _ZN35operators_tests_isEqual_test_2_TestC2Ev called 2 returned 100% blocks executed 100%
        2:  176:TEST(operators_tests, isEqual_test_2) {
call    0 returned 100%
------------------
_ZN35operators_tests_isEqual_test_2_TestD0Ev:
function _ZN35operators_tests_isEqual_test_2_TestD0Ev called 2 returned 100% blocks executed 100%
        2:  176:TEST(operators_tests, isEqual_test_2) {
call    0 returned 100%
call    1 returned 100%
------------------
_ZN35operators_tests_isEqual_test_2_TestD2Ev:
function _ZN35operators_tests_isEqual_test_2_TestD2Ev called 2 returned 100% blocks executed 100%
        2:  176:TEST(operators_tests, isEqual_test_2) {
call    0 returned 100%
------------------
_ZN35operators_tests_isEqual_test_2_Test8TestBodyEv:
function _ZN35operators_tests_isEqual_test_2_Test8TestBodyEv called 2 returned 100% blocks executed 37%
        2:  176:TEST(operators_tests, isEqual_test_2) {
        2:  177:  HashTable a = HashTable();
call    0 returned 100%
branch  1 taken 100% (fallthrough)
branch  2 taken 0% (throw)
        2:  178:  HashTable b = HashTable();
call    0 returned 100%
branch  1 taken 100% (fallthrough)
branch  2 taken 0% (throw)
        -:  179:
        4:  180:  a.insert("KeyA", {1, 1});
call    0 returned 100%
branch  1 taken 100% (fallthrough)
branch  2 taken 0% (throw)
call    3 returned 100%
branch  4 taken 100% (fallthrough)
branch  5 taken 0% (throw)
call    6 returned 100%
call    7 never executed
        4:  181:  b.insert("KeyA", {2, 2});
call    0 returned 100%
branch  1 taken 100% (fallthrough)
branch  2 taken 0% (throw)
call    3 returned 100%
branch  4 taken 100% (fallthrough)
branch  5 taken 0% (throw)
call    6 returned 100%
call    7 never executed
       2*:  182:  EXPECT_FALSE(a == b);
call    0 returned 100%
branch  1 taken 100% (fallthrough)
branch  2 taken 0% (throw)
call    3 returned 100%
call    4 returned 100%
branch  5 taken 0% (fallthrough)
branch  6 taken 100%
call    7 never executed
branch  8 never executed (fallthrough)
branch  9 never executed (throw)
call   10 never executed
branch 11 never executed (fallthrough)
branch 12 never executed (throw)
call   13 never executed
call   14 never executed
branch 15 never executed (fallthrough)
branch 16 never executed (throw)
call   17 never executed
branch 18 never executed (fallthrough)
branch 19 never executed (throw)
call   20 never executed
call   21 never executed
call   22 never executed
call   23 returned 100%
call   24 never executed
call   25 never executed
call   26 never executed
call   27 never executed
        2:  183:}
call    0 returned 100%
call    1 returned 100%
call    2 never executed
call    3 never executed
------------------
        -:  184:
        8:  185:TEST(operators_tests, isEqual_test_3) {
        2:  186:  HashTable a = HashTable();
        2:  187:  HashTable b = HashTable();
        4:  188:  b.insert("random", {2, 2});
        -:  189:
       2*:  190:  EXPECT_FALSE(a == b);
        2:  191:}
------------------
_ZN35operators_tests_isEqual_test_3_TestC2Ev:
function _ZN35operators_tests_isEqual_test_3_TestC2Ev called 2 returned 100% blocks executed 100%
        2:  185:TEST(operators_tests, isEqual_test_3) {
call    0 returned 100%
------------------
_ZN35operators_tests_isEqual_test_3_TestD0Ev:
function _ZN35operators_tests_isEqual_test_3_TestD0Ev called 2 returned 100% blocks executed 100%
        2:  185:TEST(operators_tests, isEqual_test_3) {
call    0 returned 100%
call    1 returned 100%
------------------
_ZN35operators_tests_isEqual_test_3_TestD2Ev:
function _ZN35operators_tests_isEqual_test_3_TestD2Ev called 2 returned 100% blocks executed 100%
        2:  185:TEST(operators_tests, isEqual_test_3) {
call    0 returned 100%
------------------
_ZN35operators_tests_isEqual_test_3_Test8TestBodyEv:
function _ZN35operators_tests_isEqual_test_3_Test8TestBodyEv called 2 returned 100% blocks executed 34%
        2:  185:TEST(operators_tests, isEqual_test_3) {
        2:  186:  HashTable a = HashTable();
call    0 returned 100%
branch  1 taken 100% (fallthrough)
branch  2 taken 0% (throw)
        2:  187:  HashTable b = HashTable();
call    0 returned 100%
branch  1 taken 100% (fallthrough)
branch  2 taken 0% (throw)
        4:  188:  b.insert("random", {2, 2});
call    0 returned 100%
branch  1 taken 100% (fallthrough)
branch  2 taken 0% (throw)
call    3 returned 100%
branch  4 taken 100% (fallthrough)
branch  5 taken 0% (throw)
call    6 returned 100%
call    7 never executed
        -:  189:
       2*:  190:  EXPECT_FALSE(a == b);
call    0 returned 100%
branch  1 taken 100% (fallthrough)
branch  2 taken 0% (throw)
call    3 returned 100%
call    4 returned 100%
branch  5 taken 0% (fallthrough)
branch  6 taken 100%
call    7 never executed
branch  8 never executed (fallthrough)
branch  9 never executed (throw)
call   10 never executed
branch 11 never executed (fallthrough)
branch 12 never executed (throw)
call   13 never executed
call   14 never executed
branch 15 never executed (fallthrough)
branch 16 never executed (throw)
call   17 never executed
branch 18 never executed (fallthrough)
branch 19 never executed (throw)
call   20 never executed
call   21 never executed
call   22 never executed
call   23 returned 100%
call   24 never executed
call   25 never executed
call   26 never executed
call   27 never executed
        2:  191:}
call    0 returned 100%
call    1 returned 100%
call    2 never executed
call    3 never executed
------------------
        -:  192:
        8:  193:TEST(operators_tests, isEqual_test_4) {
        2:  194:  HashTable a = HashTable(5);
        2:  195:  HashTable b = HashTable(5);
        4:  196:  b.insert("random", {2, 2});
        4:  197:  a.insert("random", {2, 2});
        4:  198:  b.insert("notSoRandom", {3, 3});
       2*:  199:  EXPECT_TRUE(a != b);
        2:  200:  b.erase("notSoRandom");
       2*:  201:  EXPECT_TRUE(a == b);
        2:  202:}
------------------
_ZN35operators_tests_isEqual_test_4_TestC2Ev:
function _ZN35operators_tests_isEqual_test_4_TestC2Ev called 2 returned 100% blocks executed 100%
        2:  193:TEST(operators_tests, isEqual_test_4) {
call    0 returned 100%
------------------
_ZN35operators_tests_isEqual_test_4_TestD0Ev:
function _ZN35operators_tests_isEqual_test_4_TestD0Ev called 2 returned 100% blocks executed 100%
        2:  193:TEST(operators_tests, isEqual_test_4) {
call    0 returned 100%
call    1 returned 100%
------------------
_ZN35operators_tests_isEqual_test_4_TestD2Ev:
function _ZN35operators_tests_isEqual_test_4_TestD2Ev called 2 returned 100% blocks executed 100%
        2:  193:TEST(operators_tests, isEqual_test_4) {
call    0 returned 100%
------------------
_ZN35operators_tests_isEqual_test_4_Test8TestBodyEv:
function _ZN35operators_tests_isEqual_test_4_Test8TestBodyEv called 2 returned 100% blocks executed 35%
        2:  193:TEST(operators_tests, isEqual_test_4) {
        2:  194:  HashTable a = HashTable(5);
call    0 returned 100%
branch  1 taken 100% (fallthrough)
branch  2 taken 0% (throw)
        2:  195:  HashTable b = HashTable(5);
call    0 returned 100%
branch  1 taken 100% (fallthrough)
branch  2 taken 0% (throw)
        4:  196:  b.insert("random", {2, 2});
call    0 returned 100%
branch  1 taken 100% (fallthrough)
branch  2 taken 0% (throw)
call    3 returned 100%
branch  4 taken 100% (fallthrough)
branch  5 taken 0% (throw)
call    6 returned 100%
call    7 never executed
        4:  197:  a.insert("random", {2, 2});
call    0 returned 100%
branch  1 taken 100% (fallthrough)
branch  2 taken 0% (throw)
call    3 returned 100%
branch  4 taken 100% (fallthrough)
branch  5 taken 0% (throw)
call    6 returned 100%
call    7 never executed
        4:  198:  b.insert("notSoRandom", {3, 3});
call    0 returned 100%
branch  1 taken 100% (fallthrough)
branch  2 taken 0% (throw)
call    3 returned 100%
branch  4 taken 100% (fallthrough)
branch  5 taken 0% (throw)
call    6 returned 100%
call    7 never executed
       2*:  199:  EXPECT_TRUE(a != b);
call    0 returned 100%
branch  1 taken 100% (fallthrough)
branch  2 taken 0% (throw)
call    3 returned 100%
call    4 returned 100%
branch  5 taken 0% (fallthrough)
branch  6 taken 100%
call    7 never executed
branch  8 never executed (fallthrough)
branch  9 never executed (throw)
call   10 never executed
branch 11 never executed (fallthrough)
branch 12 never executed (throw)
call   13 never executed
call   14 never executed
branch 15 never executed (fallthrough)
branch 16 never executed (throw)
call   17 never executed
branch 18 never executed (fallthrough)
branch 19 never executed (throw)
call   20 never executed
call   21 never executed
call   22 never executed
call   23 returned 100%
call   24 never executed
call   25 never executed
call   26 never executed
call   27 never executed
        2:  200:  b.erase("notSoRandom");
call    0 returned 100%
branch  1 taken 100% (fallthrough)
branch  2 taken 0% (throw)
call    3 returned 100%
branch  4 taken 100% (fallthrough)
branch  5 taken 0% (throw)
call    6 returned 100%
call    7 never executed
       2*:  201:  EXPECT_TRUE(a == b);
call    0 returned 100%
branch  1 taken 100% (fallthrough)
branch  2 taken 0% (throw)
call    3 returned 100%
call    4 returned 100%
branch  5 taken 0% (fallthrough)
branch  6 taken 100%
call    7 never executed
branch  8 never executed (fallthrough)
branch  9 never executed (throw)
call   10 never executed
branch 11 never executed (fallthrough)
branch 12 never executed (throw)
call   13 never executed
call   14 never executed
branch 15 never executed (fallthrough)
branch 16 never executed (throw)
call   17 never executed
branch 18 never executed (fallthrough)
branch 19 never executed (throw)
call   20 never executed
call   21 never executed
call   22 never executed
call   23 returned 100%
call   24 never executed
call   25 never executed
call   26 never executed
call   27 never executed
        2:  202:}
call    0 returned 100%
call    1 returned 100%
call    2 never executed
call    3 never executed
------------------
        -:  203:
        8:  204:TEST(operators_tests, isEqual_test_5) {
        2:  205:  HashTable a = HashTable(5);
        2:  206:  HashTable b = HashTable(5);
        -:  207:
        2:  208:  int number = 100;
      204:  209:  for (int i = 0; i <= number; i++) {
      202:  210:    std::clog << "size = " << a.getSize() <<std::endl;
      202:  211:    a.insert(std::to_string(i), {2, 2});
     202*:  212:    EXPECT_TRUE(a != b);
        -:  213:  }
      204:  214:  for (int i = 0; i <= number; i++) {
     202*:  215:    EXPECT_TRUE(a != b);
      202:  216:    a.erase(std::to_string(i));
        -:  217:  }
       2*:  218:  EXPECT_TRUE(a == b);
        2:  219:}
------------------
_ZN35operators_tests_isEqual_test_5_TestC2Ev:
function _ZN35operators_tests_isEqual_test_5_TestC2Ev called 2 returned 100% blocks executed 100%
        2:  204:TEST(operators_tests, isEqual_test_5) {
call    0 returned 100%
------------------
_ZN35operators_tests_isEqual_test_5_TestD0Ev:
function _ZN35operators_tests_isEqual_test_5_TestD0Ev called 2 returned 100% blocks executed 100%
        2:  204:TEST(operators_tests, isEqual_test_5) {
call    0 returned 100%
call    1 returned 100%
------------------
_ZN35operators_tests_isEqual_test_5_TestD2Ev:
function _ZN35operators_tests_isEqual_test_5_TestD2Ev called 2 returned 100% blocks executed 100%
        2:  204:TEST(operators_tests, isEqual_test_5) {
call    0 returned 100%
------------------
_ZN35operators_tests_isEqual_test_5_Test8TestBodyEv:
function _ZN35operators_tests_isEqual_test_5_Test8TestBodyEv called 2 returned 100% blocks executed 32%
        2:  204:TEST(operators_tests, isEqual_test_5) {
        2:  205:  HashTable a = HashTable(5);
call    0 returned 100%
branch  1 taken 100% (fallthrough)
branch  2 taken 0% (throw)
        2:  206:  HashTable b = HashTable(5);
call    0 returned 100%
branch  1 taken 100% (fallthrough)
branch  2 taken 0% (throw)
        -:  207:
        2:  208:  int number = 100;
      204:  209:  for (int i = 0; i <= number; i++) {
branch  0 taken 99%
branch  1 taken 1% (fallthrough)
      202:  210:    std::clog << "size = " << a.getSize() <<std::endl;
call    0 returned 100%
branch  1 taken 100% (fallthrough)
branch  2 taken 0% (throw)
call    3 returned 100%
call    4 returned 100%
branch  5 taken 100% (fallthrough)
branch  6 taken 0% (throw)
call    7 returned 100%
branch  8 taken 100% (fallthrough)
branch  9 taken 0% (throw)
      202:  211:    a.insert(std::to_string(i), {2, 2});
call    0 returned 100%
call    1 returned 100%
branch  2 taken 100% (fallthrough)
branch  3 taken 0% (throw)
call    4 returned 100%
call    5 never executed
     202*:  212:    EXPECT_TRUE(a != b);
call    0 returned 100%
branch  1 taken 100% (fallthrough)
branch  2 taken 0% (throw)
call    3 returned 100%
call    4 returned 100%
branch  5 taken 0% (fallthrough)
branch  6 taken 100%
call    7 never executed
branch  8 never executed (fallthrough)
branch  9 never executed (throw)
call   10 never executed
branch 11 never executed (fallthrough)
branch 12 never executed (throw)
call   13 never executed
call   14 never executed
branch 15 never executed (fallthrough)
branch 16 never executed (throw)
call   17 never executed
branch 18 never executed (fallthrough)
branch 19 never executed (throw)
call   20 never executed
call   21 never executed
call   22 never executed
call   23 returned 100%
call   24 never executed
call   25 never executed
call   26 never executed
call   27 never executed
        -:  213:  }
      204:  214:  for (int i = 0; i <= number; i++) {
branch  0 taken 99%
branch  1 taken 1% (fallthrough)
     202*:  215:    EXPECT_TRUE(a != b);
call    0 returned 100%
branch  1 taken 100% (fallthrough)
branch  2 taken 0% (throw)
call    3 returned 100%
call    4 returned 100%
branch  5 taken 0% (fallthrough)
branch  6 taken 100%
call    7 never executed
branch  8 never executed (fallthrough)
branch  9 never executed (throw)
call   10 never executed
branch 11 never executed (fallthrough)
branch 12 never executed (throw)
call   13 never executed
call   14 never executed
branch 15 never executed (fallthrough)
branch 16 never executed (throw)
call   17 never executed
branch 18 never executed (fallthrough)
branch 19 never executed (throw)
call   20 never executed
call   21 never executed
call   22 never executed
call   23 returned 100%
call   24 never executed
call   25 never executed
call   26 never executed
call   27 never executed
      202:  216:    a.erase(std::to_string(i));
call    0 returned 100%
call    1 returned 100%
branch  2 taken 100% (fallthrough)
branch  3 taken 0% (throw)
call    4 returned 100%
call    5 never executed
        -:  217:  }
       2*:  218:  EXPECT_TRUE(a == b);
call    0 returned 100%
branch  1 taken 100% (fallthrough)
branch  2 taken 0% (throw)
call    3 returned 100%
call    4 returned 100%
branch  5 taken 0% (fallthrough)
branch  6 taken 100%
call    7 never executed
branch  8 never executed (fallthrough)
branch  9 never executed (throw)
call   10 never executed
branch 11 never executed (fallthrough)
branch 12 never executed (throw)
call   13 never executed
call   14 never executed
branch 15 never executed (fallthrough)
branch 16 never executed (throw)
call   17 never executed
branch 18 never executed (fallthrough)
branch 19 never executed (throw)
call   20 never executed
call   21 never executed
call   22 never executed
call   23 returned 100%
call   24 never executed
call   25 never executed
call   26 never executed
call   27 never executed
        2:  219:}
call    0 returned 100%
call    1 returned 100%
call    2 never executed
call    3 never executed
------------------
        -:  220:
        8:  221:TEST(operators_tests, isNotEqual_test_1) {
[...]
        -:  450:  }
        2:  451:}
------------------
_ZN31methods_tests_clear_test_4_TestC2Ev:
function _ZN31methods_tests_clear_test_4_TestC2Ev called 2 returned 100% blocks executed 100%
        2:  443:TEST(methods_tests, clear_test_4) {
call    0 returned 100%
------------------
_ZN31methods_tests_clear_test_4_TestD0Ev:
function _ZN31methods_tests_clear_test_4_TestD0Ev called 2 returned 100% blocks executed 100%
        2:  443:TEST(methods_tests, clear_test_4) {
call    0 returned 100%
call    1 returned 100%
------------------
_ZN31methods_tests_clear_test_4_TestD2Ev:
function _ZN31methods_tests_clear_test_4_TestD2Ev called 2 returned 100% blocks executed 100%
        2:  443:TEST(methods_tests, clear_test_4) {
call    0 returned 100%
------------------
_ZN31methods_tests_clear_test_4_Test8TestBodyEv:
function _ZN31methods_tests_clear_test_4_Test8TestBodyEv called 2 returned 100% blocks executed 38%
        2:  443:TEST(methods_tests, clear_test_4) {
        2:  444:  HashTable a(1);
call    0 returned 100%
branch  1 taken 100% (fallthrough)
branch  2 taken 0% (throw)
        4:  445:  a.insert("0", {0,0});
call    0 returned 100%
branch  1 taken 100% (fallthrough)
branch  2 taken 0% (throw)
call    3 returned 100%
branch  4 taken 100% (fallthrough)
branch  5 taken 0% (throw)
call    6 returned 100%
call    7 never executed
        2:  446:  int number = 50;
        2:  447:  a.clear();
call    0 returned 100%
branch  1 taken 100% (fallthrough)
branch  2 taken 0% (throw)
       98:  448:  for (int i = 1; i < number - 1; ++i) {
branch  0 taken 98%
branch  1 taken 2% (fallthrough)
      96*:  449:    EXPECT_TRUE(a.insert(std::to_string(i), {2, 2}));
call    0 returned 100%
call    1 returned 100%
branch  2 taken 100% (fallthrough)
branch  3 taken 0% (throw)
call    4 returned 100%
call    5 returned 100%
call    6 returned 100%
branch  7 taken 0% (fallthrough)
branch  8 taken 100%
call    9 never executed
branch 10 never executed (fallthrough)
branch 11 never executed (throw)
call   12 never executed
branch 13 never executed (fallthrough)
branch 14 never executed (throw)
call   15 never executed
call   16 never executed
branch 17 never executed (fallthrough)
branch 18 never executed (throw)
call   19 never executed
branch 20 never executed (fallthrough)
branch 21 never executed (throw)
call   22 never executed
call   23 never executed
call   24 never executed
call   25 returned 100%
call   26 never executed
call   27 never executed
call   28 never executed
call   29 never executed
call   30 never executed
        -:  450:  }
        2:  451:}
call    0 returned 100%
call    1 never executed
------------------
        -:  452:
        8:  453:TEST(methods_tests, at_test_1) {
        2:  454:  HashTable a = HashTable();
        2:  455:  const Value value1 = {1, 1};
        2:  456:  const Value value2 = {2, 2};
        -:  457:
        4:  458:  a.insert("1", value1);
        4:  459:  a.insert("2", value2);
        -:  460:
       4*:  461:  EXPECT_TRUE(a.at("1") == value1);
       4*:  462:  EXPECT_TRUE(a.at("2") == value2);
        2:  463:}
------------------
_ZN28methods_tests_at_test_1_TestC2Ev:
function _ZN28methods_tests_at_test_1_TestC2Ev called 2 returned 100% blocks executed 100%
        2:  453:TEST(methods_tests, at_test_1) {
call    0 returned 100%
------------------
_ZN28methods_tests_at_test_1_TestD0Ev:
function _ZN28methods_tests_at_test_1_TestD0Ev called 2 returned 100% blocks executed 100%
        2:  453:TEST(methods_tests, at_test_1) {
call    0 returned 100%
call    1 returned 100%
------------------
_ZN28methods_tests_at_test_1_TestD2Ev:
function _ZN28methods_tests_at_test_1_TestD2Ev called 2 returned 100% blocks executed 100%
        2:  453:TEST(methods_tests, at_test_1) {
call    0 returned 100%
------------------
_ZN28methods_tests_at_test_1_Test8TestBodyEv:
function _ZN28methods_tests_at_test_1_Test8TestBodyEv called 2 returned 100% blocks executed 35%
        2:  453:TEST(methods_tests, at_test_1) {
        2:  454:  HashTable a = HashTable();
call    0 returned 100%
branch  1 taken 100% (fallthrough)
branch  2 taken 0% (throw)
        2:  455:  const Value value1 = {1, 1};
        2:  456:  const Value value2 = {2, 2};
        -:  457:
        4:  458:  a.insert("1", value1);
call    0 returned 100%
branch  1 taken 100% (fallthrough)
branch  2 taken 0% (throw)
call    3 returned 100%
branch  4 taken 100% (fallthrough)
branch  5 taken 0% (throw)
call    6 returned 100%
call    7 never executed
        4:  459:  a.insert("2", value2);
call    0 returned 100%
branch  1 taken 100% (fallthrough)
branch  2 taken 0% (throw)
call    3 returned 100%
branch  4 taken 100% (fallthrough)
branch  5 taken 0% (throw)
call    6 returned 100%
call    7 never executed
        -:  460:
       4*:  461:  EXPECT_TRUE(a.at("1") == value1);
call    0 returned 100%
branch  1 taken 100% (fallthrough)
branch  2 taken 0% (throw)
call    3 returned 100%
branch  4 taken 100% (fallthrough)
branch  5 taken 0% (throw)
call    6 returned 100%
call    7 returned 100%
call    8 returned 100%
call    9 returned 100%
branch 10 taken 0% (fallthrough)
branch 11 taken 100%
call   12 never executed
branch 13 never executed (fallthrough)
branch 14 never executed (throw)
call   15 never executed
branch 16 never executed (fallthrough)
branch 17 never executed (throw)
call   18 never executed
call   19 never executed
branch 20 never executed (fallthrough)
branch 21 never executed (throw)
call   22 never executed
branch 23 never executed (fallthrough)
branch 24 never executed (throw)
call   25 never executed
call   26 never executed
call   27 never executed
call   28 returned 100%
call   29 never executed
call   30 never executed
call   31 never executed
call   32 never executed
call   33 never executed
       4*:  462:  EXPECT_TRUE(a.at("2") == value2);
call    0 returned 100%
branch  1 taken 100% (fallthrough)
branch  2 taken 0% (throw)
call    3 returned 100%
branch  4 taken 100% (fallthrough)
branch  5 taken 0% (throw)
call    6 returned 100%
call    7 returned 100%
call    8 returned 100%
call    9 returned 100%
branch 10 taken 0% (fallthrough)
branch 11 taken 100%
call   12 never executed
branch 13 never executed (fallthrough)
branch 14 never executed (throw)
call   15 never executed
branch 16 never executed (fallthrough)
branch 17 never executed (throw)
call   18 never executed
call   19 never executed
branch 20 never executed (fallthrough)
branch 21 never executed (throw)
call   22 never executed
branch 23 never executed (fallthrough)
branch 24 never executed (throw)
call   25 never executed
call   26 never executed
call   27 never executed
call   28 returned 100%
call   29 never executed
call   30 never executed
call   31 never executed
call   32 never executed
call   33 never executed
        2:  463:}
call    0 returned 100%
call    1 never executed
------------------
        -:  464:
        8:  465:TEST(methods_tests, at_test_2) {
        2:  466:  HashTable a = HashTable();
        2:  467:  const Value value1 = {1, 1};
        -:  468:
        2:  469:  a.insert("1", value1);
       6*:  470:  EXPECT_THROW(a.at("2"), std::runtime_error);
        2:  471:}
------------------
_ZN28methods_tests_at_test_2_TestC2Ev:
function _ZN28methods_tests_at_test_2_TestC2Ev called 2 returned 100% blocks executed 100%
        2:  465:TEST(methods_tests, at_test_2) {
call    0 returned 100%
------------------
_ZN28methods_tests_at_test_2_TestD0Ev:
function _ZN28methods_tests_at_test_2_TestD0Ev called 2 returned 100% blocks executed 100%
        2:  465:TEST(methods_tests, at_test_2) {
call    0 returned 100%
call    1 returned 100%
------------------
_ZN28methods_tests_at_test_2_TestD2Ev:
function _ZN28methods_tests_at_test_2_TestD2Ev called 2 returned 100% blocks executed 100%
        2:  465:TEST(methods_tests, at_test_2) {
call    0 returned 100%
------------------
_ZN28methods_tests_at_test_2_Test8TestBodyEv:
function _ZN28methods_tests_at_test_2_Test8TestBodyEv called 2 returned 100% blocks executed 37%
        2:  465:TEST(methods_tests, at_test_2) {
        2:  466:  HashTable a = HashTable();
call    0 returned 100%
branch  1 taken 100% (fallthrough)
branch  2 taken 0% (throw)
        2:  467:  const Value value1 = {1, 1};
        -:  468:
        2:  469:  a.insert("1", value1);
call    0 returned 100%
branch  1 taken 100% (fallthrough)
branch  2 taken 0% (throw)
call    3 returned 100%
branch  4 taken 100% (fallthrough)
branch  5 taken 0% (throw)
call    6 returned 100%
call    7 never executed
       6*:  470:  EXPECT_THROW(a.at("2"), std::runtime_error);
call    0 returned 100%
call    1 returned 100%
branch  2 taken 100% (fallthrough)
branch  3 taken 0%
call    4 returned 100%
branch  5 taken 100% (fallthrough)
branch  6 taken 0% (throw)
branch  7 taken 100% (fallthrough)
branch  8 taken 0%
call    9 returned 100%
branch 10 taken 100% (fallthrough)
branch 11 taken 0% (throw)
call   12 returned 100%
branch 13 taken 0% (fallthrough)
branch 14 taken 100% (throw)
call   15 never executed
branch 16 taken 0% (fallthrough)
branch 17 taken 100%
call   18 never executed
branch 19 never executed (fallthrough)
branch 20 never executed (throw)
call   21 never executed
branch 22 never executed (fallthrough)
branch 23 never executed (throw)
call   24 never executed
call   25 never executed
branch 26 never executed (fallthrough)
branch 27 never executed (throw)
call   28 never executed
branch 29 never executed (fallthrough)
branch 30 never executed (throw)
call   31 never executed
call   32 never executed
call   33 returned 100%
call   34 returned 100%
branch 35 taken 100%
branch 36 taken 0%
branch 37 taken 0%
call   38 returned 100%
call   39 returned 100%
call   40 never executed
call   41 never executed
branch 42 never executed (fallthrough)
branch 43 never executed (throw)
call   44 never executed
branch 45 never executed (fallthrough)
branch 46 never executed (throw)
call   47 never executed
branch 48 never executed (fallthrough)
branch 49 never executed (throw)
call   50 never executed
call   51 never executed
branch 52 never executed (fallthrough)
branch 53 never executed (throw)
call   54 never executed
call   55 never executed
branch 56 never executed (fallthrough)
branch 57 never executed (throw)
call   58 never executed
branch 59 never executed (fallthrough)
branch 60 never executed (throw)
call   61 never executed
call   62 never executed
call   63 never executed
branch 64 never executed (fallthrough)
branch 65 never executed (throw)
call   66 never executed
branch 67 never executed (fallthrough)
branch 68 never executed (throw)
call   69 never executed
call   70 never executed
call   71 never executed
call   72 never executed
call   73 never executed
call   74 never executed
        2:  471:}
call    0 returned 100%
call    1 never executed
------------------
        -:  472:
        8:  473:TEST(methods_tests, at_test_3) {
        2:  474:  HashTable a = HashTable();
       6*:  475:  EXPECT_THROW(a.at("searching for nothing"), std::runtime_error);
        2:  476:}
------------------
_ZN28methods_tests_at_test_3_TestC2Ev:
function _ZN28methods_tests_at_test_3_TestC2Ev called 2 returned 100% blocks executed 100%
        2:  473:TEST(methods_tests, at_test_3) {
call    0 returned 100%
------------------
_ZN28methods_tests_at_test_3_TestD0Ev:
function _ZN28methods_tests_at_test_3_TestD0Ev called 2 returned 100% blocks executed 100%
        2:  473:TEST(methods_tests, at_test_3) {
call    0 returned 100%
call    1 returned 100%
------------------
_ZN28methods_tests_at_test_3_TestD2Ev:
function _ZN28methods_tests_at_test_3_TestD2Ev called 2 returned 100% blocks executed 100%
        2:  473:TEST(methods_tests, at_test_3) {
call    0 returned 100%
------------------
_ZN28methods_tests_at_test_3_Test8TestBodyEv:
function _ZN28methods_tests_at_test_3_Test8TestBodyEv called 2 returned 100% blocks executed 35%
        2:  473:TEST(methods_tests, at_test_3) {
        2:  474:  HashTable a = HashTable();
call    0 returned 100%
branch  1 taken 100% (fallthrough)
branch  2 taken 0% (throw)
       6*:  475:  EXPECT_THROW(a.at("searching for nothing"), std::runtime_error);
call    0 returned 100%
call    1 returned 100%
branch  2 taken 100% (fallthrough)
branch  3 taken 0%
call    4 returned 100%
branch  5 taken 100% (fallthrough)
branch  6 taken 0% (throw)
branch  7 taken 100% (fallthrough)
branch  8 taken 0%
call    9 returned 100%
branch 10 taken 100% (fallthrough)
branch 11 taken 0% (throw)
call   12 returned 100%
branch 13 taken 0% (fallthrough)
branch 14 taken 100% (throw)
call   15 never executed
branch 16 taken 0% (fallthrough)
branch 17 taken 100%
call   18 never executed
branch 19 never executed (fallthrough)
branch 20 never executed (throw)
call   21 never executed
branch 22 never executed (fallthrough)
branch 23 never executed (throw)
call   24 never executed
call   25 never executed
branch 26 never executed (fallthrough)
branch 27 never executed (throw)
call   28 never executed
branch 29 never executed (fallthrough)
branch 30 never executed (throw)
call   31 never executed
call   32 never executed
call   33 returned 100%
call   34 returned 100%
branch 35 taken 100%
branch 36 taken 0%
branch 37 taken 0%
call   38 returned 100%
call   39 returned 100%
call   40 never executed
call   41 never executed
branch 42 never executed (fallthrough)
branch 43 never executed (throw)
call   44 never executed
branch 45 never executed (fallthrough)
branch 46 never executed (throw)
call   47 never executed
branch 48 never executed (fallthrough)
branch 49 never executed (throw)
call   50 never executed
call   51 never executed
branch 52 never executed (fallthrough)
branch 53 never executed (throw)
call   54 never executed
call   55 never executed
branch 56 never executed (fallthrough)
branch 57 never executed (throw)
call   58 never executed
branch 59 never executed (fallthrough)
branch 60 never executed (throw)
call   61 never executed
call   62 never executed
call   63 never executed
branch 64 never executed (fallthrough)
branch 65 never executed (throw)
call   66 never executed
branch 67 never executed (fallthrough)
branch 68 never executed (throw)
call   69 never executed
call   70 never executed
call   71 never executed
call   72 never executed
call   73 never executed
call   74 never executed
        2:  476:}
call    0 returned 100%
call    1 never executed
------------------
        -:  477:
        8:  478:TEST(methods_tests, swap_test_1) {
        2:  479:  HashTable a = HashTable();
        2:  480:  const Value value1 = {1, 1};
        2:  481:  a.insert("1", value1);
        2:  482:  HashTable b = HashTable();
        2:  483:  const Value value2 = {2, 2};
        4:  484:  b.insert("2", value2);
        2:  485:  b.insert("3", value2);
        -:  486:
        2:  487:  a.swap(b);
       2*:  488:  EXPECT_EQ(2, a.getSize());
       2*:  489:  EXPECT_EQ(1, b.getSize());
       4*:  490:  EXPECT_FALSE(a.contains("1"));
        2:  491:}
------------------
_ZN30methods_tests_swap_test_1_TestC2Ev:
function _ZN30methods_tests_swap_test_1_TestC2Ev called 2 returned 100% blocks executed 100%
        2:  478:TEST(methods_tests, swap_test_1) {
call    0 returned 100%
------------------
_ZN30methods_tests_swap_test_1_TestD0Ev:
function _ZN30methods_tests_swap_test_1_TestD0Ev called 2 returned 100% blocks executed 100%
        2:  478:TEST(methods_tests, swap_test_1) {
call    0 returned 100%
call    1 returned 100%
------------------
_ZN30methods_tests_swap_test_1_TestD2Ev:
function _ZN30methods_tests_swap_test_1_TestD2Ev called 2 returned 100% blocks executed 100%
        2:  478:TEST(methods_tests, swap_test_1) {
call    0 returned 100%
------------------
_ZN30methods_tests_swap_test_1_Test8TestBodyEv:
function _ZN30methods_tests_swap_test_1_Test8TestBodyEv called 2 returned 100% blocks executed 34%
        2:  478:TEST(methods_tests, swap_test_1) {
        2:  479:  HashTable a = HashTable();
call    0 returned 100%
branch  1 taken 100% (fallthrough)
branch  2 taken 0% (throw)
        2:  480:  const Value value1 = {1, 1};
        2:  481:  a.insert("1", value1);
call    0 returned 100%
branch  1 taken 100% (fallthrough)
branch  2 taken 0% (throw)
call    3 returned 100%
branch  4 taken 100% (fallthrough)
branch  5 taken 0% (throw)
call    6 returned 100%
call    7 never executed
        2:  482:  HashTable b = HashTable();
call    0 returned 100%
branch  1 taken 100% (fallthrough)
branch  2 taken 0% (throw)
        2:  483:  const Value value2 = {2, 2};
        4:  484:  b.insert("2", value2);
call    0 returned 100%
branch  1 taken 100% (fallthrough)
branch  2 taken 0% (throw)
call    3 returned 100%
branch  4 taken 100% (fallthrough)
branch  5 taken 0% (throw)
call    6 returned 100%
call    7 never executed
        2:  485:  b.insert("3", value2);
call    0 returned 100%
branch  1 taken 100% (fallthrough)
branch  2 taken 0% (throw)
call    3 returned 100%
branch  4 taken 100% (fallthrough)
branch  5 taken 0% (throw)
call    6 returned 100%
call    7 never executed
        -:  486:
        2:  487:  a.swap(b);
call    0 returned 100%
       2*:  488:  EXPECT_EQ(2, a.getSize());
call    0 returned 100%
call    1 returned 100%
branch  2 taken 100% (fallthrough)
branch  3 taken 0% (throw)
call    4 returned 100%
branch  5 taken 0% (fallthrough)
branch  6 taken 100%
call    7 never executed
branch  8 never executed (fallthrough)
branch  9 never executed (throw)
call   10 never executed
call   11 never executed
branch 12 never executed (fallthrough)
branch 13 never executed (throw)
call   14 never executed
branch 15 never executed (fallthrough)
branch 16 never executed (throw)
call   17 never executed
call   18 never executed
call   19 returned 100%
call   20 never executed
call   21 never executed
call   22 never executed
       2*:  489:  EXPECT_EQ(1, b.getSize());
call    0 returned 100%
call    1 returned 100%
branch  2 taken 100% (fallthrough)
branch  3 taken 0% (throw)
call    4 returned 100%
branch  5 taken 0% (fallthrough)
branch  6 taken 100%
call    7 never executed
branch  8 never executed (fallthrough)
branch  9 never executed (throw)
call   10 never executed
call   11 never executed
branch 12 never executed (fallthrough)
branch 13 never executed (throw)
call   14 never executed
branch 15 never executed (fallthrough)
branch 16 never executed (throw)
call   17 never executed
call   18 never executed
call   19 returned 100%
call   20 never executed
call   21 never executed
call   22 never executed
       4*:  490:  EXPECT_FALSE(a.contains("1"));
call    0 returned 100%
branch  1 taken 100% (fallthrough)
branch  2 taken 0% (throw)
call    3 returned 100%
branch  4 taken 100% (fallthrough)
branch  5 taken 0% (throw)
call    6 returned 100%
call    7 returned 100%
call    8 returned 100%
branch  9 taken 0% (fallthrough)
branch 10 taken 100%
call   11 never executed
branch 12 never executed (fallthrough)
branch 13 never executed (throw)
call   14 never executed
branch 15 never executed (fallthrough)
branch 16 never executed (throw)
call   17 never executed
call   18 never executed
branch 19 never executed (fallthrough)
branch 20 never executed (throw)
call   21 never executed
branch 22 never executed (fallthrough)
branch 23 never executed (throw)
call   24 never executed
call   25 never executed
call   26 never executed
call   27 returned 100%
call   28 never executed
call   29 never executed
call   30 never executed
call   31 never executed
call   32 never executed
        2:  491:}
call    0 returned 100%
call    1 returned 100%
call    2 never executed
call    3 never executed
------------------
        -:  492:
function main called 2 returned 100% blocks executed 100%
        2:  493:int main(int argc, char **argv) {
        2:  494:  testing::InitGoogleTest(&argc, argv);
call    0 returned 100%
        2:  495:  return RUN_ALL_TESTS();
call    0 returned 100%
        -:  496:}
