        -:    0:Source:/home/krillin/code/nsu/23203_knyazkov/lab1/src/ctors.cpp
        -:    1:#include "hashtable.h"
        -:    2:#include <climits>
        -:    3:#include <stdexcept>
        -:    4:
function _ZN9HashTableC2Ev called 156 returned 100% blocks executed 77%
      156:    5:HashTable::HashTable() : capacity(DEF_CAPACITY), size(0) {
     156*:    6:  table = new HashNode *[capacity];
branch  0 taken 100% (fallthrough)
branch  1 taken 0%
call    2 never executed
call    3 returned 100%
     1716:    7:  for (size_t i = 0; i < capacity; i++) {
branch  0 taken 91%
branch  1 taken 9% (fallthrough)
     1560:    8:    table[i] = new HashNode();
call    0 returned 100%
call    1 returned 100%
branch  2 taken 100% (fallthrough)
branch  3 taken 0% (throw)
branch  4 never executed (fallthrough)
branch  5 never executed
call    6 never executed
        -:    9:  }
      156:   10:};
        -:   11:
function _ZN9HashTableD2Ev called 241 returned 100% blocks executed 100%
      241:   12:HashTable::~HashTable() {
     1971:   13:  for (size_t i = 0; i < capacity; i++) {
branch  0 taken 88%
branch  1 taken 12% (fallthrough)
     1730:   14:    if (table[i] != nullptr)
branch  0 taken 97% (fallthrough)
branch  1 taken 3%
     1675:   15:      delete table[i];
branch  0 taken 100% (fallthrough)
branch  1 taken 0%
call    2 returned 100%
call    3 returned 100%
        -:   16:  }
      241:   17:  delete[] table;
branch  0 taken 90% (fallthrough)
branch  1 taken 10%
call    2 returned 100%
      241:   18:};
        -:   19:
function _ZN9HashTableC2ERKS_ called 5 returned 100% blocks executed 57%
        5:   20:HashTable::HashTable(const HashTable &other)
        5:   21:    : capacity(other.capacity), size(other.size) {
       5*:   22:  table = new HashNode *[capacity];
branch  0 taken 100% (fallthrough)
branch  1 taken 0%
call    2 never executed
call    3 returned 100%
        -:   23:
       55:   24:  for (int i = 0; i < capacity; i++) {
branch  0 taken 91%
branch  1 taken 9% (fallthrough)
       50:   25:    if (other.table[i] != nullptr) {
branch  0 taken 100% (fallthrough)
branch  1 taken 0%
       50:   26:      table[i] = new HashNode(*other.table[i]);
call    0 returned 100%
call    1 returned 100%
branch  2 taken 100% (fallthrough)
branch  3 taken 0% (throw)
branch  4 never executed (fallthrough)
branch  5 never executed
call    6 never executed
        -:   27:    } else {
    #####:   28:      table[i] = new HashNode(); // empty node
call    0 never executed
call    1 never executed
branch  2 never executed (fallthrough)
branch  3 never executed (throw)
branch  4 never executed (fallthrough)
branch  5 never executed
call    6 never executed
        -:   29:    }
        -:   30:  }
        5:   31:};
        -:   32:
function _ZN9HashTableC2Em called 80 returned 88% blocks executed 74%
       80:   33:HashTable::HashTable(size_t init_capacity) : size(0) {
       80:   34:  if (init_capacity == 0) {
branch  0 taken 12% (fallthrough)
branch  1 taken 88%
       10:   35:    throw std::invalid_argument("WHY ARE YOU DOING THIS?");
call    0 returned 100%
call    1 returned 100%
branch  2 taken 100% (fallthrough)
branch  3 taken 0% (throw)
call    4 returned 0%
call    5 never executed
        -:   36:  }
       70:   37:  capacity = init_capacity;
      70*:   38:  table = new HashNode *[capacity];
branch  0 taken 100% (fallthrough)
branch  1 taken 0%
call    2 never executed
call    3 returned 100%
      220:   39:  for (int i = 0; i < capacity; i++)
branch  0 taken 68%
branch  1 taken 32% (fallthrough)
      150:   40:    table[i] = new HashNode();
call    0 returned 100%
call    1 returned 100%
branch  2 taken 100% (fallthrough)
branch  3 taken 0% (throw)
branch  4 never executed (fallthrough)
branch  5 never executed
call    6 never executed
       70:   41:};
        -:   42:
function _ZN9HashTableC2EOS_ called 10 returned 100% blocks executed 100%
       10:   43:HashTable::HashTable(HashTable &&other)
       10:   44:    : capacity((other.capacity)), size(other.size) {
       10:   45:  table = other.table;
       10:   46:  size = other.size;
       10:   47:  capacity = other.capacity;
        -:   48:
       10:   49:  other.table = nullptr;
       10:   50:  other.capacity = 0;
       10:   51:  other.size = 0;
       10:   52:};
