        -:    0:Source:/home/krillin/code/nsu/23203_knyazkov/lab1/test/src/ctors_tests.cc
        -:    1:#include "../src/ctors.cpp"
        -:    2:#include <gtest/gtest.h>
        -:    3:#include <limits.h>
        -:    4:#include <stdexcept>
        -:    5:
       20:    6:TEST(ctors_tests, empty_ctor_test) {
        5:    7:  HashTable h = HashTable();
       5*:    8:  EXPECT_EQ(0, h.getSize());
      10*:    9:  EXPECT_EQ(0, h[""].weight);
       5*:   10:  EXPECT_EQ(true, h.empty());
       5*:   11:  ASSERT_EQ(DEF_CAPACITY, h.getCapacity());
        5:   12:}
------------------
_ZN32ctors_tests_empty_ctor_test_TestC2Ev:
function _ZN32ctors_tests_empty_ctor_test_TestC2Ev called 5 returned 100% blocks executed 100%
        5:    6:TEST(ctors_tests, empty_ctor_test) {
call    0 returned 100%
------------------
_ZN32ctors_tests_empty_ctor_test_TestD0Ev:
function _ZN32ctors_tests_empty_ctor_test_TestD0Ev called 5 returned 100% blocks executed 100%
        5:    6:TEST(ctors_tests, empty_ctor_test) {
call    0 returned 100%
call    1 returned 100%
------------------
_ZN32ctors_tests_empty_ctor_test_TestD2Ev:
function _ZN32ctors_tests_empty_ctor_test_TestD2Ev called 5 returned 100% blocks executed 100%
        5:    6:TEST(ctors_tests, empty_ctor_test) {
call    0 returned 100%
------------------
_ZN32ctors_tests_empty_ctor_test_Test8TestBodyEv:
function _ZN32ctors_tests_empty_ctor_test_Test8TestBodyEv called 5 returned 100% blocks executed 31%
        5:    6:TEST(ctors_tests, empty_ctor_test) {
        5:    7:  HashTable h = HashTable();
call    0 returned 100%
branch  1 taken 100% (fallthrough)
branch  2 taken 0% (throw)
       5*:    8:  EXPECT_EQ(0, h.getSize());
call    0 returned 100%
branch  1 taken 100% (fallthrough)
branch  2 taken 0% (throw)
call    3 returned 100%
branch  4 taken 100% (fallthrough)
branch  5 taken 0% (throw)
call    6 returned 100%
branch  7 taken 0% (fallthrough)
branch  8 taken 100%
call    9 never executed
branch 10 never executed (fallthrough)
branch 11 never executed (throw)
call   12 never executed
call   13 never executed
branch 14 never executed (fallthrough)
branch 15 never executed (throw)
call   16 never executed
branch 17 never executed (fallthrough)
branch 18 never executed (throw)
call   19 never executed
call   20 never executed
call   21 returned 100%
call   22 never executed
call   23 never executed
call   24 never executed
      10*:    9:  EXPECT_EQ(0, h[""].weight);
call    0 returned 100%
branch  1 taken 100% (fallthrough)
branch  2 taken 0% (throw)
call    3 returned 100%
branch  4 taken 100% (fallthrough)
branch  5 taken 0% (throw)
call    6 returned 100%
branch  7 taken 100% (fallthrough)
branch  8 taken 0% (throw)
call    9 returned 100%
call   10 returned 100%
branch 11 taken 0% (fallthrough)
branch 12 taken 100%
call   13 never executed
branch 14 never executed (fallthrough)
branch 15 never executed (throw)
call   16 never executed
call   17 never executed
branch 18 never executed (fallthrough)
branch 19 never executed (throw)
call   20 never executed
branch 21 never executed (fallthrough)
branch 22 never executed (throw)
call   23 never executed
call   24 never executed
call   25 returned 100%
call   26 never executed
call   27 never executed
call   28 never executed
call   29 never executed
       5*:   10:  EXPECT_EQ(true, h.empty());
call    0 returned 100%
branch  1 taken 100% (fallthrough)
branch  2 taken 0% (throw)
call    3 returned 100%
branch  4 taken 100% (fallthrough)
branch  5 taken 0% (throw)
call    6 returned 100%
branch  7 taken 0% (fallthrough)
branch  8 taken 100%
call    9 never executed
branch 10 never executed (fallthrough)
branch 11 never executed (throw)
call   12 never executed
call   13 never executed
branch 14 never executed (fallthrough)
branch 15 never executed (throw)
call   16 never executed
branch 17 never executed (fallthrough)
branch 18 never executed (throw)
call   19 never executed
call   20 never executed
call   21 returned 100%
call   22 never executed
call   23 never executed
call   24 never executed
       5*:   11:  ASSERT_EQ(DEF_CAPACITY, h.getCapacity());
call    0 returned 100%
branch  1 taken 100% (fallthrough)
branch  2 taken 0% (throw)
call    3 returned 100%
branch  4 taken 100% (fallthrough)
branch  5 taken 0% (throw)
call    6 returned 100%
branch  7 taken 0% (fallthrough)
branch  8 taken 100%
call    9 never executed
branch 10 never executed (fallthrough)
branch 11 never executed (throw)
call   12 never executed
call   13 never executed
branch 14 never executed (fallthrough)
branch 15 never executed (throw)
call   16 never executed
branch 17 never executed (fallthrough)
branch 18 never executed (throw)
call   19 never executed
call   20 never executed
call   21 returned 100%
branch 22 taken 100% (fallthrough)
branch 23 taken 0%
call   24 never executed
call   25 never executed
call   26 never executed
        5:   12:}
call    0 returned 100%
branch  1 taken 100% (fallthrough)
branch  2 taken 0%
call    3 never executed
------------------
        -:   13:
       20:   14:TEST(ctors_tests, copy_cstor_test_1) {
        5:   15:  HashTable a = HashTable();
        5:   16:  Value value = {1, 1};
        5:   17:  a.insert("Key", value);
        5:   18:  HashTable b(a);
      25*:   19:  EXPECT_EQ(true, a["Key"].age == b["Key"].age);
      20*:   20:  EXPECT_EQ(true, a["Key"].weight == b["Key"].weight);
        5:   21:}
------------------
_ZN34ctors_tests_copy_cstor_test_1_TestC2Ev:
function _ZN34ctors_tests_copy_cstor_test_1_TestC2Ev called 5 returned 100% blocks executed 100%
        5:   14:TEST(ctors_tests, copy_cstor_test_1) {
call    0 returned 100%
------------------
_ZN34ctors_tests_copy_cstor_test_1_TestD0Ev:
function _ZN34ctors_tests_copy_cstor_test_1_TestD0Ev called 5 returned 100% blocks executed 100%
        5:   14:TEST(ctors_tests, copy_cstor_test_1) {
call    0 returned 100%
call    1 returned 100%
------------------
_ZN34ctors_tests_copy_cstor_test_1_TestD2Ev:
function _ZN34ctors_tests_copy_cstor_test_1_TestD2Ev called 5 returned 100% blocks executed 100%
        5:   14:TEST(ctors_tests, copy_cstor_test_1) {
call    0 returned 100%
------------------
_ZN34ctors_tests_copy_cstor_test_1_Test8TestBodyEv:
function _ZN34ctors_tests_copy_cstor_test_1_Test8TestBodyEv called 5 returned 100% blocks executed 39%
        5:   14:TEST(ctors_tests, copy_cstor_test_1) {
        5:   15:  HashTable a = HashTable();
call    0 returned 100%
branch  1 taken 100% (fallthrough)
branch  2 taken 0% (throw)
        5:   16:  Value value = {1, 1};
        5:   17:  a.insert("Key", value);
call    0 returned 100%
branch  1 taken 100% (fallthrough)
branch  2 taken 0% (throw)
call    3 returned 100%
branch  4 taken 100% (fallthrough)
branch  5 taken 0% (throw)
call    6 returned 100%
call    7 never executed
        5:   18:  HashTable b(a);
call    0 returned 100%
branch  1 taken 100% (fallthrough)
branch  2 taken 0% (throw)
      25*:   19:  EXPECT_EQ(true, a["Key"].age == b["Key"].age);
call    0 returned 100%
branch  1 taken 100% (fallthrough)
branch  2 taken 0% (throw)
call    3 returned 100%
branch  4 taken 100% (fallthrough)
branch  5 taken 0% (throw)
call    6 returned 100%
branch  7 taken 100% (fallthrough)
branch  8 taken 0% (throw)
call    9 returned 100%
branch 10 taken 100% (fallthrough)
branch 11 taken 0% (throw)
call   12 returned 100%
branch 13 taken 100% (fallthrough)
branch 14 taken 0% (throw)
call   15 returned 100%
call   16 returned 100%
call   17 returned 100%
branch 18 taken 0% (fallthrough)
branch 19 taken 100%
call   20 never executed
branch 21 never executed (fallthrough)
branch 22 never executed (throw)
call   23 never executed
call   24 never executed
branch 25 never executed (fallthrough)
branch 26 never executed (throw)
call   27 never executed
branch 28 never executed (fallthrough)
branch 29 never executed (throw)
call   30 never executed
call   31 never executed
call   32 returned 100%
call   33 never executed
call   34 never executed
call   35 never executed
call   36 never executed
call   37 never executed
      20*:   20:  EXPECT_EQ(true, a["Key"].weight == b["Key"].weight);
call    0 returned 100%
branch  1 taken 100% (fallthrough)
branch  2 taken 0% (throw)
call    3 returned 100%
branch  4 taken 100% (fallthrough)
branch  5 taken 0% (throw)
call    6 returned 100%
branch  7 taken 100% (fallthrough)
branch  8 taken 0% (throw)
call    9 returned 100%
branch 10 taken 100% (fallthrough)
branch 11 taken 0% (throw)
call   12 returned 100%
branch 13 taken 100% (fallthrough)
branch 14 taken 0% (throw)
call   15 returned 100%
call   16 returned 100%
call   17 returned 100%
branch 18 taken 0% (fallthrough)
branch 19 taken 100%
call   20 never executed
branch 21 never executed (fallthrough)
branch 22 never executed (throw)
call   23 never executed
call   24 never executed
branch 25 never executed (fallthrough)
branch 26 never executed (throw)
call   27 never executed
branch 28 never executed (fallthrough)
branch 29 never executed (throw)
call   30 never executed
call   31 never executed
call   32 returned 100%
call   33 never executed
call   34 never executed
call   35 never executed
call   36 never executed
call   37 never executed
        5:   21:}
call    0 returned 100%
call    1 returned 100%
call    2 never executed
call    3 never executed
------------------
        -:   22:
       20:   23:TEST(ctors_tests, copy_cstor_test_2) {
      10*:   24:  ASSERT_THROW(HashTable a = HashTable(0), std::invalid_argument);
        -:   25:}
------------------
_ZN34ctors_tests_copy_cstor_test_2_TestC2Ev:
function _ZN34ctors_tests_copy_cstor_test_2_TestC2Ev called 5 returned 100% blocks executed 100%
        5:   23:TEST(ctors_tests, copy_cstor_test_2) {
call    0 returned 100%
------------------
_ZN34ctors_tests_copy_cstor_test_2_TestD0Ev:
function _ZN34ctors_tests_copy_cstor_test_2_TestD0Ev called 5 returned 100% blocks executed 100%
        5:   23:TEST(ctors_tests, copy_cstor_test_2) {
call    0 returned 100%
call    1 returned 100%
------------------
_ZN34ctors_tests_copy_cstor_test_2_TestD2Ev:
function _ZN34ctors_tests_copy_cstor_test_2_TestD2Ev called 5 returned 100% blocks executed 100%
        5:   23:TEST(ctors_tests, copy_cstor_test_2) {
call    0 returned 100%
------------------
_ZN34ctors_tests_copy_cstor_test_2_Test8TestBodyEv:
function _ZN34ctors_tests_copy_cstor_test_2_Test8TestBodyEv called 5 returned 100% blocks executed 30%
        5:   23:TEST(ctors_tests, copy_cstor_test_2) {
      10*:   24:  ASSERT_THROW(HashTable a = HashTable(0), std::invalid_argument);
call    0 returned 100%
call    1 returned 100%
branch  2 taken 100% (fallthrough)
branch  3 taken 0%
call    4 returned 100%
branch  5 taken 100% (fallthrough)
branch  6 taken 0% (throw)
branch  7 taken 100% (fallthrough)
branch  8 taken 0%
call    9 returned 100%
branch 10 taken 0% (fallthrough)
branch 11 taken 100% (throw)
call   12 never executed
branch 13 taken 0% (fallthrough)
branch 14 taken 100%
call   15 never executed
branch 16 never executed (fallthrough)
branch 17 never executed (throw)
call   18 never executed
branch 19 never executed (fallthrough)
branch 20 never executed (throw)
call   21 never executed
call   22 never executed
branch 23 never executed (fallthrough)
branch 24 never executed (throw)
call   25 never executed
branch 26 never executed (fallthrough)
branch 27 never executed (throw)
call   28 never executed
call   29 never executed
call   30 returned 100%
branch 31 taken 100% (fallthrough)
branch 32 taken 0%
branch 33 taken 100%
branch 34 taken 0%
branch 35 taken 0%
call   36 returned 100%
call   37 returned 100%
call   38 never executed
call   39 never executed
branch 40 never executed (fallthrough)
branch 41 never executed (throw)
call   42 never executed
branch 43 never executed (fallthrough)
branch 44 never executed (throw)
call   45 never executed
branch 46 never executed (fallthrough)
branch 47 never executed (throw)
call   48 never executed
call   49 never executed
branch 50 never executed (fallthrough)
branch 51 never executed (throw)
call   52 never executed
call   53 never executed
branch 54 never executed (fallthrough)
branch 55 never executed (throw)
call   56 never executed
branch 57 never executed (fallthrough)
branch 58 never executed (throw)
call   59 never executed
call   60 never executed
call   61 never executed
branch 62 never executed (fallthrough)
branch 63 never executed (throw)
call   64 never executed
branch 65 never executed (fallthrough)
branch 66 never executed (throw)
call   67 never executed
call   68 never executed
call   69 never executed
call   70 never executed
call   71 never executed
call   72 never executed
        -:   25:}
------------------
        -:   26:
       20:   27:TEST(ctors_tests, capacity_cstor_test_1) {
        5:   28:  size_t init_capacity = 10;
        5:   29:  HashTable a = HashTable();
        -:   30:
       5*:   31:  EXPECT_EQ(init_capacity, a.getCapacity());
       5*:   32:  EXPECT_EQ(0, a.getSize());
        5:   33:}
------------------
_ZN38ctors_tests_capacity_cstor_test_1_TestC2Ev:
function _ZN38ctors_tests_capacity_cstor_test_1_TestC2Ev called 5 returned 100% blocks executed 100%
        5:   27:TEST(ctors_tests, capacity_cstor_test_1) {
call    0 returned 100%
------------------
_ZN38ctors_tests_capacity_cstor_test_1_TestD0Ev:
function _ZN38ctors_tests_capacity_cstor_test_1_TestD0Ev called 5 returned 100% blocks executed 100%
        5:   27:TEST(ctors_tests, capacity_cstor_test_1) {
call    0 returned 100%
call    1 returned 100%
------------------
_ZN38ctors_tests_capacity_cstor_test_1_TestD2Ev:
function _ZN38ctors_tests_capacity_cstor_test_1_TestD2Ev called 5 returned 100% blocks executed 100%
        5:   27:TEST(ctors_tests, capacity_cstor_test_1) {
call    0 returned 100%
------------------
_ZN38ctors_tests_capacity_cstor_test_1_Test8TestBodyEv:
function _ZN38ctors_tests_capacity_cstor_test_1_Test8TestBodyEv called 5 returned 100% blocks executed 27%
        5:   27:TEST(ctors_tests, capacity_cstor_test_1) {
        5:   28:  size_t init_capacity = 10;
        5:   29:  HashTable a = HashTable();
call    0 returned 100%
branch  1 taken 100% (fallthrough)
branch  2 taken 0% (throw)
        -:   30:
       5*:   31:  EXPECT_EQ(init_capacity, a.getCapacity());
call    0 returned 100%
branch  1 taken 100% (fallthrough)
branch  2 taken 0% (throw)
call    3 returned 100%
branch  4 taken 100% (fallthrough)
branch  5 taken 0% (throw)
call    6 returned 100%
branch  7 taken 0% (fallthrough)
branch  8 taken 100%
call    9 never executed
branch 10 never executed (fallthrough)
branch 11 never executed (throw)
call   12 never executed
call   13 never executed
branch 14 never executed (fallthrough)
branch 15 never executed (throw)
call   16 never executed
branch 17 never executed (fallthrough)
branch 18 never executed (throw)
call   19 never executed
call   20 never executed
call   21 returned 100%
call   22 never executed
call   23 never executed
call   24 never executed
       5*:   32:  EXPECT_EQ(0, a.getSize());
call    0 returned 100%
branch  1 taken 100% (fallthrough)
branch  2 taken 0% (throw)
call    3 returned 100%
branch  4 taken 100% (fallthrough)
branch  5 taken 0% (throw)
call    6 returned 100%
branch  7 taken 0% (fallthrough)
branch  8 taken 100%
call    9 never executed
branch 10 never executed (fallthrough)
branch 11 never executed (throw)
call   12 never executed
call   13 never executed
branch 14 never executed (fallthrough)
branch 15 never executed (throw)
call   16 never executed
branch 17 never executed (fallthrough)
branch 18 never executed (throw)
call   19 never executed
call   20 never executed
call   21 returned 100%
call   22 never executed
call   23 never executed
call   24 never executed
        5:   33:}
call    0 returned 100%
call    1 never executed
------------------
        -:   34:
       20:   35:TEST(ctors_tests, capacity_cstor_test_2) {
      10*:   36:  EXPECT_THROW({ HashTable a(0); }, std::invalid_argument);
        5:   37:}
------------------
_ZN38ctors_tests_capacity_cstor_test_2_TestC2Ev:
function _ZN38ctors_tests_capacity_cstor_test_2_TestC2Ev called 5 returned 100% blocks executed 100%
        5:   35:TEST(ctors_tests, capacity_cstor_test_2) {
call    0 returned 100%
------------------
_ZN38ctors_tests_capacity_cstor_test_2_TestD0Ev:
function _ZN38ctors_tests_capacity_cstor_test_2_TestD0Ev called 5 returned 100% blocks executed 100%
        5:   35:TEST(ctors_tests, capacity_cstor_test_2) {
call    0 returned 100%
call    1 returned 100%
------------------
_ZN38ctors_tests_capacity_cstor_test_2_TestD2Ev:
function _ZN38ctors_tests_capacity_cstor_test_2_TestD2Ev called 5 returned 100% blocks executed 100%
        5:   35:TEST(ctors_tests, capacity_cstor_test_2) {
call    0 returned 100%
------------------
_ZN38ctors_tests_capacity_cstor_test_2_Test8TestBodyEv:
function _ZN38ctors_tests_capacity_cstor_test_2_Test8TestBodyEv called 5 returned 100% blocks executed 25%
        5:   35:TEST(ctors_tests, capacity_cstor_test_2) {
      10*:   36:  EXPECT_THROW({ HashTable a(0); }, std::invalid_argument);
call    0 returned 100%
call    1 returned 100%
branch  2 taken 100% (fallthrough)
branch  3 taken 0%
call    4 returned 100%
branch  5 taken 100% (fallthrough)
branch  6 taken 0% (throw)
branch  7 taken 100% (fallthrough)
branch  8 taken 0%
call    9 returned 100%
branch 10 taken 0% (fallthrough)
branch 11 taken 100% (throw)
call   12 never executed
branch 13 taken 0% (fallthrough)
branch 14 taken 100%
call   15 never executed
branch 16 never executed (fallthrough)
branch 17 never executed (throw)
call   18 never executed
branch 19 never executed (fallthrough)
branch 20 never executed (throw)
call   21 never executed
call   22 never executed
branch 23 never executed (fallthrough)
branch 24 never executed (throw)
call   25 never executed
branch 26 never executed (fallthrough)
branch 27 never executed (throw)
call   28 never executed
call   29 never executed
call   30 returned 100%
branch 31 taken 100%
branch 32 taken 0%
branch 33 taken 0%
call   34 returned 100%
call   35 returned 100%
call   36 never executed
call   37 never executed
branch 38 never executed (fallthrough)
branch 39 never executed (throw)
call   40 never executed
branch 41 never executed (fallthrough)
branch 42 never executed (throw)
call   43 never executed
branch 44 never executed (fallthrough)
branch 45 never executed (throw)
call   46 never executed
call   47 never executed
branch 48 never executed (fallthrough)
branch 49 never executed (throw)
call   50 never executed
call   51 never executed
branch 52 never executed (fallthrough)
branch 53 never executed (throw)
call   54 never executed
branch 55 never executed (fallthrough)
branch 56 never executed (throw)
call   57 never executed
call   58 never executed
call   59 never executed
branch 60 never executed (fallthrough)
branch 61 never executed (throw)
call   62 never executed
branch 63 never executed (fallthrough)
branch 64 never executed (throw)
call   65 never executed
call   66 never executed
call   67 never executed
call   68 never executed
call   69 never executed
call   70 never executed
        5:   37:}
------------------
        -:   38:
       20:   39:TEST(ctors_tests, move_cstor_test_1) {
        5:   40:  HashTable a = HashTable();
        -:   41:
        -:   42:  // Move construct a new HashTable from ht1
        5:   43:  HashTable b(std::move(a));
        -:   44:
       5*:   45:  EXPECT_EQ(10, b.getCapacity());
       5*:   46:  EXPECT_EQ(0, b.getSize());
        -:   47:
       5*:   48:  EXPECT_EQ(a.getCapacity(), 0);
       5*:   49:  EXPECT_EQ(a.getSize(), 0);
        5:   50:}
------------------
_ZN34ctors_tests_move_cstor_test_1_TestC2Ev:
function _ZN34ctors_tests_move_cstor_test_1_TestC2Ev called 5 returned 100% blocks executed 100%
        5:   39:TEST(ctors_tests, move_cstor_test_1) {
call    0 returned 100%
------------------
_ZN34ctors_tests_move_cstor_test_1_TestD0Ev:
function _ZN34ctors_tests_move_cstor_test_1_TestD0Ev called 5 returned 100% blocks executed 100%
        5:   39:TEST(ctors_tests, move_cstor_test_1) {
call    0 returned 100%
call    1 returned 100%
------------------
_ZN34ctors_tests_move_cstor_test_1_TestD2Ev:
function _ZN34ctors_tests_move_cstor_test_1_TestD2Ev called 5 returned 100% blocks executed 100%
        5:   39:TEST(ctors_tests, move_cstor_test_1) {
call    0 returned 100%
------------------
_ZN34ctors_tests_move_cstor_test_1_Test8TestBodyEv:
function _ZN34ctors_tests_move_cstor_test_1_Test8TestBodyEv called 5 returned 100% blocks executed 26%
        5:   39:TEST(ctors_tests, move_cstor_test_1) {
        5:   40:  HashTable a = HashTable();
call    0 returned 100%
branch  1 taken 100% (fallthrough)
branch  2 taken 0% (throw)
        -:   41:
        -:   42:  // Move construct a new HashTable from ht1
        5:   43:  HashTable b(std::move(a));
call    0 returned 100%
call    1 returned 100%
        -:   44:
       5*:   45:  EXPECT_EQ(10, b.getCapacity());
call    0 returned 100%
branch  1 taken 100% (fallthrough)
branch  2 taken 0% (throw)
call    3 returned 100%
branch  4 taken 100% (fallthrough)
branch  5 taken 0% (throw)
call    6 returned 100%
branch  7 taken 0% (fallthrough)
branch  8 taken 100%
call    9 never executed
branch 10 never executed (fallthrough)
branch 11 never executed (throw)
call   12 never executed
call   13 never executed
branch 14 never executed (fallthrough)
branch 15 never executed (throw)
call   16 never executed
branch 17 never executed (fallthrough)
branch 18 never executed (throw)
call   19 never executed
call   20 never executed
call   21 returned 100%
call   22 never executed
call   23 never executed
call   24 never executed
       5*:   46:  EXPECT_EQ(0, b.getSize());
call    0 returned 100%
branch  1 taken 100% (fallthrough)
branch  2 taken 0% (throw)
call    3 returned 100%
branch  4 taken 100% (fallthrough)
branch  5 taken 0% (throw)
call    6 returned 100%
branch  7 taken 0% (fallthrough)
branch  8 taken 100%
call    9 never executed
branch 10 never executed (fallthrough)
branch 11 never executed (throw)
call   12 never executed
call   13 never executed
branch 14 never executed (fallthrough)
branch 15 never executed (throw)
call   16 never executed
branch 17 never executed (fallthrough)
branch 18 never executed (throw)
call   19 never executed
call   20 never executed
call   21 returned 100%
call   22 never executed
call   23 never executed
call   24 never executed
        -:   47:
       5*:   48:  EXPECT_EQ(a.getCapacity(), 0);
call    0 returned 100%
branch  1 taken 100% (fallthrough)
branch  2 taken 0% (throw)
call    3 returned 100%
branch  4 taken 100% (fallthrough)
branch  5 taken 0% (throw)
call    6 returned 100%
branch  7 taken 0% (fallthrough)
branch  8 taken 100%
call    9 never executed
branch 10 never executed (fallthrough)
branch 11 never executed (throw)
call   12 never executed
call   13 never executed
branch 14 never executed (fallthrough)
branch 15 never executed (throw)
call   16 never executed
branch 17 never executed (fallthrough)
branch 18 never executed (throw)
call   19 never executed
call   20 never executed
call   21 returned 100%
call   22 never executed
call   23 never executed
call   24 never executed
       5*:   49:  EXPECT_EQ(a.getSize(), 0);
call    0 returned 100%
branch  1 taken 100% (fallthrough)
branch  2 taken 0% (throw)
call    3 returned 100%
branch  4 taken 100% (fallthrough)
branch  5 taken 0% (throw)
call    6 returned 100%
branch  7 taken 0% (fallthrough)
branch  8 taken 100%
call    9 never executed
branch 10 never executed (fallthrough)
branch 11 never executed (throw)
call   12 never executed
call   13 never executed
branch 14 never executed (fallthrough)
branch 15 never executed (throw)
call   16 never executed
branch 17 never executed (fallthrough)
branch 18 never executed (throw)
call   19 never executed
call   20 never executed
call   21 returned 100%
call   22 never executed
call   23 never executed
call   24 never executed
        5:   50:}
call    0 returned 100%
call    1 returned 100%
call    2 never executed
call    3 never executed
------------------
        -:   51:
       20:   52:TEST(ctors_tests, move_cstor_test_2) {
        5:   53:  HashTable a = HashTable();
        5:   54:  const Value value1 = {1, 1};
        5:   55:  const Value value2 = {2, 2};
       10:   56:  a.insert("key1", value1);
        5:   57:  a.insert("key2", value2);
        -:   58:
        5:   59:  HashTable b(std::move(a));
        -:   60:
       5*:   61:  EXPECT_EQ(2, b.getSize());
      10*:   62:  EXPECT_EQ(value1.age, b["key1"].age);
      10*:   63:  EXPECT_EQ(value1.weight, b["key1"].weight);
        -:   64:
      10*:   65:  EXPECT_EQ(value2.age, b["key2"].age);
      10*:   66:  EXPECT_EQ(value2.weight, b["key2"].weight);
        -:   67:
       5*:   68:  EXPECT_EQ(0, a.getCapacity());
       5*:   69:  EXPECT_EQ(0, a.getSize());
        5:   70:}
------------------
_ZN34ctors_tests_move_cstor_test_2_TestC2Ev:
function _ZN34ctors_tests_move_cstor_test_2_TestC2Ev called 5 returned 100% blocks executed 100%
        5:   52:TEST(ctors_tests, move_cstor_test_2) {
call    0 returned 100%
------------------
_ZN34ctors_tests_move_cstor_test_2_TestD0Ev:
function _ZN34ctors_tests_move_cstor_test_2_TestD0Ev called 5 returned 100% blocks executed 100%
        5:   52:TEST(ctors_tests, move_cstor_test_2) {
call    0 returned 100%
call    1 returned 100%
------------------
_ZN34ctors_tests_move_cstor_test_2_TestD2Ev:
function _ZN34ctors_tests_move_cstor_test_2_TestD2Ev called 5 returned 100% blocks executed 100%
        5:   52:TEST(ctors_tests, move_cstor_test_2) {
call    0 returned 100%
------------------
_ZN34ctors_tests_move_cstor_test_2_Test8TestBodyEv:
function _ZN34ctors_tests_move_cstor_test_2_Test8TestBodyEv called 5 returned 100% blocks executed 32%
        5:   52:TEST(ctors_tests, move_cstor_test_2) {
        5:   53:  HashTable a = HashTable();
call    0 returned 100%
branch  1 taken 100% (fallthrough)
branch  2 taken 0% (throw)
        5:   54:  const Value value1 = {1, 1};
        5:   55:  const Value value2 = {2, 2};
       10:   56:  a.insert("key1", value1);
call    0 returned 100%
branch  1 taken 100% (fallthrough)
branch  2 taken 0% (throw)
call    3 returned 100%
branch  4 taken 100% (fallthrough)
branch  5 taken 0% (throw)
call    6 returned 100%
call    7 never executed
        5:   57:  a.insert("key2", value2);
call    0 returned 100%
branch  1 taken 100% (fallthrough)
branch  2 taken 0% (throw)
call    3 returned 100%
branch  4 taken 100% (fallthrough)
branch  5 taken 0% (throw)
call    6 returned 100%
call    7 never executed
        -:   58:
        5:   59:  HashTable b(std::move(a));
call    0 returned 100%
call    1 returned 100%
        -:   60:
       5*:   61:  EXPECT_EQ(2, b.getSize());
call    0 returned 100%
branch  1 taken 100% (fallthrough)
branch  2 taken 0% (throw)
call    3 returned 100%
branch  4 taken 100% (fallthrough)
branch  5 taken 0% (throw)
call    6 returned 100%
branch  7 taken 0% (fallthrough)
branch  8 taken 100%
call    9 never executed
branch 10 never executed (fallthrough)
branch 11 never executed (throw)
call   12 never executed
call   13 never executed
branch 14 never executed (fallthrough)
branch 15 never executed (throw)
call   16 never executed
branch 17 never executed (fallthrough)
branch 18 never executed (throw)
call   19 never executed
call   20 never executed
call   21 returned 100%
call   22 never executed
call   23 never executed
call   24 never executed
      10*:   62:  EXPECT_EQ(value1.age, b["key1"].age);
call    0 returned 100%
branch  1 taken 100% (fallthrough)
branch  2 taken 0% (throw)
call    3 returned 100%
branch  4 taken 100% (fallthrough)
branch  5 taken 0% (throw)
call    6 returned 100%
branch  7 taken 100% (fallthrough)
branch  8 taken 0% (throw)
call    9 returned 100%
call   10 returned 100%
branch 11 taken 0% (fallthrough)
branch 12 taken 100%
call   13 never executed
branch 14 never executed (fallthrough)
branch 15 never executed (throw)
call   16 never executed
call   17 never executed
branch 18 never executed (fallthrough)
branch 19 never executed (throw)
call   20 never executed
branch 21 never executed (fallthrough)
branch 22 never executed (throw)
call   23 never executed
call   24 never executed
call   25 returned 100%
call   26 never executed
call   27 never executed
call   28 never executed
call   29 never executed
      10*:   63:  EXPECT_EQ(value1.weight, b["key1"].weight);
call    0 returned 100%
branch  1 taken 100% (fallthrough)
branch  2 taken 0% (throw)
call    3 returned 100%
branch  4 taken 100% (fallthrough)
branch  5 taken 0% (throw)
call    6 returned 100%
branch  7 taken 100% (fallthrough)
branch  8 taken 0% (throw)
call    9 returned 100%
call   10 returned 100%
branch 11 taken 0% (fallthrough)
branch 12 taken 100%
call   13 never executed
branch 14 never executed (fallthrough)
branch 15 never executed (throw)
call   16 never executed
call   17 never executed
branch 18 never executed (fallthrough)
branch 19 never executed (throw)
call   20 never executed
branch 21 never executed (fallthrough)
branch 22 never executed (throw)
call   23 never executed
call   24 never executed
call   25 returned 100%
call   26 never executed
call   27 never executed
call   28 never executed
call   29 never executed
        -:   64:
      10*:   65:  EXPECT_EQ(value2.age, b["key2"].age);
call    0 returned 100%
branch  1 taken 100% (fallthrough)
branch  2 taken 0% (throw)
call    3 returned 100%
branch  4 taken 100% (fallthrough)
branch  5 taken 0% (throw)
call    6 returned 100%
branch  7 taken 100% (fallthrough)
branch  8 taken 0% (throw)
call    9 returned 100%
call   10 returned 100%
branch 11 taken 0% (fallthrough)
branch 12 taken 100%
call   13 never executed
branch 14 never executed (fallthrough)
branch 15 never executed (throw)
call   16 never executed
call   17 never executed
branch 18 never executed (fallthrough)
branch 19 never executed (throw)
call   20 never executed
branch 21 never executed (fallthrough)
branch 22 never executed (throw)
call   23 never executed
call   24 never executed
call   25 returned 100%
call   26 never executed
call   27 never executed
call   28 never executed
call   29 never executed
      10*:   66:  EXPECT_EQ(value2.weight, b["key2"].weight);
call    0 returned 100%
branch  1 taken 100% (fallthrough)
branch  2 taken 0% (throw)
call    3 returned 100%
branch  4 taken 100% (fallthrough)
branch  5 taken 0% (throw)
call    6 returned 100%
branch  7 taken 100% (fallthrough)
branch  8 taken 0% (throw)
call    9 returned 100%
call   10 returned 100%
branch 11 taken 0% (fallthrough)
branch 12 taken 100%
call   13 never executed
branch 14 never executed (fallthrough)
branch 15 never executed (throw)
call   16 never executed
call   17 never executed
branch 18 never executed (fallthrough)
branch 19 never executed (throw)
call   20 never executed
branch 21 never executed (fallthrough)
branch 22 never executed (throw)
call   23 never executed
call   24 never executed
call   25 returned 100%
call   26 never executed
call   27 never executed
call   28 never executed
call   29 never executed
        -:   67:
       5*:   68:  EXPECT_EQ(0, a.getCapacity());
call    0 returned 100%
branch  1 taken 100% (fallthrough)
branch  2 taken 0% (throw)
call    3 returned 100%
branch  4 taken 100% (fallthrough)
branch  5 taken 0% (throw)
call    6 returned 100%
branch  7 taken 0% (fallthrough)
branch  8 taken 100%
call    9 never executed
branch 10 never executed (fallthrough)
branch 11 never executed (throw)
call   12 never executed
call   13 never executed
branch 14 never executed (fallthrough)
branch 15 never executed (throw)
call   16 never executed
branch 17 never executed (fallthrough)
branch 18 never executed (throw)
call   19 never executed
call   20 never executed
call   21 returned 100%
call   22 never executed
call   23 never executed
call   24 never executed
       5*:   69:  EXPECT_EQ(0, a.getSize());
call    0 returned 100%
branch  1 taken 100% (fallthrough)
branch  2 taken 0% (throw)
call    3 returned 100%
branch  4 taken 100% (fallthrough)
branch  5 taken 0% (throw)
call    6 returned 100%
branch  7 taken 0% (fallthrough)
branch  8 taken 100%
call    9 never executed
branch 10 never executed (fallthrough)
branch 11 never executed (throw)
call   12 never executed
call   13 never executed
branch 14 never executed (fallthrough)
branch 15 never executed (throw)
call   16 never executed
branch 17 never executed (fallthrough)
branch 18 never executed (throw)
call   19 never executed
call   20 never executed
call   21 returned 100%
call   22 never executed
call   23 never executed
call   24 never executed
        5:   70:}
call    0 returned 100%
call    1 returned 100%
call    2 never executed
call    3 never executed
------------------
