<?xml version="1.0" encoding="UTF-8"?>
<Site BuildName="(empty)"
	BuildStamp="20241009-1141-Experimental"
	Name="(empty)"
	Generator="ctest-3.28.2"
	CompilerName=""
	CompilerVersion=""
	OSName="Linux"
	Hostname="t14s"
	OSRelease="6.10.10-200.fc40.x86_64"
	OSVersion="#1 SMP PREEMPT_DYNAMIC Thu Sep 12 18:26:09 UTC 2024"
	OSPlatform="x86_64"
	Is64Bits="1"
	VendorString="AuthenticAMD"
	VendorID="Advanced Micro Devices"
	FamilyID="25"
	ModelID="68"
	ProcessorCacheSize="512"
	NumberOfLogicalCPU="16"
	NumberOfPhysicalCPU="8"
	TotalVirtualMemory="22926"
	TotalPhysicalMemory="14731"
	LogicalProcessorsPerPhysical="2"
	ProcessorClockFrequency="1373.64"
	>
	<Testing>
		<StartDateTime>Oct 09 20:37 +07</StartDateTime>
		<StartTestTime>1728481055</StartTestTime>
		<TestList/>
		<EndDateTime>Oct 09 20:37 +07</EndDateTime>
		<EndTestTime>1728481055</EndTestTime>
		<ElapsedMinutes>0</ElapsedMinutes>
	</Testing>
</Site>
