TN:
SF:/home/krillin/code/nsu/23203_knyazkov/lab1/src/ctors.cpp
FN:12,18,_ZN9HashTableD2Ev
FN:20,31,_ZN9HashTableC2ERKS_
FN:33,41,_ZN9HashTableC2Em
FN:43,52,_ZN9HashTableC2EOS_
FN:5,10,_ZN9HashTableC2Ev
FNDA:26,_ZN9HashTableD2Ev
FNDA:1,_ZN9HashTableC2ERKS_
FNDA:9,_ZN9HashTableC2Em
FNDA:2,_ZN9HashTableC2EOS_
FNDA:16,_ZN9HashTableC2Ev
FNF:5
FNH:5
DA:5,16
DA:6,16
DA:7,176
DA:8,160
DA:10,16
DA:12,26
DA:13,240
DA:14,214
DA:15,203
DA:17,26
DA:18,26
DA:20,1
DA:21,1
DA:22,1
DA:24,11
DA:25,10
DA:26,10
DA:28,0
DA:31,1
DA:33,9
DA:34,9
DA:35,2
DA:37,7
DA:38,7
DA:39,27
DA:40,20
DA:41,7
DA:43,2
DA:44,2
DA:45,2
DA:46,2
DA:47,2
DA:49,2
DA:50,2
DA:51,2
DA:52,2
LF:36
LH:35
end_of_record
TN:
SF:/home/krillin/code/nsu/23203_knyazkov/lab1/src/hashtable.h
FN:14,16,_ZN5ValueeqERKS_
FN:18,18,_ZN5ValueneERKS_
FN:26,29,_ZN8HashNodeC2Ev
FN:31,34,_ZN8HashNodeC2ENSt7__cxx1112basic_stringIcSt11char_traitsIcESaIcEEE5Value
FN:36,36,_ZN8HashNodeD2Ev
FNDA:2,_ZN5ValueeqERKS_
FNDA:0,_ZN5ValueneERKS_
FNDA:232,_ZN8HashNodeC2Ev
FNDA:57,_ZN8HashNodeC2ENSt7__cxx1112basic_stringIcSt11char_traitsIcESaIcEEE5Value
FNDA:253,_ZN8HashNodeD2Ev
FNF:5
FNH:4
DA:14,2
DA:15,2
DA:18,0
DA:26,232
DA:27,232
DA:28,232
DA:29,232
DA:31,57
DA:32,57
DA:33,57
DA:34,57
DA:36,253
LF:12
LH:11
end_of_record
TN:
SF:/home/krillin/code/nsu/23203_knyazkov/lab1/src/methods.cpp
FN:109,116,_ZNK9HashTable2atERKNSt7__cxx1112basic_stringIcSt11char_traitsIcESaIcEEE
FN:118,120,_ZN9HashTable2atERKNSt7__cxx1112basic_stringIcSt11char_traitsIcESaIcEEE
FN:122,122,_ZNK9HashTable8containsERKNSt7__cxx1112basic_stringIcSt11char_traitsIcESaIcEEE
FN:124,136,_ZN9HashTable5clearEv
FN:138,138,_ZNK9HashTable7getSizeEv
FN:139,139,_ZNK9HashTable11getCapacityEv
FN:141,141,_ZNK9HashTable5emptyEv
FN:143,160,_ZNK9HashTable4findERKNSt7__cxx1112basic_stringIcSt11char_traitsIcESaIcEEE
FN:15,17,_ZN9HashTable13getLoadFactorERKdS1_
FN:162,170,_ZN9HashTable4swapERS_
FN:21,44,_ZN9HashTable14rehashIfNeededEv
FN:48,65,_ZN9HashTable5eraseERKNSt7__cxx1112basic_stringIcSt11char_traitsIcESaIcEEE
FN:6,13,_ZNK9HashTable4hashERKNSt7__cxx1112basic_stringIcSt11char_traitsIcESaIcEEE
FN:69,80,_ZNK9HashTable13linearProbingEiNSt7__cxx1112basic_stringIcSt11char_traitsIcESaIcEEE
FN:85,107,_ZN9HashTable6insertERKNSt7__cxx1112basic_stringIcSt11char_traitsIcESaIcEEERK5Value
FNDA:0,_ZNK9HashTable2atERKNSt7__cxx1112basic_stringIcSt11char_traitsIcESaIcEEE
FNDA:0,_ZN9HashTable2atERKNSt7__cxx1112basic_stringIcSt11char_traitsIcESaIcEEE
FNDA:1,_ZNK9HashTable8containsERKNSt7__cxx1112basic_stringIcSt11char_traitsIcESaIcEEE
FNDA:3,_ZN9HashTable5clearEv
FNDA:11,_ZNK9HashTable7getSizeEv
FNDA:28,_ZNK9HashTable11getCapacityEv
FNDA:1,_ZNK9HashTable5emptyEv
FNDA:7,_ZNK9HashTable4findERKNSt7__cxx1112basic_stringIcSt11char_traitsIcESaIcEEE
FNDA:54,_ZN9HashTable13getLoadFactorERKdS1_
FNDA:0,_ZN9HashTable4swapERS_
FNDA:54,_ZN9HashTable14rehashIfNeededEv
FNDA:6,_ZN9HashTable5eraseERKNSt7__cxx1112basic_stringIcSt11char_traitsIcESaIcEEE
FNDA:102,_ZNK9HashTable4hashERKNSt7__cxx1112basic_stringIcSt11char_traitsIcESaIcEEE
FNDA:15,_ZNK9HashTable13linearProbingEiNSt7__cxx1112basic_stringIcSt11char_traitsIcESaIcEEE
FNDA:54,_ZN9HashTable6insertERKNSt7__cxx1112basic_stringIcSt11char_traitsIcESaIcEEERK5Value
FNF:15
FNH:12
DA:6,102
DA:7,102
DA:9,426
DA:10,324
DA:12,102
DA:15,54
DA:16,54
DA:21,54
DA:23,54
DA:24,54
DA:25,51
DA:27,3
DA:28,51
DA:29,51
DA:30,48
DA:32,27
DA:33,24
DA:34,24
DA:35,24
DA:36,24
DA:38,24
DA:40,24
DA:42,3
DA:43,3
DA:48,6
DA:49,6
DA:50,6
DA:51,6
DA:52,4
DA:54,2
DA:57,6
DA:58,2
DA:60,4
DA:61,4
DA:62,4
DA:63,4
DA:64,4
DA:69,15
DA:70,15
DA:71,15
DA:72,27
DA:73,17
DA:74,5
DA:76,12
DA:78,10
DA:85,54
DA:86,54
DA:87,54
DA:88,0
DA:90,54
DA:91,54
DA:94,64
DA:95,10
DA:96,44
DA:98,10
DA:100,54
DA:101,46
DA:102,46
DA:103,46
DA:104,46
DA:106,8
DA:109,0
DA:110,0
DA:112,0
DA:113,0
DA:115,0
DA:118,0
DA:119,0
DA:122,1
DA:124,3
DA:125,3
DA:126,0
DA:129,15
DA:130,12
DA:131,11
DA:132,11
DA:135,3
DA:138,11
DA:139,28
DA:141,1
DA:143,7
DA:144,7
DA:146,7
DA:147,4
DA:149,3
DA:150,0
DA:152,3
DA:153,9
DA:154,6
DA:155,0
DA:157,6
DA:159,3
DA:162,0
DA:164,0
DA:165,0
DA:166,0
DA:168,0
DA:169,0
DA:170,0
LF:99
LH:81
end_of_record
TN:
SF:/home/krillin/code/nsu/23203_knyazkov/lab1/src/operators.cpp
FN:41,60,_ZN9HashTableaSEOS_
FN:63,75,_ZN9HashTableixERKNSt7__cxx1112basic_stringIcSt11char_traitsIcESaIcEEE
FN:78,92,_ZeqRK9HashTableS1_
FN:8,35,_ZN9HashTableaSERKS_
FN:94,94,_ZneRK9HashTableS1_
FNDA:0,_ZN9HashTableaSEOS_
FNDA:11,_ZN9HashTableixERKNSt7__cxx1112basic_stringIcSt11char_traitsIcESaIcEEE
FNDA:0,_ZeqRK9HashTableS1_
FNDA:0,_ZN9HashTableaSERKS_
FNDA:0,_ZneRK9HashTableS1_
FNF:5
FNH:1
DA:8,0
DA:9,0
DA:10,0
DA:14,0
DA:15,0
DA:16,0
DA:18,0
DA:21,0
DA:22,0
DA:24,0
DA:26,0
DA:27,0
DA:28,0
DA:30,0
DA:34,0
DA:41,0
DA:42,0
DA:43,0
DA:45,0
DA:46,0
DA:47,0
DA:49,0
DA:51,0
DA:52,0
DA:53,0
DA:55,0
DA:56,0
DA:57,0
DA:59,0
DA:63,11
DA:64,11
DA:66,11
DA:67,11
DA:70,0
DA:71,0
DA:74,0
DA:78,0
DA:79,0
DA:80,0
DA:83,0
DA:84,0
DA:85,0
DA:86,0
DA:87,0
DA:91,0
DA:94,0
LF:46
LH:4
end_of_record
TN:
SF:/home/krillin/code/nsu/23203_knyazkov/lab1/test/src/ctors_tests.cc
FN:14,14,_ZN34ctors_tests_copy_cstor_test_1_Test8TestBodyEv
FN:14,14,_ZN34ctors_tests_copy_cstor_test_1_TestC2Ev
FN:14,14,_ZN34ctors_tests_copy_cstor_test_1_TestD0Ev
FN:14,14,_ZN34ctors_tests_copy_cstor_test_1_TestD2Ev
FN:23,23,_ZN34ctors_tests_copy_cstor_test_2_Test8TestBodyEv
FN:23,23,_ZN34ctors_tests_copy_cstor_test_2_TestC2Ev
FN:23,23,_ZN34ctors_tests_copy_cstor_test_2_TestD0Ev
FN:23,23,_ZN34ctors_tests_copy_cstor_test_2_TestD2Ev
FN:27,27,_ZN38ctors_tests_capacity_cstor_test_1_Test8TestBodyEv
FN:27,27,_ZN38ctors_tests_capacity_cstor_test_1_TestC2Ev
FN:27,27,_ZN38ctors_tests_capacity_cstor_test_1_TestD0Ev
FN:27,27,_ZN38ctors_tests_capacity_cstor_test_1_TestD2Ev
FN:35,35,_ZN38ctors_tests_capacity_cstor_test_2_Test8TestBodyEv
FN:35,35,_ZN38ctors_tests_capacity_cstor_test_2_TestC2Ev
FN:35,35,_ZN38ctors_tests_capacity_cstor_test_2_TestD0Ev
FN:35,35,_ZN38ctors_tests_capacity_cstor_test_2_TestD2Ev
FN:39,39,_ZN34ctors_tests_move_cstor_test_1_Test8TestBodyEv
FN:39,39,_ZN34ctors_tests_move_cstor_test_1_TestC2Ev
FN:39,39,_ZN34ctors_tests_move_cstor_test_1_TestD0Ev
FN:39,39,_ZN34ctors_tests_move_cstor_test_1_TestD2Ev
FN:52,70,_ZN34ctors_tests_move_cstor_test_2_Test8TestBodyEv
FN:52,70,_ZN34ctors_tests_move_cstor_test_2_TestC2Ev
FN:52,70,_ZN34ctors_tests_move_cstor_test_2_TestD0Ev
FN:52,70,_ZN34ctors_tests_move_cstor_test_2_TestD2Ev
FN:6,6,_ZN32ctors_tests_empty_ctor_test_Test8TestBodyEv
FN:6,6,_ZN32ctors_tests_empty_ctor_test_TestC2Ev
FN:6,6,_ZN32ctors_tests_empty_ctor_test_TestD0Ev
FN:6,6,_ZN32ctors_tests_empty_ctor_test_TestD2Ev
FNDA:1,_ZN34ctors_tests_copy_cstor_test_1_Test8TestBodyEv
FNDA:1,_ZN34ctors_tests_copy_cstor_test_1_TestC2Ev
FNDA:1,_ZN34ctors_tests_copy_cstor_test_1_TestD0Ev
FNDA:1,_ZN34ctors_tests_copy_cstor_test_1_TestD2Ev
FNDA:1,_ZN34ctors_tests_copy_cstor_test_2_Test8TestBodyEv
FNDA:1,_ZN34ctors_tests_copy_cstor_test_2_TestC2Ev
FNDA:1,_ZN34ctors_tests_copy_cstor_test_2_TestD0Ev
FNDA:1,_ZN34ctors_tests_copy_cstor_test_2_TestD2Ev
FNDA:1,_ZN38ctors_tests_capacity_cstor_test_1_Test8TestBodyEv
FNDA:1,_ZN38ctors_tests_capacity_cstor_test_1_TestC2Ev
FNDA:1,_ZN38ctors_tests_capacity_cstor_test_1_TestD0Ev
FNDA:1,_ZN38ctors_tests_capacity_cstor_test_1_TestD2Ev
FNDA:1,_ZN38ctors_tests_capacity_cstor_test_2_Test8TestBodyEv
FNDA:1,_ZN38ctors_tests_capacity_cstor_test_2_TestC2Ev
FNDA:1,_ZN38ctors_tests_capacity_cstor_test_2_TestD0Ev
FNDA:1,_ZN38ctors_tests_capacity_cstor_test_2_TestD2Ev
FNDA:1,_ZN34ctors_tests_move_cstor_test_1_Test8TestBodyEv
FNDA:1,_ZN34ctors_tests_move_cstor_test_1_TestC2Ev
FNDA:1,_ZN34ctors_tests_move_cstor_test_1_TestD0Ev
FNDA:1,_ZN34ctors_tests_move_cstor_test_1_TestD2Ev
FNDA:1,_ZN34ctors_tests_move_cstor_test_2_Test8TestBodyEv
FNDA:1,_ZN34ctors_tests_move_cstor_test_2_TestC2Ev
FNDA:1,_ZN34ctors_tests_move_cstor_test_2_TestD0Ev
FNDA:1,_ZN34ctors_tests_move_cstor_test_2_TestD2Ev
FNDA:1,_ZN32ctors_tests_empty_ctor_test_Test8TestBodyEv
FNDA:1,_ZN32ctors_tests_empty_ctor_test_TestC2Ev
FNDA:1,_ZN32ctors_tests_empty_ctor_test_TestD0Ev
FNDA:1,_ZN32ctors_tests_empty_ctor_test_TestD2Ev
FNF:28
FNH:28
DA:6,4
DA:7,1
DA:8,1
DA:9,2
DA:10,1
DA:11,1
DA:12,1
DA:14,4
DA:15,1
DA:16,1
DA:17,1
DA:18,1
DA:19,5
DA:20,4
DA:21,1
DA:23,4
DA:24,2
DA:27,4
DA:28,1
DA:29,1
DA:31,1
DA:32,1
DA:33,1
DA:35,4
DA:36,2
DA:37,1
DA:39,4
DA:40,1
DA:43,1
DA:45,1
DA:46,1
DA:48,1
DA:49,1
DA:50,1
DA:52,4
DA:53,1
DA:54,1
DA:55,1
DA:56,2
DA:57,1
DA:59,1
DA:61,1
DA:62,2
DA:63,2
DA:65,2
DA:66,2
DA:68,1
DA:69,1
DA:70,1
LF:49
LH:49
end_of_record
TN:
SF:/home/krillin/code/nsu/23203_knyazkov/lab1/test/src/methods_tests.cc
FN:101,101,_ZN40methods_tests_linear_probing_test_3_Test8TestBodyEv
FN:101,101,_ZN40methods_tests_linear_probing_test_3_TestC2Ev
FN:101,101,_ZN40methods_tests_linear_probing_test_3_TestD0Ev
FN:101,101,_ZN40methods_tests_linear_probing_test_3_TestD2Ev
FN:117,117,_ZN40methods_tests_linear_probing_test_4_Test8TestBodyEv
FN:117,117,_ZN40methods_tests_linear_probing_test_4_TestC2Ev
FN:117,117,_ZN40methods_tests_linear_probing_test_4_TestD0Ev
FN:117,117,_ZN40methods_tests_linear_probing_test_4_TestD2Ev
FN:132,132,_ZN40methods_tests_linear_probing_test_5_Test8TestBodyEv
FN:132,132,_ZN40methods_tests_linear_probing_test_5_TestC2Ev
FN:132,132,_ZN40methods_tests_linear_probing_test_5_TestD0Ev
FN:132,132,_ZN40methods_tests_linear_probing_test_5_TestD2Ev
FN:14,14,_ZN32methods_tests_insert_test_2_Test8TestBodyEv
FN:14,14,_ZN32methods_tests_insert_test_2_TestC2Ev
FN:14,14,_ZN32methods_tests_insert_test_2_TestD0Ev
FN:14,14,_ZN32methods_tests_insert_test_2_TestD2Ev
FN:150,150,_ZN31methods_tests_clear_test_1_Test8TestBodyEv
FN:150,150,_ZN31methods_tests_clear_test_1_TestC2Ev
FN:150,150,_ZN31methods_tests_clear_test_1_TestD0Ev
FN:150,150,_ZN31methods_tests_clear_test_1_TestD2Ev
FN:162,162,_ZN31methods_tests_clear_test_2_Test8TestBodyEv
FN:162,162,_ZN31methods_tests_clear_test_2_TestC2Ev
FN:162,162,_ZN31methods_tests_clear_test_2_TestD0Ev
FN:162,162,_ZN31methods_tests_clear_test_2_TestD2Ev
FN:23,23,_ZN32methods_tests_insert_test_3_Test8TestBodyEv
FN:23,23,_ZN32methods_tests_insert_test_3_TestC2Ev
FN:23,23,_ZN32methods_tests_insert_test_3_TestD0Ev
FN:23,23,_ZN32methods_tests_insert_test_3_TestD2Ev
FN:30,30,_ZN32methods_tests_insert_test_4_Test8TestBodyEv
FN:30,30,_ZN32methods_tests_insert_test_4_TestC2Ev
FN:30,30,_ZN32methods_tests_insert_test_4_TestD0Ev
FN:30,30,_ZN32methods_tests_insert_test_4_TestD2Ev
FN:41,41,_ZN35methods_tests_rehashing_test_1_Test8TestBodyEv
FN:41,41,_ZN35methods_tests_rehashing_test_1_TestC2Ev
FN:41,41,_ZN35methods_tests_rehashing_test_1_TestD0Ev
FN:41,41,_ZN35methods_tests_rehashing_test_1_TestD2Ev
FN:50,50,_ZN31methods_tests_erase_test_1_Test8TestBodyEv
FN:50,50,_ZN31methods_tests_erase_test_1_TestC2Ev
FN:50,50,_ZN31methods_tests_erase_test_1_TestD0Ev
FN:50,50,_ZN31methods_tests_erase_test_1_TestD2Ev
FN:56,56,_ZN31methods_tests_erase_test_2_Test8TestBodyEv
FN:56,56,_ZN31methods_tests_erase_test_2_TestC2Ev
FN:56,56,_ZN31methods_tests_erase_test_2_TestD0Ev
FN:56,56,_ZN31methods_tests_erase_test_2_TestD2Ev
FN:6,6,_ZN32methods_tests_insert_test_1_Test8TestBodyEv
FN:6,6,_ZN32methods_tests_insert_test_1_TestC2Ev
FN:6,6,_ZN32methods_tests_insert_test_1_TestD0Ev
FN:6,6,_ZN32methods_tests_insert_test_1_TestD2Ev
FN:63,63,_ZN31methods_tests_erase_test_3_Test8TestBodyEv
FN:63,63,_ZN31methods_tests_erase_test_3_TestC2Ev
FN:63,63,_ZN31methods_tests_erase_test_3_TestD0Ev
FN:63,63,_ZN31methods_tests_erase_test_3_TestD2Ev
FN:70,74,_ZN31methods_tests_erase_test_4_Test8TestBodyEv
FN:70,74,_ZN31methods_tests_erase_test_4_TestC2Ev
FN:70,74,_ZN31methods_tests_erase_test_4_TestD0Ev
FN:70,74,_ZN31methods_tests_erase_test_4_TestD2Ev
FN:76,76,_ZN31methods_tests_erase_test_5_Test8TestBodyEv
FN:76,76,_ZN31methods_tests_erase_test_5_TestC2Ev
FN:76,76,_ZN31methods_tests_erase_test_5_TestD0Ev
FN:76,76,_ZN31methods_tests_erase_test_5_TestD2Ev
FN:83,83,_ZN40methods_tests_linear_probing_test_1_Test8TestBodyEv
FN:83,83,_ZN40methods_tests_linear_probing_test_1_TestC2Ev
FN:83,83,_ZN40methods_tests_linear_probing_test_1_TestD0Ev
FN:83,83,_ZN40methods_tests_linear_probing_test_1_TestD2Ev
FN:90,90,_ZN40methods_tests_linear_probing_test_2_Test8TestBodyEv
FN:90,90,_ZN40methods_tests_linear_probing_test_2_TestC2Ev
FN:90,90,_ZN40methods_tests_linear_probing_test_2_TestD0Ev
FN:90,90,_ZN40methods_tests_linear_probing_test_2_TestD2Ev
FNDA:1,_ZN40methods_tests_linear_probing_test_3_Test8TestBodyEv
FNDA:1,_ZN40methods_tests_linear_probing_test_3_TestC2Ev
FNDA:1,_ZN40methods_tests_linear_probing_test_3_TestD0Ev
FNDA:1,_ZN40methods_tests_linear_probing_test_3_TestD2Ev
FNDA:1,_ZN40methods_tests_linear_probing_test_4_Test8TestBodyEv
FNDA:1,_ZN40methods_tests_linear_probing_test_4_TestC2Ev
FNDA:1,_ZN40methods_tests_linear_probing_test_4_TestD0Ev
FNDA:1,_ZN40methods_tests_linear_probing_test_4_TestD2Ev
FNDA:1,_ZN40methods_tests_linear_probing_test_5_Test8TestBodyEv
FNDA:1,_ZN40methods_tests_linear_probing_test_5_TestC2Ev
FNDA:1,_ZN40methods_tests_linear_probing_test_5_TestD0Ev
FNDA:1,_ZN40methods_tests_linear_probing_test_5_TestD2Ev
FNDA:1,_ZN32methods_tests_insert_test_2_Test8TestBodyEv
FNDA:1,_ZN32methods_tests_insert_test_2_TestC2Ev
FNDA:1,_ZN32methods_tests_insert_test_2_TestD0Ev
FNDA:1,_ZN32methods_tests_insert_test_2_TestD2Ev
FNDA:1,_ZN31methods_tests_clear_test_1_Test8TestBodyEv
FNDA:1,_ZN31methods_tests_clear_test_1_TestC2Ev
FNDA:1,_ZN31methods_tests_clear_test_1_TestD0Ev
FNDA:1,_ZN31methods_tests_clear_test_1_TestD2Ev
FNDA:1,_ZN31methods_tests_clear_test_2_Test8TestBodyEv
FNDA:1,_ZN31methods_tests_clear_test_2_TestC2Ev
FNDA:1,_ZN31methods_tests_clear_test_2_TestD0Ev
FNDA:1,_ZN31methods_tests_clear_test_2_TestD2Ev
FNDA:1,_ZN32methods_tests_insert_test_3_Test8TestBodyEv
FNDA:1,_ZN32methods_tests_insert_test_3_TestC2Ev
FNDA:1,_ZN32methods_tests_insert_test_3_TestD0Ev
FNDA:1,_ZN32methods_tests_insert_test_3_TestD2Ev
FNDA:1,_ZN32methods_tests_insert_test_4_Test8TestBodyEv
FNDA:1,_ZN32methods_tests_insert_test_4_TestC2Ev
FNDA:1,_ZN32methods_tests_insert_test_4_TestD0Ev
FNDA:1,_ZN32methods_tests_insert_test_4_TestD2Ev
FNDA:1,_ZN35methods_tests_rehashing_test_1_Test8TestBodyEv
FNDA:1,_ZN35methods_tests_rehashing_test_1_TestC2Ev
FNDA:1,_ZN35methods_tests_rehashing_test_1_TestD0Ev
FNDA:1,_ZN35methods_tests_rehashing_test_1_TestD2Ev
FNDA:1,_ZN31methods_tests_erase_test_1_Test8TestBodyEv
FNDA:1,_ZN31methods_tests_erase_test_1_TestC2Ev
FNDA:1,_ZN31methods_tests_erase_test_1_TestD0Ev
FNDA:1,_ZN31methods_tests_erase_test_1_TestD2Ev
FNDA:1,_ZN31methods_tests_erase_test_2_Test8TestBodyEv
FNDA:1,_ZN31methods_tests_erase_test_2_TestC2Ev
FNDA:1,_ZN31methods_tests_erase_test_2_TestD0Ev
FNDA:1,_ZN31methods_tests_erase_test_2_TestD2Ev
FNDA:1,_ZN32methods_tests_insert_test_1_Test8TestBodyEv
FNDA:1,_ZN32methods_tests_insert_test_1_TestC2Ev
FNDA:1,_ZN32methods_tests_insert_test_1_TestD0Ev
FNDA:1,_ZN32methods_tests_insert_test_1_TestD2Ev
FNDA:1,_ZN31methods_tests_erase_test_3_Test8TestBodyEv
FNDA:1,_ZN31methods_tests_erase_test_3_TestC2Ev
FNDA:1,_ZN31methods_tests_erase_test_3_TestD0Ev
FNDA:1,_ZN31methods_tests_erase_test_3_TestD2Ev
FNDA:1,_ZN31methods_tests_erase_test_4_Test8TestBodyEv
FNDA:1,_ZN31methods_tests_erase_test_4_TestC2Ev
FNDA:1,_ZN31methods_tests_erase_test_4_TestD0Ev
FNDA:1,_ZN31methods_tests_erase_test_4_TestD2Ev
FNDA:1,_ZN31methods_tests_erase_test_5_Test8TestBodyEv
FNDA:1,_ZN31methods_tests_erase_test_5_TestC2Ev
FNDA:1,_ZN31methods_tests_erase_test_5_TestD0Ev
FNDA:1,_ZN31methods_tests_erase_test_5_TestD2Ev
FNDA:1,_ZN40methods_tests_linear_probing_test_1_Test8TestBodyEv
FNDA:1,_ZN40methods_tests_linear_probing_test_1_TestC2Ev
FNDA:1,_ZN40methods_tests_linear_probing_test_1_TestD0Ev
FNDA:1,_ZN40methods_tests_linear_probing_test_1_TestD2Ev
FNDA:1,_ZN40methods_tests_linear_probing_test_2_Test8TestBodyEv
FNDA:1,_ZN40methods_tests_linear_probing_test_2_TestC2Ev
FNDA:1,_ZN40methods_tests_linear_probing_test_2_TestD0Ev
FNDA:1,_ZN40methods_tests_linear_probing_test_2_TestD2Ev
FNF:68
FNH:68
DA:6,4
DA:7,1
DA:8,1
DA:9,1
DA:10,1
DA:11,1
DA:12,1
DA:14,4
DA:15,1
DA:16,1
DA:17,1
DA:18,1
DA:20,1
DA:21,1
DA:23,4
DA:24,1
DA:25,2
DA:26,1
DA:27,3
DA:28,1
DA:30,4
DA:31,1
DA:32,1
DA:34,11
DA:35,10
DA:36,10
DA:37,10
DA:38,1
DA:39,1
DA:41,4
DA:42,1
DA:43,2
DA:44,2
DA:45,2
DA:46,2
DA:47,1
DA:48,1
DA:50,4
DA:51,1
DA:52,3
DA:53,2
DA:54,1
DA:56,4
DA:57,1
DA:58,3
DA:59,1
DA:60,1
DA:61,1
DA:63,4
DA:64,1
DA:65,3
DA:66,2
DA:67,2
DA:68,1
DA:70,4
DA:71,1
DA:72,3
DA:73,2
DA:74,1
DA:76,4
DA:77,1
DA:78,3
DA:79,2
DA:80,2
DA:81,1
DA:83,4
DA:84,1
DA:85,1
DA:86,1
DA:87,1
DA:88,1
DA:90,4
DA:91,1
DA:92,1
DA:93,1
DA:94,1
DA:96,1
DA:97,1
DA:98,1
DA:99,1
DA:101,4
DA:102,1
DA:104,1
DA:105,1
DA:106,1
DA:107,1
DA:109,1
DA:110,1
DA:112,1
DA:113,1
DA:114,1
DA:115,1
DA:117,4
DA:118,1
DA:119,21
DA:120,20
DA:121,20
DA:122,20
DA:123,20
DA:126,1
DA:127,1
DA:128,1
DA:129,1
DA:130,1
DA:132,4
DA:133,1
DA:135,2
DA:136,2
DA:137,1
DA:139,1
DA:140,1
DA:141,1
DA:144,1
DA:145,1
DA:146,1
DA:147,1
DA:150,4
DA:151,1
DA:152,2
DA:153,2
DA:155,1
DA:157,1
DA:159,1
DA:160,1
DA:162,4
DA:163,1
DA:164,1
DA:166,1
DA:168,1
DA:169,1
LF:130
LH:130
end_of_record
TN:
SF:/home/krillin/code/nsu/23203_knyazkov/lab1/test/src/operators_tests.cc
FN:4,4,_ZN36operators_tests_brackets_test_1_Test8TestBodyEv
FN:4,4,_ZN36operators_tests_brackets_test_1_TestC2Ev
FN:4,4,_ZN36operators_tests_brackets_test_1_TestD0Ev
FN:4,4,_ZN36operators_tests_brackets_test_1_TestD2Ev
FNDA:1,_ZN36operators_tests_brackets_test_1_Test8TestBodyEv
FNDA:1,_ZN36operators_tests_brackets_test_1_TestC2Ev
FNDA:1,_ZN36operators_tests_brackets_test_1_TestD0Ev
FNDA:1,_ZN36operators_tests_brackets_test_1_TestD2Ev
FNF:4
FNH:4
DA:4,4
DA:5,1
DA:6,1
DA:7,2
DA:8,2
DA:9,1
LF:6
LH:6
end_of_record
TN:
SF:/home/krillin/code/nsu/23203_knyazkov/lab1/test/src/test.cc
FN:73,76,main
FNDA:1,main
FNF:1
FNH:1
DA:73,1
DA:74,1
DA:75,1
LF:3
LH:3
end_of_record
TN:
SF:/usr/include/c++/14/bits/alloc_traits.h
FNF:0
FNH:0
DA:584,25
LF:1
LH:1
end_of_record
TN:
SF:/usr/include/c++/14/bits/allocator.h
FNF:0
FNH:0
DA:161,44
DA:166,25
DA:182,69
LF:3
LH:3
end_of_record
TN:
SF:/usr/include/c++/14/bits/basic_string.h
FN:3573,3586,_ZSt12__str_concatINSt7__cxx1112basic_stringIcSt11char_traitsIcESaIcEEEET_PKNS6_10value_typeENS6_9size_typeES9_SA_RKNS6_14allocator_typeE
FN:3616,3624,_ZStplIcSt11char_traitsIcESaIcEENSt7__cxx1112basic_stringIT_T0_T1_EEPKS5_RKS8_
FN:3719,3721,_ZStplIcSt11char_traitsIcESaIcEENSt7__cxx1112basic_stringIT_T0_T1_EEPKS5_OS8_
FN:3755,3761,_ZSteqIcSt11char_traitsIcESaIcEEbRKNSt7__cxx1112basic_stringIT_T0_T1_EESA_
FN:3833,3836,_ZStneIcSt11char_traitsIcESaIcEEbRKNSt7__cxx1112basic_stringIT_T0_T1_EESA_
FN:4240,4255,_ZNSt7__cxx119to_stringEi
FN:4249,4253,_ZZNSt7__cxx119to_stringEiENKUlPcmE_clES0_m
FN:646,655,_ZNSt7__cxx1112basic_stringIcSt11char_traitsIcESaIcEEC2IS3_EEPKcRKS3_
FNDA:25,_ZSt12__str_concatINSt7__cxx1112basic_stringIcSt11char_traitsIcESaIcEEEET_PKNS6_10value_typeENS6_9size_typeES9_SA_RKNS6_14allocator_typeE
FNDA:0,_ZStplIcSt11char_traitsIcESaIcEENSt7__cxx1112basic_stringIT_T0_T1_EEPKS5_RKS8_
FNDA:20,_ZStplIcSt11char_traitsIcESaIcEENSt7__cxx1112basic_stringIT_T0_T1_EEPKS5_OS8_
FNDA:84,_ZSteqIcSt11char_traitsIcESaIcEEbRKNSt7__cxx1112basic_stringIT_T0_T1_EESA_
FNDA:0,_ZStneIcSt11char_traitsIcESaIcEEbRKNSt7__cxx1112basic_stringIT_T0_T1_EESA_
FNDA:30,_ZNSt7__cxx119to_stringEi
FNDA:30,_ZZNSt7__cxx119to_stringEiENKUlPcmE_clES0_m
FNDA:137,_ZNSt7__cxx1112basic_stringIcSt11char_traitsIcESaIcEEC2IS3_EEPKcRKS3_
FNF:8
FNH:6
DA:360,105
DA:646,137
DA:647,137
DA:650,137
DA:651,0
DA:653,137
DA:654,137
DA:655,137
DA:3573,25
DA:3581,25
DA:3582,25
DA:3583,25
DA:3584,25
DA:3585,25
DA:3586,0
DA:3616,0
DA:3623,0
DA:3719,20
DA:3721,20
DA:3755,84
DA:3759,84
DA:3760,84
DA:3833,0
DA:3836,0
DA:4240,30
DA:4245,30
DA:4246,30
DA:4247,30
DA:4248,30
DA:4249,30
DA:4250,30
DA:4251,30
DA:4252,30
DA:4254,30
LF:34
LH:28
end_of_record
TN:
SF:/usr/include/c++/14/bits/basic_string.tcc
FN:221,252,_ZNSt7__cxx1112basic_stringIcSt11char_traitsIcESaIcEE12_M_constructIPKcEEvT_S8_St20forward_iterator_tag
FN:221,252,_ZNSt7__cxx1112basic_stringIcSt11char_traitsIcESaIcEE12_M_constructIPcEEvT_S7_St20forward_iterator_tag
FN:239,239,_ZZNSt7__cxx1112basic_stringIcSt11char_traitsIcESaIcEE12_M_constructIPKcEEvT_S8_St20forward_iterator_tagEN6_GuardC2EPS4_
FN:239,239,_ZZNSt7__cxx1112basic_stringIcSt11char_traitsIcESaIcEE12_M_constructIPcEEvT_S7_St20forward_iterator_tagEN6_GuardC2EPS4_
FN:242,242,_ZZNSt7__cxx1112basic_stringIcSt11char_traitsIcESaIcEE12_M_constructIPKcEEvT_S8_St20forward_iterator_tagEN6_GuardD2Ev
FN:242,242,_ZZNSt7__cxx1112basic_stringIcSt11char_traitsIcESaIcEE12_M_constructIPcEEvT_S7_St20forward_iterator_tagEN6_GuardD2Ev
FN:583,613,_ZNSt7__cxx1112basic_stringIcSt11char_traitsIcESaIcEE22__resize_and_overwriteIZNS_9to_stringEiEUlPcmE_EEvmT_
FN:597,597,_ZZNSt7__cxx1112basic_stringIcSt11char_traitsIcESaIcEE22__resize_and_overwriteIZNS_9to_stringEiEUlPcmE_EEvmT_EN11_TerminatorD2Ev
FNDA:147,_ZNSt7__cxx1112basic_stringIcSt11char_traitsIcESaIcEE12_M_constructIPKcEEvT_S8_St20forward_iterator_tag
FNDA:0,_ZNSt7__cxx1112basic_stringIcSt11char_traitsIcESaIcEE12_M_constructIPcEEvT_S7_St20forward_iterator_tag
FNDA:147,_ZZNSt7__cxx1112basic_stringIcSt11char_traitsIcESaIcEE12_M_constructIPKcEEvT_S8_St20forward_iterator_tagEN6_GuardC2EPS4_
FNDA:0,_ZZNSt7__cxx1112basic_stringIcSt11char_traitsIcESaIcEE12_M_constructIPcEEvT_S7_St20forward_iterator_tagEN6_GuardC2EPS4_
FNDA:147,_ZZNSt7__cxx1112basic_stringIcSt11char_traitsIcESaIcEE12_M_constructIPKcEEvT_S8_St20forward_iterator_tagEN6_GuardD2Ev
FNDA:0,_ZZNSt7__cxx1112basic_stringIcSt11char_traitsIcESaIcEE12_M_constructIPcEEvT_S7_St20forward_iterator_tagEN6_GuardD2Ev
FNDA:30,_ZNSt7__cxx1112basic_stringIcSt11char_traitsIcESaIcEE22__resize_and_overwriteIZNS_9to_stringEiEUlPcmE_EEvmT_
FNDA:30,_ZZNSt7__cxx1112basic_stringIcSt11char_traitsIcESaIcEE22__resize_and_overwriteIZNS_9to_stringEiEUlPcmE_EEvmT_EN11_TerminatorD2Ev
FNF:8
FNH:5
DA:221,147
DA:225,147
DA:227,147
DA:229,42
DA:230,42
DA:239,147
DA:242,147
DA:245,147
DA:247,147
DA:249,147
DA:251,147
DA:252,147
DA:583,30
DA:590,30
DA:591,30
DA:597,30
DA:601,30
DA:602,30
DA:610,30
DA:611,30
DA:612,0
DA:613,30
LF:22
LH:21
end_of_record
TN:
SF:/usr/include/c++/14/bits/char_traits.h
FN:136,137,_ZN9__gnu_cxx11char_traitsIcE2eqERKcS3_
FN:199,206,_ZN9__gnu_cxx11char_traitsIcE6lengthEPKc
FN:358,363,_ZNSt11char_traitsIcE2ltERKcS2_
FN:366,382,_ZNSt11char_traitsIcE7compareEPKcS2_m
FN:385,392,_ZNSt11char_traitsIcE6lengthEPKc
FN:419,428,_ZNSt11char_traitsIcE4copyEPcPKcm
FNDA:0,_ZN9__gnu_cxx11char_traitsIcE2eqERKcS3_
FNDA:0,_ZN9__gnu_cxx11char_traitsIcE6lengthEPKc
FNDA:0,_ZNSt11char_traitsIcE2ltERKcS2_
FNDA:48,_ZNSt11char_traitsIcE7compareEPKcS2_m
FNDA:164,_ZNSt11char_traitsIcE6lengthEPKc
FNDA:0,_ZNSt11char_traitsIcE4copyEPcPKcm
FNF:6
FNH:2
DA:136,0
DA:137,0
DA:199,0
DA:202,0
DA:203,0
DA:204,0
DA:205,0
DA:358,0
DA:361,0
DA:362,0
DA:366,48
DA:368,48
DA:369,1
DA:371,47
DA:373,0
DA:374,0
DA:375,0
DA:376,0
DA:377,0
DA:378,0
DA:381,47
DA:385,164
DA:388,164
DA:389,0
DA:391,164
DA:419,0
DA:421,0
DA:422,0
DA:427,0
LF:29
LH:8
end_of_record
TN:
SF:/usr/include/c++/14/bits/charconv.h
FN:55,74,_ZNSt8__detail14__to_chars_lenIjEEjT_i
FN:81,110,_ZNSt8__detail18__to_chars_10_implIjEEvPcjT_
FNDA:30,_ZNSt8__detail14__to_chars_lenIjEEjT_i
FNDA:30,_ZNSt8__detail18__to_chars_10_implIjEEvPcjT_
FNF:2
FNH:2
DA:55,30
DA:61,30
DA:62,30
DA:63,30
DA:64,30
DA:67,30
DA:68,10
DA:69,0
DA:70,0
DA:71,0
DA:72,0
DA:81,30
DA:87,30
DA:93,30
DA:94,30
DA:96,0
DA:97,0
DA:98,0
DA:99,0
DA:100,0
DA:102,30
DA:104,10
DA:105,10
DA:106,10
DA:109,20
DA:110,30
LF:26
LH:17
end_of_record
TN:
SF:/usr/include/c++/14/bits/move.h
FN:127,128,_ZSt4moveIR9HashTableEONSt16remove_referenceIT_E4typeEOS3_
FN:127,128,_ZSt4moveIRNSt7__cxx1112basic_stringIcSt11char_traitsIcESaIcEEEEONSt16remove_referenceIT_E4typeEOS8_
FN:127,128,_ZSt4moveIRP8HashNodeEONSt16remove_referenceIT_E4typeEOS4_
FN:127,128,_ZSt4moveIRPNSt7__cxx1112basic_stringIcSt11char_traitsIcESaIcEEEEONSt16remove_referenceIT_E4typeEOS9_
FN:127,128,_ZSt4moveIRPNSt7__cxx1118basic_stringstreamIcSt11char_traitsIcESaIcEEEEONSt16remove_referenceIT_E4typeEOS9_
FN:127,128,_ZSt4moveIRSaIcEEONSt16remove_referenceIT_E4typeEOS3_
FN:127,128,_ZSt4moveIRZNSt7__cxx119to_stringEiEUlPcmE_EONSt16remove_referenceIT_E4typeEOS5_
FN:127,128,_ZSt4moveIRmEONSt16remove_referenceIT_E4typeEOS2_
FN:214,225,_ZSt4swapImENSt9enable_ifIXsrSt6__and_IJSt6__not_ISt15__is_tuple_likeIT_EESt21is_move_constructibleIS4_ESt18is_move_assignableIS4_EEE5valueEvE4typeERS4_SE_
FN:70,71,_ZSt7forwardISt14default_deleteINSt7__cxx1112basic_stringIcSt11char_traitsIcESaIcEEEEEOT_RNSt16remove_referenceIS8_E4typeE
FNDA:2,_ZSt4moveIR9HashTableEONSt16remove_referenceIT_E4typeEOS3_
FNDA:220,_ZSt4moveIRNSt7__cxx1112basic_stringIcSt11char_traitsIcESaIcEEEEONSt16remove_referenceIT_E4typeEOS8_
FNDA:24,_ZSt4moveIRP8HashNodeEONSt16remove_referenceIT_E4typeEOS4_
FNDA:0,_ZSt4moveIRPNSt7__cxx1112basic_stringIcSt11char_traitsIcESaIcEEEEONSt16remove_referenceIT_E4typeEOS9_
FNDA:83,_ZSt4moveIRPNSt7__cxx1118basic_stringstreamIcSt11char_traitsIcESaIcEEEEONSt16remove_referenceIT_E4typeEOS9_
FNDA:0,_ZSt4moveIRSaIcEEONSt16remove_referenceIT_E4typeEOS3_
FNDA:30,_ZSt4moveIRZNSt7__cxx119to_stringEiEUlPcmE_EONSt16remove_referenceIT_E4typeEOS5_
FNDA:0,_ZSt4moveIRmEONSt16remove_referenceIT_E4typeEOS2_
FNDA:0,_ZSt4swapImENSt9enable_ifIXsrSt6__and_IJSt6__not_ISt15__is_tuple_likeIT_EESt21is_move_constructibleIS4_ESt18is_move_assignableIS4_EEE5valueEvE4typeERS4_SE_
FNDA:0,_ZSt7forwardISt14default_deleteINSt7__cxx1112basic_stringIcSt11char_traitsIcESaIcEEEEEOT_RNSt16remove_referenceIS8_E4typeE
FNF:10
FNH:5
DA:70,0
DA:71,0
DA:127,359
DA:128,359
DA:214,0
DA:222,0
DA:223,0
DA:224,0
DA:225,0
LF:9
LH:2
end_of_record
TN:
SF:/usr/include/c++/14/bits/new_allocator.h
FN:104,104,_ZNSt15__new_allocatorIcED2Ev
FNDA:187,_ZNSt15__new_allocatorIcED2Ev
FNF:1
FNH:1
DA:88,44
DA:92,25
DA:104,187
LF:3
LH:3
end_of_record
TN:
SF:/usr/include/c++/14/bits/stl_iterator.h
FN:1090,1091,_ZNK9__gnu_cxx17__normal_iteratorIPKcNSt7__cxx1112basic_stringIcSt11char_traitsIcESaIcEEEEdeEv
FN:1100,1104,_ZN9__gnu_cxx17__normal_iteratorIPKcNSt7__cxx1112basic_stringIcSt11char_traitsIcESaIcEEEEppEv
FN:1153,1154,_ZNK9__gnu_cxx17__normal_iteratorIPKcNSt7__cxx1112basic_stringIcSt11char_traitsIcESaIcEEEE4baseEv
FN:1232,1235,_ZN9__gnu_cxxneIPKcNSt7__cxx1112basic_stringIcSt11char_traitsIcESaIcEEEEEbRKNS_17__normal_iteratorIT_T0_EESE_
FNDA:395,_ZNK9__gnu_cxx17__normal_iteratorIPKcNSt7__cxx1112basic_stringIcSt11char_traitsIcESaIcEEEEdeEv
FNDA:386,_ZN9__gnu_cxx17__normal_iteratorIPKcNSt7__cxx1112basic_stringIcSt11char_traitsIcESaIcEEEEppEv
FNDA:946,_ZNK9__gnu_cxx17__normal_iteratorIPKcNSt7__cxx1112basic_stringIcSt11char_traitsIcESaIcEEEE4baseEv
FNDA:426,_ZN9__gnu_cxxneIPKcNSt7__cxx1112basic_stringIcSt11char_traitsIcESaIcEEEEEbRKNS_17__normal_iteratorIT_T0_EESE_
FNF:4
FNH:4
DA:1090,395
DA:1091,395
DA:1100,386
DA:1102,386
DA:1103,386
DA:1153,946
DA:1154,946
DA:1232,426
DA:1235,426
LF:9
LH:9
end_of_record
TN:
SF:/usr/include/c++/14/bits/stl_iterator_base_funcs.h
FNF:0
FNH:0
DA:106,147
DA:151,294
DA:152,294
LF:3
LH:3
end_of_record
TN:
SF:/usr/include/c++/14/bits/stl_iterator_base_types.h
FNF:0
FNH:0
DA:240,147
LF:1
LH:1
end_of_record
TN:
SF:/usr/include/c++/14/bits/unique_ptr.h
FN:1075,1076,_ZSt11make_uniqueINSt7__cxx1112basic_stringIcSt11char_traitsIcESaIcEEEJEENSt8__detail9_MakeUniqIT_E15__single_objectEDpOT0_
FN:168,168,_ZNSt15__uniq_ptr_implINSt7__cxx1112basic_stringIcSt11char_traitsIcESaIcEEESt14default_deleteIS5_EEC2Ev
FN:170,170,_ZNSt15__uniq_ptr_implINSt7__cxx1112basic_stringIcSt11char_traitsIcESaIcEEESt14default_deleteIS5_EEC2EPS5_
FN:183,188,_ZNSt15__uniq_ptr_implINSt7__cxx1112basic_stringIcSt11char_traitsIcESaIcEEESt14default_deleteIS5_EEaSEOS8_
FN:191,191,_ZNSt15__uniq_ptr_implINSt7__cxx1112basic_stringIcSt11char_traitsIcESaIcEEESt14default_deleteIS5_EE6_M_ptrEv
FN:191,191,_ZNSt15__uniq_ptr_implINSt7__cxx1118basic_stringstreamIcSt11char_traitsIcESaIcEEESt14default_deleteIS5_EE6_M_ptrEv
FN:193,193,_ZNKSt15__uniq_ptr_implINSt7__cxx1112basic_stringIcSt11char_traitsIcESaIcEEESt14default_deleteIS5_EE6_M_ptrEv
FN:193,193,_ZNKSt15__uniq_ptr_implINSt7__cxx1118basic_stringstreamIcSt11char_traitsIcESaIcEEESt14default_deleteIS5_EE6_M_ptrEv
FN:195,195,_ZNSt15__uniq_ptr_implINSt7__cxx1112basic_stringIcSt11char_traitsIcESaIcEEESt14default_deleteIS5_EE10_M_deleterEv
FN:195,195,_ZNSt15__uniq_ptr_implINSt7__cxx1118basic_stringstreamIcSt11char_traitsIcESaIcEEESt14default_deleteIS5_EE10_M_deleterEv
FN:200,206,_ZNSt15__uniq_ptr_implINSt7__cxx1112basic_stringIcSt11char_traitsIcESaIcEEESt14default_deleteIS5_EE5resetEPS5_
FN:209,214,_ZNSt15__uniq_ptr_implINSt7__cxx1112basic_stringIcSt11char_traitsIcESaIcEEESt14default_deleteIS5_EE7releaseEv
FN:237,237,_ZNSt15__uniq_ptr_dataINSt7__cxx1112basic_stringIcSt11char_traitsIcESaIcEEESt14default_deleteIS5_ELb1ELb1EEaSEOS8_
FN:298,300,_ZNSt10unique_ptrINSt7__cxx1112basic_stringIcSt11char_traitsIcESaIcEEESt14default_deleteIS5_EEC2IS7_vEEv
FN:311,313,_ZNSt10unique_ptrINSt7__cxx1112basic_stringIcSt11char_traitsIcESaIcEEESt14default_deleteIS5_EEC2IS7_vEEPS5_
FN:392,400,_ZNSt10unique_ptrINSt7__cxx1112basic_stringIcSt11char_traitsIcESaIcEEESt14default_deleteIS5_EED2Ev
FN:392,400,_ZNSt10unique_ptrINSt7__cxx1118basic_stringstreamIcSt11char_traitsIcESaIcEEESt14default_deleteIS5_EED2Ev
FN:408,408,_ZNSt10unique_ptrINSt7__cxx1112basic_stringIcSt11char_traitsIcESaIcEEESt14default_deleteIS5_EEaSEOS8_
FN:445,449,_ZNKSt10unique_ptrINSt7__cxx1118basic_stringstreamIcSt11char_traitsIcESaIcEEESt14default_deleteIS5_EEdeEv
FN:454,458,_ZNKSt10unique_ptrINSt7__cxx1112basic_stringIcSt11char_traitsIcESaIcEEESt14default_deleteIS5_EEptEv
FN:463,464,_ZNKSt10unique_ptrINSt7__cxx1112basic_stringIcSt11char_traitsIcESaIcEEESt14default_deleteIS5_EE3getEv
FN:463,464,_ZNKSt10unique_ptrINSt7__cxx1118basic_stringstreamIcSt11char_traitsIcESaIcEEESt14default_deleteIS5_EE3getEv
FN:469,470,_ZNSt10unique_ptrINSt7__cxx1112basic_stringIcSt11char_traitsIcESaIcEEESt14default_deleteIS5_EE11get_deleterEv
FN:469,470,_ZNSt10unique_ptrINSt7__cxx1118basic_stringstreamIcSt11char_traitsIcESaIcEEESt14default_deleteIS5_EE11get_deleterEv
FN:480,481,_ZNKSt10unique_ptrINSt7__cxx1112basic_stringIcSt11char_traitsIcESaIcEEESt14default_deleteIS5_EEcvbEv
FN:845,846,_ZSteqINSt7__cxx1112basic_stringIcSt11char_traitsIcESaIcEEESt14default_deleteIS5_EEbRKSt10unique_ptrIT_T0_EDn
FN:869,870,_ZStneINSt7__cxx1112basic_stringIcSt11char_traitsIcESaIcEEESt14default_deleteIS5_EEbRKSt10unique_ptrIT_T0_EDn
FN:87,94,_ZNKSt14default_deleteINSt7__cxx1112basic_stringIcSt11char_traitsIcESaIcEEEEclEPS5_
FN:87,94,_ZNKSt14default_deleteINSt7__cxx1118basic_stringstreamIcSt11char_traitsIcESaIcEEEEclEPS5_
FNDA:0,_ZSt11make_uniqueINSt7__cxx1112basic_stringIcSt11char_traitsIcESaIcEEEJEENSt8__detail9_MakeUniqIT_E15__single_objectEDpOT0_
FNDA:37,_ZNSt15__uniq_ptr_implINSt7__cxx1112basic_stringIcSt11char_traitsIcESaIcEEESt14default_deleteIS5_EEC2Ev
FNDA:0,_ZNSt15__uniq_ptr_implINSt7__cxx1112basic_stringIcSt11char_traitsIcESaIcEEESt14default_deleteIS5_EEC2EPS5_
FNDA:0,_ZNSt15__uniq_ptr_implINSt7__cxx1112basic_stringIcSt11char_traitsIcESaIcEEESt14default_deleteIS5_EEaSEOS8_
FNDA:37,_ZNSt15__uniq_ptr_implINSt7__cxx1112basic_stringIcSt11char_traitsIcESaIcEEESt14default_deleteIS5_EE6_M_ptrEv
FNDA:166,_ZNSt15__uniq_ptr_implINSt7__cxx1118basic_stringstreamIcSt11char_traitsIcESaIcEEESt14default_deleteIS5_EE6_M_ptrEv
FNDA:0,_ZNKSt15__uniq_ptr_implINSt7__cxx1112basic_stringIcSt11char_traitsIcESaIcEEESt14default_deleteIS5_EE6_M_ptrEv
FNDA:663,_ZNKSt15__uniq_ptr_implINSt7__cxx1118basic_stringstreamIcSt11char_traitsIcESaIcEEESt14default_deleteIS5_EE6_M_ptrEv
FNDA:0,_ZNSt15__uniq_ptr_implINSt7__cxx1112basic_stringIcSt11char_traitsIcESaIcEEESt14default_deleteIS5_EE10_M_deleterEv
FNDA:83,_ZNSt15__uniq_ptr_implINSt7__cxx1118basic_stringstreamIcSt11char_traitsIcESaIcEEESt14default_deleteIS5_EE10_M_deleterEv
FNDA:0,_ZNSt15__uniq_ptr_implINSt7__cxx1112basic_stringIcSt11char_traitsIcESaIcEEESt14default_deleteIS5_EE5resetEPS5_
FNDA:0,_ZNSt15__uniq_ptr_implINSt7__cxx1112basic_stringIcSt11char_traitsIcESaIcEEESt14default_deleteIS5_EE7releaseEv
FNDA:0,_ZNSt15__uniq_ptr_dataINSt7__cxx1112basic_stringIcSt11char_traitsIcESaIcEEESt14default_deleteIS5_ELb1ELb1EEaSEOS8_
FNDA:37,_ZNSt10unique_ptrINSt7__cxx1112basic_stringIcSt11char_traitsIcESaIcEEESt14default_deleteIS5_EEC2IS7_vEEv
FNDA:0,_ZNSt10unique_ptrINSt7__cxx1112basic_stringIcSt11char_traitsIcESaIcEEESt14default_deleteIS5_EEC2IS7_vEEPS5_
FNDA:37,_ZNSt10unique_ptrINSt7__cxx1112basic_stringIcSt11char_traitsIcESaIcEEESt14default_deleteIS5_EED2Ev
FNDA:83,_ZNSt10unique_ptrINSt7__cxx1118basic_stringstreamIcSt11char_traitsIcESaIcEEESt14default_deleteIS5_EED2Ev
FNDA:0,_ZNSt10unique_ptrINSt7__cxx1112basic_stringIcSt11char_traitsIcESaIcEEESt14default_deleteIS5_EEaSEOS8_
FNDA:580,_ZNKSt10unique_ptrINSt7__cxx1118basic_stringstreamIcSt11char_traitsIcESaIcEEESt14default_deleteIS5_EEdeEv
FNDA:0,_ZNKSt10unique_ptrINSt7__cxx1112basic_stringIcSt11char_traitsIcESaIcEEESt14default_deleteIS5_EEptEv
FNDA:0,_ZNKSt10unique_ptrINSt7__cxx1112basic_stringIcSt11char_traitsIcESaIcEEESt14default_deleteIS5_EE3getEv
FNDA:663,_ZNKSt10unique_ptrINSt7__cxx1118basic_stringstreamIcSt11char_traitsIcESaIcEEESt14default_deleteIS5_EE3getEv
FNDA:0,_ZNSt10unique_ptrINSt7__cxx1112basic_stringIcSt11char_traitsIcESaIcEEESt14default_deleteIS5_EE11get_deleterEv
FNDA:83,_ZNSt10unique_ptrINSt7__cxx1118basic_stringstreamIcSt11char_traitsIcESaIcEEESt14default_deleteIS5_EE11get_deleterEv
FNDA:0,_ZNKSt10unique_ptrINSt7__cxx1112basic_stringIcSt11char_traitsIcESaIcEEESt14default_deleteIS5_EEcvbEv
FNDA:0,_ZSteqINSt7__cxx1112basic_stringIcSt11char_traitsIcESaIcEEESt14default_deleteIS5_EEbRKSt10unique_ptrIT_T0_EDn
FNDA:0,_ZStneINSt7__cxx1112basic_stringIcSt11char_traitsIcESaIcEEESt14default_deleteIS5_EEbRKSt10unique_ptrIT_T0_EDn
FNDA:0,_ZNKSt14default_deleteINSt7__cxx1112basic_stringIcSt11char_traitsIcESaIcEEEEclEPS5_
FNDA:83,_ZNKSt14default_deleteINSt7__cxx1118basic_stringstreamIcSt11char_traitsIcESaIcEEEEclEPS5_
FNF:29
FNH:12
DA:87,83
DA:93,83
DA:94,83
DA:168,37
DA:170,0
DA:183,0
DA:185,0
DA:186,0
DA:187,0
DA:191,203
DA:193,663
DA:195,83
DA:200,0
DA:202,0
DA:203,0
DA:204,0
DA:205,0
DA:206,0
DA:209,0
DA:211,0
DA:212,0
DA:213,0
DA:237,0
DA:298,37
DA:299,37
DA:300,37
DA:311,0
DA:312,0
DA:313,0
DA:392,120
DA:396,120
DA:397,120
DA:398,83
DA:399,120
DA:400,120
DA:408,0
DA:445,580
DA:447,580
DA:448,580
DA:454,0
DA:457,0
DA:463,663
DA:464,663
DA:469,83
DA:470,83
DA:480,0
DA:481,0
DA:845,0
DA:846,0
DA:869,0
DA:870,0
DA:1075,0
DA:1076,0
LF:53
LH:23
end_of_record
TN:
SF:/usr/include/c++/14/ext/alloc_traits.h
FNF:0
FNH:0
DA:98,25
LF:1
LH:1
end_of_record
TN:
SF:/usr/include/c++/14/tuple
FN:133,133,_ZNSt10_Head_baseILm1ESt14default_deleteINSt7__cxx1112basic_stringIcSt11char_traitsIcESaIcEEEELb1EE7_M_headERS8_
FN:133,133,_ZNSt10_Head_baseILm1ESt14default_deleteINSt7__cxx1118basic_stringstreamIcSt11char_traitsIcESaIcEEEELb1EE7_M_headERS8_
FN:198,199,_ZNSt10_Head_baseILm0EPNSt7__cxx1112basic_stringIcSt11char_traitsIcESaIcEEELb0EEC2Ev
FN:2089,2091,_ZNSt5tupleIJPNSt7__cxx1112basic_stringIcSt11char_traitsIcESaIcEEESt14default_deleteIS5_EEEC2ILb1ELb1EEEv
FN:242,242,_ZNSt10_Head_baseILm0EPNSt7__cxx1112basic_stringIcSt11char_traitsIcESaIcEEELb0EE7_M_headERS7_
FN:242,242,_ZNSt10_Head_baseILm0EPNSt7__cxx1118basic_stringstreamIcSt11char_traitsIcESaIcEEELb0EE7_M_headERS7_
FN:2427,2428,_ZSt12__get_helperILm0EPNSt7__cxx1112basic_stringIcSt11char_traitsIcESaIcEEEJSt14default_deleteIS5_EEERT0_RSt11_Tuple_implIXT_EJS9_DpT1_EE
FN:2427,2428,_ZSt12__get_helperILm0EPNSt7__cxx1118basic_stringstreamIcSt11char_traitsIcESaIcEEEJSt14default_deleteIS5_EEERT0_RSt11_Tuple_implIXT_EJS9_DpT1_EE
FN:2427,2428,_ZSt12__get_helperILm1ESt14default_deleteINSt7__cxx1112basic_stringIcSt11char_traitsIcESaIcEEEEJEERT0_RSt11_Tuple_implIXT_EJS8_DpT1_EE
FN:2427,2428,_ZSt12__get_helperILm1ESt14default_deleteINSt7__cxx1118basic_stringstreamIcSt11char_traitsIcESaIcEEEEJEERT0_RSt11_Tuple_implIXT_EJS8_DpT1_EE
FN:2432,2433,_ZSt12__get_helperILm0EPNSt7__cxx1112basic_stringIcSt11char_traitsIcESaIcEEEJSt14default_deleteIS5_EEERKT0_RKSt11_Tuple_implIXT_EJS9_DpT1_EE
FN:2432,2433,_ZSt12__get_helperILm0EPNSt7__cxx1118basic_stringstreamIcSt11char_traitsIcESaIcEEEJSt14default_deleteIS5_EEERKT0_RKSt11_Tuple_implIXT_EJS9_DpT1_EE
FN:2443,2444,_ZSt3getILm0EJPNSt7__cxx1112basic_stringIcSt11char_traitsIcESaIcEEESt14default_deleteIS5_EEERNSt13tuple_elementIXT_ESt5tupleIJDpT0_EEE4typeERSD_
FN:2443,2444,_ZSt3getILm0EJPNSt7__cxx1118basic_stringstreamIcSt11char_traitsIcESaIcEEESt14default_deleteIS5_EEERNSt13tuple_elementIXT_ESt5tupleIJDpT0_EEE4typeERSD_
FN:2443,2444,_ZSt3getILm1EJPNSt7__cxx1112basic_stringIcSt11char_traitsIcESaIcEEESt14default_deleteIS5_EEERNSt13tuple_elementIXT_ESt5tupleIJDpT0_EEE4typeERSD_
FN:2443,2444,_ZSt3getILm1EJPNSt7__cxx1118basic_stringstreamIcSt11char_traitsIcESaIcEEESt14default_deleteIS5_EEERNSt13tuple_elementIXT_ESt5tupleIJDpT0_EEE4typeERSD_
FN:2449,2450,_ZSt3getILm0EJPNSt7__cxx1112basic_stringIcSt11char_traitsIcESaIcEEESt14default_deleteIS5_EEERKNSt13tuple_elementIXT_ESt5tupleIJDpT0_EEE4typeERKSD_
FN:2449,2450,_ZSt3getILm0EJPNSt7__cxx1118basic_stringstreamIcSt11char_traitsIcESaIcEEESt14default_deleteIS5_EEERKNSt13tuple_elementIXT_ESt5tupleIJDpT0_EEE4typeERKSD_
FN:245,245,_ZNSt10_Head_baseILm0EPNSt7__cxx1112basic_stringIcSt11char_traitsIcESaIcEEELb0EE7_M_headERKS7_
FN:245,245,_ZNSt10_Head_baseILm0EPNSt7__cxx1118basic_stringstreamIcSt11char_traitsIcESaIcEEELb0EE7_M_headERKS7_
FN:293,293,_ZNSt11_Tuple_implILm0EJPNSt7__cxx1112basic_stringIcSt11char_traitsIcESaIcEEESt14default_deleteIS5_EEE7_M_headERS9_
FN:293,293,_ZNSt11_Tuple_implILm0EJPNSt7__cxx1118basic_stringstreamIcSt11char_traitsIcESaIcEEESt14default_deleteIS5_EEE7_M_headERS9_
FN:296,296,_ZNSt11_Tuple_implILm0EJPNSt7__cxx1112basic_stringIcSt11char_traitsIcESaIcEEESt14default_deleteIS5_EEE7_M_headERKS9_
FN:296,296,_ZNSt11_Tuple_implILm0EJPNSt7__cxx1118basic_stringstreamIcSt11char_traitsIcESaIcEEESt14default_deleteIS5_EEE7_M_headERKS9_
FN:304,305,_ZNSt11_Tuple_implILm0EJPNSt7__cxx1112basic_stringIcSt11char_traitsIcESaIcEEESt14default_deleteIS5_EEEC2Ev
FN:556,556,_ZNSt11_Tuple_implILm1EJSt14default_deleteINSt7__cxx1112basic_stringIcSt11char_traitsIcESaIcEEEEEE7_M_headERS8_
FN:556,556,_ZNSt11_Tuple_implILm1EJSt14default_deleteINSt7__cxx1118basic_stringstreamIcSt11char_traitsIcESaIcEEEEEE7_M_headERS8_
FN:562,563,_ZNSt11_Tuple_implILm1EJSt14default_deleteINSt7__cxx1112basic_stringIcSt11char_traitsIcESaIcEEEEEEC2Ev
FN:89,90,_ZNSt10_Head_baseILm1ESt14default_deleteINSt7__cxx1112basic_stringIcSt11char_traitsIcESaIcEEEELb1EEC2Ev
FNDA:0,_ZNSt10_Head_baseILm1ESt14default_deleteINSt7__cxx1112basic_stringIcSt11char_traitsIcESaIcEEEELb1EE7_M_headERS8_
FNDA:83,_ZNSt10_Head_baseILm1ESt14default_deleteINSt7__cxx1118basic_stringstreamIcSt11char_traitsIcESaIcEEEELb1EE7_M_headERS8_
FNDA:37,_ZNSt10_Head_baseILm0EPNSt7__cxx1112basic_stringIcSt11char_traitsIcESaIcEEELb0EEC2Ev
FNDA:37,_ZNSt5tupleIJPNSt7__cxx1112basic_stringIcSt11char_traitsIcESaIcEEESt14default_deleteIS5_EEEC2ILb1ELb1EEEv
FNDA:37,_ZNSt10_Head_baseILm0EPNSt7__cxx1112basic_stringIcSt11char_traitsIcESaIcEEELb0EE7_M_headERS7_
FNDA:166,_ZNSt10_Head_baseILm0EPNSt7__cxx1118basic_stringstreamIcSt11char_traitsIcESaIcEEELb0EE7_M_headERS7_
FNDA:37,_ZSt12__get_helperILm0EPNSt7__cxx1112basic_stringIcSt11char_traitsIcESaIcEEEJSt14default_deleteIS5_EEERT0_RSt11_Tuple_implIXT_EJS9_DpT1_EE
FNDA:166,_ZSt12__get_helperILm0EPNSt7__cxx1118basic_stringstreamIcSt11char_traitsIcESaIcEEEJSt14default_deleteIS5_EEERT0_RSt11_Tuple_implIXT_EJS9_DpT1_EE
FNDA:0,_ZSt12__get_helperILm1ESt14default_deleteINSt7__cxx1112basic_stringIcSt11char_traitsIcESaIcEEEEJEERT0_RSt11_Tuple_implIXT_EJS8_DpT1_EE
FNDA:83,_ZSt12__get_helperILm1ESt14default_deleteINSt7__cxx1118basic_stringstreamIcSt11char_traitsIcESaIcEEEEJEERT0_RSt11_Tuple_implIXT_EJS8_DpT1_EE
FNDA:0,_ZSt12__get_helperILm0EPNSt7__cxx1112basic_stringIcSt11char_traitsIcESaIcEEEJSt14default_deleteIS5_EEERKT0_RKSt11_Tuple_implIXT_EJS9_DpT1_EE
FNDA:663,_ZSt12__get_helperILm0EPNSt7__cxx1118basic_stringstreamIcSt11char_traitsIcESaIcEEEJSt14default_deleteIS5_EEERKT0_RKSt11_Tuple_implIXT_EJS9_DpT1_EE
FNDA:37,_ZSt3getILm0EJPNSt7__cxx1112basic_stringIcSt11char_traitsIcESaIcEEESt14default_deleteIS5_EEERNSt13tuple_elementIXT_ESt5tupleIJDpT0_EEE4typeERSD_
FNDA:166,_ZSt3getILm0EJPNSt7__cxx1118basic_stringstreamIcSt11char_traitsIcESaIcEEESt14default_deleteIS5_EEERNSt13tuple_elementIXT_ESt5tupleIJDpT0_EEE4typeERSD_
FNDA:0,_ZSt3getILm1EJPNSt7__cxx1112basic_stringIcSt11char_traitsIcESaIcEEESt14default_deleteIS5_EEERNSt13tuple_elementIXT_ESt5tupleIJDpT0_EEE4typeERSD_
FNDA:83,_ZSt3getILm1EJPNSt7__cxx1118basic_stringstreamIcSt11char_traitsIcESaIcEEESt14default_deleteIS5_EEERNSt13tuple_elementIXT_ESt5tupleIJDpT0_EEE4typeERSD_
FNDA:0,_ZSt3getILm0EJPNSt7__cxx1112basic_stringIcSt11char_traitsIcESaIcEEESt14default_deleteIS5_EEERKNSt13tuple_elementIXT_ESt5tupleIJDpT0_EEE4typeERKSD_
FNDA:663,_ZSt3getILm0EJPNSt7__cxx1118basic_stringstreamIcSt11char_traitsIcESaIcEEESt14default_deleteIS5_EEERKNSt13tuple_elementIXT_ESt5tupleIJDpT0_EEE4typeERKSD_
FNDA:0,_ZNSt10_Head_baseILm0EPNSt7__cxx1112basic_stringIcSt11char_traitsIcESaIcEEELb0EE7_M_headERKS7_
FNDA:663,_ZNSt10_Head_baseILm0EPNSt7__cxx1118basic_stringstreamIcSt11char_traitsIcESaIcEEELb0EE7_M_headERKS7_
FNDA:37,_ZNSt11_Tuple_implILm0EJPNSt7__cxx1112basic_stringIcSt11char_traitsIcESaIcEEESt14default_deleteIS5_EEE7_M_headERS9_
FNDA:166,_ZNSt11_Tuple_implILm0EJPNSt7__cxx1118basic_stringstreamIcSt11char_traitsIcESaIcEEESt14default_deleteIS5_EEE7_M_headERS9_
FNDA:0,_ZNSt11_Tuple_implILm0EJPNSt7__cxx1112basic_stringIcSt11char_traitsIcESaIcEEESt14default_deleteIS5_EEE7_M_headERKS9_
FNDA:663,_ZNSt11_Tuple_implILm0EJPNSt7__cxx1118basic_stringstreamIcSt11char_traitsIcESaIcEEESt14default_deleteIS5_EEE7_M_headERKS9_
FNDA:37,_ZNSt11_Tuple_implILm0EJPNSt7__cxx1112basic_stringIcSt11char_traitsIcESaIcEEESt14default_deleteIS5_EEEC2Ev
FNDA:0,_ZNSt11_Tuple_implILm1EJSt14default_deleteINSt7__cxx1112basic_stringIcSt11char_traitsIcESaIcEEEEEE7_M_headERS8_
FNDA:83,_ZNSt11_Tuple_implILm1EJSt14default_deleteINSt7__cxx1118basic_stringstreamIcSt11char_traitsIcESaIcEEEEEE7_M_headERS8_
FNDA:37,_ZNSt11_Tuple_implILm1EJSt14default_deleteINSt7__cxx1112basic_stringIcSt11char_traitsIcESaIcEEEEEEC2Ev
FNDA:37,_ZNSt10_Head_baseILm1ESt14default_deleteINSt7__cxx1112basic_stringIcSt11char_traitsIcESaIcEEEELb1EEC2Ev
FNF:29
FNH:21
DA:89,37
DA:90,37
DA:133,83
DA:198,37
DA:199,37
DA:242,203
DA:245,663
DA:293,203
DA:296,663
DA:304,37
DA:305,37
DA:556,83
DA:562,37
DA:563,37
DA:2089,37
DA:2091,37
DA:2427,286
DA:2428,286
DA:2432,663
DA:2433,663
DA:2443,286
DA:2444,286
DA:2449,663
DA:2450,663
LF:24
LH:24
end_of_record
TN:
SF:/usr/include/c++/14/typeinfo
FN:102,103,_ZNKSt9type_info4nameEv
FNDA:0,_ZNKSt9type_info4nameEv
FNF:1
FNH:0
DA:102,0
DA:103,0
LF:2
LH:0
end_of_record
TN:
SF:/usr/include/c++/14/x86_64-redhat-linux/bits/c++config.h
FNF:0
FNH:0
DA:2391,791
DA:2447,0
LF:2
LH:1
end_of_record
TN:
SF:/usr/local/include/gtest/gtest-assertion-result.h
FN:155,161,_ZN7testing15AssertionResultC2IbEERKT_PNSt9enable_ifIXntsrSt14is_convertibleIS2_S0_E5valueEvE4typeE
FN:174,174,_ZNK7testing15AssertionResultcvbEv
FN:183,185,_ZNK7testing15AssertionResult7messageEv
FN:187,187,_ZNK7testing15AssertionResult15failure_messageEv
FN:191,194,_ZN7testing15AssertionResultlsIA12_cEERS0_RKT_
FN:191,194,_ZN7testing15AssertionResultlsIA3_cEERS0_RKT_
FN:191,194,_ZN7testing15AssertionResultlsIA5_cEERS0_RKT_
FN:191,194,_ZN7testing15AssertionResultlsINSt7__cxx1112basic_stringIcSt11char_traitsIcESaIcEEEEERS0_RKT_
FN:191,194,_ZN7testing15AssertionResultlsIPKcEERS0_RKT_
FN:206,209,_ZN7testing15AssertionResult13AppendMessageERKNS_7MessageE
FNDA:37,_ZN7testing15AssertionResultC2IbEERKT_PNSt9enable_ifIXntsrSt14is_convertibleIS2_S0_E5valueEvE4typeE
FNDA:37,_ZNK7testing15AssertionResultcvbEv
FNDA:0,_ZNK7testing15AssertionResult7messageEv
FNDA:0,_ZNK7testing15AssertionResult15failure_messageEv
FNDA:0,_ZN7testing15AssertionResultlsIA12_cEERS0_RKT_
FNDA:0,_ZN7testing15AssertionResultlsIA3_cEERS0_RKT_
FNDA:0,_ZN7testing15AssertionResultlsIA5_cEERS0_RKT_
FNDA:0,_ZN7testing15AssertionResultlsINSt7__cxx1112basic_stringIcSt11char_traitsIcESaIcEEEEERS0_RKT_
FNDA:0,_ZN7testing15AssertionResultlsIPKcEERS0_RKT_
FNDA:0,_ZN7testing15AssertionResult13AppendMessageERKNS_7MessageE
FNF:10
FNH:2
DA:155,37
DA:161,37
DA:174,37
DA:183,0
DA:184,0
DA:187,0
DA:191,0
DA:192,0
DA:193,0
DA:206,0
DA:207,0
DA:208,0
DA:209,0
LF:13
LH:3
end_of_record
TN:
SF:/usr/local/include/gtest/gtest-message.h
FN:132,150,_ZN7testing7MessagelsIA12_cEERS0_RKT_
FN:132,150,_ZN7testing7MessagelsIA22_cEERS0_RKT_
FN:132,150,_ZN7testing7MessagelsIA24_cEERS0_RKT_
FN:132,150,_ZN7testing7MessagelsIA28_cEERS0_RKT_
FN:132,150,_ZN7testing7MessagelsIA3_cEERS0_RKT_
FN:132,150,_ZN7testing7MessagelsIA5_cEERS0_RKT_
FN:132,150,_ZN7testing7MessagelsINSt7__cxx1112basic_stringIcSt11char_traitsIcESaIcEEEEERS0_RKT_
FN:181,188,_ZN7testing7MessagelsIKcEERS0_RKPT_
FNDA:0,_ZN7testing7MessagelsIA12_cEERS0_RKT_
FNDA:0,_ZN7testing7MessagelsIA22_cEERS0_RKT_
FNDA:0,_ZN7testing7MessagelsIA24_cEERS0_RKT_
FNDA:0,_ZN7testing7MessagelsIA28_cEERS0_RKT_
FNDA:0,_ZN7testing7MessagelsIA3_cEERS0_RKT_
FNDA:0,_ZN7testing7MessagelsIA5_cEERS0_RKT_
FNDA:0,_ZN7testing7MessagelsINSt7__cxx1112basic_stringIcSt11char_traitsIcESaIcEEEEERS0_RKT_
FNDA:21,_ZN7testing7MessagelsIKcEERS0_RKPT_
FNF:8
FNH:1
DA:132,0
DA:148,0
DA:149,0
DA:181,21
DA:182,21
DA:183,0
DA:185,21
DA:187,21
LF:8
LH:4
end_of_record
TN:
SF:/usr/local/include/gtest/gtest-printers.h
FN:1025,1027,_ZN7testing8internal21UniversalTersePrinterIbE5PrintERKbPSo
FN:1025,1027,_ZN7testing8internal21UniversalTersePrinterIiE5PrintERKiPSo
FN:1025,1027,_ZN7testing8internal21UniversalTersePrinterIjE5PrintERKjPSo
FN:1025,1027,_ZN7testing8internal21UniversalTersePrinterImE5PrintERKmPSo
FN:1144,1149,_ZN7testing8internal14UniversalPrintIbEEvRKT_PSo
FN:1144,1149,_ZN7testing8internal14UniversalPrintIiEEvRKT_PSo
FN:1144,1149,_ZN7testing8internal14UniversalPrintIjEEvRKT_PSo
FN:1144,1149,_ZN7testing8internal14UniversalPrintImEEvRKT_PSo
FN:1184,1188,_ZN7testing13PrintToStringIbEENSt7__cxx1112basic_stringIcSt11char_traitsIcESaIcEEERKT_
FN:1184,1188,_ZN7testing13PrintToStringIiEENSt7__cxx1112basic_stringIcSt11char_traitsIcESaIcEEERKT_
FN:1184,1188,_ZN7testing13PrintToStringIjEENSt7__cxx1112basic_stringIcSt11char_traitsIcESaIcEEERKT_
FN:1184,1188,_ZN7testing13PrintToStringImEENSt7__cxx1112basic_stringIcSt11char_traitsIcESaIcEEERKT_
FN:244,249,_ZN7testing8internal52internal_stream_operator_without_lexical_name_lookup13StreamPrinter10PrintValueIivEEDTcvvlsdefp0_fp_ERKT_PSo
FN:244,249,_ZN7testing8internal52internal_stream_operator_without_lexical_name_lookup13StreamPrinter10PrintValueIjvEEDTcvvlsdefp0_fp_ERKT_PSo
FN:244,249,_ZN7testing8internal52internal_stream_operator_without_lexical_name_lookup13StreamPrinter10PrintValueImvEEDTcvvlsdefp0_fp_ERKT_PSo
FN:348,359,_ZN7testing8internal17PrintWithFallbackIiEEvRKT_PSo
FN:348,359,_ZN7testing8internal17PrintWithFallbackIjEEvRKT_PSo
FN:348,359,_ZN7testing8internal17PrintWithFallbackImEEvRKT_PSo
FN:379,381,_ZN7testing8internal19FormatForComparisonIbbE6FormatB5cxx11ERKb
FN:379,381,_ZN7testing8internal19FormatForComparisonIiiE6FormatB5cxx11ERKi
FN:379,381,_ZN7testing8internal19FormatForComparisonIijE6FormatB5cxx11ERKi
FN:379,381,_ZN7testing8internal19FormatForComparisonIimE6FormatB5cxx11ERKi
FN:379,381,_ZN7testing8internal19FormatForComparisonIjiE6FormatB5cxx11ERKj
FN:379,381,_ZN7testing8internal19FormatForComparisonIjjE6FormatB5cxx11ERKj
FN:379,381,_ZN7testing8internal19FormatForComparisonImiE6FormatB5cxx11ERKm
FN:379,381,_ZN7testing8internal19FormatForComparisonImmE6FormatB5cxx11ERKm
FN:459,462,_ZN7testing8internal33FormatForComparisonFailureMessageIbbEENSt7__cxx1112basic_stringIcSt11char_traitsIcESaIcEEERKT_RKT0_
FN:459,462,_ZN7testing8internal33FormatForComparisonFailureMessageIiiEENSt7__cxx1112basic_stringIcSt11char_traitsIcESaIcEEERKT_RKT0_
FN:459,462,_ZN7testing8internal33FormatForComparisonFailureMessageIijEENSt7__cxx1112basic_stringIcSt11char_traitsIcESaIcEEERKT_RKT0_
FN:459,462,_ZN7testing8internal33FormatForComparisonFailureMessageIimEENSt7__cxx1112basic_stringIcSt11char_traitsIcESaIcEEERKT_RKT0_
FN:459,462,_ZN7testing8internal33FormatForComparisonFailureMessageIjiEENSt7__cxx1112basic_stringIcSt11char_traitsIcESaIcEEERKT_RKT0_
FN:459,462,_ZN7testing8internal33FormatForComparisonFailureMessageIjjEENSt7__cxx1112basic_stringIcSt11char_traitsIcESaIcEEERKT_RKT0_
FN:459,462,_ZN7testing8internal33FormatForComparisonFailureMessageImiEENSt7__cxx1112basic_stringIcSt11char_traitsIcESaIcEEERKT_RKT0_
FN:459,462,_ZN7testing8internal33FormatForComparisonFailureMessageImmEENSt7__cxx1112basic_stringIcSt11char_traitsIcESaIcEEERKT_RKT0_
FN:486,488,_ZN7testing8internal7PrintToIiEEvRKT_PSo
FN:486,488,_ZN7testing8internal7PrintToIjEEvRKT_PSo
FN:486,488,_ZN7testing8internal7PrintToImEEvRKT_PSo
FN:505,507,_ZN7testing8internal7PrintToEbPSo
FN:835,845,_ZN7testing8internal16UniversalPrinterIbE5PrintERKbPSo
FN:835,845,_ZN7testing8internal16UniversalPrinterIiE5PrintERKiPSo
FN:835,845,_ZN7testing8internal16UniversalPrinterIjE5PrintERKjPSo
FN:835,845,_ZN7testing8internal16UniversalPrinterImE5PrintERKmPSo
FNDA:0,_ZN7testing8internal21UniversalTersePrinterIbE5PrintERKbPSo
FNDA:0,_ZN7testing8internal21UniversalTersePrinterIiE5PrintERKiPSo
FNDA:0,_ZN7testing8internal21UniversalTersePrinterIjE5PrintERKjPSo
FNDA:0,_ZN7testing8internal21UniversalTersePrinterImE5PrintERKmPSo
FNDA:0,_ZN7testing8internal14UniversalPrintIbEEvRKT_PSo
FNDA:0,_ZN7testing8internal14UniversalPrintIiEEvRKT_PSo
FNDA:0,_ZN7testing8internal14UniversalPrintIjEEvRKT_PSo
FNDA:0,_ZN7testing8internal14UniversalPrintImEEvRKT_PSo
FNDA:0,_ZN7testing13PrintToStringIbEENSt7__cxx1112basic_stringIcSt11char_traitsIcESaIcEEERKT_
FNDA:0,_ZN7testing13PrintToStringIiEENSt7__cxx1112basic_stringIcSt11char_traitsIcESaIcEEERKT_
FNDA:0,_ZN7testing13PrintToStringIjEENSt7__cxx1112basic_stringIcSt11char_traitsIcESaIcEEERKT_
FNDA:0,_ZN7testing13PrintToStringImEENSt7__cxx1112basic_stringIcSt11char_traitsIcESaIcEEERKT_
FNDA:0,_ZN7testing8internal52internal_stream_operator_without_lexical_name_lookup13StreamPrinter10PrintValueIivEEDTcvvlsdefp0_fp_ERKT_PSo
FNDA:0,_ZN7testing8internal52internal_stream_operator_without_lexical_name_lookup13StreamPrinter10PrintValueIjvEEDTcvvlsdefp0_fp_ERKT_PSo
FNDA:0,_ZN7testing8internal52internal_stream_operator_without_lexical_name_lookup13StreamPrinter10PrintValueImvEEDTcvvlsdefp0_fp_ERKT_PSo
FNDA:0,_ZN7testing8internal17PrintWithFallbackIiEEvRKT_PSo
FNDA:0,_ZN7testing8internal17PrintWithFallbackIjEEvRKT_PSo
FNDA:0,_ZN7testing8internal17PrintWithFallbackImEEvRKT_PSo
FNDA:0,_ZN7testing8internal19FormatForComparisonIbbE6FormatB5cxx11ERKb
FNDA:0,_ZN7testing8internal19FormatForComparisonIiiE6FormatB5cxx11ERKi
FNDA:0,_ZN7testing8internal19FormatForComparisonIijE6FormatB5cxx11ERKi
FNDA:0,_ZN7testing8internal19FormatForComparisonIimE6FormatB5cxx11ERKi
FNDA:0,_ZN7testing8internal19FormatForComparisonIjiE6FormatB5cxx11ERKj
FNDA:0,_ZN7testing8internal19FormatForComparisonIjjE6FormatB5cxx11ERKj
FNDA:0,_ZN7testing8internal19FormatForComparisonImiE6FormatB5cxx11ERKm
FNDA:0,_ZN7testing8internal19FormatForComparisonImmE6FormatB5cxx11ERKm
FNDA:0,_ZN7testing8internal33FormatForComparisonFailureMessageIbbEENSt7__cxx1112basic_stringIcSt11char_traitsIcESaIcEEERKT_RKT0_
FNDA:0,_ZN7testing8internal33FormatForComparisonFailureMessageIiiEENSt7__cxx1112basic_stringIcSt11char_traitsIcESaIcEEERKT_RKT0_
FNDA:0,_ZN7testing8internal33FormatForComparisonFailureMessageIijEENSt7__cxx1112basic_stringIcSt11char_traitsIcESaIcEEERKT_RKT0_
FNDA:0,_ZN7testing8internal33FormatForComparisonFailureMessageIimEENSt7__cxx1112basic_stringIcSt11char_traitsIcESaIcEEERKT_RKT0_
FNDA:0,_ZN7testing8internal33FormatForComparisonFailureMessageIjiEENSt7__cxx1112basic_stringIcSt11char_traitsIcESaIcEEERKT_RKT0_
FNDA:0,_ZN7testing8internal33FormatForComparisonFailureMessageIjjEENSt7__cxx1112basic_stringIcSt11char_traitsIcESaIcEEERKT_RKT0_
FNDA:0,_ZN7testing8internal33FormatForComparisonFailureMessageImiEENSt7__cxx1112basic_stringIcSt11char_traitsIcESaIcEEERKT_RKT0_
FNDA:0,_ZN7testing8internal33FormatForComparisonFailureMessageImmEENSt7__cxx1112basic_stringIcSt11char_traitsIcESaIcEEERKT_RKT0_
FNDA:0,_ZN7testing8internal7PrintToIiEEvRKT_PSo
FNDA:0,_ZN7testing8internal7PrintToIjEEvRKT_PSo
FNDA:0,_ZN7testing8internal7PrintToImEEvRKT_PSo
FNDA:0,_ZN7testing8internal7PrintToEbPSo
FNDA:0,_ZN7testing8internal16UniversalPrinterIbE5PrintERKbPSo
FNDA:0,_ZN7testing8internal16UniversalPrinterIiE5PrintERKiPSo
FNDA:0,_ZN7testing8internal16UniversalPrinterIjE5PrintERKjPSo
FNDA:0,_ZN7testing8internal16UniversalPrinterImE5PrintERKmPSo
FNF:42
FNH:0
DA:244,0
DA:248,0
DA:249,0
DA:348,0
DA:358,0
DA:359,0
DA:379,0
DA:380,0
DA:459,0
DA:461,0
DA:486,0
DA:487,0
DA:488,0
DA:505,0
DA:506,0
DA:507,0
DA:835,0
DA:844,0
DA:845,0
DA:1025,0
DA:1026,0
DA:1027,0
DA:1144,0
DA:1148,0
DA:1149,0
DA:1184,0
DA:1185,0
DA:1186,0
DA:1187,0
DA:1188,0
LF:30
LH:0
end_of_record
TN:
SF:/usr/local/include/gtest/gtest.h
FN:1374,1380,_ZN7testing8internal18CmpHelperEQFailureIbbEENS_15AssertionResultEPKcS4_RKT_RKT0_
FN:1374,1380,_ZN7testing8internal18CmpHelperEQFailureIiiEENS_15AssertionResultEPKcS4_RKT_RKT0_
FN:1374,1380,_ZN7testing8internal18CmpHelperEQFailureIijEENS_15AssertionResultEPKcS4_RKT_RKT0_
FN:1374,1380,_ZN7testing8internal18CmpHelperEQFailureIimEENS_15AssertionResultEPKcS4_RKT_RKT0_
FN:1374,1380,_ZN7testing8internal18CmpHelperEQFailureIjjEENS_15AssertionResultEPKcS4_RKT_RKT0_
FN:1374,1380,_ZN7testing8internal18CmpHelperEQFailureImiEENS_15AssertionResultEPKcS4_RKT_RKT0_
FN:1374,1380,_ZN7testing8internal18CmpHelperEQFailureImmEENS_15AssertionResultEPKcS4_RKT_RKT0_
FN:1391,1399,_ZN7testing8internal11CmpHelperEQIbbEENS_15AssertionResultEPKcS4_RKT_RKT0_
FN:1391,1399,_ZN7testing8internal11CmpHelperEQIiiEENS_15AssertionResultEPKcS4_RKT_RKT0_
FN:1391,1399,_ZN7testing8internal11CmpHelperEQIijEENS_15AssertionResultEPKcS4_RKT_RKT0_
FN:1391,1399,_ZN7testing8internal11CmpHelperEQIimEENS_15AssertionResultEPKcS4_RKT_RKT0_
FN:1391,1399,_ZN7testing8internal11CmpHelperEQIjjEENS_15AssertionResultEPKcS4_RKT_RKT0_
FN:1391,1399,_ZN7testing8internal11CmpHelperEQImiEENS_15AssertionResultEPKcS4_RKT_RKT0_
FN:1391,1399,_ZN7testing8internal11CmpHelperEQImmEENS_15AssertionResultEPKcS4_RKT_RKT0_
FN:1410,1414,_ZN7testing8internal8EqHelper7CompareIbbLPv0EEENS_15AssertionResultEPKcS6_RKT_RKT0_
FN:1410,1414,_ZN7testing8internal8EqHelper7CompareIiiLPv0EEENS_15AssertionResultEPKcS6_RKT_RKT0_
FN:1410,1414,_ZN7testing8internal8EqHelper7CompareIijLPv0EEENS_15AssertionResultEPKcS6_RKT_RKT0_
FN:1410,1414,_ZN7testing8internal8EqHelper7CompareIimLPv0EEENS_15AssertionResultEPKcS6_RKT_RKT0_
FN:1410,1414,_ZN7testing8internal8EqHelper7CompareIjjLPv0EEENS_15AssertionResultEPKcS6_RKT_RKT0_
FN:1410,1414,_ZN7testing8internal8EqHelper7CompareImiLPv0EEENS_15AssertionResultEPKcS6_RKT_RKT0_
FN:1410,1414,_ZN7testing8internal8EqHelper7CompareImmLPv0EEENS_15AssertionResultEPKcS6_RKT_RKT0_
FN:1443,1450,_ZN7testing8internal18CmpHelperOpFailureIiiEENS_15AssertionResultEPKcS4_RKT_RKT0_S4_
FN:1472,1472,_ZN7testing8internal11CmpHelperNEIiiEENS_15AssertionResultEPKcS4_RKT_RKT0_
FN:2334,2334,_Z13RUN_ALL_TESTSv
FN:255,255,_ZN7testing4Test14SetUpTestSuiteEv
FN:263,263,_ZN7testing4Test17TearDownTestSuiteEv
FN:268,268,_ZN7testing4Test16TearDownTestCaseEv
FN:269,269,_ZN7testing4Test13SetUpTestCaseEv
FN:356,356,_ZN7testing4Test5SetupEv
FNDA:0,_ZN7testing8internal18CmpHelperEQFailureIbbEENS_15AssertionResultEPKcS4_RKT_RKT0_
FNDA:0,_ZN7testing8internal18CmpHelperEQFailureIiiEENS_15AssertionResultEPKcS4_RKT_RKT0_
FNDA:0,_ZN7testing8internal18CmpHelperEQFailureIijEENS_15AssertionResultEPKcS4_RKT_RKT0_
FNDA:0,_ZN7testing8internal18CmpHelperEQFailureIimEENS_15AssertionResultEPKcS4_RKT_RKT0_
FNDA:0,_ZN7testing8internal18CmpHelperEQFailureIjjEENS_15AssertionResultEPKcS4_RKT_RKT0_
FNDA:0,_ZN7testing8internal18CmpHelperEQFailureImiEENS_15AssertionResultEPKcS4_RKT_RKT0_
FNDA:0,_ZN7testing8internal18CmpHelperEQFailureImmEENS_15AssertionResultEPKcS4_RKT_RKT0_
FNDA:3,_ZN7testing8internal11CmpHelperEQIbbEENS_15AssertionResultEPKcS4_RKT_RKT0_
FNDA:3,_ZN7testing8internal11CmpHelperEQIiiEENS_15AssertionResultEPKcS4_RKT_RKT0_
FNDA:1,_ZN7testing8internal11CmpHelperEQIijEENS_15AssertionResultEPKcS4_RKT_RKT0_
FNDA:11,_ZN7testing8internal11CmpHelperEQIimEENS_15AssertionResultEPKcS4_RKT_RKT0_
FNDA:4,_ZN7testing8internal11CmpHelperEQIjjEENS_15AssertionResultEPKcS4_RKT_RKT0_
FNDA:4,_ZN7testing8internal11CmpHelperEQImiEENS_15AssertionResultEPKcS4_RKT_RKT0_
FNDA:2,_ZN7testing8internal11CmpHelperEQImmEENS_15AssertionResultEPKcS4_RKT_RKT0_
FNDA:3,_ZN7testing8internal8EqHelper7CompareIbbLPv0EEENS_15AssertionResultEPKcS6_RKT_RKT0_
FNDA:3,_ZN7testing8internal8EqHelper7CompareIiiLPv0EEENS_15AssertionResultEPKcS6_RKT_RKT0_
FNDA:1,_ZN7testing8internal8EqHelper7CompareIijLPv0EEENS_15AssertionResultEPKcS6_RKT_RKT0_
FNDA:11,_ZN7testing8internal8EqHelper7CompareIimLPv0EEENS_15AssertionResultEPKcS6_RKT_RKT0_
FNDA:4,_ZN7testing8internal8EqHelper7CompareIjjLPv0EEENS_15AssertionResultEPKcS6_RKT_RKT0_
FNDA:4,_ZN7testing8internal8EqHelper7CompareImiLPv0EEENS_15AssertionResultEPKcS6_RKT_RKT0_
FNDA:2,_ZN7testing8internal8EqHelper7CompareImmLPv0EEENS_15AssertionResultEPKcS6_RKT_RKT0_
FNDA:0,_ZN7testing8internal18CmpHelperOpFailureIiiEENS_15AssertionResultEPKcS4_RKT_RKT0_S4_
FNDA:2,_ZN7testing8internal11CmpHelperNEIiiEENS_15AssertionResultEPKcS4_RKT_RKT0_
FNDA:1,_Z13RUN_ALL_TESTSv
FNDA:0,_ZN7testing4Test14SetUpTestSuiteEv
FNDA:0,_ZN7testing4Test17TearDownTestSuiteEv
FNDA:0,_ZN7testing4Test16TearDownTestCaseEv
FNDA:0,_ZN7testing4Test13SetUpTestCaseEv
FNDA:0,_ZN7testing4Test5SetupEv
FNF:29
FNH:16
DA:255,0
DA:263,0
DA:268,0
DA:269,0
DA:356,0
DA:1374,0
DA:1378,0
DA:1379,0
DA:1391,28
DA:1394,28
DA:1395,28
DA:1398,0
DA:1410,28
DA:1413,28
DA:1443,0
DA:1446,0
DA:1447,0
DA:1448,0
DA:1449,0
DA:1472,2
DA:2334,1
LF:21
LH:7
end_of_record
TN:
SF:/usr/local/include/gtest/internal/gtest-internal.h
FN:437,437,_ZN7testing8internal15TestFactoryBaseD0Ev
FN:437,437,_ZN7testing8internal15TestFactoryBaseD2Ev
FN:444,444,_ZN7testing8internal15TestFactoryBaseC2Ev
FN:456,456,_ZN7testing8internal15TestFactoryImplI31methods_tests_clear_test_1_TestE10CreateTestEv
FN:456,456,_ZN7testing8internal15TestFactoryImplI31methods_tests_clear_test_2_TestE10CreateTestEv
FN:456,456,_ZN7testing8internal15TestFactoryImplI31methods_tests_erase_test_1_TestE10CreateTestEv
FN:456,456,_ZN7testing8internal15TestFactoryImplI31methods_tests_erase_test_2_TestE10CreateTestEv
FN:456,456,_ZN7testing8internal15TestFactoryImplI31methods_tests_erase_test_3_TestE10CreateTestEv
FN:456,456,_ZN7testing8internal15TestFactoryImplI31methods_tests_erase_test_4_TestE10CreateTestEv
FN:456,456,_ZN7testing8internal15TestFactoryImplI31methods_tests_erase_test_5_TestE10CreateTestEv
FN:456,456,_ZN7testing8internal15TestFactoryImplI32ctors_tests_empty_ctor_test_TestE10CreateTestEv
FN:456,456,_ZN7testing8internal15TestFactoryImplI32methods_tests_insert_test_1_TestE10CreateTestEv
FN:456,456,_ZN7testing8internal15TestFactoryImplI32methods_tests_insert_test_2_TestE10CreateTestEv
FN:456,456,_ZN7testing8internal15TestFactoryImplI32methods_tests_insert_test_3_TestE10CreateTestEv
FN:456,456,_ZN7testing8internal15TestFactoryImplI32methods_tests_insert_test_4_TestE10CreateTestEv
FN:456,456,_ZN7testing8internal15TestFactoryImplI34ctors_tests_copy_cstor_test_1_TestE10CreateTestEv
FN:456,456,_ZN7testing8internal15TestFactoryImplI34ctors_tests_copy_cstor_test_2_TestE10CreateTestEv
FN:456,456,_ZN7testing8internal15TestFactoryImplI34ctors_tests_move_cstor_test_1_TestE10CreateTestEv
FN:456,456,_ZN7testing8internal15TestFactoryImplI34ctors_tests_move_cstor_test_2_TestE10CreateTestEv
FN:456,456,_ZN7testing8internal15TestFactoryImplI35methods_tests_rehashing_test_1_TestE10CreateTestEv
FN:456,456,_ZN7testing8internal15TestFactoryImplI36operators_tests_brackets_test_1_TestE10CreateTestEv
FN:456,456,_ZN7testing8internal15TestFactoryImplI38ctors_tests_capacity_cstor_test_1_TestE10CreateTestEv
FN:456,456,_ZN7testing8internal15TestFactoryImplI38ctors_tests_capacity_cstor_test_2_TestE10CreateTestEv
FN:456,456,_ZN7testing8internal15TestFactoryImplI40methods_tests_linear_probing_test_1_TestE10CreateTestEv
FN:456,456,_ZN7testing8internal15TestFactoryImplI40methods_tests_linear_probing_test_2_TestE10CreateTestEv
FN:456,456,_ZN7testing8internal15TestFactoryImplI40methods_tests_linear_probing_test_3_TestE10CreateTestEv
FN:456,456,_ZN7testing8internal15TestFactoryImplI40methods_tests_linear_probing_test_4_TestE10CreateTestEv
FN:456,456,_ZN7testing8internal15TestFactoryImplI40methods_tests_linear_probing_test_5_TestE10CreateTestEv
FN:477,478,_ZN7testing8internal12CodeLocationC2ENSt7__cxx1112basic_stringIcSt11char_traitsIcESaIcEEEi
FN:490,493,_ZN7testing8internal19GetNotDefaultOrNullEPFvvES2_
FN:505,524,_ZN7testing8internal16SuiteApiResolverINS_4TestEE19GetSetUpCaseOrSuiteEPKci
FN:526,545,_ZN7testing8internal16SuiteApiResolverINS_4TestEE22GetTearDownCaseOrSuiteEPKci
FN:837,837,_ZN7testing8internal14TrueWithStringC2Ev
FN:840,840,_ZNK7testing8internal14TrueWithStringcvbEv
FNDA:0,_ZN7testing8internal15TestFactoryBaseD0Ev
FNDA:25,_ZN7testing8internal15TestFactoryBaseD2Ev
FNDA:25,_ZN7testing8internal15TestFactoryBaseC2Ev
FNDA:1,_ZN7testing8internal15TestFactoryImplI31methods_tests_clear_test_1_TestE10CreateTestEv
FNDA:1,_ZN7testing8internal15TestFactoryImplI31methods_tests_clear_test_2_TestE10CreateTestEv
FNDA:1,_ZN7testing8internal15TestFactoryImplI31methods_tests_erase_test_1_TestE10CreateTestEv
FNDA:1,_ZN7testing8internal15TestFactoryImplI31methods_tests_erase_test_2_TestE10CreateTestEv
FNDA:1,_ZN7testing8internal15TestFactoryImplI31methods_tests_erase_test_3_TestE10CreateTestEv
FNDA:1,_ZN7testing8internal15TestFactoryImplI31methods_tests_erase_test_4_TestE10CreateTestEv
FNDA:1,_ZN7testing8internal15TestFactoryImplI31methods_tests_erase_test_5_TestE10CreateTestEv
FNDA:1,_ZN7testing8internal15TestFactoryImplI32ctors_tests_empty_ctor_test_TestE10CreateTestEv
FNDA:1,_ZN7testing8internal15TestFactoryImplI32methods_tests_insert_test_1_TestE10CreateTestEv
FNDA:1,_ZN7testing8internal15TestFactoryImplI32methods_tests_insert_test_2_TestE10CreateTestEv
FNDA:1,_ZN7testing8internal15TestFactoryImplI32methods_tests_insert_test_3_TestE10CreateTestEv
FNDA:1,_ZN7testing8internal15TestFactoryImplI32methods_tests_insert_test_4_TestE10CreateTestEv
FNDA:1,_ZN7testing8internal15TestFactoryImplI34ctors_tests_copy_cstor_test_1_TestE10CreateTestEv
FNDA:1,_ZN7testing8internal15TestFactoryImplI34ctors_tests_copy_cstor_test_2_TestE10CreateTestEv
FNDA:1,_ZN7testing8internal15TestFactoryImplI34ctors_tests_move_cstor_test_1_TestE10CreateTestEv
FNDA:1,_ZN7testing8internal15TestFactoryImplI34ctors_tests_move_cstor_test_2_TestE10CreateTestEv
FNDA:1,_ZN7testing8internal15TestFactoryImplI35methods_tests_rehashing_test_1_TestE10CreateTestEv
FNDA:1,_ZN7testing8internal15TestFactoryImplI36operators_tests_brackets_test_1_TestE10CreateTestEv
FNDA:1,_ZN7testing8internal15TestFactoryImplI38ctors_tests_capacity_cstor_test_1_TestE10CreateTestEv
FNDA:1,_ZN7testing8internal15TestFactoryImplI38ctors_tests_capacity_cstor_test_2_TestE10CreateTestEv
FNDA:1,_ZN7testing8internal15TestFactoryImplI40methods_tests_linear_probing_test_1_TestE10CreateTestEv
FNDA:1,_ZN7testing8internal15TestFactoryImplI40methods_tests_linear_probing_test_2_TestE10CreateTestEv
FNDA:1,_ZN7testing8internal15TestFactoryImplI40methods_tests_linear_probing_test_3_TestE10CreateTestEv
FNDA:1,_ZN7testing8internal15TestFactoryImplI40methods_tests_linear_probing_test_4_TestE10CreateTestEv
FNDA:1,_ZN7testing8internal15TestFactoryImplI40methods_tests_linear_probing_test_5_TestE10CreateTestEv
FNDA:25,_ZN7testing8internal12CodeLocationC2ENSt7__cxx1112basic_stringIcSt11char_traitsIcESaIcEEEi
FNDA:100,_ZN7testing8internal19GetNotDefaultOrNullEPFvvES2_
FNDA:25,_ZN7testing8internal16SuiteApiResolverINS_4TestEE19GetSetUpCaseOrSuiteEPKci
FNDA:25,_ZN7testing8internal16SuiteApiResolverINS_4TestEE22GetTearDownCaseOrSuiteEPKci
FNDA:3,_ZN7testing8internal14TrueWithStringC2Ev
FNDA:3,_ZNK7testing8internal14TrueWithStringcvbEv
FNF:34
FNH:33
DA:437,25
DA:444,25
DA:456,25
DA:477,25
DA:478,25
DA:490,100
DA:492,100
DA:505,25
DA:509,25
DA:511,25
DA:513,25
DA:516,0
DA:518,25
DA:526,25
DA:530,25
DA:532,25
DA:534,25
DA:537,0
DA:539,25
DA:837,3
DA:840,3
LF:21
LH:19
end_of_record
TN:
SF:/usr/local/include/gtest/internal/gtest-port.h
FN:1082,1082,_ZN7testing8internal8GTestLog9GetStreamEv
FNDA:0,_ZN7testing8internal8GTestLog9GetStreamEv
FNF:1
FNH:0
DA:1082,0
LF:1
LH:0
end_of_record
TN:
SF:/usr/local/include/gtest/internal/gtest-type-util.h
FN:61,87,_ZN7testing8internal31CanonicalizeForStdLibVersioningENSt7__cxx1112basic_stringIcSt11char_traitsIcESaIcEEE
FN:91,121,_ZN7testing8internal11GetTypeNameB5cxx11ERKSt9type_info
FNDA:0,_ZN7testing8internal31CanonicalizeForStdLibVersioningENSt7__cxx1112basic_stringIcSt11char_traitsIcESaIcEEE
FNDA:0,_ZN7testing8internal11GetTypeNameB5cxx11ERKSt9type_info
FNF:2
FNH:0
DA:61,0
DA:63,0
DA:64,0
DA:65,0
DA:67,0
DA:74,0
DA:75,0
DA:78,0
DA:79,0
DA:80,0
DA:83,0
DA:84,0
DA:86,0
DA:91,0
DA:92,0
DA:94,0
DA:100,0
DA:101,0
DA:102,0
DA:103,0
DA:121,0
LF:21
LH:0
end_of_record
