TN:
SF:/home/krillin/code/nsu/23203_knyazkov/lab1/src/hashtable.cpp
FN:11,14,_ZN9HashTableC2Ev
FN:112,123,_ZN9HashTable5eraseERKNSt7__cxx1112basic_stringIcSt11char_traitsIcESaIcEEE
FN:129,141,_ZNK9HashTable13linearProbingEmRKNSt7__cxx1112basic_stringIcSt11char_traitsIcESaIcEEENS_10SearchTypeE
FN:146,162,_ZN9HashTable6insertERKNSt7__cxx1112basic_stringIcSt11char_traitsIcESaIcEEERK5Value
FN:16,20,_ZN9HashTableD2Ev
FN:164,170,_ZNK9HashTable2atERKNSt7__cxx1112basic_stringIcSt11char_traitsIcESaIcEEE
FN:172,174,_ZN9HashTable2atERKNSt7__cxx1112basic_stringIcSt11char_traitsIcESaIcEEE
FN:176,178,_ZNK9HashTable8containsERKNSt7__cxx1112basic_stringIcSt11char_traitsIcESaIcEEE
FN:180,185,_ZN9HashTable5clearEv
FN:187,187,_ZNK9HashTable7getSizeEv
FN:188,188,_ZNK9HashTable11getCapacityEv
FN:189,189,_ZNK9HashTable5emptyEv
FN:191,195,_ZN9HashTable4swapERS_
FN:203,221,_ZN9HashTableaSERKS_
FN:217,219,_ZZN9HashTableaSERKS_ENKUlPKNS_8HashNodeEE_clES4_
FN:22,28,_ZN9HashTableC2ERKS_
FN:227,243,_ZN9HashTableaSEOS_
FN:246,258,_ZN9HashTableixERKNSt7__cxx1112basic_stringIcSt11char_traitsIcESaIcEEE
FN:261,275,_ZeqRK9HashTableS1_
FN:27,27,_ZZN9HashTableC4ERKS_ENKUlPNS_8HashNodeEE_clES3_
FN:277,277,_ZneRK9HashTableS1_
FN:30,37,_ZN9HashTableC2Em
FN:39,44,_ZN9HashTableC2EOS_
FN:59,59,_ZNK9HashTable4hashERKNSt7__cxx1112basic_stringIcSt11char_traitsIcESaIcEEE
FN:61,63,_ZNK9HashTable13getLoadFactorEv
FN:65,72,_ZN9HashTable11deleteTableEv
FN:76,96,_ZN9HashTable14rehashIfNeededEv
FN:98,108,_ZNK9HashTable4findERKNSt7__cxx1112basic_stringIcSt11char_traitsIcESaIcEEE
FNDA:72,_ZN9HashTableC2Ev
FNDA:414,_ZN9HashTable5eraseERKNSt7__cxx1112basic_stringIcSt11char_traitsIcESaIcEEE
FNDA:2766,_ZNK9HashTable13linearProbingEmRKNSt7__cxx1112basic_stringIcSt11char_traitsIcESaIcEEENS_10SearchTypeE
FNDA:2622,_ZN9HashTable6insertERKNSt7__cxx1112basic_stringIcSt11char_traitsIcESaIcEEERK5Value
FNDA:172,_ZN9HashTableD2Ev
FNDA:16,_ZNK9HashTable2atERKNSt7__cxx1112basic_stringIcSt11char_traitsIcESaIcEEE
FNDA:8,_ZN9HashTable2atERKNSt7__cxx1112basic_stringIcSt11char_traitsIcESaIcEEE
FNDA:18,_ZNK9HashTable8containsERKNSt7__cxx1112basic_stringIcSt11char_traitsIcESaIcEEE
FNDA:10,_ZN9HashTable5clearEv
FNDA:242,_ZNK9HashTable7getSizeEv
FNDA:24,_ZNK9HashTable11getCapacityEv
FNDA:2,_ZNK9HashTable5emptyEv
FNDA:2,_ZN9HashTable4swapERS_
FNDA:6,_ZN9HashTableaSERKS_
FNDA:40,_ZZN9HashTableaSERKS_ENKUlPKNS_8HashNodeEE_clES4_
FNDA:2,_ZN9HashTableC2ERKS_
FNDA:6,_ZN9HashTableaSEOS_
FNDA:28,_ZN9HashTableixERKNSt7__cxx1112basic_stringIcSt11char_traitsIcESaIcEEE
FNDA:420,_ZeqRK9HashTableS1_
FNDA:20,_ZZN9HashTableC4ERKS_ENKUlPNS_8HashNodeEE_clES3_
FNDA:410,_ZneRK9HashTableS1_
FNDA:98,_ZN9HashTableC2Em
FNDA:4,_ZN9HashTableC2EOS_
FNDA:3098,_ZNK9HashTable4hashERKNSt7__cxx1112basic_stringIcSt11char_traitsIcESaIcEEE
FNDA:2622,_ZNK9HashTable13getLoadFactorEv
FNDA:120,_ZN9HashTable11deleteTableEv
FNDA:2622,_ZN9HashTable14rehashIfNeededEv
FNDA:448,_ZNK9HashTable4findERKNSt7__cxx1112basic_stringIcSt11char_traitsIcESaIcEEE
FNF:28
FNH:28
DA:11,72
DA:12,72
DA:13,72
DA:14,72
DA:16,172
DA:17,172
DA:18,102
DA:20,172
DA:22,2
DA:23,2
DA:24,2
DA:25,2
DA:26,2
DA:27,20
DA:28,2
DA:30,98
DA:31,98
DA:32,4
DA:34,94
DA:35,94
DA:36,94
DA:37,94
DA:39,4
DA:40,4
DA:41,4
DA:42,4
DA:43,4
DA:44,4
DA:59,3098
DA:61,2622
DA:62,2622
DA:65,120
DA:66,3444
DA:67,3324
DA:68,606
DA:71,120
DA:72,120
DA:76,2622
DA:77,2622
DA:78,2622
DA:79,62
DA:80,2560
DA:82,62
DA:83,62
DA:84,62
DA:86,2474
DA:87,2412
DA:88,1456
DA:89,1456
DA:90,1456
DA:93,62
DA:94,62
DA:95,62
DA:96,62
DA:98,448
DA:99,448
DA:100,448
DA:102,448
DA:103,32
DA:105,416
DA:107,416
DA:112,414
DA:113,414
DA:114,414
DA:115,2
DA:117,412
DA:119,412
DA:120,412
DA:121,412
DA:122,412
DA:129,2766
DA:130,2766
DA:132,108874
DA:133,130724
DA:134,30058
DA:135,8194
DA:136,2752
DA:138,106108
DA:140,14
DA:146,2622
DA:147,2622
DA:148,2622
DA:150,2622
DA:151,2322
DA:154,2622
DA:155,2622
DA:156,2464
DA:157,2464
DA:158,2464
DA:161,158
DA:164,16
DA:165,16
DA:166,16
DA:167,4
DA:169,12
DA:172,8
DA:173,8
DA:176,18
DA:177,18
DA:180,10
DA:181,10
DA:182,10
DA:183,10
DA:184,10
DA:185,10
DA:187,242
DA:188,24
DA:189,2
DA:191,2
DA:192,2
DA:193,2
DA:194,2
DA:195,2
DA:203,6
DA:204,6
DA:205,2
DA:209,4
DA:212,4
DA:213,4
DA:214,4
DA:216,4
DA:217,40
DA:218,40
DA:220,4
DA:227,6
DA:228,6
DA:229,2
DA:232,4
DA:234,4
DA:235,4
DA:236,4
DA:238,4
DA:239,4
DA:240,4
DA:242,4
DA:246,28
DA:247,28
DA:248,28
DA:250,28
DA:251,24
DA:254,4
DA:255,4
DA:257,4
DA:261,420
DA:262,420
DA:263,410
DA:265,684
DA:266,678
DA:267,8
DA:269,8
DA:270,4
DA:274,6
DA:277,410
LF:153
LH:153
end_of_record
TN:
SF:/home/krillin/code/nsu/23203_knyazkov/lab1/src/hashtable.h
FN:11,13,_ZNK5ValueeqERKS_
FN:15,15,_ZNK5ValueneERKS_
FN:61,61,_ZN9HashTable8HashNodeC2Ev
FN:62,62,_ZN9HashTable8HashNodeD2Ev
FN:63,63,_ZN9HashTable8HashNodeC2ENSt7__cxx1112basic_stringIcSt11char_traitsIcESaIcEEE5Value
FN:64,64,_ZN9HashTable8HashNodeC2ERKS0_
FNDA:24,_ZNK5ValueeqERKS_
FNDA:8,_ZNK5ValueneERKS_
FNDA:4,_ZN9HashTable8HashNodeC2Ev
FNDA:2474,_ZN9HashTable8HashNodeD2Ev
FNDA:2464,_ZN9HashTable8HashNodeC2ENSt7__cxx1112basic_stringIcSt11char_traitsIcESaIcEEE5Value
FNDA:10,_ZN9HashTable8HashNodeC2ERKS0_
FNF:6
FNH:6
DA:11,24
DA:12,24
DA:15,8
DA:61,4
DA:62,2474
DA:63,2464
DA:64,10
LF:7
LH:7
end_of_record
TN:
SF:/home/krillin/code/nsu/23203_knyazkov/lab1/test/src/all_tests.cc
FN:103,103,_ZN43operators_tests_copy_assignment_test_2_Test8TestBodyEv
FN:103,103,_ZN43operators_tests_copy_assignment_test_2_TestC2Ev
FN:103,103,_ZN43operators_tests_copy_assignment_test_2_TestD0Ev
FN:103,103,_ZN43operators_tests_copy_assignment_test_2_TestD2Ev
FN:109,109,_ZN43operators_tests_copy_assignment_test_3_Test8TestBodyEv
FN:109,109,_ZN43operators_tests_copy_assignment_test_3_TestC2Ev
FN:109,109,_ZN43operators_tests_copy_assignment_test_3_TestD0Ev
FN:109,109,_ZN43operators_tests_copy_assignment_test_3_TestD2Ev
FN:134,134,_ZN43operators_tests_move_assignment_test_2_Test8TestBodyEv
FN:134,134,_ZN43operators_tests_move_assignment_test_2_TestC2Ev
FN:134,134,_ZN43operators_tests_move_assignment_test_2_TestD0Ev
FN:134,134,_ZN43operators_tests_move_assignment_test_2_TestD2Ev
FN:146,146,_ZN43operators_tests_move_assignment_test_3_Test8TestBodyEv
FN:146,146,_ZN43operators_tests_move_assignment_test_3_TestC2Ev
FN:146,146,_ZN43operators_tests_move_assignment_test_3_TestD0Ev
FN:146,146,_ZN43operators_tests_move_assignment_test_3_TestD2Ev
FN:15,15,_ZN34ctors_tests_copy_cstor_test_1_Test8TestBodyEv
FN:15,15,_ZN34ctors_tests_copy_cstor_test_1_TestC2Ev
FN:15,15,_ZN34ctors_tests_copy_cstor_test_1_TestD0Ev
FN:15,15,_ZN34ctors_tests_copy_cstor_test_1_TestD2Ev
FN:151,151,_ZN43operators_tests_move_assignment_test_4_Test8TestBodyEv
FN:151,151,_ZN43operators_tests_move_assignment_test_4_TestC2Ev
FN:151,151,_ZN43operators_tests_move_assignment_test_4_TestD0Ev
FN:151,151,_ZN43operators_tests_move_assignment_test_4_TestD2Ev
FN:167,174,_ZN35operators_tests_isEqual_test_1_Test8TestBodyEv
FN:167,174,_ZN35operators_tests_isEqual_test_1_TestC2Ev
FN:167,174,_ZN35operators_tests_isEqual_test_1_TestD0Ev
FN:167,174,_ZN35operators_tests_isEqual_test_1_TestD2Ev
FN:176,183,_ZN35operators_tests_isEqual_test_2_Test8TestBodyEv
FN:176,183,_ZN35operators_tests_isEqual_test_2_TestC2Ev
FN:176,183,_ZN35operators_tests_isEqual_test_2_TestD0Ev
FN:176,183,_ZN35operators_tests_isEqual_test_2_TestD2Ev
FN:185,185,_ZN35operators_tests_isEqual_test_3_Test8TestBodyEv
FN:185,185,_ZN35operators_tests_isEqual_test_3_TestC2Ev
FN:185,185,_ZN35operators_tests_isEqual_test_3_TestD0Ev
FN:185,185,_ZN35operators_tests_isEqual_test_3_TestD2Ev
FN:193,193,_ZN35operators_tests_isEqual_test_4_Test8TestBodyEv
FN:193,193,_ZN35operators_tests_isEqual_test_4_TestC2Ev
FN:193,193,_ZN35operators_tests_isEqual_test_4_TestD0Ev
FN:193,193,_ZN35operators_tests_isEqual_test_4_TestD2Ev
FN:204,204,_ZN35operators_tests_isEqual_test_5_Test8TestBodyEv
FN:204,204,_ZN35operators_tests_isEqual_test_5_TestC2Ev
FN:204,204,_ZN35operators_tests_isEqual_test_5_TestD0Ev
FN:204,204,_ZN35operators_tests_isEqual_test_5_TestD2Ev
FN:221,221,_ZN38operators_tests_isNotEqual_test_1_Test8TestBodyEv
FN:221,221,_ZN38operators_tests_isNotEqual_test_1_TestC2Ev
FN:221,221,_ZN38operators_tests_isNotEqual_test_1_TestD0Ev
FN:221,221,_ZN38operators_tests_isNotEqual_test_1_TestD2Ev
FN:229,229,_ZN38operators_tests_isNotEqual_test_2_Test8TestBodyEv
FN:229,229,_ZN38operators_tests_isNotEqual_test_2_TestC2Ev
FN:229,229,_ZN38operators_tests_isNotEqual_test_2_TestD0Ev
FN:229,229,_ZN38operators_tests_isNotEqual_test_2_TestD2Ev
FN:238,238,_ZN32methods_tests_insert_test_1_Test8TestBodyEv
FN:238,238,_ZN32methods_tests_insert_test_1_TestC2Ev
FN:238,238,_ZN32methods_tests_insert_test_1_TestD0Ev
FN:238,238,_ZN32methods_tests_insert_test_1_TestD2Ev
FN:24,24,_ZN34ctors_tests_copy_cstor_test_2_Test8TestBodyEv
FN:24,24,_ZN34ctors_tests_copy_cstor_test_2_TestC2Ev
FN:24,24,_ZN34ctors_tests_copy_cstor_test_2_TestD0Ev
FN:24,24,_ZN34ctors_tests_copy_cstor_test_2_TestD2Ev
FN:246,253,_ZN32methods_tests_insert_test_2_Test8TestBodyEv
FN:246,253,_ZN32methods_tests_insert_test_2_TestC2Ev
FN:246,253,_ZN32methods_tests_insert_test_2_TestD0Ev
FN:246,253,_ZN32methods_tests_insert_test_2_TestD2Ev
FN:255,261,_ZN32methods_tests_insert_test_3_Test8TestBodyEv
FN:255,261,_ZN32methods_tests_insert_test_3_TestC2Ev
FN:255,261,_ZN32methods_tests_insert_test_3_TestD0Ev
FN:255,261,_ZN32methods_tests_insert_test_3_TestD2Ev
FN:263,271,_ZN32methods_tests_insert_test_4_Test8TestBodyEv
FN:263,271,_ZN32methods_tests_insert_test_4_TestC2Ev
FN:263,271,_ZN32methods_tests_insert_test_4_TestD0Ev
FN:263,271,_ZN32methods_tests_insert_test_4_TestD2Ev
FN:273,273,_ZN32methods_tests_insert_test_5_Test8TestBodyEv
FN:273,273,_ZN32methods_tests_insert_test_5_TestC2Ev
FN:273,273,_ZN32methods_tests_insert_test_5_TestD0Ev
FN:273,273,_ZN32methods_tests_insert_test_5_TestD2Ev
FN:28,28,_ZN38ctors_tests_capacity_cstor_test_1_Test8TestBodyEv
FN:28,28,_ZN38ctors_tests_capacity_cstor_test_1_TestC2Ev
FN:28,28,_ZN38ctors_tests_capacity_cstor_test_1_TestD0Ev
FN:28,28,_ZN38ctors_tests_capacity_cstor_test_1_TestD2Ev
FN:294,294,_ZN35methods_tests_rehashing_test_1_Test8TestBodyEv
FN:294,294,_ZN35methods_tests_rehashing_test_1_TestC2Ev
FN:294,294,_ZN35methods_tests_rehashing_test_1_TestD0Ev
FN:294,294,_ZN35methods_tests_rehashing_test_1_TestD2Ev
FN:303,312,_ZN35methods_tests_rehashing_test_2_Test8TestBodyEv
FN:303,312,_ZN35methods_tests_rehashing_test_2_TestC2Ev
FN:303,312,_ZN35methods_tests_rehashing_test_2_TestD0Ev
FN:303,312,_ZN35methods_tests_rehashing_test_2_TestD2Ev
FN:314,318,_ZN31methods_tests_erase_test_1_Test8TestBodyEv
FN:314,318,_ZN31methods_tests_erase_test_1_TestC2Ev
FN:314,318,_ZN31methods_tests_erase_test_1_TestD0Ev
FN:314,318,_ZN31methods_tests_erase_test_1_TestD2Ev
FN:320,325,_ZN31methods_tests_erase_test_2_Test8TestBodyEv
FN:320,325,_ZN31methods_tests_erase_test_2_TestC2Ev
FN:320,325,_ZN31methods_tests_erase_test_2_TestD0Ev
FN:320,325,_ZN31methods_tests_erase_test_2_TestD2Ev
FN:327,332,_ZN31methods_tests_erase_test_3_Test8TestBodyEv
FN:327,332,_ZN31methods_tests_erase_test_3_TestC2Ev
FN:327,332,_ZN31methods_tests_erase_test_3_TestD0Ev
FN:327,332,_ZN31methods_tests_erase_test_3_TestD2Ev
FN:334,334,_ZN31methods_tests_erase_test_4_Test8TestBodyEv
FN:334,334,_ZN31methods_tests_erase_test_4_TestC2Ev
FN:334,334,_ZN31methods_tests_erase_test_4_TestD0Ev
FN:334,334,_ZN31methods_tests_erase_test_4_TestD2Ev
FN:340,340,_ZN31methods_tests_erase_test_5_Test8TestBodyEv
FN:340,340,_ZN31methods_tests_erase_test_5_TestC2Ev
FN:340,340,_ZN31methods_tests_erase_test_5_TestD0Ev
FN:340,340,_ZN31methods_tests_erase_test_5_TestD2Ev
FN:36,38,_ZN38ctors_tests_capacity_cstor_test_2_Test8TestBodyEv
FN:36,38,_ZN38ctors_tests_capacity_cstor_test_2_TestC2Ev
FN:36,38,_ZN38ctors_tests_capacity_cstor_test_2_TestD0Ev
FN:36,38,_ZN38ctors_tests_capacity_cstor_test_2_TestD2Ev
FN:40,40,_ZN34ctors_tests_move_cstor_test_1_Test8TestBodyEv
FN:40,40,_ZN34ctors_tests_move_cstor_test_1_TestC2Ev
FN:40,40,_ZN34ctors_tests_move_cstor_test_1_TestD0Ev
FN:40,40,_ZN34ctors_tests_move_cstor_test_1_TestD2Ev
FN:421,421,_ZN31methods_tests_clear_test_1_Test8TestBodyEv
FN:421,421,_ZN31methods_tests_clear_test_1_TestC2Ev
FN:421,421,_ZN31methods_tests_clear_test_1_TestD0Ev
FN:421,421,_ZN31methods_tests_clear_test_1_TestD2Ev
FN:431,431,_ZN31methods_tests_clear_test_2_Test8TestBodyEv
FN:431,431,_ZN31methods_tests_clear_test_2_TestC2Ev
FN:431,431,_ZN31methods_tests_clear_test_2_TestD0Ev
FN:431,431,_ZN31methods_tests_clear_test_2_TestD2Ev
FN:437,437,_ZN31methods_tests_clear_test_3_Test8TestBodyEv
FN:437,437,_ZN31methods_tests_clear_test_3_TestC2Ev
FN:437,437,_ZN31methods_tests_clear_test_3_TestD0Ev
FN:437,437,_ZN31methods_tests_clear_test_3_TestD2Ev
FN:443,443,_ZN31methods_tests_clear_test_4_Test8TestBodyEv
FN:443,443,_ZN31methods_tests_clear_test_4_TestC2Ev
FN:443,443,_ZN31methods_tests_clear_test_4_TestD0Ev
FN:443,443,_ZN31methods_tests_clear_test_4_TestD2Ev
FN:453,453,_ZN28methods_tests_at_test_1_Test8TestBodyEv
FN:453,453,_ZN28methods_tests_at_test_1_TestC2Ev
FN:453,453,_ZN28methods_tests_at_test_1_TestD0Ev
FN:453,453,_ZN28methods_tests_at_test_1_TestD2Ev
FN:465,465,_ZN28methods_tests_at_test_2_Test8TestBodyEv
FN:465,465,_ZN28methods_tests_at_test_2_TestC2Ev
FN:465,465,_ZN28methods_tests_at_test_2_TestD0Ev
FN:465,465,_ZN28methods_tests_at_test_2_TestD2Ev
FN:473,473,_ZN28methods_tests_at_test_3_Test8TestBodyEv
FN:473,473,_ZN28methods_tests_at_test_3_TestC2Ev
FN:473,473,_ZN28methods_tests_at_test_3_TestD0Ev
FN:473,473,_ZN28methods_tests_at_test_3_TestD2Ev
FN:478,478,_ZN30methods_tests_swap_test_1_Test8TestBodyEv
FN:478,478,_ZN30methods_tests_swap_test_1_TestC2Ev
FN:478,478,_ZN30methods_tests_swap_test_1_TestD0Ev
FN:478,478,_ZN30methods_tests_swap_test_1_TestD2Ev
FN:493,496,main
FN:51,51,_ZN34ctors_tests_move_cstor_test_2_Test8TestBodyEv
FN:51,51,_ZN34ctors_tests_move_cstor_test_2_TestC2Ev
FN:51,51,_ZN34ctors_tests_move_cstor_test_2_TestD0Ev
FN:51,51,_ZN34ctors_tests_move_cstor_test_2_TestD2Ev
FN:71,71,_ZN36operators_tests_brackets_test_1_Test8TestBodyEv
FN:71,71,_ZN36operators_tests_brackets_test_1_TestC2Ev
FN:71,71,_ZN36operators_tests_brackets_test_1_TestD0Ev
FN:71,71,_ZN36operators_tests_brackets_test_1_TestD2Ev
FN:78,78,_ZN36operators_tests_brackets_test_2_Test8TestBodyEv
FN:78,78,_ZN36operators_tests_brackets_test_2_TestC2Ev
FN:78,78,_ZN36operators_tests_brackets_test_2_TestD0Ev
FN:78,78,_ZN36operators_tests_brackets_test_2_TestD2Ev
FN:8,8,_ZN32ctors_tests_empty_ctor_test_Test8TestBodyEv
FN:8,8,_ZN32ctors_tests_empty_ctor_test_TestC2Ev
FN:8,8,_ZN32ctors_tests_empty_ctor_test_TestD0Ev
FN:8,8,_ZN32ctors_tests_empty_ctor_test_TestD2Ev
FN:84,84,_ZN43operators_tests_copy_assignment_test_1_Test8TestBodyEv
FN:84,84,_ZN43operators_tests_copy_assignment_test_1_TestC2Ev
FN:84,84,_ZN43operators_tests_copy_assignment_test_1_TestD0Ev
FN:84,84,_ZN43operators_tests_copy_assignment_test_1_TestD2Ev
FNDA:2,_ZN43operators_tests_copy_assignment_test_2_Test8TestBodyEv
FNDA:2,_ZN43operators_tests_copy_assignment_test_2_TestC2Ev
FNDA:2,_ZN43operators_tests_copy_assignment_test_2_TestD0Ev
FNDA:2,_ZN43operators_tests_copy_assignment_test_2_TestD2Ev
FNDA:2,_ZN43operators_tests_copy_assignment_test_3_Test8TestBodyEv
FNDA:2,_ZN43operators_tests_copy_assignment_test_3_TestC2Ev
FNDA:2,_ZN43operators_tests_copy_assignment_test_3_TestD0Ev
FNDA:2,_ZN43operators_tests_copy_assignment_test_3_TestD2Ev
FNDA:2,_ZN43operators_tests_move_assignment_test_2_Test8TestBodyEv
FNDA:2,_ZN43operators_tests_move_assignment_test_2_TestC2Ev
FNDA:2,_ZN43operators_tests_move_assignment_test_2_TestD0Ev
FNDA:2,_ZN43operators_tests_move_assignment_test_2_TestD2Ev
FNDA:2,_ZN43operators_tests_move_assignment_test_3_Test8TestBodyEv
FNDA:2,_ZN43operators_tests_move_assignment_test_3_TestC2Ev
FNDA:2,_ZN43operators_tests_move_assignment_test_3_TestD0Ev
FNDA:2,_ZN43operators_tests_move_assignment_test_3_TestD2Ev
FNDA:2,_ZN34ctors_tests_copy_cstor_test_1_Test8TestBodyEv
FNDA:2,_ZN34ctors_tests_copy_cstor_test_1_TestC2Ev
FNDA:2,_ZN34ctors_tests_copy_cstor_test_1_TestD0Ev
FNDA:2,_ZN34ctors_tests_copy_cstor_test_1_TestD2Ev
FNDA:2,_ZN43operators_tests_move_assignment_test_4_Test8TestBodyEv
FNDA:2,_ZN43operators_tests_move_assignment_test_4_TestC2Ev
FNDA:2,_ZN43operators_tests_move_assignment_test_4_TestD0Ev
FNDA:2,_ZN43operators_tests_move_assignment_test_4_TestD2Ev
FNDA:2,_ZN35operators_tests_isEqual_test_1_Test8TestBodyEv
FNDA:2,_ZN35operators_tests_isEqual_test_1_TestC2Ev
FNDA:2,_ZN35operators_tests_isEqual_test_1_TestD0Ev
FNDA:2,_ZN35operators_tests_isEqual_test_1_TestD2Ev
FNDA:2,_ZN35operators_tests_isEqual_test_2_Test8TestBodyEv
FNDA:2,_ZN35operators_tests_isEqual_test_2_TestC2Ev
FNDA:2,_ZN35operators_tests_isEqual_test_2_TestD0Ev
FNDA:2,_ZN35operators_tests_isEqual_test_2_TestD2Ev
FNDA:2,_ZN35operators_tests_isEqual_test_3_Test8TestBodyEv
FNDA:2,_ZN35operators_tests_isEqual_test_3_TestC2Ev
FNDA:2,_ZN35operators_tests_isEqual_test_3_TestD0Ev
FNDA:2,_ZN35operators_tests_isEqual_test_3_TestD2Ev
FNDA:2,_ZN35operators_tests_isEqual_test_4_Test8TestBodyEv
FNDA:2,_ZN35operators_tests_isEqual_test_4_TestC2Ev
FNDA:2,_ZN35operators_tests_isEqual_test_4_TestD0Ev
FNDA:2,_ZN35operators_tests_isEqual_test_4_TestD2Ev
FNDA:2,_ZN35operators_tests_isEqual_test_5_Test8TestBodyEv
FNDA:2,_ZN35operators_tests_isEqual_test_5_TestC2Ev
FNDA:2,_ZN35operators_tests_isEqual_test_5_TestD0Ev
FNDA:2,_ZN35operators_tests_isEqual_test_5_TestD2Ev
FNDA:2,_ZN38operators_tests_isNotEqual_test_1_Test8TestBodyEv
FNDA:2,_ZN38operators_tests_isNotEqual_test_1_TestC2Ev
FNDA:2,_ZN38operators_tests_isNotEqual_test_1_TestD0Ev
FNDA:2,_ZN38operators_tests_isNotEqual_test_1_TestD2Ev
FNDA:2,_ZN38operators_tests_isNotEqual_test_2_Test8TestBodyEv
FNDA:2,_ZN38operators_tests_isNotEqual_test_2_TestC2Ev
FNDA:2,_ZN38operators_tests_isNotEqual_test_2_TestD0Ev
FNDA:2,_ZN38operators_tests_isNotEqual_test_2_TestD2Ev
FNDA:2,_ZN32methods_tests_insert_test_1_Test8TestBodyEv
FNDA:2,_ZN32methods_tests_insert_test_1_TestC2Ev
FNDA:2,_ZN32methods_tests_insert_test_1_TestD0Ev
FNDA:2,_ZN32methods_tests_insert_test_1_TestD2Ev
FNDA:2,_ZN34ctors_tests_copy_cstor_test_2_Test8TestBodyEv
FNDA:2,_ZN34ctors_tests_copy_cstor_test_2_TestC2Ev
FNDA:2,_ZN34ctors_tests_copy_cstor_test_2_TestD0Ev
FNDA:2,_ZN34ctors_tests_copy_cstor_test_2_TestD2Ev
FNDA:2,_ZN32methods_tests_insert_test_2_Test8TestBodyEv
FNDA:2,_ZN32methods_tests_insert_test_2_TestC2Ev
FNDA:2,_ZN32methods_tests_insert_test_2_TestD0Ev
FNDA:2,_ZN32methods_tests_insert_test_2_TestD2Ev
FNDA:2,_ZN32methods_tests_insert_test_3_Test8TestBodyEv
FNDA:2,_ZN32methods_tests_insert_test_3_TestC2Ev
FNDA:2,_ZN32methods_tests_insert_test_3_TestD0Ev
FNDA:2,_ZN32methods_tests_insert_test_3_TestD2Ev
FNDA:2,_ZN32methods_tests_insert_test_4_Test8TestBodyEv
FNDA:2,_ZN32methods_tests_insert_test_4_TestC2Ev
FNDA:2,_ZN32methods_tests_insert_test_4_TestD0Ev
FNDA:2,_ZN32methods_tests_insert_test_4_TestD2Ev
FNDA:2,_ZN32methods_tests_insert_test_5_Test8TestBodyEv
FNDA:2,_ZN32methods_tests_insert_test_5_TestC2Ev
FNDA:2,_ZN32methods_tests_insert_test_5_TestD0Ev
FNDA:2,_ZN32methods_tests_insert_test_5_TestD2Ev
FNDA:2,_ZN38ctors_tests_capacity_cstor_test_1_Test8TestBodyEv
FNDA:2,_ZN38ctors_tests_capacity_cstor_test_1_TestC2Ev
FNDA:2,_ZN38ctors_tests_capacity_cstor_test_1_TestD0Ev
FNDA:2,_ZN38ctors_tests_capacity_cstor_test_1_TestD2Ev
FNDA:2,_ZN35methods_tests_rehashing_test_1_Test8TestBodyEv
FNDA:2,_ZN35methods_tests_rehashing_test_1_TestC2Ev
FNDA:2,_ZN35methods_tests_rehashing_test_1_TestD0Ev
FNDA:2,_ZN35methods_tests_rehashing_test_1_TestD2Ev
FNDA:2,_ZN35methods_tests_rehashing_test_2_Test8TestBodyEv
FNDA:2,_ZN35methods_tests_rehashing_test_2_TestC2Ev
FNDA:2,_ZN35methods_tests_rehashing_test_2_TestD0Ev
FNDA:2,_ZN35methods_tests_rehashing_test_2_TestD2Ev
FNDA:2,_ZN31methods_tests_erase_test_1_Test8TestBodyEv
FNDA:2,_ZN31methods_tests_erase_test_1_TestC2Ev
FNDA:2,_ZN31methods_tests_erase_test_1_TestD0Ev
FNDA:2,_ZN31methods_tests_erase_test_1_TestD2Ev
FNDA:2,_ZN31methods_tests_erase_test_2_Test8TestBodyEv
FNDA:2,_ZN31methods_tests_erase_test_2_TestC2Ev
FNDA:2,_ZN31methods_tests_erase_test_2_TestD0Ev
FNDA:2,_ZN31methods_tests_erase_test_2_TestD2Ev
FNDA:2,_ZN31methods_tests_erase_test_3_Test8TestBodyEv
FNDA:2,_ZN31methods_tests_erase_test_3_TestC2Ev
FNDA:2,_ZN31methods_tests_erase_test_3_TestD0Ev
FNDA:2,_ZN31methods_tests_erase_test_3_TestD2Ev
FNDA:2,_ZN31methods_tests_erase_test_4_Test8TestBodyEv
FNDA:2,_ZN31methods_tests_erase_test_4_TestC2Ev
FNDA:2,_ZN31methods_tests_erase_test_4_TestD0Ev
FNDA:2,_ZN31methods_tests_erase_test_4_TestD2Ev
FNDA:2,_ZN31methods_tests_erase_test_5_Test8TestBodyEv
FNDA:2,_ZN31methods_tests_erase_test_5_TestC2Ev
FNDA:2,_ZN31methods_tests_erase_test_5_TestD0Ev
FNDA:2,_ZN31methods_tests_erase_test_5_TestD2Ev
FNDA:2,_ZN38ctors_tests_capacity_cstor_test_2_Test8TestBodyEv
FNDA:2,_ZN38ctors_tests_capacity_cstor_test_2_TestC2Ev
FNDA:2,_ZN38ctors_tests_capacity_cstor_test_2_TestD0Ev
FNDA:2,_ZN38ctors_tests_capacity_cstor_test_2_TestD2Ev
FNDA:2,_ZN34ctors_tests_move_cstor_test_1_Test8TestBodyEv
FNDA:2,_ZN34ctors_tests_move_cstor_test_1_TestC2Ev
FNDA:2,_ZN34ctors_tests_move_cstor_test_1_TestD0Ev
FNDA:2,_ZN34ctors_tests_move_cstor_test_1_TestD2Ev
FNDA:2,_ZN31methods_tests_clear_test_1_Test8TestBodyEv
FNDA:2,_ZN31methods_tests_clear_test_1_TestC2Ev
FNDA:2,_ZN31methods_tests_clear_test_1_TestD0Ev
FNDA:2,_ZN31methods_tests_clear_test_1_TestD2Ev
FNDA:2,_ZN31methods_tests_clear_test_2_Test8TestBodyEv
FNDA:2,_ZN31methods_tests_clear_test_2_TestC2Ev
FNDA:2,_ZN31methods_tests_clear_test_2_TestD0Ev
FNDA:2,_ZN31methods_tests_clear_test_2_TestD2Ev
FNDA:2,_ZN31methods_tests_clear_test_3_Test8TestBodyEv
FNDA:2,_ZN31methods_tests_clear_test_3_TestC2Ev
FNDA:2,_ZN31methods_tests_clear_test_3_TestD0Ev
FNDA:2,_ZN31methods_tests_clear_test_3_TestD2Ev
FNDA:2,_ZN31methods_tests_clear_test_4_Test8TestBodyEv
FNDA:2,_ZN31methods_tests_clear_test_4_TestC2Ev
FNDA:2,_ZN31methods_tests_clear_test_4_TestD0Ev
FNDA:2,_ZN31methods_tests_clear_test_4_TestD2Ev
FNDA:2,_ZN28methods_tests_at_test_1_Test8TestBodyEv
FNDA:2,_ZN28methods_tests_at_test_1_TestC2Ev
FNDA:2,_ZN28methods_tests_at_test_1_TestD0Ev
FNDA:2,_ZN28methods_tests_at_test_1_TestD2Ev
FNDA:2,_ZN28methods_tests_at_test_2_Test8TestBodyEv
FNDA:2,_ZN28methods_tests_at_test_2_TestC2Ev
FNDA:2,_ZN28methods_tests_at_test_2_TestD0Ev
FNDA:2,_ZN28methods_tests_at_test_2_TestD2Ev
FNDA:2,_ZN28methods_tests_at_test_3_Test8TestBodyEv
FNDA:2,_ZN28methods_tests_at_test_3_TestC2Ev
FNDA:2,_ZN28methods_tests_at_test_3_TestD0Ev
FNDA:2,_ZN28methods_tests_at_test_3_TestD2Ev
FNDA:2,_ZN30methods_tests_swap_test_1_Test8TestBodyEv
FNDA:2,_ZN30methods_tests_swap_test_1_TestC2Ev
FNDA:2,_ZN30methods_tests_swap_test_1_TestD0Ev
FNDA:2,_ZN30methods_tests_swap_test_1_TestD2Ev
FNDA:2,main
FNDA:2,_ZN34ctors_tests_move_cstor_test_2_Test8TestBodyEv
FNDA:2,_ZN34ctors_tests_move_cstor_test_2_TestC2Ev
FNDA:2,_ZN34ctors_tests_move_cstor_test_2_TestD0Ev
FNDA:2,_ZN34ctors_tests_move_cstor_test_2_TestD2Ev
FNDA:2,_ZN36operators_tests_brackets_test_1_Test8TestBodyEv
FNDA:2,_ZN36operators_tests_brackets_test_1_TestC2Ev
FNDA:2,_ZN36operators_tests_brackets_test_1_TestD0Ev
FNDA:2,_ZN36operators_tests_brackets_test_1_TestD2Ev
FNDA:2,_ZN36operators_tests_brackets_test_2_Test8TestBodyEv
FNDA:2,_ZN36operators_tests_brackets_test_2_TestC2Ev
FNDA:2,_ZN36operators_tests_brackets_test_2_TestD0Ev
FNDA:2,_ZN36operators_tests_brackets_test_2_TestD2Ev
FNDA:2,_ZN32ctors_tests_empty_ctor_test_Test8TestBodyEv
FNDA:2,_ZN32ctors_tests_empty_ctor_test_TestC2Ev
FNDA:2,_ZN32ctors_tests_empty_ctor_test_TestD0Ev
FNDA:2,_ZN32ctors_tests_empty_ctor_test_TestD2Ev
FNDA:2,_ZN43operators_tests_copy_assignment_test_1_Test8TestBodyEv
FNDA:2,_ZN43operators_tests_copy_assignment_test_1_TestC2Ev
FNDA:2,_ZN43operators_tests_copy_assignment_test_1_TestD0Ev
FNDA:2,_ZN43operators_tests_copy_assignment_test_1_TestD2Ev
FNF:169
FNH:169
DA:8,8
DA:9,2
DA:10,2
DA:11,2
DA:12,2
DA:13,2
DA:15,8
DA:16,2
DA:17,2
DA:18,2
DA:19,2
DA:20,10
DA:21,8
DA:22,2
DA:24,8
DA:25,4
DA:28,8
DA:29,2
DA:30,2
DA:32,2
DA:33,2
DA:34,2
DA:36,8
DA:37,4
DA:38,2
DA:40,8
DA:41,2
DA:44,2
DA:46,2
DA:47,2
DA:49,2
DA:51,8
DA:52,2
DA:53,2
DA:54,2
DA:55,4
DA:56,2
DA:58,2
DA:60,2
DA:61,2
DA:63,2
DA:64,4
DA:65,4
DA:67,4
DA:68,4
DA:69,2
DA:71,8
DA:72,2
DA:73,2
DA:74,4
DA:75,4
DA:76,2
DA:78,8
DA:79,2
DA:80,2
DA:81,4
DA:82,2
DA:84,8
DA:85,2
DA:86,2
DA:87,2
DA:88,4
DA:90,4
DA:91,2
DA:93,2
DA:94,2
DA:96,2
DA:98,6
DA:99,4
DA:100,4
DA:101,2
DA:103,8
DA:104,2
DA:105,2
DA:106,2
DA:107,2
DA:109,8
DA:110,2
DA:111,2
DA:113,4
DA:114,4
DA:116,2
DA:118,2
DA:119,2
DA:120,4
DA:121,4
DA:122,2
DA:134,8
DA:135,2
DA:136,2
DA:137,4
DA:138,2
DA:139,2
DA:140,2
DA:142,2
DA:143,2
DA:144,2
DA:146,8
DA:147,2
DA:148,2
DA:149,2
DA:151,8
DA:152,2
DA:153,2
DA:154,2
DA:156,2
DA:157,100
DA:158,98
DA:161,2
DA:163,2
DA:165,2
DA:167,8
DA:168,2
DA:169,2
DA:171,4
DA:172,4
DA:173,2
DA:174,2
DA:176,8
DA:177,2
DA:178,2
DA:180,4
DA:181,4
DA:182,2
DA:183,2
DA:185,8
DA:186,2
DA:187,2
DA:188,4
DA:190,2
DA:191,2
DA:193,8
DA:194,2
DA:195,2
DA:196,4
DA:197,4
DA:198,4
DA:199,2
DA:200,2
DA:201,2
DA:202,2
DA:204,8
DA:205,2
DA:206,2
DA:208,2
DA:209,204
DA:210,202
DA:211,202
DA:212,202
DA:214,204
DA:215,202
DA:216,202
DA:218,2
DA:219,2
DA:221,8
DA:222,2
DA:223,2
DA:225,4
DA:226,2
DA:227,2
DA:229,8
DA:230,2
DA:231,2
DA:233,4
DA:234,4
DA:235,2
DA:236,2
DA:238,8
DA:239,2
DA:240,2
DA:241,2
DA:242,2
DA:243,2
DA:244,2
DA:246,8
DA:247,2
DA:248,2
DA:249,2
DA:250,2
DA:252,2
DA:253,2
DA:255,8
DA:256,2
DA:257,2
DA:258,2
DA:259,2
DA:260,6
DA:261,2
DA:263,8
DA:264,2
DA:265,2
DA:267,162
DA:268,160
DA:270,2
DA:271,2
DA:273,8
DA:274,2
DA:275,2
DA:277,162
DA:278,480
DA:280,2
DA:281,2
DA:294,8
DA:295,2
DA:296,4
DA:297,4
DA:298,4
DA:299,4
DA:300,2
DA:301,2
DA:303,8
DA:304,2
DA:305,2
DA:306,2
DA:308,162
DA:309,160
DA:311,2
DA:312,2
DA:314,8
DA:315,2
DA:316,6
DA:317,4
DA:318,2
DA:320,8
DA:321,2
DA:322,6
DA:323,2
DA:324,2
DA:325,2
DA:327,8
DA:328,2
DA:329,6
DA:330,4
DA:331,4
DA:332,2
DA:334,8
DA:335,2
DA:336,6
DA:337,4
DA:338,2
DA:340,8
DA:341,2
DA:343,2
DA:344,204
DA:345,202
DA:348,204
DA:349,202
DA:352,2
DA:353,2
DA:421,8
DA:422,2
DA:423,4
DA:424,4
DA:426,2
DA:427,2
DA:428,2
DA:429,2
DA:431,8
DA:432,2
DA:433,2
DA:434,2
DA:435,2
DA:437,8
DA:438,2
DA:439,2
DA:440,6
DA:441,2
DA:443,8
DA:444,2
DA:445,4
DA:446,2
DA:447,2
DA:448,98
DA:449,96
DA:451,2
DA:453,8
DA:454,2
DA:455,2
DA:456,2
DA:458,4
DA:459,4
DA:461,4
DA:462,4
DA:463,2
DA:465,8
DA:466,2
DA:467,2
DA:469,2
DA:470,6
DA:471,2
DA:473,8
DA:474,2
DA:475,6
DA:476,2
DA:478,8
DA:479,2
DA:480,2
DA:481,2
DA:482,2
DA:483,2
DA:484,4
DA:485,2
DA:487,2
DA:488,2
DA:489,2
DA:490,4
DA:491,2
DA:493,2
DA:494,2
DA:495,2
LF:310
LH:310
end_of_record
TN:
SF:/usr/include/c++/14/bits/alloc_traits.h
FNF:0
FNH:0
DA:584,88
LF:1
LH:1
end_of_record
TN:
SF:/usr/include/c++/14/bits/allocator.h
FNF:0
FNH:0
DA:161,298
DA:166,88
DA:182,390
LF:3
LH:3
end_of_record
TN:
SF:/usr/include/c++/14/bits/basic_string.h
FN:3573,3586,_ZSt12__str_concatINSt7__cxx1112basic_stringIcSt11char_traitsIcESaIcEEEET_PKNS6_10value_typeENS6_9size_typeES9_SA_RKNS6_14allocator_typeE
FN:3616,3624,_ZStplIcSt11char_traitsIcESaIcEENSt7__cxx1112basic_stringIT_T0_T1_EEPKS5_RKS8_
FN:3755,3761,_ZSteqIcSt11char_traitsIcESaIcEEbRKNSt7__cxx1112basic_stringIT_T0_T1_EESA_
FN:4240,4255,_ZNSt7__cxx119to_stringEi
FN:4249,4253,_ZZNSt7__cxx119to_stringEiENKUlPcmE_clES0_m
FN:646,655,_ZNSt7__cxx1112basic_stringIcSt11char_traitsIcESaIcEEC2IS3_EEPKcRKS3_
FNDA:88,_ZSt12__str_concatINSt7__cxx1112basic_stringIcSt11char_traitsIcESaIcEEEET_PKNS6_10value_typeENS6_9size_typeES9_SA_RKNS6_14allocator_typeE
FNDA:4,_ZStplIcSt11char_traitsIcESaIcEENSt7__cxx1112basic_stringIT_T0_T1_EEPKS5_RKS8_
FNDA:10836,_ZSteqIcSt11char_traitsIcESaIcEEbRKNSt7__cxx1112basic_stringIT_T0_T1_EESA_
FNDA:1322,_ZNSt7__cxx119to_stringEi
FNDA:1322,_ZZNSt7__cxx119to_stringEiENKUlPcmE_clES0_m
FNDA:586,_ZNSt7__cxx1112basic_stringIcSt11char_traitsIcESaIcEEC2IS3_EEPKcRKS3_
FNF:6
FNH:6
DA:360,478
DA:646,586
DA:647,586
DA:650,586
DA:651,0
DA:653,586
DA:654,586
DA:655,586
DA:3573,88
DA:3581,88
DA:3582,88
DA:3583,88
DA:3584,88
DA:3585,88
DA:3586,0
DA:3616,4
DA:3623,8
DA:3755,10836
DA:3759,10836
DA:3760,10836
DA:4240,1322
DA:4245,1322
DA:4246,1322
DA:4247,1322
DA:4248,1322
DA:4249,1322
DA:4250,1322
DA:4251,1322
DA:4252,1322
DA:4254,1322
LF:30
LH:28
end_of_record
TN:
SF:/usr/include/c++/14/bits/basic_string.tcc
FN:221,252,_ZNSt7__cxx1112basic_stringIcSt11char_traitsIcESaIcEE12_M_constructIPKcEEvT_S8_St20forward_iterator_tag
FN:221,252,_ZNSt7__cxx1112basic_stringIcSt11char_traitsIcESaIcEE12_M_constructIPcEEvT_S7_St20forward_iterator_tag
FN:239,239,_ZZNSt7__cxx1112basic_stringIcSt11char_traitsIcESaIcEE12_M_constructIPKcEEvT_S8_St20forward_iterator_tagEN6_GuardC2EPS4_
FN:239,239,_ZZNSt7__cxx1112basic_stringIcSt11char_traitsIcESaIcEE12_M_constructIPcEEvT_S7_St20forward_iterator_tagEN6_GuardC2EPS4_
FN:242,242,_ZZNSt7__cxx1112basic_stringIcSt11char_traitsIcESaIcEE12_M_constructIPKcEEvT_S8_St20forward_iterator_tagEN6_GuardD2Ev
FN:242,242,_ZZNSt7__cxx1112basic_stringIcSt11char_traitsIcESaIcEE12_M_constructIPcEEvT_S7_St20forward_iterator_tagEN6_GuardD2Ev
FN:583,613,_ZNSt7__cxx1112basic_stringIcSt11char_traitsIcESaIcEE22__resize_and_overwriteIZNS_9to_stringEiEUlPcmE_EEvmT_
FN:597,597,_ZZNSt7__cxx1112basic_stringIcSt11char_traitsIcESaIcEE22__resize_and_overwriteIZNS_9to_stringEiEUlPcmE_EEvmT_EN11_TerminatorD2Ev
FNDA:606,_ZNSt7__cxx1112basic_stringIcSt11char_traitsIcESaIcEE12_M_constructIPKcEEvT_S8_St20forward_iterator_tag
FNDA:0,_ZNSt7__cxx1112basic_stringIcSt11char_traitsIcESaIcEE12_M_constructIPcEEvT_S7_St20forward_iterator_tag
FNDA:606,_ZZNSt7__cxx1112basic_stringIcSt11char_traitsIcESaIcEE12_M_constructIPKcEEvT_S8_St20forward_iterator_tagEN6_GuardC2EPS4_
FNDA:0,_ZZNSt7__cxx1112basic_stringIcSt11char_traitsIcESaIcEE12_M_constructIPcEEvT_S7_St20forward_iterator_tagEN6_GuardC2EPS4_
FNDA:606,_ZZNSt7__cxx1112basic_stringIcSt11char_traitsIcESaIcEE12_M_constructIPKcEEvT_S8_St20forward_iterator_tagEN6_GuardD2Ev
FNDA:0,_ZZNSt7__cxx1112basic_stringIcSt11char_traitsIcESaIcEE12_M_constructIPcEEvT_S7_St20forward_iterator_tagEN6_GuardD2Ev
FNDA:1322,_ZNSt7__cxx1112basic_stringIcSt11char_traitsIcESaIcEE22__resize_and_overwriteIZNS_9to_stringEiEUlPcmE_EEvmT_
FNDA:1322,_ZZNSt7__cxx1112basic_stringIcSt11char_traitsIcESaIcEE22__resize_and_overwriteIZNS_9to_stringEiEUlPcmE_EEvmT_EN11_TerminatorD2Ev
FNF:8
FNH:5
DA:221,606
DA:225,606
DA:227,606
DA:229,128
DA:230,128
DA:239,606
DA:242,606
DA:245,606
DA:247,606
DA:249,606
DA:251,606
DA:252,606
DA:583,1322
DA:590,1322
DA:591,1322
DA:597,1322
DA:601,1322
DA:602,1322
DA:610,1322
DA:611,1322
DA:612,0
DA:613,1322
LF:22
LH:21
end_of_record
TN:
SF:/usr/include/c++/14/bits/char_traits.h
FN:136,137,_ZN9__gnu_cxx11char_traitsIcE2eqERKcS3_
FN:199,206,_ZN9__gnu_cxx11char_traitsIcE6lengthEPKc
FN:358,363,_ZNSt11char_traitsIcE2ltERKcS2_
FN:366,382,_ZNSt11char_traitsIcE7compareEPKcS2_m
FN:385,392,_ZNSt11char_traitsIcE6lengthEPKc
FN:419,428,_ZNSt11char_traitsIcE4copyEPcPKcm
FNDA:0,_ZN9__gnu_cxx11char_traitsIcE2eqERKcS3_
FNDA:0,_ZN9__gnu_cxx11char_traitsIcE6lengthEPKc
FNDA:0,_ZNSt11char_traitsIcE2ltERKcS2_
FNDA:8312,_ZNSt11char_traitsIcE7compareEPKcS2_m
FNDA:678,_ZNSt11char_traitsIcE6lengthEPKc
FNDA:0,_ZNSt11char_traitsIcE4copyEPcPKcm
FNF:6
FNH:2
DA:136,0
DA:137,0
DA:199,0
DA:202,0
DA:203,0
DA:204,0
DA:205,0
DA:358,0
DA:361,0
DA:362,0
DA:366,8312
DA:368,8312
DA:369,0
DA:371,8312
DA:373,0
DA:374,0
DA:375,0
DA:376,0
DA:377,0
DA:378,0
DA:381,8312
DA:385,678
DA:388,678
DA:389,0
DA:391,678
DA:419,0
DA:421,0
DA:422,0
DA:427,0
LF:29
LH:7
end_of_record
TN:
SF:/usr/include/c++/14/bits/charconv.h
FN:55,74,_ZNSt8__detail14__to_chars_lenIjEEjT_i
FN:81,110,_ZNSt8__detail18__to_chars_10_implIjEEvPcjT_
FNDA:1322,_ZNSt8__detail14__to_chars_lenIjEEjT_i
FNDA:1322,_ZNSt8__detail18__to_chars_10_implIjEEvPcjT_
FNF:2
FNH:2
DA:55,1322
DA:61,1322
DA:62,1322
DA:63,1322
DA:64,1322
DA:67,1322
DA:68,1174
DA:69,8
DA:70,0
DA:71,0
DA:72,0
DA:81,1322
DA:87,1322
DA:93,1322
DA:94,1330
DA:96,8
DA:97,8
DA:98,8
DA:99,8
DA:100,8
DA:102,1322
DA:104,1166
DA:105,1166
DA:106,1166
DA:109,156
DA:110,1322
LF:26
LH:23
end_of_record
TN:
SF:/usr/include/c++/14/bits/move.h
FN:127,128,_ZSt4moveIR9HashTableEONSt16remove_referenceIT_E4typeEOS3_
FN:127,128,_ZSt4moveIRNSt7__cxx1112basic_stringIcSt11char_traitsIcESaIcEEEEONSt16remove_referenceIT_E4typeEOS8_
FN:127,128,_ZSt4moveIRPNSt7__cxx1112basic_stringIcSt11char_traitsIcESaIcEEEEONSt16remove_referenceIT_E4typeEOS9_
FN:127,128,_ZSt4moveIRPNSt7__cxx1118basic_stringstreamIcSt11char_traitsIcESaIcEEEEONSt16remove_referenceIT_E4typeEOS9_
FN:127,128,_ZSt4moveIRPPN9HashTable8HashNodeEEONSt16remove_referenceIT_E4typeEOS6_
FN:127,128,_ZSt4moveIRSaIcEEONSt16remove_referenceIT_E4typeEOS3_
FN:127,128,_ZSt4moveIRZNSt7__cxx119to_stringEiEUlPcmE_EONSt16remove_referenceIT_E4typeEOS5_
FN:127,128,_ZSt4moveIRmEONSt16remove_referenceIT_E4typeEOS2_
FN:214,225,_ZSt4swapIPPN9HashTable8HashNodeEENSt9enable_ifIXsrSt6__and_IJSt6__not_ISt15__is_tuple_likeIT_EESt21is_move_constructibleIS8_ESt18is_move_assignableIS8_EEE5valueEvE4typeERS8_SI_
FN:214,225,_ZSt4swapImENSt9enable_ifIXsrSt6__and_IJSt6__not_ISt15__is_tuple_likeIT_EESt21is_move_constructibleIS4_ESt18is_move_assignableIS4_EEE5valueEvE4typeERS4_SE_
FNDA:10,_ZSt4moveIR9HashTableEONSt16remove_referenceIT_E4typeEOS3_
FNDA:570,_ZSt4moveIRNSt7__cxx1112basic_stringIcSt11char_traitsIcESaIcEEEEONSt16remove_referenceIT_E4typeEOS8_
FNDA:0,_ZSt4moveIRPNSt7__cxx1112basic_stringIcSt11char_traitsIcESaIcEEEEONSt16remove_referenceIT_E4typeEOS9_
FNDA:200,_ZSt4moveIRPNSt7__cxx1118basic_stringstreamIcSt11char_traitsIcESaIcEEEEONSt16remove_referenceIT_E4typeEOS9_
FNDA:192,_ZSt4moveIRPPN9HashTable8HashNodeEEONSt16remove_referenceIT_E4typeEOS6_
FNDA:0,_ZSt4moveIRSaIcEEONSt16remove_referenceIT_E4typeEOS3_
FNDA:1322,_ZSt4moveIRZNSt7__cxx119to_stringEiEUlPcmE_EONSt16remove_referenceIT_E4typeEOS5_
FNDA:12,_ZSt4moveIRmEONSt16remove_referenceIT_E4typeEOS2_
FNDA:64,_ZSt4swapIPPN9HashTable8HashNodeEENSt9enable_ifIXsrSt6__and_IJSt6__not_ISt15__is_tuple_likeIT_EESt21is_move_constructibleIS8_ESt18is_move_assignableIS8_EEE5valueEvE4typeERS8_SI_
FNDA:4,_ZSt4swapImENSt9enable_ifIXsrSt6__and_IJSt6__not_ISt15__is_tuple_likeIT_EESt21is_move_constructibleIS4_ESt18is_move_assignableIS4_EEE5valueEvE4typeERS4_SE_
FNF:10
FNH:8
DA:127,2306
DA:128,2306
DA:214,68
DA:222,68
DA:223,68
DA:224,68
DA:225,68
LF:7
LH:7
end_of_record
TN:
SF:/usr/include/c++/14/bits/new_allocator.h
FN:104,104,_ZNSt15__new_allocatorIcED2Ev
FNDA:762,_ZNSt15__new_allocatorIcED2Ev
FNF:1
FNH:1
DA:88,296
DA:92,88
DA:104,762
LF:3
LH:3
end_of_record
TN:
SF:/usr/include/c++/14/bits/stl_algo.h
FN:4208,4221,_ZSt9transformIPPN9HashTable8HashNodeES3_ZNS0_C4ERKS0_EUlS2_E_ET0_T_S8_S7_T1_
FN:4208,4221,_ZSt9transformIPPN9HashTable8HashNodeES3_ZNS0_aSERKS0_EUlPKS1_E_ET0_T_SA_S9_T1_
FNDA:2,_ZSt9transformIPPN9HashTable8HashNodeES3_ZNS0_C4ERKS0_EUlS2_E_ET0_T_S8_S7_T1_
FNDA:4,_ZSt9transformIPPN9HashTable8HashNodeES3_ZNS0_aSERKS0_EUlPKS1_E_ET0_T_SA_S9_T1_
FNF:2
FNH:2
DA:4208,6
DA:4218,66
DA:4219,60
DA:4220,6
LF:4
LH:4
end_of_record
TN:
SF:/usr/include/c++/14/bits/stl_algobase.h
FN:1022,1030,_ZSt4fillIPPN9HashTable8HashNodeEDnEvT_S4_RKT0_
FN:936,941,_ZSt9__fill_a1IPPN9HashTable8HashNodeEDnEN9__gnu_cxx11__enable_ifIXntsrSt11__is_scalarIT0_E7__valueEvE6__typeET_SB_RKS7_
FN:997,998,_ZSt8__fill_aIPPN9HashTable8HashNodeEDnEvT_S4_RKT0_
FNDA:176,_ZSt4fillIPPN9HashTable8HashNodeEDnEvT_S4_RKT0_
FNDA:176,_ZSt9__fill_a1IPPN9HashTable8HashNodeEDnEN9__gnu_cxx11__enable_ifIXntsrSt11__is_scalarIT0_E7__valueEvE6__typeET_SB_RKS7_
FNDA:176,_ZSt8__fill_aIPPN9HashTable8HashNodeEDnEvT_S4_RKT0_
FNF:3
FNH:3
DA:936,176
DA:939,5852
DA:940,5676
DA:941,176
DA:997,176
DA:998,176
DA:1022,176
DA:1029,176
DA:1030,176
LF:9
LH:9
end_of_record
TN:
SF:/usr/include/c++/14/bits/stl_iterator_base_funcs.h
FNF:0
FNH:0
DA:106,606
DA:151,1212
DA:152,1212
LF:3
LH:3
end_of_record
TN:
SF:/usr/include/c++/14/bits/stl_iterator_base_types.h
FNF:0
FNH:0
DA:240,606
LF:1
LH:1
end_of_record
TN:
SF:/usr/include/c++/14/bits/unique_ptr.h
FN:168,168,_ZNSt15__uniq_ptr_implINSt7__cxx1112basic_stringIcSt11char_traitsIcESaIcEEESt14default_deleteIS5_EEC2Ev
FN:191,191,_ZNSt15__uniq_ptr_implINSt7__cxx1112basic_stringIcSt11char_traitsIcESaIcEEESt14default_deleteIS5_EE6_M_ptrEv
FN:191,191,_ZNSt15__uniq_ptr_implINSt7__cxx1118basic_stringstreamIcSt11char_traitsIcESaIcEEESt14default_deleteIS5_EE6_M_ptrEv
FN:193,193,_ZNKSt15__uniq_ptr_implINSt7__cxx1112basic_stringIcSt11char_traitsIcESaIcEEESt14default_deleteIS5_EE6_M_ptrEv
FN:193,193,_ZNKSt15__uniq_ptr_implINSt7__cxx1118basic_stringstreamIcSt11char_traitsIcESaIcEEESt14default_deleteIS5_EE6_M_ptrEv
FN:195,195,_ZNSt15__uniq_ptr_implINSt7__cxx1112basic_stringIcSt11char_traitsIcESaIcEEESt14default_deleteIS5_EE10_M_deleterEv
FN:195,195,_ZNSt15__uniq_ptr_implINSt7__cxx1118basic_stringstreamIcSt11char_traitsIcESaIcEEESt14default_deleteIS5_EE10_M_deleterEv
FN:298,300,_ZNSt10unique_ptrINSt7__cxx1112basic_stringIcSt11char_traitsIcESaIcEEESt14default_deleteIS5_EEC2IS7_vEEv
FN:392,400,_ZNSt10unique_ptrINSt7__cxx1112basic_stringIcSt11char_traitsIcESaIcEEESt14default_deleteIS5_EED2Ev
FN:392,400,_ZNSt10unique_ptrINSt7__cxx1118basic_stringstreamIcSt11char_traitsIcESaIcEEESt14default_deleteIS5_EED2Ev
FN:445,449,_ZNKSt10unique_ptrINSt7__cxx1118basic_stringstreamIcSt11char_traitsIcESaIcEEESt14default_deleteIS5_EEdeEv
FN:454,458,_ZNKSt10unique_ptrINSt7__cxx1112basic_stringIcSt11char_traitsIcESaIcEEESt14default_deleteIS5_EEptEv
FN:463,464,_ZNKSt10unique_ptrINSt7__cxx1112basic_stringIcSt11char_traitsIcESaIcEEESt14default_deleteIS5_EE3getEv
FN:463,464,_ZNKSt10unique_ptrINSt7__cxx1118basic_stringstreamIcSt11char_traitsIcESaIcEEESt14default_deleteIS5_EE3getEv
FN:469,470,_ZNSt10unique_ptrINSt7__cxx1112basic_stringIcSt11char_traitsIcESaIcEEESt14default_deleteIS5_EE11get_deleterEv
FN:469,470,_ZNSt10unique_ptrINSt7__cxx1118basic_stringstreamIcSt11char_traitsIcESaIcEEESt14default_deleteIS5_EE11get_deleterEv
FN:480,481,_ZNKSt10unique_ptrINSt7__cxx1112basic_stringIcSt11char_traitsIcESaIcEEESt14default_deleteIS5_EEcvbEv
FN:869,870,_ZStneINSt7__cxx1112basic_stringIcSt11char_traitsIcESaIcEEESt14default_deleteIS5_EEbRKSt10unique_ptrIT_T0_EDn
FN:87,94,_ZNKSt14default_deleteINSt7__cxx1112basic_stringIcSt11char_traitsIcESaIcEEEEclEPS5_
FN:87,94,_ZNKSt14default_deleteINSt7__cxx1118basic_stringstreamIcSt11char_traitsIcESaIcEEEEclEPS5_
FNDA:610,_ZNSt15__uniq_ptr_implINSt7__cxx1112basic_stringIcSt11char_traitsIcESaIcEEESt14default_deleteIS5_EEC2Ev
FNDA:610,_ZNSt15__uniq_ptr_implINSt7__cxx1112basic_stringIcSt11char_traitsIcESaIcEEESt14default_deleteIS5_EE6_M_ptrEv
FNDA:400,_ZNSt15__uniq_ptr_implINSt7__cxx1118basic_stringstreamIcSt11char_traitsIcESaIcEEESt14default_deleteIS5_EE6_M_ptrEv
FNDA:0,_ZNKSt15__uniq_ptr_implINSt7__cxx1112basic_stringIcSt11char_traitsIcESaIcEEESt14default_deleteIS5_EE6_M_ptrEv
FNDA:1428,_ZNKSt15__uniq_ptr_implINSt7__cxx1118basic_stringstreamIcSt11char_traitsIcESaIcEEESt14default_deleteIS5_EE6_M_ptrEv
FNDA:0,_ZNSt15__uniq_ptr_implINSt7__cxx1112basic_stringIcSt11char_traitsIcESaIcEEESt14default_deleteIS5_EE10_M_deleterEv
FNDA:200,_ZNSt15__uniq_ptr_implINSt7__cxx1118basic_stringstreamIcSt11char_traitsIcESaIcEEESt14default_deleteIS5_EE10_M_deleterEv
FNDA:610,_ZNSt10unique_ptrINSt7__cxx1112basic_stringIcSt11char_traitsIcESaIcEEESt14default_deleteIS5_EEC2IS7_vEEv
FNDA:610,_ZNSt10unique_ptrINSt7__cxx1112basic_stringIcSt11char_traitsIcESaIcEEESt14default_deleteIS5_EED2Ev
FNDA:200,_ZNSt10unique_ptrINSt7__cxx1118basic_stringstreamIcSt11char_traitsIcESaIcEEESt14default_deleteIS5_EED2Ev
FNDA:1228,_ZNKSt10unique_ptrINSt7__cxx1118basic_stringstreamIcSt11char_traitsIcESaIcEEESt14default_deleteIS5_EEdeEv
FNDA:0,_ZNKSt10unique_ptrINSt7__cxx1112basic_stringIcSt11char_traitsIcESaIcEEESt14default_deleteIS5_EEptEv
FNDA:0,_ZNKSt10unique_ptrINSt7__cxx1112basic_stringIcSt11char_traitsIcESaIcEEESt14default_deleteIS5_EE3getEv
FNDA:1428,_ZNKSt10unique_ptrINSt7__cxx1118basic_stringstreamIcSt11char_traitsIcESaIcEEESt14default_deleteIS5_EE3getEv
FNDA:0,_ZNSt10unique_ptrINSt7__cxx1112basic_stringIcSt11char_traitsIcESaIcEEESt14default_deleteIS5_EE11get_deleterEv
FNDA:200,_ZNSt10unique_ptrINSt7__cxx1118basic_stringstreamIcSt11char_traitsIcESaIcEEESt14default_deleteIS5_EE11get_deleterEv
FNDA:0,_ZNKSt10unique_ptrINSt7__cxx1112basic_stringIcSt11char_traitsIcESaIcEEESt14default_deleteIS5_EEcvbEv
FNDA:0,_ZStneINSt7__cxx1112basic_stringIcSt11char_traitsIcESaIcEEESt14default_deleteIS5_EEbRKSt10unique_ptrIT_T0_EDn
FNDA:0,_ZNKSt14default_deleteINSt7__cxx1112basic_stringIcSt11char_traitsIcESaIcEEEEclEPS5_
FNDA:200,_ZNKSt14default_deleteINSt7__cxx1118basic_stringstreamIcSt11char_traitsIcESaIcEEEEclEPS5_
FNF:20
FNH:12
DA:87,200
DA:93,200
DA:94,200
DA:168,610
DA:191,1010
DA:193,1428
DA:195,200
DA:298,610
DA:299,610
DA:300,610
DA:392,810
DA:396,810
DA:397,810
DA:398,200
DA:399,810
DA:400,810
DA:445,1228
DA:447,1228
DA:448,1228
DA:454,0
DA:457,0
DA:463,1428
DA:464,1428
DA:469,200
DA:470,200
DA:480,0
DA:481,0
DA:869,0
DA:870,0
LF:29
LH:23
end_of_record
TN:
SF:/usr/include/c++/14/ext/alloc_traits.h
FNF:0
FNH:0
DA:98,88
LF:1
LH:1
end_of_record
TN:
SF:/usr/include/c++/14/tuple
FN:133,133,_ZNSt10_Head_baseILm1ESt14default_deleteINSt7__cxx1112basic_stringIcSt11char_traitsIcESaIcEEEELb1EE7_M_headERS8_
FN:133,133,_ZNSt10_Head_baseILm1ESt14default_deleteINSt7__cxx1118basic_stringstreamIcSt11char_traitsIcESaIcEEEELb1EE7_M_headERS8_
FN:198,199,_ZNSt10_Head_baseILm0EPNSt7__cxx1112basic_stringIcSt11char_traitsIcESaIcEEELb0EEC2Ev
FN:2089,2091,_ZNSt5tupleIJPNSt7__cxx1112basic_stringIcSt11char_traitsIcESaIcEEESt14default_deleteIS5_EEEC2ILb1ELb1EEEv
FN:242,242,_ZNSt10_Head_baseILm0EPNSt7__cxx1112basic_stringIcSt11char_traitsIcESaIcEEELb0EE7_M_headERS7_
FN:242,242,_ZNSt10_Head_baseILm0EPNSt7__cxx1118basic_stringstreamIcSt11char_traitsIcESaIcEEELb0EE7_M_headERS7_
FN:2427,2428,_ZSt12__get_helperILm0EPNSt7__cxx1112basic_stringIcSt11char_traitsIcESaIcEEEJSt14default_deleteIS5_EEERT0_RSt11_Tuple_implIXT_EJS9_DpT1_EE
FN:2427,2428,_ZSt12__get_helperILm0EPNSt7__cxx1118basic_stringstreamIcSt11char_traitsIcESaIcEEEJSt14default_deleteIS5_EEERT0_RSt11_Tuple_implIXT_EJS9_DpT1_EE
FN:2427,2428,_ZSt12__get_helperILm1ESt14default_deleteINSt7__cxx1112basic_stringIcSt11char_traitsIcESaIcEEEEJEERT0_RSt11_Tuple_implIXT_EJS8_DpT1_EE
FN:2427,2428,_ZSt12__get_helperILm1ESt14default_deleteINSt7__cxx1118basic_stringstreamIcSt11char_traitsIcESaIcEEEEJEERT0_RSt11_Tuple_implIXT_EJS8_DpT1_EE
FN:2432,2433,_ZSt12__get_helperILm0EPNSt7__cxx1112basic_stringIcSt11char_traitsIcESaIcEEEJSt14default_deleteIS5_EEERKT0_RKSt11_Tuple_implIXT_EJS9_DpT1_EE
FN:2432,2433,_ZSt12__get_helperILm0EPNSt7__cxx1118basic_stringstreamIcSt11char_traitsIcESaIcEEEJSt14default_deleteIS5_EEERKT0_RKSt11_Tuple_implIXT_EJS9_DpT1_EE
FN:2443,2444,_ZSt3getILm0EJPNSt7__cxx1112basic_stringIcSt11char_traitsIcESaIcEEESt14default_deleteIS5_EEERNSt13tuple_elementIXT_ESt5tupleIJDpT0_EEE4typeERSD_
FN:2443,2444,_ZSt3getILm0EJPNSt7__cxx1118basic_stringstreamIcSt11char_traitsIcESaIcEEESt14default_deleteIS5_EEERNSt13tuple_elementIXT_ESt5tupleIJDpT0_EEE4typeERSD_
FN:2443,2444,_ZSt3getILm1EJPNSt7__cxx1112basic_stringIcSt11char_traitsIcESaIcEEESt14default_deleteIS5_EEERNSt13tuple_elementIXT_ESt5tupleIJDpT0_EEE4typeERSD_
FN:2443,2444,_ZSt3getILm1EJPNSt7__cxx1118basic_stringstreamIcSt11char_traitsIcESaIcEEESt14default_deleteIS5_EEERNSt13tuple_elementIXT_ESt5tupleIJDpT0_EEE4typeERSD_
FN:2449,2450,_ZSt3getILm0EJPNSt7__cxx1112basic_stringIcSt11char_traitsIcESaIcEEESt14default_deleteIS5_EEERKNSt13tuple_elementIXT_ESt5tupleIJDpT0_EEE4typeERKSD_
FN:2449,2450,_ZSt3getILm0EJPNSt7__cxx1118basic_stringstreamIcSt11char_traitsIcESaIcEEESt14default_deleteIS5_EEERKNSt13tuple_elementIXT_ESt5tupleIJDpT0_EEE4typeERKSD_
FN:245,245,_ZNSt10_Head_baseILm0EPNSt7__cxx1112basic_stringIcSt11char_traitsIcESaIcEEELb0EE7_M_headERKS7_
FN:245,245,_ZNSt10_Head_baseILm0EPNSt7__cxx1118basic_stringstreamIcSt11char_traitsIcESaIcEEELb0EE7_M_headERKS7_
FN:293,293,_ZNSt11_Tuple_implILm0EJPNSt7__cxx1112basic_stringIcSt11char_traitsIcESaIcEEESt14default_deleteIS5_EEE7_M_headERS9_
FN:293,293,_ZNSt11_Tuple_implILm0EJPNSt7__cxx1118basic_stringstreamIcSt11char_traitsIcESaIcEEESt14default_deleteIS5_EEE7_M_headERS9_
FN:296,296,_ZNSt11_Tuple_implILm0EJPNSt7__cxx1112basic_stringIcSt11char_traitsIcESaIcEEESt14default_deleteIS5_EEE7_M_headERKS9_
FN:296,296,_ZNSt11_Tuple_implILm0EJPNSt7__cxx1118basic_stringstreamIcSt11char_traitsIcESaIcEEESt14default_deleteIS5_EEE7_M_headERKS9_
FN:304,305,_ZNSt11_Tuple_implILm0EJPNSt7__cxx1112basic_stringIcSt11char_traitsIcESaIcEEESt14default_deleteIS5_EEEC2Ev
FN:556,556,_ZNSt11_Tuple_implILm1EJSt14default_deleteINSt7__cxx1112basic_stringIcSt11char_traitsIcESaIcEEEEEE7_M_headERS8_
FN:556,556,_ZNSt11_Tuple_implILm1EJSt14default_deleteINSt7__cxx1118basic_stringstreamIcSt11char_traitsIcESaIcEEEEEE7_M_headERS8_
FN:562,563,_ZNSt11_Tuple_implILm1EJSt14default_deleteINSt7__cxx1112basic_stringIcSt11char_traitsIcESaIcEEEEEEC2Ev
FN:89,90,_ZNSt10_Head_baseILm1ESt14default_deleteINSt7__cxx1112basic_stringIcSt11char_traitsIcESaIcEEEELb1EEC2Ev
FNDA:0,_ZNSt10_Head_baseILm1ESt14default_deleteINSt7__cxx1112basic_stringIcSt11char_traitsIcESaIcEEEELb1EE7_M_headERS8_
FNDA:200,_ZNSt10_Head_baseILm1ESt14default_deleteINSt7__cxx1118basic_stringstreamIcSt11char_traitsIcESaIcEEEELb1EE7_M_headERS8_
FNDA:610,_ZNSt10_Head_baseILm0EPNSt7__cxx1112basic_stringIcSt11char_traitsIcESaIcEEELb0EEC2Ev
FNDA:610,_ZNSt5tupleIJPNSt7__cxx1112basic_stringIcSt11char_traitsIcESaIcEEESt14default_deleteIS5_EEEC2ILb1ELb1EEEv
FNDA:610,_ZNSt10_Head_baseILm0EPNSt7__cxx1112basic_stringIcSt11char_traitsIcESaIcEEELb0EE7_M_headERS7_
FNDA:400,_ZNSt10_Head_baseILm0EPNSt7__cxx1118basic_stringstreamIcSt11char_traitsIcESaIcEEELb0EE7_M_headERS7_
FNDA:610,_ZSt12__get_helperILm0EPNSt7__cxx1112basic_stringIcSt11char_traitsIcESaIcEEEJSt14default_deleteIS5_EEERT0_RSt11_Tuple_implIXT_EJS9_DpT1_EE
FNDA:400,_ZSt12__get_helperILm0EPNSt7__cxx1118basic_stringstreamIcSt11char_traitsIcESaIcEEEJSt14default_deleteIS5_EEERT0_RSt11_Tuple_implIXT_EJS9_DpT1_EE
FNDA:0,_ZSt12__get_helperILm1ESt14default_deleteINSt7__cxx1112basic_stringIcSt11char_traitsIcESaIcEEEEJEERT0_RSt11_Tuple_implIXT_EJS8_DpT1_EE
FNDA:200,_ZSt12__get_helperILm1ESt14default_deleteINSt7__cxx1118basic_stringstreamIcSt11char_traitsIcESaIcEEEEJEERT0_RSt11_Tuple_implIXT_EJS8_DpT1_EE
FNDA:0,_ZSt12__get_helperILm0EPNSt7__cxx1112basic_stringIcSt11char_traitsIcESaIcEEEJSt14default_deleteIS5_EEERKT0_RKSt11_Tuple_implIXT_EJS9_DpT1_EE
FNDA:1428,_ZSt12__get_helperILm0EPNSt7__cxx1118basic_stringstreamIcSt11char_traitsIcESaIcEEEJSt14default_deleteIS5_EEERKT0_RKSt11_Tuple_implIXT_EJS9_DpT1_EE
FNDA:610,_ZSt3getILm0EJPNSt7__cxx1112basic_stringIcSt11char_traitsIcESaIcEEESt14default_deleteIS5_EEERNSt13tuple_elementIXT_ESt5tupleIJDpT0_EEE4typeERSD_
FNDA:400,_ZSt3getILm0EJPNSt7__cxx1118basic_stringstreamIcSt11char_traitsIcESaIcEEESt14default_deleteIS5_EEERNSt13tuple_elementIXT_ESt5tupleIJDpT0_EEE4typeERSD_
FNDA:0,_ZSt3getILm1EJPNSt7__cxx1112basic_stringIcSt11char_traitsIcESaIcEEESt14default_deleteIS5_EEERNSt13tuple_elementIXT_ESt5tupleIJDpT0_EEE4typeERSD_
FNDA:200,_ZSt3getILm1EJPNSt7__cxx1118basic_stringstreamIcSt11char_traitsIcESaIcEEESt14default_deleteIS5_EEERNSt13tuple_elementIXT_ESt5tupleIJDpT0_EEE4typeERSD_
FNDA:0,_ZSt3getILm0EJPNSt7__cxx1112basic_stringIcSt11char_traitsIcESaIcEEESt14default_deleteIS5_EEERKNSt13tuple_elementIXT_ESt5tupleIJDpT0_EEE4typeERKSD_
FNDA:1428,_ZSt3getILm0EJPNSt7__cxx1118basic_stringstreamIcSt11char_traitsIcESaIcEEESt14default_deleteIS5_EEERKNSt13tuple_elementIXT_ESt5tupleIJDpT0_EEE4typeERKSD_
FNDA:0,_ZNSt10_Head_baseILm0EPNSt7__cxx1112basic_stringIcSt11char_traitsIcESaIcEEELb0EE7_M_headERKS7_
FNDA:1428,_ZNSt10_Head_baseILm0EPNSt7__cxx1118basic_stringstreamIcSt11char_traitsIcESaIcEEELb0EE7_M_headERKS7_
FNDA:610,_ZNSt11_Tuple_implILm0EJPNSt7__cxx1112basic_stringIcSt11char_traitsIcESaIcEEESt14default_deleteIS5_EEE7_M_headERS9_
FNDA:400,_ZNSt11_Tuple_implILm0EJPNSt7__cxx1118basic_stringstreamIcSt11char_traitsIcESaIcEEESt14default_deleteIS5_EEE7_M_headERS9_
FNDA:0,_ZNSt11_Tuple_implILm0EJPNSt7__cxx1112basic_stringIcSt11char_traitsIcESaIcEEESt14default_deleteIS5_EEE7_M_headERKS9_
FNDA:1428,_ZNSt11_Tuple_implILm0EJPNSt7__cxx1118basic_stringstreamIcSt11char_traitsIcESaIcEEESt14default_deleteIS5_EEE7_M_headERKS9_
FNDA:610,_ZNSt11_Tuple_implILm0EJPNSt7__cxx1112basic_stringIcSt11char_traitsIcESaIcEEESt14default_deleteIS5_EEEC2Ev
FNDA:0,_ZNSt11_Tuple_implILm1EJSt14default_deleteINSt7__cxx1112basic_stringIcSt11char_traitsIcESaIcEEEEEE7_M_headERS8_
FNDA:200,_ZNSt11_Tuple_implILm1EJSt14default_deleteINSt7__cxx1118basic_stringstreamIcSt11char_traitsIcESaIcEEEEEE7_M_headERS8_
FNDA:610,_ZNSt11_Tuple_implILm1EJSt14default_deleteINSt7__cxx1112basic_stringIcSt11char_traitsIcESaIcEEEEEEC2Ev
FNDA:610,_ZNSt10_Head_baseILm1ESt14default_deleteINSt7__cxx1112basic_stringIcSt11char_traitsIcESaIcEEEELb1EEC2Ev
FNF:29
FNH:21
DA:89,610
DA:90,610
DA:133,200
DA:198,610
DA:199,610
DA:242,1010
DA:245,1428
DA:293,1010
DA:296,1428
DA:304,610
DA:305,610
DA:556,200
DA:562,610
DA:563,610
DA:2089,610
DA:2091,610
DA:2427,1210
DA:2428,1210
DA:2432,1428
DA:2433,1428
DA:2443,1210
DA:2444,1210
DA:2449,1428
DA:2450,1428
LF:24
LH:24
end_of_record
TN:
SF:/usr/include/c++/14/typeinfo
FN:102,103,_ZNKSt9type_info4nameEv
FNDA:0,_ZNKSt9type_info4nameEv
FNF:1
FNH:0
DA:102,0
DA:103,0
LF:2
LH:0
end_of_record
TN:
SF:/usr/include/c++/14/x86_64-redhat-linux/bits/c++config.h
FNF:0
FNH:0
DA:2391,10218
DA:2447,0
LF:2
LH:1
end_of_record
TN:
SF:/usr/local/include/gtest/gtest-assertion-result.h
FN:155,161,_ZN7testing15AssertionResultC2IbEERKT_PNSt9enable_ifIXntsrSt14is_convertibleIS2_S0_E5valueEvE4typeE
FN:174,174,_ZNK7testing15AssertionResultcvbEv
FN:183,185,_ZNK7testing15AssertionResult7messageEv
FN:187,187,_ZNK7testing15AssertionResult15failure_messageEv
FNDA:610,_ZN7testing15AssertionResultC2IbEERKT_PNSt9enable_ifIXntsrSt14is_convertibleIS2_S0_E5valueEvE4typeE
FNDA:610,_ZNK7testing15AssertionResultcvbEv
FNDA:0,_ZNK7testing15AssertionResult7messageEv
FNDA:0,_ZNK7testing15AssertionResult15failure_messageEv
FNF:4
FNH:2
DA:155,610
DA:161,610
DA:174,610
DA:183,0
DA:184,0
DA:187,0
LF:6
LH:3
end_of_record
TN:
SF:/usr/local/include/gtest/gtest-message.h
FN:132,150,_ZN7testing7MessagelsIA19_cEERS0_RKT_
FN:132,150,_ZN7testing7MessagelsIA24_cEERS0_RKT_
FN:132,150,_ZN7testing7MessagelsIA28_cEERS0_RKT_
FNDA:0,_ZN7testing7MessagelsIA19_cEERS0_RKT_
FNDA:0,_ZN7testing7MessagelsIA24_cEERS0_RKT_
FNDA:0,_ZN7testing7MessagelsIA28_cEERS0_RKT_
FNF:3
FNH:0
DA:132,0
DA:148,0
DA:149,0
LF:3
LH:0
end_of_record
TN:
SF:/usr/local/include/gtest/gtest-printers.h
FN:1025,1027,_ZN7testing8internal21UniversalTersePrinterIbE5PrintERKbPSo
FN:1025,1027,_ZN7testing8internal21UniversalTersePrinterIiE5PrintERKiPSo
FN:1025,1027,_ZN7testing8internal21UniversalTersePrinterIjE5PrintERKjPSo
FN:1025,1027,_ZN7testing8internal21UniversalTersePrinterImE5PrintERKmPSo
FN:1144,1149,_ZN7testing8internal14UniversalPrintIbEEvRKT_PSo
FN:1144,1149,_ZN7testing8internal14UniversalPrintIiEEvRKT_PSo
FN:1144,1149,_ZN7testing8internal14UniversalPrintIjEEvRKT_PSo
FN:1144,1149,_ZN7testing8internal14UniversalPrintImEEvRKT_PSo
FN:1184,1188,_ZN7testing13PrintToStringIbEENSt7__cxx1112basic_stringIcSt11char_traitsIcESaIcEEERKT_
FN:1184,1188,_ZN7testing13PrintToStringIiEENSt7__cxx1112basic_stringIcSt11char_traitsIcESaIcEEERKT_
FN:1184,1188,_ZN7testing13PrintToStringIjEENSt7__cxx1112basic_stringIcSt11char_traitsIcESaIcEEERKT_
FN:1184,1188,_ZN7testing13PrintToStringImEENSt7__cxx1112basic_stringIcSt11char_traitsIcESaIcEEERKT_
FN:244,249,_ZN7testing8internal52internal_stream_operator_without_lexical_name_lookup13StreamPrinter10PrintValueIivEEDTcvvlsdefp0_fp_ERKT_PSo
FN:244,249,_ZN7testing8internal52internal_stream_operator_without_lexical_name_lookup13StreamPrinter10PrintValueIjvEEDTcvvlsdefp0_fp_ERKT_PSo
FN:244,249,_ZN7testing8internal52internal_stream_operator_without_lexical_name_lookup13StreamPrinter10PrintValueImvEEDTcvvlsdefp0_fp_ERKT_PSo
FN:348,359,_ZN7testing8internal17PrintWithFallbackIiEEvRKT_PSo
FN:348,359,_ZN7testing8internal17PrintWithFallbackIjEEvRKT_PSo
FN:348,359,_ZN7testing8internal17PrintWithFallbackImEEvRKT_PSo
FN:379,381,_ZN7testing8internal19FormatForComparisonIbbE6FormatB5cxx11ERKb
FN:379,381,_ZN7testing8internal19FormatForComparisonIimE6FormatB5cxx11ERKi
FN:379,381,_ZN7testing8internal19FormatForComparisonIjjE6FormatB5cxx11ERKj
FN:379,381,_ZN7testing8internal19FormatForComparisonImiE6FormatB5cxx11ERKm
FN:379,381,_ZN7testing8internal19FormatForComparisonImmE6FormatB5cxx11ERKm
FN:459,462,_ZN7testing8internal33FormatForComparisonFailureMessageIbbEENSt7__cxx1112basic_stringIcSt11char_traitsIcESaIcEEERKT_RKT0_
FN:459,462,_ZN7testing8internal33FormatForComparisonFailureMessageIimEENSt7__cxx1112basic_stringIcSt11char_traitsIcESaIcEEERKT_RKT0_
FN:459,462,_ZN7testing8internal33FormatForComparisonFailureMessageIjjEENSt7__cxx1112basic_stringIcSt11char_traitsIcESaIcEEERKT_RKT0_
FN:459,462,_ZN7testing8internal33FormatForComparisonFailureMessageImiEENSt7__cxx1112basic_stringIcSt11char_traitsIcESaIcEEERKT_RKT0_
FN:459,462,_ZN7testing8internal33FormatForComparisonFailureMessageImmEENSt7__cxx1112basic_stringIcSt11char_traitsIcESaIcEEERKT_RKT0_
FN:486,488,_ZN7testing8internal7PrintToIiEEvRKT_PSo
FN:486,488,_ZN7testing8internal7PrintToIjEEvRKT_PSo
FN:486,488,_ZN7testing8internal7PrintToImEEvRKT_PSo
FN:505,507,_ZN7testing8internal7PrintToEbPSo
FN:835,845,_ZN7testing8internal16UniversalPrinterIbE5PrintERKbPSo
FN:835,845,_ZN7testing8internal16UniversalPrinterIiE5PrintERKiPSo
FN:835,845,_ZN7testing8internal16UniversalPrinterIjE5PrintERKjPSo
FN:835,845,_ZN7testing8internal16UniversalPrinterImE5PrintERKmPSo
FNDA:0,_ZN7testing8internal21UniversalTersePrinterIbE5PrintERKbPSo
FNDA:0,_ZN7testing8internal21UniversalTersePrinterIiE5PrintERKiPSo
FNDA:0,_ZN7testing8internal21UniversalTersePrinterIjE5PrintERKjPSo
FNDA:0,_ZN7testing8internal21UniversalTersePrinterImE5PrintERKmPSo
FNDA:0,_ZN7testing8internal14UniversalPrintIbEEvRKT_PSo
FNDA:0,_ZN7testing8internal14UniversalPrintIiEEvRKT_PSo
FNDA:0,_ZN7testing8internal14UniversalPrintIjEEvRKT_PSo
FNDA:0,_ZN7testing8internal14UniversalPrintImEEvRKT_PSo
FNDA:0,_ZN7testing13PrintToStringIbEENSt7__cxx1112basic_stringIcSt11char_traitsIcESaIcEEERKT_
FNDA:0,_ZN7testing13PrintToStringIiEENSt7__cxx1112basic_stringIcSt11char_traitsIcESaIcEEERKT_
FNDA:0,_ZN7testing13PrintToStringIjEENSt7__cxx1112basic_stringIcSt11char_traitsIcESaIcEEERKT_
FNDA:0,_ZN7testing13PrintToStringImEENSt7__cxx1112basic_stringIcSt11char_traitsIcESaIcEEERKT_
FNDA:0,_ZN7testing8internal52internal_stream_operator_without_lexical_name_lookup13StreamPrinter10PrintValueIivEEDTcvvlsdefp0_fp_ERKT_PSo
FNDA:0,_ZN7testing8internal52internal_stream_operator_without_lexical_name_lookup13StreamPrinter10PrintValueIjvEEDTcvvlsdefp0_fp_ERKT_PSo
FNDA:0,_ZN7testing8internal52internal_stream_operator_without_lexical_name_lookup13StreamPrinter10PrintValueImvEEDTcvvlsdefp0_fp_ERKT_PSo
FNDA:0,_ZN7testing8internal17PrintWithFallbackIiEEvRKT_PSo
FNDA:0,_ZN7testing8internal17PrintWithFallbackIjEEvRKT_PSo
FNDA:0,_ZN7testing8internal17PrintWithFallbackImEEvRKT_PSo
FNDA:0,_ZN7testing8internal19FormatForComparisonIbbE6FormatB5cxx11ERKb
FNDA:0,_ZN7testing8internal19FormatForComparisonIimE6FormatB5cxx11ERKi
FNDA:0,_ZN7testing8internal19FormatForComparisonIjjE6FormatB5cxx11ERKj
FNDA:0,_ZN7testing8internal19FormatForComparisonImiE6FormatB5cxx11ERKm
FNDA:0,_ZN7testing8internal19FormatForComparisonImmE6FormatB5cxx11ERKm
FNDA:0,_ZN7testing8internal33FormatForComparisonFailureMessageIbbEENSt7__cxx1112basic_stringIcSt11char_traitsIcESaIcEEERKT_RKT0_
FNDA:0,_ZN7testing8internal33FormatForComparisonFailureMessageIimEENSt7__cxx1112basic_stringIcSt11char_traitsIcESaIcEEERKT_RKT0_
FNDA:0,_ZN7testing8internal33FormatForComparisonFailureMessageIjjEENSt7__cxx1112basic_stringIcSt11char_traitsIcESaIcEEERKT_RKT0_
FNDA:0,_ZN7testing8internal33FormatForComparisonFailureMessageImiEENSt7__cxx1112basic_stringIcSt11char_traitsIcESaIcEEERKT_RKT0_
FNDA:0,_ZN7testing8internal33FormatForComparisonFailureMessageImmEENSt7__cxx1112basic_stringIcSt11char_traitsIcESaIcEEERKT_RKT0_
FNDA:0,_ZN7testing8internal7PrintToIiEEvRKT_PSo
FNDA:0,_ZN7testing8internal7PrintToIjEEvRKT_PSo
FNDA:0,_ZN7testing8internal7PrintToImEEvRKT_PSo
FNDA:0,_ZN7testing8internal7PrintToEbPSo
FNDA:0,_ZN7testing8internal16UniversalPrinterIbE5PrintERKbPSo
FNDA:0,_ZN7testing8internal16UniversalPrinterIiE5PrintERKiPSo
FNDA:0,_ZN7testing8internal16UniversalPrinterIjE5PrintERKjPSo
FNDA:0,_ZN7testing8internal16UniversalPrinterImE5PrintERKmPSo
FNF:36
FNH:0
DA:244,0
DA:248,0
DA:249,0
DA:348,0
DA:358,0
DA:359,0
DA:379,0
DA:380,0
DA:459,0
DA:461,0
DA:486,0
DA:487,0
DA:488,0
DA:505,0
DA:506,0
DA:507,0
DA:835,0
DA:844,0
DA:845,0
DA:1025,0
DA:1026,0
DA:1027,0
DA:1144,0
DA:1148,0
DA:1149,0
DA:1184,0
DA:1185,0
DA:1186,0
DA:1187,0
DA:1188,0
LF:30
LH:0
end_of_record
TN:
SF:/usr/local/include/gtest/gtest.h
FN:1374,1380,_ZN7testing8internal18CmpHelperEQFailureIbbEENS_15AssertionResultEPKcS4_RKT_RKT0_
FN:1374,1380,_ZN7testing8internal18CmpHelperEQFailureIimEENS_15AssertionResultEPKcS4_RKT_RKT0_
FN:1374,1380,_ZN7testing8internal18CmpHelperEQFailureIjjEENS_15AssertionResultEPKcS4_RKT_RKT0_
FN:1374,1380,_ZN7testing8internal18CmpHelperEQFailureImiEENS_15AssertionResultEPKcS4_RKT_RKT0_
FN:1374,1380,_ZN7testing8internal18CmpHelperEQFailureImmEENS_15AssertionResultEPKcS4_RKT_RKT0_
FN:1391,1399,_ZN7testing8internal11CmpHelperEQIbbEENS_15AssertionResultEPKcS4_RKT_RKT0_
FN:1391,1399,_ZN7testing8internal11CmpHelperEQIimEENS_15AssertionResultEPKcS4_RKT_RKT0_
FN:1391,1399,_ZN7testing8internal11CmpHelperEQIjjEENS_15AssertionResultEPKcS4_RKT_RKT0_
FN:1391,1399,_ZN7testing8internal11CmpHelperEQImiEENS_15AssertionResultEPKcS4_RKT_RKT0_
FN:1391,1399,_ZN7testing8internal11CmpHelperEQImmEENS_15AssertionResultEPKcS4_RKT_RKT0_
FN:1410,1414,_ZN7testing8internal8EqHelper7CompareIbbLPv0EEENS_15AssertionResultEPKcS6_RKT_RKT0_
FN:1410,1414,_ZN7testing8internal8EqHelper7CompareIimLPv0EEENS_15AssertionResultEPKcS6_RKT_RKT0_
FN:1410,1414,_ZN7testing8internal8EqHelper7CompareIjjLPv0EEENS_15AssertionResultEPKcS6_RKT_RKT0_
FN:1410,1414,_ZN7testing8internal8EqHelper7CompareImiLPv0EEENS_15AssertionResultEPKcS6_RKT_RKT0_
FN:1410,1414,_ZN7testing8internal8EqHelper7CompareImmLPv0EEENS_15AssertionResultEPKcS6_RKT_RKT0_
FN:2334,2334,_Z13RUN_ALL_TESTSv
FN:255,255,_ZN7testing4Test14SetUpTestSuiteEv
FN:263,263,_ZN7testing4Test17TearDownTestSuiteEv
FN:268,268,_ZN7testing4Test16TearDownTestCaseEv
FN:269,269,_ZN7testing4Test13SetUpTestCaseEv
FN:356,356,_ZN7testing4Test5SetupEv
FNDA:0,_ZN7testing8internal18CmpHelperEQFailureIbbEENS_15AssertionResultEPKcS4_RKT_RKT0_
FNDA:0,_ZN7testing8internal18CmpHelperEQFailureIimEENS_15AssertionResultEPKcS4_RKT_RKT0_
FNDA:0,_ZN7testing8internal18CmpHelperEQFailureIjjEENS_15AssertionResultEPKcS4_RKT_RKT0_
FNDA:0,_ZN7testing8internal18CmpHelperEQFailureImiEENS_15AssertionResultEPKcS4_RKT_RKT0_
FNDA:0,_ZN7testing8internal18CmpHelperEQFailureImmEENS_15AssertionResultEPKcS4_RKT_RKT0_
FNDA:6,_ZN7testing8internal11CmpHelperEQIbbEENS_15AssertionResultEPKcS4_RKT_RKT0_
FNDA:26,_ZN7testing8internal11CmpHelperEQIimEENS_15AssertionResultEPKcS4_RKT_RKT0_
FNDA:8,_ZN7testing8internal11CmpHelperEQIjjEENS_15AssertionResultEPKcS4_RKT_RKT0_
FNDA:10,_ZN7testing8internal11CmpHelperEQImiEENS_15AssertionResultEPKcS4_RKT_RKT0_
FNDA:8,_ZN7testing8internal11CmpHelperEQImmEENS_15AssertionResultEPKcS4_RKT_RKT0_
FNDA:6,_ZN7testing8internal8EqHelper7CompareIbbLPv0EEENS_15AssertionResultEPKcS6_RKT_RKT0_
FNDA:26,_ZN7testing8internal8EqHelper7CompareIimLPv0EEENS_15AssertionResultEPKcS6_RKT_RKT0_
FNDA:8,_ZN7testing8internal8EqHelper7CompareIjjLPv0EEENS_15AssertionResultEPKcS6_RKT_RKT0_
FNDA:10,_ZN7testing8internal8EqHelper7CompareImiLPv0EEENS_15AssertionResultEPKcS6_RKT_RKT0_
FNDA:8,_ZN7testing8internal8EqHelper7CompareImmLPv0EEENS_15AssertionResultEPKcS6_RKT_RKT0_
FNDA:2,_Z13RUN_ALL_TESTSv
FNDA:0,_ZN7testing4Test14SetUpTestSuiteEv
FNDA:0,_ZN7testing4Test17TearDownTestSuiteEv
FNDA:0,_ZN7testing4Test16TearDownTestCaseEv
FNDA:0,_ZN7testing4Test13SetUpTestCaseEv
FNDA:0,_ZN7testing4Test5SetupEv
FNF:21
FNH:11
DA:255,0
DA:263,0
DA:268,0
DA:269,0
DA:356,0
DA:1374,0
DA:1378,0
DA:1379,0
DA:1391,58
DA:1394,58
DA:1395,58
DA:1398,0
DA:1410,58
DA:1413,58
DA:2334,2
LF:15
LH:6
end_of_record
TN:
SF:/usr/local/include/gtest/internal/gtest-internal.h
FN:437,437,_ZN7testing8internal15TestFactoryBaseD0Ev
FN:437,437,_ZN7testing8internal15TestFactoryBaseD2Ev
FN:444,444,_ZN7testing8internal15TestFactoryBaseC2Ev
FN:456,456,_ZN7testing8internal15TestFactoryImplI28methods_tests_at_test_1_TestE10CreateTestEv
FN:456,456,_ZN7testing8internal15TestFactoryImplI28methods_tests_at_test_2_TestE10CreateTestEv
FN:456,456,_ZN7testing8internal15TestFactoryImplI28methods_tests_at_test_3_TestE10CreateTestEv
FN:456,456,_ZN7testing8internal15TestFactoryImplI30methods_tests_swap_test_1_TestE10CreateTestEv
FN:456,456,_ZN7testing8internal15TestFactoryImplI31methods_tests_clear_test_1_TestE10CreateTestEv
FN:456,456,_ZN7testing8internal15TestFactoryImplI31methods_tests_clear_test_2_TestE10CreateTestEv
FN:456,456,_ZN7testing8internal15TestFactoryImplI31methods_tests_clear_test_3_TestE10CreateTestEv
FN:456,456,_ZN7testing8internal15TestFactoryImplI31methods_tests_clear_test_4_TestE10CreateTestEv
FN:456,456,_ZN7testing8internal15TestFactoryImplI31methods_tests_erase_test_1_TestE10CreateTestEv
FN:456,456,_ZN7testing8internal15TestFactoryImplI31methods_tests_erase_test_2_TestE10CreateTestEv
FN:456,456,_ZN7testing8internal15TestFactoryImplI31methods_tests_erase_test_3_TestE10CreateTestEv
FN:456,456,_ZN7testing8internal15TestFactoryImplI31methods_tests_erase_test_4_TestE10CreateTestEv
FN:456,456,_ZN7testing8internal15TestFactoryImplI31methods_tests_erase_test_5_TestE10CreateTestEv
FN:456,456,_ZN7testing8internal15TestFactoryImplI32ctors_tests_empty_ctor_test_TestE10CreateTestEv
FN:456,456,_ZN7testing8internal15TestFactoryImplI32methods_tests_insert_test_1_TestE10CreateTestEv
FN:456,456,_ZN7testing8internal15TestFactoryImplI32methods_tests_insert_test_2_TestE10CreateTestEv
FN:456,456,_ZN7testing8internal15TestFactoryImplI32methods_tests_insert_test_3_TestE10CreateTestEv
FN:456,456,_ZN7testing8internal15TestFactoryImplI32methods_tests_insert_test_4_TestE10CreateTestEv
FN:456,456,_ZN7testing8internal15TestFactoryImplI32methods_tests_insert_test_5_TestE10CreateTestEv
FN:456,456,_ZN7testing8internal15TestFactoryImplI34ctors_tests_copy_cstor_test_1_TestE10CreateTestEv
FN:456,456,_ZN7testing8internal15TestFactoryImplI34ctors_tests_copy_cstor_test_2_TestE10CreateTestEv
FN:456,456,_ZN7testing8internal15TestFactoryImplI34ctors_tests_move_cstor_test_1_TestE10CreateTestEv
FN:456,456,_ZN7testing8internal15TestFactoryImplI34ctors_tests_move_cstor_test_2_TestE10CreateTestEv
FN:456,456,_ZN7testing8internal15TestFactoryImplI35methods_tests_rehashing_test_1_TestE10CreateTestEv
FN:456,456,_ZN7testing8internal15TestFactoryImplI35methods_tests_rehashing_test_2_TestE10CreateTestEv
FN:456,456,_ZN7testing8internal15TestFactoryImplI35operators_tests_isEqual_test_1_TestE10CreateTestEv
FN:456,456,_ZN7testing8internal15TestFactoryImplI35operators_tests_isEqual_test_2_TestE10CreateTestEv
FN:456,456,_ZN7testing8internal15TestFactoryImplI35operators_tests_isEqual_test_3_TestE10CreateTestEv
FN:456,456,_ZN7testing8internal15TestFactoryImplI35operators_tests_isEqual_test_4_TestE10CreateTestEv
FN:456,456,_ZN7testing8internal15TestFactoryImplI35operators_tests_isEqual_test_5_TestE10CreateTestEv
FN:456,456,_ZN7testing8internal15TestFactoryImplI36operators_tests_brackets_test_1_TestE10CreateTestEv
FN:456,456,_ZN7testing8internal15TestFactoryImplI36operators_tests_brackets_test_2_TestE10CreateTestEv
FN:456,456,_ZN7testing8internal15TestFactoryImplI38ctors_tests_capacity_cstor_test_1_TestE10CreateTestEv
FN:456,456,_ZN7testing8internal15TestFactoryImplI38ctors_tests_capacity_cstor_test_2_TestE10CreateTestEv
FN:456,456,_ZN7testing8internal15TestFactoryImplI38operators_tests_isNotEqual_test_1_TestE10CreateTestEv
FN:456,456,_ZN7testing8internal15TestFactoryImplI38operators_tests_isNotEqual_test_2_TestE10CreateTestEv
FN:456,456,_ZN7testing8internal15TestFactoryImplI43operators_tests_copy_assignment_test_1_TestE10CreateTestEv
FN:456,456,_ZN7testing8internal15TestFactoryImplI43operators_tests_copy_assignment_test_2_TestE10CreateTestEv
FN:456,456,_ZN7testing8internal15TestFactoryImplI43operators_tests_copy_assignment_test_3_TestE10CreateTestEv
FN:456,456,_ZN7testing8internal15TestFactoryImplI43operators_tests_move_assignment_test_2_TestE10CreateTestEv
FN:456,456,_ZN7testing8internal15TestFactoryImplI43operators_tests_move_assignment_test_3_TestE10CreateTestEv
FN:456,456,_ZN7testing8internal15TestFactoryImplI43operators_tests_move_assignment_test_4_TestE10CreateTestEv
FN:477,478,_ZN7testing8internal12CodeLocationC2ENSt7__cxx1112basic_stringIcSt11char_traitsIcESaIcEEEi
FN:490,493,_ZN7testing8internal19GetNotDefaultOrNullEPFvvES2_
FN:505,524,_ZN7testing8internal16SuiteApiResolverINS_4TestEE19GetSetUpCaseOrSuiteEPKci
FN:526,545,_ZN7testing8internal16SuiteApiResolverINS_4TestEE22GetTearDownCaseOrSuiteEPKci
FN:837,837,_ZN7testing8internal14TrueWithStringC2Ev
FN:840,840,_ZNK7testing8internal14TrueWithStringcvbEv
FNDA:0,_ZN7testing8internal15TestFactoryBaseD0Ev
FNDA:84,_ZN7testing8internal15TestFactoryBaseD2Ev
FNDA:84,_ZN7testing8internal15TestFactoryBaseC2Ev
FNDA:2,_ZN7testing8internal15TestFactoryImplI28methods_tests_at_test_1_TestE10CreateTestEv
FNDA:2,_ZN7testing8internal15TestFactoryImplI28methods_tests_at_test_2_TestE10CreateTestEv
FNDA:2,_ZN7testing8internal15TestFactoryImplI28methods_tests_at_test_3_TestE10CreateTestEv
FNDA:2,_ZN7testing8internal15TestFactoryImplI30methods_tests_swap_test_1_TestE10CreateTestEv
FNDA:2,_ZN7testing8internal15TestFactoryImplI31methods_tests_clear_test_1_TestE10CreateTestEv
FNDA:2,_ZN7testing8internal15TestFactoryImplI31methods_tests_clear_test_2_TestE10CreateTestEv
FNDA:2,_ZN7testing8internal15TestFactoryImplI31methods_tests_clear_test_3_TestE10CreateTestEv
FNDA:2,_ZN7testing8internal15TestFactoryImplI31methods_tests_clear_test_4_TestE10CreateTestEv
FNDA:2,_ZN7testing8internal15TestFactoryImplI31methods_tests_erase_test_1_TestE10CreateTestEv
FNDA:2,_ZN7testing8internal15TestFactoryImplI31methods_tests_erase_test_2_TestE10CreateTestEv
FNDA:2,_ZN7testing8internal15TestFactoryImplI31methods_tests_erase_test_3_TestE10CreateTestEv
FNDA:2,_ZN7testing8internal15TestFactoryImplI31methods_tests_erase_test_4_TestE10CreateTestEv
FNDA:2,_ZN7testing8internal15TestFactoryImplI31methods_tests_erase_test_5_TestE10CreateTestEv
FNDA:2,_ZN7testing8internal15TestFactoryImplI32ctors_tests_empty_ctor_test_TestE10CreateTestEv
FNDA:2,_ZN7testing8internal15TestFactoryImplI32methods_tests_insert_test_1_TestE10CreateTestEv
FNDA:2,_ZN7testing8internal15TestFactoryImplI32methods_tests_insert_test_2_TestE10CreateTestEv
FNDA:2,_ZN7testing8internal15TestFactoryImplI32methods_tests_insert_test_3_TestE10CreateTestEv
FNDA:2,_ZN7testing8internal15TestFactoryImplI32methods_tests_insert_test_4_TestE10CreateTestEv
FNDA:2,_ZN7testing8internal15TestFactoryImplI32methods_tests_insert_test_5_TestE10CreateTestEv
FNDA:2,_ZN7testing8internal15TestFactoryImplI34ctors_tests_copy_cstor_test_1_TestE10CreateTestEv
FNDA:2,_ZN7testing8internal15TestFactoryImplI34ctors_tests_copy_cstor_test_2_TestE10CreateTestEv
FNDA:2,_ZN7testing8internal15TestFactoryImplI34ctors_tests_move_cstor_test_1_TestE10CreateTestEv
FNDA:2,_ZN7testing8internal15TestFactoryImplI34ctors_tests_move_cstor_test_2_TestE10CreateTestEv
FNDA:2,_ZN7testing8internal15TestFactoryImplI35methods_tests_rehashing_test_1_TestE10CreateTestEv
FNDA:2,_ZN7testing8internal15TestFactoryImplI35methods_tests_rehashing_test_2_TestE10CreateTestEv
FNDA:2,_ZN7testing8internal15TestFactoryImplI35operators_tests_isEqual_test_1_TestE10CreateTestEv
FNDA:2,_ZN7testing8internal15TestFactoryImplI35operators_tests_isEqual_test_2_TestE10CreateTestEv
FNDA:2,_ZN7testing8internal15TestFactoryImplI35operators_tests_isEqual_test_3_TestE10CreateTestEv
FNDA:2,_ZN7testing8internal15TestFactoryImplI35operators_tests_isEqual_test_4_TestE10CreateTestEv
FNDA:2,_ZN7testing8internal15TestFactoryImplI35operators_tests_isEqual_test_5_TestE10CreateTestEv
FNDA:2,_ZN7testing8internal15TestFactoryImplI36operators_tests_brackets_test_1_TestE10CreateTestEv
FNDA:2,_ZN7testing8internal15TestFactoryImplI36operators_tests_brackets_test_2_TestE10CreateTestEv
FNDA:2,_ZN7testing8internal15TestFactoryImplI38ctors_tests_capacity_cstor_test_1_TestE10CreateTestEv
FNDA:2,_ZN7testing8internal15TestFactoryImplI38ctors_tests_capacity_cstor_test_2_TestE10CreateTestEv
FNDA:2,_ZN7testing8internal15TestFactoryImplI38operators_tests_isNotEqual_test_1_TestE10CreateTestEv
FNDA:2,_ZN7testing8internal15TestFactoryImplI38operators_tests_isNotEqual_test_2_TestE10CreateTestEv
FNDA:2,_ZN7testing8internal15TestFactoryImplI43operators_tests_copy_assignment_test_1_TestE10CreateTestEv
FNDA:2,_ZN7testing8internal15TestFactoryImplI43operators_tests_copy_assignment_test_2_TestE10CreateTestEv
FNDA:2,_ZN7testing8internal15TestFactoryImplI43operators_tests_copy_assignment_test_3_TestE10CreateTestEv
FNDA:2,_ZN7testing8internal15TestFactoryImplI43operators_tests_move_assignment_test_2_TestE10CreateTestEv
FNDA:2,_ZN7testing8internal15TestFactoryImplI43operators_tests_move_assignment_test_3_TestE10CreateTestEv
FNDA:2,_ZN7testing8internal15TestFactoryImplI43operators_tests_move_assignment_test_4_TestE10CreateTestEv
FNDA:84,_ZN7testing8internal12CodeLocationC2ENSt7__cxx1112basic_stringIcSt11char_traitsIcESaIcEEEi
FNDA:336,_ZN7testing8internal19GetNotDefaultOrNullEPFvvES2_
FNDA:84,_ZN7testing8internal16SuiteApiResolverINS_4TestEE19GetSetUpCaseOrSuiteEPKci
FNDA:84,_ZN7testing8internal16SuiteApiResolverINS_4TestEE22GetTearDownCaseOrSuiteEPKci
FNDA:12,_ZN7testing8internal14TrueWithStringC2Ev
FNDA:12,_ZNK7testing8internal14TrueWithStringcvbEv
FNF:51
FNH:50
DA:437,84
DA:444,84
DA:456,84
DA:477,84
DA:478,84
DA:490,336
DA:492,336
DA:505,84
DA:509,84
DA:511,84
DA:513,84
DA:516,0
DA:518,84
DA:526,84
DA:530,84
DA:532,84
DA:534,84
DA:537,0
DA:539,84
DA:837,12
DA:840,12
LF:21
LH:19
end_of_record
TN:
SF:/usr/local/include/gtest/internal/gtest-port.h
FN:1082,1082,_ZN7testing8internal8GTestLog9GetStreamEv
FNDA:0,_ZN7testing8internal8GTestLog9GetStreamEv
FNF:1
FNH:0
DA:1082,0
LF:1
LH:0
end_of_record
TN:
SF:/usr/local/include/gtest/internal/gtest-type-util.h
FN:61,87,_ZN7testing8internal31CanonicalizeForStdLibVersioningENSt7__cxx1112basic_stringIcSt11char_traitsIcESaIcEEE
FN:91,121,_ZN7testing8internal11GetTypeNameB5cxx11ERKSt9type_info
FNDA:0,_ZN7testing8internal31CanonicalizeForStdLibVersioningENSt7__cxx1112basic_stringIcSt11char_traitsIcESaIcEEE
FNDA:0,_ZN7testing8internal11GetTypeNameB5cxx11ERKSt9type_info
FNF:2
FNH:0
DA:61,0
DA:63,0
DA:64,0
DA:65,0
DA:67,0
DA:74,0
DA:75,0
DA:78,0
DA:79,0
DA:80,0
DA:83,0
DA:84,0
DA:86,0
DA:91,0
DA:92,0
DA:94,0
DA:100,0
DA:101,0
DA:102,0
DA:103,0
DA:121,0
LF:21
LH:0
end_of_record
