TN:
SF:/home/krillin/code/nsu/23203_knyazkov/lab1/src/hashtable.cpp
FN:11,14,_ZN9HashTableC2Ev
FN:112,123,_ZN9HashTable5eraseERKNSt7__cxx1112basic_stringIcSt11char_traitsIcESaIcEEE
FN:129,141,_ZNK9HashTable13linearProbingEmRKNSt7__cxx1112basic_stringIcSt11char_traitsIcESaIcEEENS_10SearchTypeE
FN:146,164,_ZN9HashTable6insertERKNSt7__cxx1112basic_stringIcSt11char_traitsIcESaIcEEERK5Value
FN:16,20,_ZN9HashTableD2Ev
FN:166,172,_ZNK9HashTable2atERKNSt7__cxx1112basic_stringIcSt11char_traitsIcESaIcEEE
FN:174,176,_ZN9HashTable2atERKNSt7__cxx1112basic_stringIcSt11char_traitsIcESaIcEEE
FN:178,180,_ZNK9HashTable8containsERKNSt7__cxx1112basic_stringIcSt11char_traitsIcESaIcEEE
FN:182,187,_ZN9HashTable5clearEv
FN:189,189,_ZNK9HashTable7getSizeEv
FN:190,190,_ZNK9HashTable11getCapacityEv
FN:191,191,_ZNK9HashTable5emptyEv
FN:193,197,_ZN9HashTable4swapERS_
FN:205,223,_ZN9HashTableaSERKS_
FN:219,221,_ZZN9HashTableaSERKS_ENKUlPKNS_8HashNodeEE_clES4_
FN:22,28,_ZN9HashTableC2ERKS_
FN:229,245,_ZN9HashTableaSEOS_
FN:248,260,_ZN9HashTableixERKNSt7__cxx1112basic_stringIcSt11char_traitsIcESaIcEEE
FN:263,277,_ZeqRK9HashTableS1_
FN:27,27,_ZZN9HashTableC4ERKS_ENKUlPNS_8HashNodeEE_clES3_
FN:279,279,_ZneRK9HashTableS1_
FN:30,37,_ZN9HashTableC2Em
FN:39,44,_ZN9HashTableC2EOS_
FN:59,59,_ZNK9HashTable4hashERKNSt7__cxx1112basic_stringIcSt11char_traitsIcESaIcEEE
FN:61,63,_ZNK9HashTable13getLoadFactorEv
FN:65,72,_ZN9HashTable11deleteTableEv
FN:76,96,_ZN9HashTable14rehashIfNeededEv
FN:98,108,_ZNK9HashTable4findERKNSt7__cxx1112basic_stringIcSt11char_traitsIcESaIcEEE
FNDA:36,_ZN9HashTableC2Ev
FNDA:207,_ZN9HashTable5eraseERKNSt7__cxx1112basic_stringIcSt11char_traitsIcESaIcEEE
FNDA:1548,_ZNK9HashTable13linearProbingEmRKNSt7__cxx1112basic_stringIcSt11char_traitsIcESaIcEEENS_10SearchTypeE
FNDA:1401,_ZN9HashTable6insertERKNSt7__cxx1112basic_stringIcSt11char_traitsIcESaIcEEERK5Value
FNDA:90,_ZN9HashTableD2Ev
FNDA:8,_ZNK9HashTable2atERKNSt7__cxx1112basic_stringIcSt11char_traitsIcESaIcEEE
FNDA:4,_ZN9HashTable2atERKNSt7__cxx1112basic_stringIcSt11char_traitsIcESaIcEEE
FNDA:9,_ZNK9HashTable8containsERKNSt7__cxx1112basic_stringIcSt11char_traitsIcESaIcEEE
FNDA:5,_ZN9HashTable5clearEv
FNDA:169,_ZNK9HashTable7getSizeEv
FNDA:60,_ZNK9HashTable11getCapacityEv
FNDA:1,_ZNK9HashTable5emptyEv
FNDA:1,_ZN9HashTable4swapERS_
FNDA:3,_ZN9HashTableaSERKS_
FNDA:20,_ZZN9HashTableaSERKS_ENKUlPKNS_8HashNodeEE_clES4_
FNDA:1,_ZN9HashTableC2ERKS_
FNDA:3,_ZN9HashTableaSEOS_
FNDA:14,_ZN9HashTableixERKNSt7__cxx1112basic_stringIcSt11char_traitsIcESaIcEEE
FNDA:210,_ZeqRK9HashTableS1_
FNDA:10,_ZZN9HashTableC4ERKS_ENKUlPNS_8HashNodeEE_clES3_
FNDA:205,_ZneRK9HashTableS1_
FNDA:53,_ZN9HashTableC2Em
FNDA:2,_ZN9HashTableC2EOS_
FNDA:1639,_ZNK9HashTable4hashERKNSt7__cxx1112basic_stringIcSt11char_traitsIcESaIcEEE
FNDA:1401,_ZNK9HashTable13getLoadFactorEv
FNDA:60,_ZN9HashTable11deleteTableEv
FNDA:1401,_ZN9HashTable14rehashIfNeededEv
FNDA:224,_ZNK9HashTable4findERKNSt7__cxx1112basic_stringIcSt11char_traitsIcESaIcEEE
FNF:28
FNH:28
DA:11,36
DA:12,36
DA:13,36
DA:14,36
DA:16,90
DA:17,90
DA:18,51
DA:20,90
DA:22,1
DA:23,1
DA:24,1
DA:25,1
DA:26,1
DA:27,10
DA:28,1
DA:30,53
DA:31,53
DA:32,2
DA:34,51
DA:35,51
DA:36,51
DA:37,51
DA:39,2
DA:40,2
DA:41,2
DA:42,2
DA:43,2
DA:44,2
DA:59,1639
DA:61,1401
DA:62,1401
DA:65,60
DA:66,1872
DA:67,1812
DA:68,382
DA:71,60
DA:72,60
DA:76,1401
DA:77,1401
DA:78,1401
DA:79,35
DA:80,1366
DA:82,35
DA:83,35
DA:84,35
DA:86,1391
DA:87,1356
DA:88,818
DA:89,818
DA:90,818
DA:93,35
DA:94,35
DA:95,35
DA:96,35
DA:98,224
DA:99,224
DA:100,224
DA:102,224
DA:103,16
DA:105,208
DA:107,208
DA:112,207
DA:113,207
DA:114,207
DA:115,1
DA:117,206
DA:119,206
DA:120,206
DA:121,206
DA:122,206
DA:129,1548
DA:130,1548
DA:132,60144
DA:133,71069
DA:134,15029
DA:135,4097
DA:136,1541
DA:138,58596
DA:140,7
DA:146,1401
DA:147,1401
DA:148,1401
DA:150,1401
DA:151,1326
DA:154,1401
DA:155,1401
DA:156,1401
DA:157,1401
DA:158,1401
DA:160,0
DA:163,0
DA:166,8
DA:167,8
DA:168,8
DA:169,2
DA:171,6
DA:174,4
DA:175,4
DA:178,9
DA:179,9
DA:182,5
DA:183,5
DA:184,5
DA:185,5
DA:186,5
DA:187,5
DA:189,169
DA:190,60
DA:191,1
DA:193,1
DA:194,1
DA:195,1
DA:196,1
DA:197,1
DA:205,3
DA:206,3
DA:207,1
DA:211,2
DA:214,2
DA:215,2
DA:216,2
DA:218,2
DA:219,20
DA:220,20
DA:222,2
DA:229,3
DA:230,3
DA:231,1
DA:234,2
DA:236,2
DA:237,2
DA:238,2
DA:240,2
DA:241,2
DA:242,2
DA:244,2
DA:248,14
DA:249,14
DA:250,14
DA:252,14
DA:253,12
DA:256,2
DA:257,2
DA:259,2
DA:263,210
DA:264,210
DA:265,205
DA:267,342
DA:268,339
DA:269,4
DA:271,4
DA:272,2
DA:276,3
DA:279,205
LF:154
LH:152
end_of_record
TN:
SF:/home/krillin/code/nsu/23203_knyazkov/lab1/src/hashtable.h
FN:11,13,_ZNK5ValueeqERKS_
FN:15,15,_ZNK5ValueneERKS_
FN:61,61,_ZN9HashTable8HashNodeC2Ev
FN:62,62,_ZN9HashTable8HashNodeD2Ev
FN:63,63,_ZN9HashTable8HashNodeC2ENSt7__cxx1112basic_stringIcSt11char_traitsIcESaIcEEE5Value
FN:64,64,_ZN9HashTable8HashNodeC2ERKS0_
FNDA:12,_ZNK5ValueeqERKS_
FNDA:4,_ZNK5ValueneERKS_
FNDA:2,_ZN9HashTable8HashNodeC2Ev
FNDA:1406,_ZN9HashTable8HashNodeD2Ev
FNDA:1401,_ZN9HashTable8HashNodeC2ENSt7__cxx1112basic_stringIcSt11char_traitsIcESaIcEEE5Value
FNDA:5,_ZN9HashTable8HashNodeC2ERKS0_
FNF:6
FNH:6
DA:11,12
DA:12,12
DA:15,4
DA:61,2
DA:62,1406
DA:63,1401
DA:64,5
LF:7
LH:7
end_of_record
TN:
SF:/home/krillin/code/nsu/23203_knyazkov/lab1/test/src/all_tests.cc
FN:103,103,_ZN43operators_tests_copy_assignment_test_2_Test8TestBodyEv
FN:103,103,_ZN43operators_tests_copy_assignment_test_2_TestC2Ev
FN:103,103,_ZN43operators_tests_copy_assignment_test_2_TestD0Ev
FN:103,103,_ZN43operators_tests_copy_assignment_test_2_TestD2Ev
FN:109,109,_ZN43operators_tests_copy_assignment_test_3_Test8TestBodyEv
FN:109,109,_ZN43operators_tests_copy_assignment_test_3_TestC2Ev
FN:109,109,_ZN43operators_tests_copy_assignment_test_3_TestD0Ev
FN:109,109,_ZN43operators_tests_copy_assignment_test_3_TestD2Ev
FN:134,134,_ZN43operators_tests_move_assignment_test_2_Test8TestBodyEv
FN:134,134,_ZN43operators_tests_move_assignment_test_2_TestC2Ev
FN:134,134,_ZN43operators_tests_move_assignment_test_2_TestD0Ev
FN:134,134,_ZN43operators_tests_move_assignment_test_2_TestD2Ev
FN:146,146,_ZN43operators_tests_move_assignment_test_3_Test8TestBodyEv
FN:146,146,_ZN43operators_tests_move_assignment_test_3_TestC2Ev
FN:146,146,_ZN43operators_tests_move_assignment_test_3_TestD0Ev
FN:146,146,_ZN43operators_tests_move_assignment_test_3_TestD2Ev
FN:15,15,_ZN34ctors_tests_copy_cstor_test_1_Test8TestBodyEv
FN:15,15,_ZN34ctors_tests_copy_cstor_test_1_TestC2Ev
FN:15,15,_ZN34ctors_tests_copy_cstor_test_1_TestD0Ev
FN:15,15,_ZN34ctors_tests_copy_cstor_test_1_TestD2Ev
FN:151,151,_ZN43operators_tests_move_assignment_test_4_Test8TestBodyEv
FN:151,151,_ZN43operators_tests_move_assignment_test_4_TestC2Ev
FN:151,151,_ZN43operators_tests_move_assignment_test_4_TestD0Ev
FN:151,151,_ZN43operators_tests_move_assignment_test_4_TestD2Ev
FN:167,174,_ZN35operators_tests_isEqual_test_1_Test8TestBodyEv
FN:167,174,_ZN35operators_tests_isEqual_test_1_TestC2Ev
FN:167,174,_ZN35operators_tests_isEqual_test_1_TestD0Ev
FN:167,174,_ZN35operators_tests_isEqual_test_1_TestD2Ev
FN:176,183,_ZN35operators_tests_isEqual_test_2_Test8TestBodyEv
FN:176,183,_ZN35operators_tests_isEqual_test_2_TestC2Ev
FN:176,183,_ZN35operators_tests_isEqual_test_2_TestD0Ev
FN:176,183,_ZN35operators_tests_isEqual_test_2_TestD2Ev
FN:185,185,_ZN35operators_tests_isEqual_test_3_Test8TestBodyEv
FN:185,185,_ZN35operators_tests_isEqual_test_3_TestC2Ev
FN:185,185,_ZN35operators_tests_isEqual_test_3_TestD0Ev
FN:185,185,_ZN35operators_tests_isEqual_test_3_TestD2Ev
FN:193,193,_ZN35operators_tests_isEqual_test_4_Test8TestBodyEv
FN:193,193,_ZN35operators_tests_isEqual_test_4_TestC2Ev
FN:193,193,_ZN35operators_tests_isEqual_test_4_TestD0Ev
FN:193,193,_ZN35operators_tests_isEqual_test_4_TestD2Ev
FN:204,204,_ZN35operators_tests_isEqual_test_5_Test8TestBodyEv
FN:204,204,_ZN35operators_tests_isEqual_test_5_TestC2Ev
FN:204,204,_ZN35operators_tests_isEqual_test_5_TestD0Ev
FN:204,204,_ZN35operators_tests_isEqual_test_5_TestD2Ev
FN:221,221,_ZN38operators_tests_isNotEqual_test_1_Test8TestBodyEv
FN:221,221,_ZN38operators_tests_isNotEqual_test_1_TestC2Ev
FN:221,221,_ZN38operators_tests_isNotEqual_test_1_TestD0Ev
FN:221,221,_ZN38operators_tests_isNotEqual_test_1_TestD2Ev
FN:229,229,_ZN38operators_tests_isNotEqual_test_2_Test8TestBodyEv
FN:229,229,_ZN38operators_tests_isNotEqual_test_2_TestC2Ev
FN:229,229,_ZN38operators_tests_isNotEqual_test_2_TestD0Ev
FN:229,229,_ZN38operators_tests_isNotEqual_test_2_TestD2Ev
FN:238,238,_ZN32methods_tests_insert_test_1_Test8TestBodyEv
FN:238,238,_ZN32methods_tests_insert_test_1_TestC2Ev
FN:238,238,_ZN32methods_tests_insert_test_1_TestD0Ev
FN:238,238,_ZN32methods_tests_insert_test_1_TestD2Ev
FN:24,24,_ZN34ctors_tests_copy_cstor_test_2_Test8TestBodyEv
FN:24,24,_ZN34ctors_tests_copy_cstor_test_2_TestC2Ev
FN:24,24,_ZN34ctors_tests_copy_cstor_test_2_TestD0Ev
FN:24,24,_ZN34ctors_tests_copy_cstor_test_2_TestD2Ev
FN:246,253,_ZN32methods_tests_insert_test_2_Test8TestBodyEv
FN:246,253,_ZN32methods_tests_insert_test_2_TestC2Ev
FN:246,253,_ZN32methods_tests_insert_test_2_TestD0Ev
FN:246,253,_ZN32methods_tests_insert_test_2_TestD2Ev
FN:255,261,_ZN32methods_tests_insert_test_3_Test8TestBodyEv
FN:255,261,_ZN32methods_tests_insert_test_3_TestC2Ev
FN:255,261,_ZN32methods_tests_insert_test_3_TestD0Ev
FN:255,261,_ZN32methods_tests_insert_test_3_TestD2Ev
FN:263,271,_ZN32methods_tests_insert_test_4_Test8TestBodyEv
FN:263,271,_ZN32methods_tests_insert_test_4_TestC2Ev
FN:263,271,_ZN32methods_tests_insert_test_4_TestD0Ev
FN:263,271,_ZN32methods_tests_insert_test_4_TestD2Ev
FN:273,273,_ZN32methods_tests_insert_test_5_Test8TestBodyEv
FN:273,273,_ZN32methods_tests_insert_test_5_TestC2Ev
FN:273,273,_ZN32methods_tests_insert_test_5_TestD0Ev
FN:273,273,_ZN32methods_tests_insert_test_5_TestD2Ev
FN:28,28,_ZN38ctors_tests_capacity_cstor_test_1_Test8TestBodyEv
FN:28,28,_ZN38ctors_tests_capacity_cstor_test_1_TestC2Ev
FN:28,28,_ZN38ctors_tests_capacity_cstor_test_1_TestD0Ev
FN:28,28,_ZN38ctors_tests_capacity_cstor_test_1_TestD2Ev
FN:294,294,_ZN35methods_tests_rehashing_test_1_Test8TestBodyEv
FN:294,294,_ZN35methods_tests_rehashing_test_1_TestC2Ev
FN:294,294,_ZN35methods_tests_rehashing_test_1_TestD0Ev
FN:294,294,_ZN35methods_tests_rehashing_test_1_TestD2Ev
FN:303,312,_ZN35methods_tests_rehashing_test_2_Test8TestBodyEv
FN:303,312,_ZN35methods_tests_rehashing_test_2_TestC2Ev
FN:303,312,_ZN35methods_tests_rehashing_test_2_TestD0Ev
FN:303,312,_ZN35methods_tests_rehashing_test_2_TestD2Ev
FN:314,318,_ZN31methods_tests_erase_test_1_Test8TestBodyEv
FN:314,318,_ZN31methods_tests_erase_test_1_TestC2Ev
FN:314,318,_ZN31methods_tests_erase_test_1_TestD0Ev
FN:314,318,_ZN31methods_tests_erase_test_1_TestD2Ev
FN:320,325,_ZN31methods_tests_erase_test_2_Test8TestBodyEv
FN:320,325,_ZN31methods_tests_erase_test_2_TestC2Ev
FN:320,325,_ZN31methods_tests_erase_test_2_TestD0Ev
FN:320,325,_ZN31methods_tests_erase_test_2_TestD2Ev
FN:327,332,_ZN31methods_tests_erase_test_3_Test8TestBodyEv
FN:327,332,_ZN31methods_tests_erase_test_3_TestC2Ev
FN:327,332,_ZN31methods_tests_erase_test_3_TestD0Ev
FN:327,332,_ZN31methods_tests_erase_test_3_TestD2Ev
FN:334,334,_ZN31methods_tests_erase_test_4_Test8TestBodyEv
FN:334,334,_ZN31methods_tests_erase_test_4_TestC2Ev
FN:334,334,_ZN31methods_tests_erase_test_4_TestD0Ev
FN:334,334,_ZN31methods_tests_erase_test_4_TestD2Ev
FN:340,340,_ZN31methods_tests_erase_test_5_Test8TestBodyEv
FN:340,340,_ZN31methods_tests_erase_test_5_TestC2Ev
FN:340,340,_ZN31methods_tests_erase_test_5_TestD0Ev
FN:340,340,_ZN31methods_tests_erase_test_5_TestD2Ev
FN:36,38,_ZN38ctors_tests_capacity_cstor_test_2_Test8TestBodyEv
FN:36,38,_ZN38ctors_tests_capacity_cstor_test_2_TestC2Ev
FN:36,38,_ZN38ctors_tests_capacity_cstor_test_2_TestD0Ev
FN:36,38,_ZN38ctors_tests_capacity_cstor_test_2_TestD2Ev
FN:40,40,_ZN34ctors_tests_move_cstor_test_1_Test8TestBodyEv
FN:40,40,_ZN34ctors_tests_move_cstor_test_1_TestC2Ev
FN:40,40,_ZN34ctors_tests_move_cstor_test_1_TestD0Ev
FN:40,40,_ZN34ctors_tests_move_cstor_test_1_TestD2Ev
FN:421,421,_ZN31methods_tests_clear_test_1_Test8TestBodyEv
FN:421,421,_ZN31methods_tests_clear_test_1_TestC2Ev
FN:421,421,_ZN31methods_tests_clear_test_1_TestD0Ev
FN:421,421,_ZN31methods_tests_clear_test_1_TestD2Ev
FN:431,431,_ZN31methods_tests_clear_test_2_Test8TestBodyEv
FN:431,431,_ZN31methods_tests_clear_test_2_TestC2Ev
FN:431,431,_ZN31methods_tests_clear_test_2_TestD0Ev
FN:431,431,_ZN31methods_tests_clear_test_2_TestD2Ev
FN:437,437,_ZN31methods_tests_clear_test_3_Test8TestBodyEv
FN:437,437,_ZN31methods_tests_clear_test_3_TestC2Ev
FN:437,437,_ZN31methods_tests_clear_test_3_TestD0Ev
FN:437,437,_ZN31methods_tests_clear_test_3_TestD2Ev
FN:443,443,_ZN31methods_tests_clear_test_4_Test8TestBodyEv
FN:443,443,_ZN31methods_tests_clear_test_4_TestC2Ev
FN:443,443,_ZN31methods_tests_clear_test_4_TestD0Ev
FN:443,443,_ZN31methods_tests_clear_test_4_TestD2Ev
FN:456,456,_ZN28methods_tests_at_test_1_Test8TestBodyEv
FN:456,456,_ZN28methods_tests_at_test_1_TestC2Ev
FN:456,456,_ZN28methods_tests_at_test_1_TestD0Ev
FN:456,456,_ZN28methods_tests_at_test_1_TestD2Ev
FN:468,468,_ZN28methods_tests_at_test_2_Test8TestBodyEv
FN:468,468,_ZN28methods_tests_at_test_2_TestC2Ev
FN:468,468,_ZN28methods_tests_at_test_2_TestD0Ev
FN:468,468,_ZN28methods_tests_at_test_2_TestD2Ev
FN:476,476,_ZN28methods_tests_at_test_3_Test8TestBodyEv
FN:476,476,_ZN28methods_tests_at_test_3_TestC2Ev
FN:476,476,_ZN28methods_tests_at_test_3_TestD0Ev
FN:476,476,_ZN28methods_tests_at_test_3_TestD2Ev
FN:481,481,_ZN30methods_tests_swap_test_1_Test8TestBodyEv
FN:481,481,_ZN30methods_tests_swap_test_1_TestC2Ev
FN:481,481,_ZN30methods_tests_swap_test_1_TestD0Ev
FN:481,481,_ZN30methods_tests_swap_test_1_TestD2Ev
FN:496,499,main
FN:51,51,_ZN34ctors_tests_move_cstor_test_2_Test8TestBodyEv
FN:51,51,_ZN34ctors_tests_move_cstor_test_2_TestC2Ev
FN:51,51,_ZN34ctors_tests_move_cstor_test_2_TestD0Ev
FN:51,51,_ZN34ctors_tests_move_cstor_test_2_TestD2Ev
FN:71,71,_ZN36operators_tests_brackets_test_1_Test8TestBodyEv
FN:71,71,_ZN36operators_tests_brackets_test_1_TestC2Ev
FN:71,71,_ZN36operators_tests_brackets_test_1_TestD0Ev
FN:71,71,_ZN36operators_tests_brackets_test_1_TestD2Ev
FN:78,78,_ZN36operators_tests_brackets_test_2_Test8TestBodyEv
FN:78,78,_ZN36operators_tests_brackets_test_2_TestC2Ev
FN:78,78,_ZN36operators_tests_brackets_test_2_TestD0Ev
FN:78,78,_ZN36operators_tests_brackets_test_2_TestD2Ev
FN:8,8,_ZN32ctors_tests_empty_ctor_test_Test8TestBodyEv
FN:8,8,_ZN32ctors_tests_empty_ctor_test_TestC2Ev
FN:8,8,_ZN32ctors_tests_empty_ctor_test_TestD0Ev
FN:8,8,_ZN32ctors_tests_empty_ctor_test_TestD2Ev
FN:84,84,_ZN43operators_tests_copy_assignment_test_1_Test8TestBodyEv
FN:84,84,_ZN43operators_tests_copy_assignment_test_1_TestC2Ev
FN:84,84,_ZN43operators_tests_copy_assignment_test_1_TestD0Ev
FN:84,84,_ZN43operators_tests_copy_assignment_test_1_TestD2Ev
FNDA:1,_ZN43operators_tests_copy_assignment_test_2_Test8TestBodyEv
FNDA:1,_ZN43operators_tests_copy_assignment_test_2_TestC2Ev
FNDA:1,_ZN43operators_tests_copy_assignment_test_2_TestD0Ev
FNDA:1,_ZN43operators_tests_copy_assignment_test_2_TestD2Ev
FNDA:1,_ZN43operators_tests_copy_assignment_test_3_Test8TestBodyEv
FNDA:1,_ZN43operators_tests_copy_assignment_test_3_TestC2Ev
FNDA:1,_ZN43operators_tests_copy_assignment_test_3_TestD0Ev
FNDA:1,_ZN43operators_tests_copy_assignment_test_3_TestD2Ev
FNDA:1,_ZN43operators_tests_move_assignment_test_2_Test8TestBodyEv
FNDA:1,_ZN43operators_tests_move_assignment_test_2_TestC2Ev
FNDA:1,_ZN43operators_tests_move_assignment_test_2_TestD0Ev
FNDA:1,_ZN43operators_tests_move_assignment_test_2_TestD2Ev
FNDA:1,_ZN43operators_tests_move_assignment_test_3_Test8TestBodyEv
FNDA:1,_ZN43operators_tests_move_assignment_test_3_TestC2Ev
FNDA:1,_ZN43operators_tests_move_assignment_test_3_TestD0Ev
FNDA:1,_ZN43operators_tests_move_assignment_test_3_TestD2Ev
FNDA:1,_ZN34ctors_tests_copy_cstor_test_1_Test8TestBodyEv
FNDA:1,_ZN34ctors_tests_copy_cstor_test_1_TestC2Ev
FNDA:1,_ZN34ctors_tests_copy_cstor_test_1_TestD0Ev
FNDA:1,_ZN34ctors_tests_copy_cstor_test_1_TestD2Ev
FNDA:1,_ZN43operators_tests_move_assignment_test_4_Test8TestBodyEv
FNDA:1,_ZN43operators_tests_move_assignment_test_4_TestC2Ev
FNDA:1,_ZN43operators_tests_move_assignment_test_4_TestD0Ev
FNDA:1,_ZN43operators_tests_move_assignment_test_4_TestD2Ev
FNDA:1,_ZN35operators_tests_isEqual_test_1_Test8TestBodyEv
FNDA:1,_ZN35operators_tests_isEqual_test_1_TestC2Ev
FNDA:1,_ZN35operators_tests_isEqual_test_1_TestD0Ev
FNDA:1,_ZN35operators_tests_isEqual_test_1_TestD2Ev
FNDA:1,_ZN35operators_tests_isEqual_test_2_Test8TestBodyEv
FNDA:1,_ZN35operators_tests_isEqual_test_2_TestC2Ev
FNDA:1,_ZN35operators_tests_isEqual_test_2_TestD0Ev
FNDA:1,_ZN35operators_tests_isEqual_test_2_TestD2Ev
FNDA:1,_ZN35operators_tests_isEqual_test_3_Test8TestBodyEv
FNDA:1,_ZN35operators_tests_isEqual_test_3_TestC2Ev
FNDA:1,_ZN35operators_tests_isEqual_test_3_TestD0Ev
FNDA:1,_ZN35operators_tests_isEqual_test_3_TestD2Ev
FNDA:1,_ZN35operators_tests_isEqual_test_4_Test8TestBodyEv
FNDA:1,_ZN35operators_tests_isEqual_test_4_TestC2Ev
FNDA:1,_ZN35operators_tests_isEqual_test_4_TestD0Ev
FNDA:1,_ZN35operators_tests_isEqual_test_4_TestD2Ev
FNDA:1,_ZN35operators_tests_isEqual_test_5_Test8TestBodyEv
FNDA:1,_ZN35operators_tests_isEqual_test_5_TestC2Ev
FNDA:1,_ZN35operators_tests_isEqual_test_5_TestD0Ev
FNDA:1,_ZN35operators_tests_isEqual_test_5_TestD2Ev
FNDA:1,_ZN38operators_tests_isNotEqual_test_1_Test8TestBodyEv
FNDA:1,_ZN38operators_tests_isNotEqual_test_1_TestC2Ev
FNDA:1,_ZN38operators_tests_isNotEqual_test_1_TestD0Ev
FNDA:1,_ZN38operators_tests_isNotEqual_test_1_TestD2Ev
FNDA:1,_ZN38operators_tests_isNotEqual_test_2_Test8TestBodyEv
FNDA:1,_ZN38operators_tests_isNotEqual_test_2_TestC2Ev
FNDA:1,_ZN38operators_tests_isNotEqual_test_2_TestD0Ev
FNDA:1,_ZN38operators_tests_isNotEqual_test_2_TestD2Ev
FNDA:1,_ZN32methods_tests_insert_test_1_Test8TestBodyEv
FNDA:1,_ZN32methods_tests_insert_test_1_TestC2Ev
FNDA:1,_ZN32methods_tests_insert_test_1_TestD0Ev
FNDA:1,_ZN32methods_tests_insert_test_1_TestD2Ev
FNDA:1,_ZN34ctors_tests_copy_cstor_test_2_Test8TestBodyEv
FNDA:1,_ZN34ctors_tests_copy_cstor_test_2_TestC2Ev
FNDA:1,_ZN34ctors_tests_copy_cstor_test_2_TestD0Ev
FNDA:1,_ZN34ctors_tests_copy_cstor_test_2_TestD2Ev
FNDA:1,_ZN32methods_tests_insert_test_2_Test8TestBodyEv
FNDA:1,_ZN32methods_tests_insert_test_2_TestC2Ev
FNDA:1,_ZN32methods_tests_insert_test_2_TestD0Ev
FNDA:1,_ZN32methods_tests_insert_test_2_TestD2Ev
FNDA:1,_ZN32methods_tests_insert_test_3_Test8TestBodyEv
FNDA:1,_ZN32methods_tests_insert_test_3_TestC2Ev
FNDA:1,_ZN32methods_tests_insert_test_3_TestD0Ev
FNDA:1,_ZN32methods_tests_insert_test_3_TestD2Ev
FNDA:1,_ZN32methods_tests_insert_test_4_Test8TestBodyEv
FNDA:1,_ZN32methods_tests_insert_test_4_TestC2Ev
FNDA:1,_ZN32methods_tests_insert_test_4_TestD0Ev
FNDA:1,_ZN32methods_tests_insert_test_4_TestD2Ev
FNDA:1,_ZN32methods_tests_insert_test_5_Test8TestBodyEv
FNDA:1,_ZN32methods_tests_insert_test_5_TestC2Ev
FNDA:1,_ZN32methods_tests_insert_test_5_TestD0Ev
FNDA:1,_ZN32methods_tests_insert_test_5_TestD2Ev
FNDA:1,_ZN38ctors_tests_capacity_cstor_test_1_Test8TestBodyEv
FNDA:1,_ZN38ctors_tests_capacity_cstor_test_1_TestC2Ev
FNDA:1,_ZN38ctors_tests_capacity_cstor_test_1_TestD0Ev
FNDA:1,_ZN38ctors_tests_capacity_cstor_test_1_TestD2Ev
FNDA:1,_ZN35methods_tests_rehashing_test_1_Test8TestBodyEv
FNDA:1,_ZN35methods_tests_rehashing_test_1_TestC2Ev
FNDA:1,_ZN35methods_tests_rehashing_test_1_TestD0Ev
FNDA:1,_ZN35methods_tests_rehashing_test_1_TestD2Ev
FNDA:1,_ZN35methods_tests_rehashing_test_2_Test8TestBodyEv
FNDA:1,_ZN35methods_tests_rehashing_test_2_TestC2Ev
FNDA:1,_ZN35methods_tests_rehashing_test_2_TestD0Ev
FNDA:1,_ZN35methods_tests_rehashing_test_2_TestD2Ev
FNDA:1,_ZN31methods_tests_erase_test_1_Test8TestBodyEv
FNDA:1,_ZN31methods_tests_erase_test_1_TestC2Ev
FNDA:1,_ZN31methods_tests_erase_test_1_TestD0Ev
FNDA:1,_ZN31methods_tests_erase_test_1_TestD2Ev
FNDA:1,_ZN31methods_tests_erase_test_2_Test8TestBodyEv
FNDA:1,_ZN31methods_tests_erase_test_2_TestC2Ev
FNDA:1,_ZN31methods_tests_erase_test_2_TestD0Ev
FNDA:1,_ZN31methods_tests_erase_test_2_TestD2Ev
FNDA:1,_ZN31methods_tests_erase_test_3_Test8TestBodyEv
FNDA:1,_ZN31methods_tests_erase_test_3_TestC2Ev
FNDA:1,_ZN31methods_tests_erase_test_3_TestD0Ev
FNDA:1,_ZN31methods_tests_erase_test_3_TestD2Ev
FNDA:1,_ZN31methods_tests_erase_test_4_Test8TestBodyEv
FNDA:1,_ZN31methods_tests_erase_test_4_TestC2Ev
FNDA:1,_ZN31methods_tests_erase_test_4_TestD0Ev
FNDA:1,_ZN31methods_tests_erase_test_4_TestD2Ev
FNDA:1,_ZN31methods_tests_erase_test_5_Test8TestBodyEv
FNDA:1,_ZN31methods_tests_erase_test_5_TestC2Ev
FNDA:1,_ZN31methods_tests_erase_test_5_TestD0Ev
FNDA:1,_ZN31methods_tests_erase_test_5_TestD2Ev
FNDA:1,_ZN38ctors_tests_capacity_cstor_test_2_Test8TestBodyEv
FNDA:1,_ZN38ctors_tests_capacity_cstor_test_2_TestC2Ev
FNDA:1,_ZN38ctors_tests_capacity_cstor_test_2_TestD0Ev
FNDA:1,_ZN38ctors_tests_capacity_cstor_test_2_TestD2Ev
FNDA:1,_ZN34ctors_tests_move_cstor_test_1_Test8TestBodyEv
FNDA:1,_ZN34ctors_tests_move_cstor_test_1_TestC2Ev
FNDA:1,_ZN34ctors_tests_move_cstor_test_1_TestD0Ev
FNDA:1,_ZN34ctors_tests_move_cstor_test_1_TestD2Ev
FNDA:1,_ZN31methods_tests_clear_test_1_Test8TestBodyEv
FNDA:1,_ZN31methods_tests_clear_test_1_TestC2Ev
FNDA:1,_ZN31methods_tests_clear_test_1_TestD0Ev
FNDA:1,_ZN31methods_tests_clear_test_1_TestD2Ev
FNDA:1,_ZN31methods_tests_clear_test_2_Test8TestBodyEv
FNDA:1,_ZN31methods_tests_clear_test_2_TestC2Ev
FNDA:1,_ZN31methods_tests_clear_test_2_TestD0Ev
FNDA:1,_ZN31methods_tests_clear_test_2_TestD2Ev
FNDA:1,_ZN31methods_tests_clear_test_3_Test8TestBodyEv
FNDA:1,_ZN31methods_tests_clear_test_3_TestC2Ev
FNDA:1,_ZN31methods_tests_clear_test_3_TestD0Ev
FNDA:1,_ZN31methods_tests_clear_test_3_TestD2Ev
FNDA:1,_ZN31methods_tests_clear_test_4_Test8TestBodyEv
FNDA:1,_ZN31methods_tests_clear_test_4_TestC2Ev
FNDA:1,_ZN31methods_tests_clear_test_4_TestD0Ev
FNDA:1,_ZN31methods_tests_clear_test_4_TestD2Ev
FNDA:1,_ZN28methods_tests_at_test_1_Test8TestBodyEv
FNDA:1,_ZN28methods_tests_at_test_1_TestC2Ev
FNDA:1,_ZN28methods_tests_at_test_1_TestD0Ev
FNDA:1,_ZN28methods_tests_at_test_1_TestD2Ev
FNDA:1,_ZN28methods_tests_at_test_2_Test8TestBodyEv
FNDA:1,_ZN28methods_tests_at_test_2_TestC2Ev
FNDA:1,_ZN28methods_tests_at_test_2_TestD0Ev
FNDA:1,_ZN28methods_tests_at_test_2_TestD2Ev
FNDA:1,_ZN28methods_tests_at_test_3_Test8TestBodyEv
FNDA:1,_ZN28methods_tests_at_test_3_TestC2Ev
FNDA:1,_ZN28methods_tests_at_test_3_TestD0Ev
FNDA:1,_ZN28methods_tests_at_test_3_TestD2Ev
FNDA:1,_ZN30methods_tests_swap_test_1_Test8TestBodyEv
FNDA:1,_ZN30methods_tests_swap_test_1_TestC2Ev
FNDA:1,_ZN30methods_tests_swap_test_1_TestD0Ev
FNDA:1,_ZN30methods_tests_swap_test_1_TestD2Ev
FNDA:1,main
FNDA:1,_ZN34ctors_tests_move_cstor_test_2_Test8TestBodyEv
FNDA:1,_ZN34ctors_tests_move_cstor_test_2_TestC2Ev
FNDA:1,_ZN34ctors_tests_move_cstor_test_2_TestD0Ev
FNDA:1,_ZN34ctors_tests_move_cstor_test_2_TestD2Ev
FNDA:1,_ZN36operators_tests_brackets_test_1_Test8TestBodyEv
FNDA:1,_ZN36operators_tests_brackets_test_1_TestC2Ev
FNDA:1,_ZN36operators_tests_brackets_test_1_TestD0Ev
FNDA:1,_ZN36operators_tests_brackets_test_1_TestD2Ev
FNDA:1,_ZN36operators_tests_brackets_test_2_Test8TestBodyEv
FNDA:1,_ZN36operators_tests_brackets_test_2_TestC2Ev
FNDA:1,_ZN36operators_tests_brackets_test_2_TestD0Ev
FNDA:1,_ZN36operators_tests_brackets_test_2_TestD2Ev
FNDA:1,_ZN32ctors_tests_empty_ctor_test_Test8TestBodyEv
FNDA:1,_ZN32ctors_tests_empty_ctor_test_TestC2Ev
FNDA:1,_ZN32ctors_tests_empty_ctor_test_TestD0Ev
FNDA:1,_ZN32ctors_tests_empty_ctor_test_TestD2Ev
FNDA:1,_ZN43operators_tests_copy_assignment_test_1_Test8TestBodyEv
FNDA:1,_ZN43operators_tests_copy_assignment_test_1_TestC2Ev
FNDA:1,_ZN43operators_tests_copy_assignment_test_1_TestD0Ev
FNDA:1,_ZN43operators_tests_copy_assignment_test_1_TestD2Ev
FNF:169
FNH:169
DA:8,4
DA:9,1
DA:10,1
DA:11,1
DA:12,1
DA:13,1
DA:15,4
DA:16,1
DA:17,1
DA:18,1
DA:19,1
DA:20,5
DA:21,4
DA:22,1
DA:24,4
DA:25,2
DA:28,4
DA:29,1
DA:30,1
DA:32,1
DA:33,1
DA:34,1
DA:36,4
DA:37,2
DA:38,1
DA:40,4
DA:41,1
DA:44,1
DA:46,1
DA:47,1
DA:49,1
DA:51,4
DA:52,1
DA:53,1
DA:54,1
DA:55,2
DA:56,1
DA:58,1
DA:60,1
DA:61,1
DA:63,1
DA:64,2
DA:65,2
DA:67,2
DA:68,2
DA:69,1
DA:71,4
DA:72,1
DA:73,1
DA:74,2
DA:75,2
DA:76,1
DA:78,4
DA:79,1
DA:80,1
DA:81,2
DA:82,1
DA:84,4
DA:85,1
DA:86,1
DA:87,1
DA:88,2
DA:90,2
DA:91,1
DA:93,1
DA:94,1
DA:96,1
DA:98,3
DA:99,2
DA:100,2
DA:101,1
DA:103,4
DA:104,1
DA:105,1
DA:106,1
DA:107,1
DA:109,4
DA:110,1
DA:111,1
DA:113,2
DA:114,2
DA:116,1
DA:118,1
DA:119,1
DA:120,2
DA:121,2
DA:122,1
DA:134,4
DA:135,1
DA:136,1
DA:137,2
DA:138,1
DA:139,1
DA:140,1
DA:142,1
DA:143,1
DA:144,1
DA:146,4
DA:147,1
DA:148,1
DA:149,1
DA:151,4
DA:152,1
DA:153,1
DA:154,1
DA:156,1
DA:157,50
DA:158,49
DA:161,1
DA:163,1
DA:165,1
DA:167,4
DA:168,1
DA:169,1
DA:171,2
DA:172,2
DA:173,1
DA:174,1
DA:176,4
DA:177,1
DA:178,1
DA:180,2
DA:181,2
DA:182,1
DA:183,1
DA:185,4
DA:186,1
DA:187,1
DA:188,2
DA:190,1
DA:191,1
DA:193,4
DA:194,1
DA:195,1
DA:196,2
DA:197,2
DA:198,2
DA:199,1
DA:200,1
DA:201,1
DA:202,1
DA:204,4
DA:205,1
DA:206,1
DA:208,1
DA:209,102
DA:210,101
DA:211,101
DA:212,101
DA:214,102
DA:215,101
DA:216,101
DA:218,1
DA:219,1
DA:221,4
DA:222,1
DA:223,1
DA:225,2
DA:226,1
DA:227,1
DA:229,4
DA:230,1
DA:231,1
DA:233,2
DA:234,2
DA:235,1
DA:236,1
DA:238,4
DA:239,1
DA:240,1
DA:241,1
DA:242,1
DA:243,1
DA:244,1
DA:246,4
DA:247,1
DA:248,1
DA:249,1
DA:250,1
DA:252,1
DA:253,1
DA:255,4
DA:256,1
DA:257,1
DA:258,1
DA:259,1
DA:260,3
DA:261,1
DA:263,4
DA:264,1
DA:265,1
DA:267,81
DA:268,80
DA:270,1
DA:271,1
DA:273,4
DA:274,1
DA:275,1
DA:277,81
DA:278,80
DA:280,1
DA:281,1
DA:294,4
DA:295,1
DA:296,2
DA:297,2
DA:298,2
DA:299,2
DA:300,1
DA:301,1
DA:303,4
DA:304,1
DA:305,1
DA:306,1
DA:308,81
DA:309,80
DA:311,1
DA:312,1
DA:314,4
DA:315,1
DA:316,3
DA:317,2
DA:318,1
DA:320,4
DA:321,1
DA:322,3
DA:323,1
DA:324,1
DA:325,1
DA:327,4
DA:328,1
DA:329,3
DA:330,2
DA:331,2
DA:332,1
DA:334,4
DA:335,1
DA:336,3
DA:337,2
DA:338,1
DA:340,4
DA:341,1
DA:343,1
DA:344,102
DA:345,101
DA:348,102
DA:349,101
DA:352,1
DA:353,1
DA:421,4
DA:422,1
DA:423,2
DA:424,2
DA:426,1
DA:427,1
DA:428,1
DA:429,1
DA:431,4
DA:432,1
DA:433,1
DA:434,1
DA:435,1
DA:437,4
DA:438,1
DA:439,1
DA:440,3
DA:441,1
DA:443,4
DA:444,1
DA:445,2
DA:446,1
DA:447,1
DA:448,49
DA:449,48
DA:450,48
DA:451,48
DA:454,1
DA:456,4
DA:457,1
DA:458,1
DA:459,1
DA:461,2
DA:462,2
DA:464,2
DA:465,2
DA:466,1
DA:468,4
DA:469,1
DA:470,1
DA:472,1
DA:473,3
DA:474,1
DA:476,4
DA:477,1
DA:478,3
DA:479,1
DA:481,4
DA:482,1
DA:483,1
DA:484,1
DA:485,1
DA:486,1
DA:487,2
DA:488,1
DA:490,1
DA:491,1
DA:492,1
DA:493,2
DA:494,1
DA:496,1
DA:497,1
DA:498,1
LF:312
LH:312
end_of_record
TN:
SF:/usr/include/c++/14/bits/alloc_traits.h
FNF:0
FNH:0
DA:584,44
LF:1
LH:1
end_of_record
TN:
SF:/usr/include/c++/14/bits/allocator.h
FNF:0
FNH:0
DA:161,69
DA:166,44
DA:182,115
LF:3
LH:3
end_of_record
TN:
SF:/usr/include/c++/14/bits/basic_string.h
FN:3573,3586,_ZSt12__str_concatINSt7__cxx1112basic_stringIcSt11char_traitsIcESaIcEEEET_PKNS6_10value_typeENS6_9size_typeES9_SA_RKNS6_14allocator_typeE
FN:3616,3624,_ZStplIcSt11char_traitsIcESaIcEENSt7__cxx1112basic_stringIT_T0_T1_EEPKS5_RKS8_
FN:3755,3761,_ZSteqIcSt11char_traitsIcESaIcEEbRKNSt7__cxx1112basic_stringIT_T0_T1_EESA_
FN:4240,4255,_ZNSt7__cxx119to_stringEi
FN:4249,4253,_ZZNSt7__cxx119to_stringEiENKUlPcmE_clES0_m
FN:646,655,_ZNSt7__cxx1112basic_stringIcSt11char_traitsIcESaIcEEC2IS3_EEPKcRKS3_
FNDA:44,_ZSt12__str_concatINSt7__cxx1112basic_stringIcSt11char_traitsIcESaIcEEEET_PKNS6_10value_typeENS6_9size_typeES9_SA_RKNS6_14allocator_typeE
FNDA:2,_ZStplIcSt11char_traitsIcESaIcEENSt7__cxx1112basic_stringIT_T0_T1_EEPKS5_RKS8_
FNDA:5504,_ZSteqIcSt11char_traitsIcESaIcEEbRKNSt7__cxx1112basic_stringIT_T0_T1_EESA_
FNDA:741,_ZNSt7__cxx119to_stringEi
FNDA:741,_ZZNSt7__cxx119to_stringEiENKUlPcmE_clES0_m
FNDA:213,_ZNSt7__cxx1112basic_stringIcSt11char_traitsIcESaIcEEC2IS3_EEPKcRKS3_
FNF:6
FNH:6
DA:360,159
DA:646,213
DA:647,213
DA:650,213
DA:651,0
DA:653,213
DA:654,213
DA:655,213
DA:3573,44
DA:3581,44
DA:3582,44
DA:3583,44
DA:3584,44
DA:3585,44
DA:3586,0
DA:3616,2
DA:3623,4
DA:3755,5504
DA:3759,5504
DA:3760,5504
DA:4240,741
DA:4245,741
DA:4246,741
DA:4247,741
DA:4248,741
DA:4249,741
DA:4250,741
DA:4251,741
DA:4252,741
DA:4254,741
LF:30
LH:28
end_of_record
TN:
SF:/usr/include/c++/14/bits/basic_string.tcc
FN:221,252,_ZNSt7__cxx1112basic_stringIcSt11char_traitsIcESaIcEE12_M_constructIPKcEEvT_S8_St20forward_iterator_tag
FN:221,252,_ZNSt7__cxx1112basic_stringIcSt11char_traitsIcESaIcEE12_M_constructIPcEEvT_S7_St20forward_iterator_tag
FN:239,239,_ZZNSt7__cxx1112basic_stringIcSt11char_traitsIcESaIcEE12_M_constructIPKcEEvT_S8_St20forward_iterator_tagEN6_GuardC2EPS4_
FN:239,239,_ZZNSt7__cxx1112basic_stringIcSt11char_traitsIcESaIcEE12_M_constructIPcEEvT_S7_St20forward_iterator_tagEN6_GuardC2EPS4_
FN:242,242,_ZZNSt7__cxx1112basic_stringIcSt11char_traitsIcESaIcEE12_M_constructIPKcEEvT_S8_St20forward_iterator_tagEN6_GuardD2Ev
FN:242,242,_ZZNSt7__cxx1112basic_stringIcSt11char_traitsIcESaIcEE12_M_constructIPcEEvT_S7_St20forward_iterator_tagEN6_GuardD2Ev
FN:583,613,_ZNSt7__cxx1112basic_stringIcSt11char_traitsIcESaIcEE22__resize_and_overwriteIZNS_9to_stringEiEUlPcmE_EEvmT_
FN:597,597,_ZZNSt7__cxx1112basic_stringIcSt11char_traitsIcESaIcEE22__resize_and_overwriteIZNS_9to_stringEiEUlPcmE_EEvmT_EN11_TerminatorD2Ev
FNDA:223,_ZNSt7__cxx1112basic_stringIcSt11char_traitsIcESaIcEE12_M_constructIPKcEEvT_S8_St20forward_iterator_tag
FNDA:0,_ZNSt7__cxx1112basic_stringIcSt11char_traitsIcESaIcEE12_M_constructIPcEEvT_S7_St20forward_iterator_tag
FNDA:223,_ZZNSt7__cxx1112basic_stringIcSt11char_traitsIcESaIcEE12_M_constructIPKcEEvT_S8_St20forward_iterator_tagEN6_GuardC2EPS4_
FNDA:0,_ZZNSt7__cxx1112basic_stringIcSt11char_traitsIcESaIcEE12_M_constructIPcEEvT_S7_St20forward_iterator_tagEN6_GuardC2EPS4_
FNDA:223,_ZZNSt7__cxx1112basic_stringIcSt11char_traitsIcESaIcEE12_M_constructIPKcEEvT_S8_St20forward_iterator_tagEN6_GuardD2Ev
FNDA:0,_ZZNSt7__cxx1112basic_stringIcSt11char_traitsIcESaIcEE12_M_constructIPcEEvT_S7_St20forward_iterator_tagEN6_GuardD2Ev
FNDA:741,_ZNSt7__cxx1112basic_stringIcSt11char_traitsIcESaIcEE22__resize_and_overwriteIZNS_9to_stringEiEUlPcmE_EEvmT_
FNDA:741,_ZZNSt7__cxx1112basic_stringIcSt11char_traitsIcESaIcEE22__resize_and_overwriteIZNS_9to_stringEiEUlPcmE_EEvmT_EN11_TerminatorD2Ev
FNF:8
FNH:5
DA:221,223
DA:225,223
DA:227,223
DA:229,64
DA:230,64
DA:239,223
DA:242,223
DA:245,223
DA:247,223
DA:249,223
DA:251,223
DA:252,223
DA:583,741
DA:590,741
DA:591,741
DA:597,741
DA:601,741
DA:602,741
DA:610,741
DA:611,741
DA:612,0
DA:613,741
LF:22
LH:21
end_of_record
TN:
SF:/usr/include/c++/14/bits/char_traits.h
FN:136,137,_ZN9__gnu_cxx11char_traitsIcE2eqERKcS3_
FN:199,206,_ZN9__gnu_cxx11char_traitsIcE6lengthEPKc
FN:358,363,_ZNSt11char_traitsIcE2ltERKcS2_
FN:366,382,_ZNSt11char_traitsIcE7compareEPKcS2_m
FN:385,392,_ZNSt11char_traitsIcE6lengthEPKc
FN:419,428,_ZNSt11char_traitsIcE4copyEPcPKcm
FNDA:0,_ZN9__gnu_cxx11char_traitsIcE2eqERKcS3_
FNDA:0,_ZN9__gnu_cxx11char_traitsIcE6lengthEPKc
FNDA:0,_ZNSt11char_traitsIcE2ltERKcS2_
FNDA:4118,_ZNSt11char_traitsIcE7compareEPKcS2_m
FNDA:259,_ZNSt11char_traitsIcE6lengthEPKc
FNDA:0,_ZNSt11char_traitsIcE4copyEPcPKcm
FNF:6
FNH:2
DA:136,0
DA:137,0
DA:199,0
DA:202,0
DA:203,0
DA:204,0
DA:205,0
DA:358,0
DA:361,0
DA:362,0
DA:366,4118
DA:368,4118
DA:369,0
DA:371,4118
DA:373,0
DA:374,0
DA:375,0
DA:376,0
DA:377,0
DA:378,0
DA:381,4118
DA:385,259
DA:388,259
DA:389,0
DA:391,259
DA:419,0
DA:421,0
DA:422,0
DA:427,0
LF:29
LH:7
end_of_record
TN:
SF:/usr/include/c++/14/bits/charconv.h
FN:55,74,_ZNSt8__detail14__to_chars_lenIjEEjT_i
FN:81,110,_ZNSt8__detail18__to_chars_10_implIjEEvPcjT_
FNDA:741,_ZNSt8__detail14__to_chars_lenIjEEjT_i
FNDA:741,_ZNSt8__detail18__to_chars_10_implIjEEvPcjT_
FNF:2
FNH:2
DA:55,741
DA:61,741
DA:62,741
DA:63,741
DA:64,741
DA:67,741
DA:68,657
DA:69,4
DA:70,0
DA:71,0
DA:72,0
DA:81,741
DA:87,741
DA:93,741
DA:94,745
DA:96,4
DA:97,4
DA:98,4
DA:99,4
DA:100,4
DA:102,741
DA:104,653
DA:105,653
DA:106,653
DA:109,88
DA:110,741
LF:26
LH:23
end_of_record
TN:
SF:/usr/include/c++/14/bits/move.h
FN:127,128,_ZSt4moveIR9HashTableEONSt16remove_referenceIT_E4typeEOS3_
FN:127,128,_ZSt4moveIRNSt7__cxx1112basic_stringIcSt11char_traitsIcESaIcEEEEONSt16remove_referenceIT_E4typeEOS8_
FN:127,128,_ZSt4moveIRPNSt7__cxx1112basic_stringIcSt11char_traitsIcESaIcEEEEONSt16remove_referenceIT_E4typeEOS9_
FN:127,128,_ZSt4moveIRPNSt7__cxx1118basic_stringstreamIcSt11char_traitsIcESaIcEEEEONSt16remove_referenceIT_E4typeEOS9_
FN:127,128,_ZSt4moveIRPPN9HashTable8HashNodeEEONSt16remove_referenceIT_E4typeEOS6_
FN:127,128,_ZSt4moveIRSaIcEEONSt16remove_referenceIT_E4typeEOS3_
FN:127,128,_ZSt4moveIRZNSt7__cxx119to_stringEiEUlPcmE_EONSt16remove_referenceIT_E4typeEOS5_
FN:127,128,_ZSt4moveIRmEONSt16remove_referenceIT_E4typeEOS2_
FN:214,225,_ZSt4swapIPPN9HashTable8HashNodeEENSt9enable_ifIXsrSt6__and_IJSt6__not_ISt15__is_tuple_likeIT_EESt21is_move_constructibleIS8_ESt18is_move_assignableIS8_EEE5valueEvE4typeERS8_SI_
FN:214,225,_ZSt4swapImENSt9enable_ifIXsrSt6__and_IJSt6__not_ISt15__is_tuple_likeIT_EESt21is_move_constructibleIS4_ESt18is_move_assignableIS4_EEE5valueEvE4typeERS4_SE_
FNDA:5,_ZSt4moveIR9HashTableEONSt16remove_referenceIT_E4typeEOS3_
FNDA:285,_ZSt4moveIRNSt7__cxx1112basic_stringIcSt11char_traitsIcESaIcEEEEONSt16remove_referenceIT_E4typeEOS8_
FNDA:0,_ZSt4moveIRPNSt7__cxx1112basic_stringIcSt11char_traitsIcESaIcEEEEONSt16remove_referenceIT_E4typeEOS9_
FNDA:100,_ZSt4moveIRPNSt7__cxx1118basic_stringstreamIcSt11char_traitsIcESaIcEEEEONSt16remove_referenceIT_E4typeEOS9_
FNDA:108,_ZSt4moveIRPPN9HashTable8HashNodeEEONSt16remove_referenceIT_E4typeEOS6_
FNDA:0,_ZSt4moveIRSaIcEEONSt16remove_referenceIT_E4typeEOS3_
FNDA:741,_ZSt4moveIRZNSt7__cxx119to_stringEiEUlPcmE_EONSt16remove_referenceIT_E4typeEOS5_
FNDA:6,_ZSt4moveIRmEONSt16remove_referenceIT_E4typeEOS2_
FNDA:36,_ZSt4swapIPPN9HashTable8HashNodeEENSt9enable_ifIXsrSt6__and_IJSt6__not_ISt15__is_tuple_likeIT_EESt21is_move_constructibleIS8_ESt18is_move_assignableIS8_EEE5valueEvE4typeERS8_SI_
FNDA:2,_ZSt4swapImENSt9enable_ifIXsrSt6__and_IJSt6__not_ISt15__is_tuple_likeIT_EESt21is_move_constructibleIS4_ESt18is_move_assignableIS4_EEE5valueEvE4typeERS4_SE_
FNF:10
FNH:8
DA:127,1245
DA:128,1245
DA:214,38
DA:222,38
DA:223,38
DA:224,38
DA:225,38
LF:7
LH:7
end_of_record
TN:
SF:/usr/include/c++/14/bits/new_allocator.h
FN:104,104,_ZNSt15__new_allocatorIcED2Ev
FNDA:301,_ZNSt15__new_allocatorIcED2Ev
FNF:1
FNH:1
DA:88,68
DA:92,44
DA:104,301
LF:3
LH:3
end_of_record
TN:
SF:/usr/include/c++/14/bits/stl_algo.h
FN:4208,4221,_ZSt9transformIPPN9HashTable8HashNodeES3_ZNS0_C4ERKS0_EUlS2_E_ET0_T_S8_S7_T1_
FN:4208,4221,_ZSt9transformIPPN9HashTable8HashNodeES3_ZNS0_aSERKS0_EUlPKS1_E_ET0_T_SA_S9_T1_
FNDA:1,_ZSt9transformIPPN9HashTable8HashNodeES3_ZNS0_C4ERKS0_EUlS2_E_ET0_T_S8_S7_T1_
FNDA:2,_ZSt9transformIPPN9HashTable8HashNodeES3_ZNS0_aSERKS0_EUlPKS1_E_ET0_T_SA_S9_T1_
FNF:2
FNH:2
DA:4208,3
DA:4218,33
DA:4219,30
DA:4220,3
LF:4
LH:4
end_of_record
TN:
SF:/usr/include/c++/14/bits/stl_algobase.h
FN:1022,1030,_ZSt4fillIPPN9HashTable8HashNodeEDnEvT_S4_RKT0_
FN:936,941,_ZSt9__fill_a1IPPN9HashTable8HashNodeEDnEN9__gnu_cxx11__enable_ifIXntsrSt11__is_scalarIT0_E7__valueEvE6__typeET_SB_RKS7_
FN:997,998,_ZSt8__fill_aIPPN9HashTable8HashNodeEDnEvT_S4_RKT0_
FNDA:92,_ZSt4fillIPPN9HashTable8HashNodeEDnEvT_S4_RKT0_
FNDA:92,_ZSt9__fill_a1IPPN9HashTable8HashNodeEDnEN9__gnu_cxx11__enable_ifIXntsrSt11__is_scalarIT0_E7__valueEvE6__typeET_SB_RKS7_
FNDA:92,_ZSt8__fill_aIPPN9HashTable8HashNodeEDnEvT_S4_RKT0_
FNF:3
FNH:3
DA:936,92
DA:939,3230
DA:940,3138
DA:941,92
DA:997,92
DA:998,92
DA:1022,92
DA:1029,92
DA:1030,92
LF:9
LH:9
end_of_record
TN:
SF:/usr/include/c++/14/bits/stl_iterator_base_funcs.h
FNF:0
FNH:0
DA:106,223
DA:151,446
DA:152,446
LF:3
LH:3
end_of_record
TN:
SF:/usr/include/c++/14/bits/stl_iterator_base_types.h
FNF:0
FNH:0
DA:240,223
LF:1
LH:1
end_of_record
TN:
SF:/usr/include/c++/14/bits/unique_ptr.h
FN:168,168,_ZNSt15__uniq_ptr_implINSt7__cxx1112basic_stringIcSt11char_traitsIcESaIcEEESt14default_deleteIS5_EEC2Ev
FN:191,191,_ZNSt15__uniq_ptr_implINSt7__cxx1112basic_stringIcSt11char_traitsIcESaIcEEESt14default_deleteIS5_EE6_M_ptrEv
FN:191,191,_ZNSt15__uniq_ptr_implINSt7__cxx1118basic_stringstreamIcSt11char_traitsIcESaIcEEESt14default_deleteIS5_EE6_M_ptrEv
FN:193,193,_ZNKSt15__uniq_ptr_implINSt7__cxx1112basic_stringIcSt11char_traitsIcESaIcEEESt14default_deleteIS5_EE6_M_ptrEv
FN:193,193,_ZNKSt15__uniq_ptr_implINSt7__cxx1118basic_stringstreamIcSt11char_traitsIcESaIcEEESt14default_deleteIS5_EE6_M_ptrEv
FN:195,195,_ZNSt15__uniq_ptr_implINSt7__cxx1112basic_stringIcSt11char_traitsIcESaIcEEESt14default_deleteIS5_EE10_M_deleterEv
FN:195,195,_ZNSt15__uniq_ptr_implINSt7__cxx1118basic_stringstreamIcSt11char_traitsIcESaIcEEESt14default_deleteIS5_EE10_M_deleterEv
FN:298,300,_ZNSt10unique_ptrINSt7__cxx1112basic_stringIcSt11char_traitsIcESaIcEEESt14default_deleteIS5_EEC2IS7_vEEv
FN:392,400,_ZNSt10unique_ptrINSt7__cxx1112basic_stringIcSt11char_traitsIcESaIcEEESt14default_deleteIS5_EED2Ev
FN:392,400,_ZNSt10unique_ptrINSt7__cxx1118basic_stringstreamIcSt11char_traitsIcESaIcEEESt14default_deleteIS5_EED2Ev
FN:445,449,_ZNKSt10unique_ptrINSt7__cxx1118basic_stringstreamIcSt11char_traitsIcESaIcEEESt14default_deleteIS5_EEdeEv
FN:454,458,_ZNKSt10unique_ptrINSt7__cxx1112basic_stringIcSt11char_traitsIcESaIcEEESt14default_deleteIS5_EEptEv
FN:463,464,_ZNKSt10unique_ptrINSt7__cxx1112basic_stringIcSt11char_traitsIcESaIcEEESt14default_deleteIS5_EE3getEv
FN:463,464,_ZNKSt10unique_ptrINSt7__cxx1118basic_stringstreamIcSt11char_traitsIcESaIcEEESt14default_deleteIS5_EE3getEv
FN:469,470,_ZNSt10unique_ptrINSt7__cxx1112basic_stringIcSt11char_traitsIcESaIcEEESt14default_deleteIS5_EE11get_deleterEv
FN:469,470,_ZNSt10unique_ptrINSt7__cxx1118basic_stringstreamIcSt11char_traitsIcESaIcEEESt14default_deleteIS5_EE11get_deleterEv
FN:480,481,_ZNKSt10unique_ptrINSt7__cxx1112basic_stringIcSt11char_traitsIcESaIcEEESt14default_deleteIS5_EEcvbEv
FN:869,870,_ZStneINSt7__cxx1112basic_stringIcSt11char_traitsIcESaIcEEESt14default_deleteIS5_EEbRKSt10unique_ptrIT_T0_EDn
FN:87,94,_ZNKSt14default_deleteINSt7__cxx1112basic_stringIcSt11char_traitsIcESaIcEEEEclEPS5_
FN:87,94,_ZNKSt14default_deleteINSt7__cxx1118basic_stringstreamIcSt11char_traitsIcESaIcEEEEclEPS5_
FNDA:305,_ZNSt15__uniq_ptr_implINSt7__cxx1112basic_stringIcSt11char_traitsIcESaIcEEESt14default_deleteIS5_EEC2Ev
FNDA:305,_ZNSt15__uniq_ptr_implINSt7__cxx1112basic_stringIcSt11char_traitsIcESaIcEEESt14default_deleteIS5_EE6_M_ptrEv
FNDA:200,_ZNSt15__uniq_ptr_implINSt7__cxx1118basic_stringstreamIcSt11char_traitsIcESaIcEEESt14default_deleteIS5_EE6_M_ptrEv
FNDA:0,_ZNKSt15__uniq_ptr_implINSt7__cxx1112basic_stringIcSt11char_traitsIcESaIcEEESt14default_deleteIS5_EE6_M_ptrEv
FNDA:714,_ZNKSt15__uniq_ptr_implINSt7__cxx1118basic_stringstreamIcSt11char_traitsIcESaIcEEESt14default_deleteIS5_EE6_M_ptrEv
FNDA:0,_ZNSt15__uniq_ptr_implINSt7__cxx1112basic_stringIcSt11char_traitsIcESaIcEEESt14default_deleteIS5_EE10_M_deleterEv
FNDA:100,_ZNSt15__uniq_ptr_implINSt7__cxx1118basic_stringstreamIcSt11char_traitsIcESaIcEEESt14default_deleteIS5_EE10_M_deleterEv
FNDA:305,_ZNSt10unique_ptrINSt7__cxx1112basic_stringIcSt11char_traitsIcESaIcEEESt14default_deleteIS5_EEC2IS7_vEEv
FNDA:305,_ZNSt10unique_ptrINSt7__cxx1112basic_stringIcSt11char_traitsIcESaIcEEESt14default_deleteIS5_EED2Ev
FNDA:100,_ZNSt10unique_ptrINSt7__cxx1118basic_stringstreamIcSt11char_traitsIcESaIcEEESt14default_deleteIS5_EED2Ev
FNDA:614,_ZNKSt10unique_ptrINSt7__cxx1118basic_stringstreamIcSt11char_traitsIcESaIcEEESt14default_deleteIS5_EEdeEv
FNDA:0,_ZNKSt10unique_ptrINSt7__cxx1112basic_stringIcSt11char_traitsIcESaIcEEESt14default_deleteIS5_EEptEv
FNDA:0,_ZNKSt10unique_ptrINSt7__cxx1112basic_stringIcSt11char_traitsIcESaIcEEESt14default_deleteIS5_EE3getEv
FNDA:714,_ZNKSt10unique_ptrINSt7__cxx1118basic_stringstreamIcSt11char_traitsIcESaIcEEESt14default_deleteIS5_EE3getEv
FNDA:0,_ZNSt10unique_ptrINSt7__cxx1112basic_stringIcSt11char_traitsIcESaIcEEESt14default_deleteIS5_EE11get_deleterEv
FNDA:100,_ZNSt10unique_ptrINSt7__cxx1118basic_stringstreamIcSt11char_traitsIcESaIcEEESt14default_deleteIS5_EE11get_deleterEv
FNDA:0,_ZNKSt10unique_ptrINSt7__cxx1112basic_stringIcSt11char_traitsIcESaIcEEESt14default_deleteIS5_EEcvbEv
FNDA:0,_ZStneINSt7__cxx1112basic_stringIcSt11char_traitsIcESaIcEEESt14default_deleteIS5_EEbRKSt10unique_ptrIT_T0_EDn
FNDA:0,_ZNKSt14default_deleteINSt7__cxx1112basic_stringIcSt11char_traitsIcESaIcEEEEclEPS5_
FNDA:100,_ZNKSt14default_deleteINSt7__cxx1118basic_stringstreamIcSt11char_traitsIcESaIcEEEEclEPS5_
FNF:20
FNH:12
DA:87,100
DA:93,100
DA:94,100
DA:168,305
DA:191,505
DA:193,714
DA:195,100
DA:298,305
DA:299,305
DA:300,305
DA:392,405
DA:396,405
DA:397,405
DA:398,100
DA:399,405
DA:400,405
DA:445,614
DA:447,614
DA:448,614
DA:454,0
DA:457,0
DA:463,714
DA:464,714
DA:469,100
DA:470,100
DA:480,0
DA:481,0
DA:869,0
DA:870,0
LF:29
LH:23
end_of_record
TN:
SF:/usr/include/c++/14/ext/alloc_traits.h
FNF:0
FNH:0
DA:98,44
LF:1
LH:1
end_of_record
TN:
SF:/usr/include/c++/14/tuple
FN:133,133,_ZNSt10_Head_baseILm1ESt14default_deleteINSt7__cxx1112basic_stringIcSt11char_traitsIcESaIcEEEELb1EE7_M_headERS8_
FN:133,133,_ZNSt10_Head_baseILm1ESt14default_deleteINSt7__cxx1118basic_stringstreamIcSt11char_traitsIcESaIcEEEELb1EE7_M_headERS8_
FN:198,199,_ZNSt10_Head_baseILm0EPNSt7__cxx1112basic_stringIcSt11char_traitsIcESaIcEEELb0EEC2Ev
FN:2089,2091,_ZNSt5tupleIJPNSt7__cxx1112basic_stringIcSt11char_traitsIcESaIcEEESt14default_deleteIS5_EEEC2ILb1ELb1EEEv
FN:242,242,_ZNSt10_Head_baseILm0EPNSt7__cxx1112basic_stringIcSt11char_traitsIcESaIcEEELb0EE7_M_headERS7_
FN:242,242,_ZNSt10_Head_baseILm0EPNSt7__cxx1118basic_stringstreamIcSt11char_traitsIcESaIcEEELb0EE7_M_headERS7_
FN:2427,2428,_ZSt12__get_helperILm0EPNSt7__cxx1112basic_stringIcSt11char_traitsIcESaIcEEEJSt14default_deleteIS5_EEERT0_RSt11_Tuple_implIXT_EJS9_DpT1_EE
FN:2427,2428,_ZSt12__get_helperILm0EPNSt7__cxx1118basic_stringstreamIcSt11char_traitsIcESaIcEEEJSt14default_deleteIS5_EEERT0_RSt11_Tuple_implIXT_EJS9_DpT1_EE
FN:2427,2428,_ZSt12__get_helperILm1ESt14default_deleteINSt7__cxx1112basic_stringIcSt11char_traitsIcESaIcEEEEJEERT0_RSt11_Tuple_implIXT_EJS8_DpT1_EE
FN:2427,2428,_ZSt12__get_helperILm1ESt14default_deleteINSt7__cxx1118basic_stringstreamIcSt11char_traitsIcESaIcEEEEJEERT0_RSt11_Tuple_implIXT_EJS8_DpT1_EE
FN:2432,2433,_ZSt12__get_helperILm0EPNSt7__cxx1112basic_stringIcSt11char_traitsIcESaIcEEEJSt14default_deleteIS5_EEERKT0_RKSt11_Tuple_implIXT_EJS9_DpT1_EE
FN:2432,2433,_ZSt12__get_helperILm0EPNSt7__cxx1118basic_stringstreamIcSt11char_traitsIcESaIcEEEJSt14default_deleteIS5_EEERKT0_RKSt11_Tuple_implIXT_EJS9_DpT1_EE
FN:2443,2444,_ZSt3getILm0EJPNSt7__cxx1112basic_stringIcSt11char_traitsIcESaIcEEESt14default_deleteIS5_EEERNSt13tuple_elementIXT_ESt5tupleIJDpT0_EEE4typeERSD_
FN:2443,2444,_ZSt3getILm0EJPNSt7__cxx1118basic_stringstreamIcSt11char_traitsIcESaIcEEESt14default_deleteIS5_EEERNSt13tuple_elementIXT_ESt5tupleIJDpT0_EEE4typeERSD_
FN:2443,2444,_ZSt3getILm1EJPNSt7__cxx1112basic_stringIcSt11char_traitsIcESaIcEEESt14default_deleteIS5_EEERNSt13tuple_elementIXT_ESt5tupleIJDpT0_EEE4typeERSD_
FN:2443,2444,_ZSt3getILm1EJPNSt7__cxx1118basic_stringstreamIcSt11char_traitsIcESaIcEEESt14default_deleteIS5_EEERNSt13tuple_elementIXT_ESt5tupleIJDpT0_EEE4typeERSD_
FN:2449,2450,_ZSt3getILm0EJPNSt7__cxx1112basic_stringIcSt11char_traitsIcESaIcEEESt14default_deleteIS5_EEERKNSt13tuple_elementIXT_ESt5tupleIJDpT0_EEE4typeERKSD_
FN:2449,2450,_ZSt3getILm0EJPNSt7__cxx1118basic_stringstreamIcSt11char_traitsIcESaIcEEESt14default_deleteIS5_EEERKNSt13tuple_elementIXT_ESt5tupleIJDpT0_EEE4typeERKSD_
FN:245,245,_ZNSt10_Head_baseILm0EPNSt7__cxx1112basic_stringIcSt11char_traitsIcESaIcEEELb0EE7_M_headERKS7_
FN:245,245,_ZNSt10_Head_baseILm0EPNSt7__cxx1118basic_stringstreamIcSt11char_traitsIcESaIcEEELb0EE7_M_headERKS7_
FN:293,293,_ZNSt11_Tuple_implILm0EJPNSt7__cxx1112basic_stringIcSt11char_traitsIcESaIcEEESt14default_deleteIS5_EEE7_M_headERS9_
FN:293,293,_ZNSt11_Tuple_implILm0EJPNSt7__cxx1118basic_stringstreamIcSt11char_traitsIcESaIcEEESt14default_deleteIS5_EEE7_M_headERS9_
FN:296,296,_ZNSt11_Tuple_implILm0EJPNSt7__cxx1112basic_stringIcSt11char_traitsIcESaIcEEESt14default_deleteIS5_EEE7_M_headERKS9_
FN:296,296,_ZNSt11_Tuple_implILm0EJPNSt7__cxx1118basic_stringstreamIcSt11char_traitsIcESaIcEEESt14default_deleteIS5_EEE7_M_headERKS9_
FN:304,305,_ZNSt11_Tuple_implILm0EJPNSt7__cxx1112basic_stringIcSt11char_traitsIcESaIcEEESt14default_deleteIS5_EEEC2Ev
FN:556,556,_ZNSt11_Tuple_implILm1EJSt14default_deleteINSt7__cxx1112basic_stringIcSt11char_traitsIcESaIcEEEEEE7_M_headERS8_
FN:556,556,_ZNSt11_Tuple_implILm1EJSt14default_deleteINSt7__cxx1118basic_stringstreamIcSt11char_traitsIcESaIcEEEEEE7_M_headERS8_
FN:562,563,_ZNSt11_Tuple_implILm1EJSt14default_deleteINSt7__cxx1112basic_stringIcSt11char_traitsIcESaIcEEEEEEC2Ev
FN:89,90,_ZNSt10_Head_baseILm1ESt14default_deleteINSt7__cxx1112basic_stringIcSt11char_traitsIcESaIcEEEELb1EEC2Ev
FNDA:0,_ZNSt10_Head_baseILm1ESt14default_deleteINSt7__cxx1112basic_stringIcSt11char_traitsIcESaIcEEEELb1EE7_M_headERS8_
FNDA:100,_ZNSt10_Head_baseILm1ESt14default_deleteINSt7__cxx1118basic_stringstreamIcSt11char_traitsIcESaIcEEEELb1EE7_M_headERS8_
FNDA:305,_ZNSt10_Head_baseILm0EPNSt7__cxx1112basic_stringIcSt11char_traitsIcESaIcEEELb0EEC2Ev
FNDA:305,_ZNSt5tupleIJPNSt7__cxx1112basic_stringIcSt11char_traitsIcESaIcEEESt14default_deleteIS5_EEEC2ILb1ELb1EEEv
FNDA:305,_ZNSt10_Head_baseILm0EPNSt7__cxx1112basic_stringIcSt11char_traitsIcESaIcEEELb0EE7_M_headERS7_
FNDA:200,_ZNSt10_Head_baseILm0EPNSt7__cxx1118basic_stringstreamIcSt11char_traitsIcESaIcEEELb0EE7_M_headERS7_
FNDA:305,_ZSt12__get_helperILm0EPNSt7__cxx1112basic_stringIcSt11char_traitsIcESaIcEEEJSt14default_deleteIS5_EEERT0_RSt11_Tuple_implIXT_EJS9_DpT1_EE
FNDA:200,_ZSt12__get_helperILm0EPNSt7__cxx1118basic_stringstreamIcSt11char_traitsIcESaIcEEEJSt14default_deleteIS5_EEERT0_RSt11_Tuple_implIXT_EJS9_DpT1_EE
FNDA:0,_ZSt12__get_helperILm1ESt14default_deleteINSt7__cxx1112basic_stringIcSt11char_traitsIcESaIcEEEEJEERT0_RSt11_Tuple_implIXT_EJS8_DpT1_EE
FNDA:100,_ZSt12__get_helperILm1ESt14default_deleteINSt7__cxx1118basic_stringstreamIcSt11char_traitsIcESaIcEEEEJEERT0_RSt11_Tuple_implIXT_EJS8_DpT1_EE
FNDA:0,_ZSt12__get_helperILm0EPNSt7__cxx1112basic_stringIcSt11char_traitsIcESaIcEEEJSt14default_deleteIS5_EEERKT0_RKSt11_Tuple_implIXT_EJS9_DpT1_EE
FNDA:714,_ZSt12__get_helperILm0EPNSt7__cxx1118basic_stringstreamIcSt11char_traitsIcESaIcEEEJSt14default_deleteIS5_EEERKT0_RKSt11_Tuple_implIXT_EJS9_DpT1_EE
FNDA:305,_ZSt3getILm0EJPNSt7__cxx1112basic_stringIcSt11char_traitsIcESaIcEEESt14default_deleteIS5_EEERNSt13tuple_elementIXT_ESt5tupleIJDpT0_EEE4typeERSD_
FNDA:200,_ZSt3getILm0EJPNSt7__cxx1118basic_stringstreamIcSt11char_traitsIcESaIcEEESt14default_deleteIS5_EEERNSt13tuple_elementIXT_ESt5tupleIJDpT0_EEE4typeERSD_
FNDA:0,_ZSt3getILm1EJPNSt7__cxx1112basic_stringIcSt11char_traitsIcESaIcEEESt14default_deleteIS5_EEERNSt13tuple_elementIXT_ESt5tupleIJDpT0_EEE4typeERSD_
FNDA:100,_ZSt3getILm1EJPNSt7__cxx1118basic_stringstreamIcSt11char_traitsIcESaIcEEESt14default_deleteIS5_EEERNSt13tuple_elementIXT_ESt5tupleIJDpT0_EEE4typeERSD_
FNDA:0,_ZSt3getILm0EJPNSt7__cxx1112basic_stringIcSt11char_traitsIcESaIcEEESt14default_deleteIS5_EEERKNSt13tuple_elementIXT_ESt5tupleIJDpT0_EEE4typeERKSD_
FNDA:714,_ZSt3getILm0EJPNSt7__cxx1118basic_stringstreamIcSt11char_traitsIcESaIcEEESt14default_deleteIS5_EEERKNSt13tuple_elementIXT_ESt5tupleIJDpT0_EEE4typeERKSD_
FNDA:0,_ZNSt10_Head_baseILm0EPNSt7__cxx1112basic_stringIcSt11char_traitsIcESaIcEEELb0EE7_M_headERKS7_
FNDA:714,_ZNSt10_Head_baseILm0EPNSt7__cxx1118basic_stringstreamIcSt11char_traitsIcESaIcEEELb0EE7_M_headERKS7_
FNDA:305,_ZNSt11_Tuple_implILm0EJPNSt7__cxx1112basic_stringIcSt11char_traitsIcESaIcEEESt14default_deleteIS5_EEE7_M_headERS9_
FNDA:200,_ZNSt11_Tuple_implILm0EJPNSt7__cxx1118basic_stringstreamIcSt11char_traitsIcESaIcEEESt14default_deleteIS5_EEE7_M_headERS9_
FNDA:0,_ZNSt11_Tuple_implILm0EJPNSt7__cxx1112basic_stringIcSt11char_traitsIcESaIcEEESt14default_deleteIS5_EEE7_M_headERKS9_
FNDA:714,_ZNSt11_Tuple_implILm0EJPNSt7__cxx1118basic_stringstreamIcSt11char_traitsIcESaIcEEESt14default_deleteIS5_EEE7_M_headERKS9_
FNDA:305,_ZNSt11_Tuple_implILm0EJPNSt7__cxx1112basic_stringIcSt11char_traitsIcESaIcEEESt14default_deleteIS5_EEEC2Ev
FNDA:0,_ZNSt11_Tuple_implILm1EJSt14default_deleteINSt7__cxx1112basic_stringIcSt11char_traitsIcESaIcEEEEEE7_M_headERS8_
FNDA:100,_ZNSt11_Tuple_implILm1EJSt14default_deleteINSt7__cxx1118basic_stringstreamIcSt11char_traitsIcESaIcEEEEEE7_M_headERS8_
FNDA:305,_ZNSt11_Tuple_implILm1EJSt14default_deleteINSt7__cxx1112basic_stringIcSt11char_traitsIcESaIcEEEEEEC2Ev
FNDA:305,_ZNSt10_Head_baseILm1ESt14default_deleteINSt7__cxx1112basic_stringIcSt11char_traitsIcESaIcEEEELb1EEC2Ev
FNF:29
FNH:21
DA:89,305
DA:90,305
DA:133,100
DA:198,305
DA:199,305
DA:242,505
DA:245,714
DA:293,505
DA:296,714
DA:304,305
DA:305,305
DA:556,100
DA:562,305
DA:563,305
DA:2089,305
DA:2091,305
DA:2427,605
DA:2428,605
DA:2432,714
DA:2433,714
DA:2443,605
DA:2444,605
DA:2449,714
DA:2450,714
LF:24
LH:24
end_of_record
TN:
SF:/usr/include/c++/14/typeinfo
FN:102,103,_ZNKSt9type_info4nameEv
FNDA:0,_ZNKSt9type_info4nameEv
FNF:1
FNH:0
DA:102,0
DA:103,0
LF:2
LH:0
end_of_record
TN:
SF:/usr/include/c++/14/x86_64-redhat-linux/bits/c++config.h
FNF:0
FNH:0
DA:2391,4991
DA:2447,0
LF:2
LH:1
end_of_record
TN:
SF:/usr/local/include/gtest/gtest-assertion-result.h
FN:155,161,_ZN7testing15AssertionResultC2IbEERKT_PNSt9enable_ifIXntsrSt14is_convertibleIS2_S0_E5valueEvE4typeE
FN:174,174,_ZNK7testing15AssertionResultcvbEv
FN:183,185,_ZNK7testing15AssertionResult7messageEv
FN:187,187,_ZNK7testing15AssertionResult15failure_messageEv
FNDA:305,_ZN7testing15AssertionResultC2IbEERKT_PNSt9enable_ifIXntsrSt14is_convertibleIS2_S0_E5valueEvE4typeE
FNDA:305,_ZNK7testing15AssertionResultcvbEv
FNDA:0,_ZNK7testing15AssertionResult7messageEv
FNDA:0,_ZNK7testing15AssertionResult15failure_messageEv
FNF:4
FNH:2
DA:155,305
DA:161,305
DA:174,305
DA:183,0
DA:184,0
DA:187,0
LF:6
LH:3
end_of_record
TN:
SF:/usr/local/include/gtest/gtest-message.h
FN:132,150,_ZN7testing7MessagelsIA24_cEERS0_RKT_
FN:132,150,_ZN7testing7MessagelsIA28_cEERS0_RKT_
FNDA:0,_ZN7testing7MessagelsIA24_cEERS0_RKT_
FNDA:0,_ZN7testing7MessagelsIA28_cEERS0_RKT_
FNF:2
FNH:0
DA:132,0
DA:148,0
DA:149,0
LF:3
LH:0
end_of_record
TN:
SF:/usr/local/include/gtest/gtest-printers.h
FN:1025,1027,_ZN7testing8internal21UniversalTersePrinterIbE5PrintERKbPSo
FN:1025,1027,_ZN7testing8internal21UniversalTersePrinterIiE5PrintERKiPSo
FN:1025,1027,_ZN7testing8internal21UniversalTersePrinterIjE5PrintERKjPSo
FN:1025,1027,_ZN7testing8internal21UniversalTersePrinterImE5PrintERKmPSo
FN:1144,1149,_ZN7testing8internal14UniversalPrintIbEEvRKT_PSo
FN:1144,1149,_ZN7testing8internal14UniversalPrintIiEEvRKT_PSo
FN:1144,1149,_ZN7testing8internal14UniversalPrintIjEEvRKT_PSo
FN:1144,1149,_ZN7testing8internal14UniversalPrintImEEvRKT_PSo
FN:1184,1188,_ZN7testing13PrintToStringIbEENSt7__cxx1112basic_stringIcSt11char_traitsIcESaIcEEERKT_
FN:1184,1188,_ZN7testing13PrintToStringIiEENSt7__cxx1112basic_stringIcSt11char_traitsIcESaIcEEERKT_
FN:1184,1188,_ZN7testing13PrintToStringIjEENSt7__cxx1112basic_stringIcSt11char_traitsIcESaIcEEERKT_
FN:1184,1188,_ZN7testing13PrintToStringImEENSt7__cxx1112basic_stringIcSt11char_traitsIcESaIcEEERKT_
FN:244,249,_ZN7testing8internal52internal_stream_operator_without_lexical_name_lookup13StreamPrinter10PrintValueIivEEDTcvvlsdefp0_fp_ERKT_PSo
FN:244,249,_ZN7testing8internal52internal_stream_operator_without_lexical_name_lookup13StreamPrinter10PrintValueIjvEEDTcvvlsdefp0_fp_ERKT_PSo
FN:244,249,_ZN7testing8internal52internal_stream_operator_without_lexical_name_lookup13StreamPrinter10PrintValueImvEEDTcvvlsdefp0_fp_ERKT_PSo
FN:348,359,_ZN7testing8internal17PrintWithFallbackIiEEvRKT_PSo
FN:348,359,_ZN7testing8internal17PrintWithFallbackIjEEvRKT_PSo
FN:348,359,_ZN7testing8internal17PrintWithFallbackImEEvRKT_PSo
FN:379,381,_ZN7testing8internal19FormatForComparisonIbbE6FormatB5cxx11ERKb
FN:379,381,_ZN7testing8internal19FormatForComparisonIimE6FormatB5cxx11ERKi
FN:379,381,_ZN7testing8internal19FormatForComparisonIjjE6FormatB5cxx11ERKj
FN:379,381,_ZN7testing8internal19FormatForComparisonImiE6FormatB5cxx11ERKm
FN:379,381,_ZN7testing8internal19FormatForComparisonImmE6FormatB5cxx11ERKm
FN:459,462,_ZN7testing8internal33FormatForComparisonFailureMessageIbbEENSt7__cxx1112basic_stringIcSt11char_traitsIcESaIcEEERKT_RKT0_
FN:459,462,_ZN7testing8internal33FormatForComparisonFailureMessageIimEENSt7__cxx1112basic_stringIcSt11char_traitsIcESaIcEEERKT_RKT0_
FN:459,462,_ZN7testing8internal33FormatForComparisonFailureMessageIjjEENSt7__cxx1112basic_stringIcSt11char_traitsIcESaIcEEERKT_RKT0_
FN:459,462,_ZN7testing8internal33FormatForComparisonFailureMessageImiEENSt7__cxx1112basic_stringIcSt11char_traitsIcESaIcEEERKT_RKT0_
FN:459,462,_ZN7testing8internal33FormatForComparisonFailureMessageImmEENSt7__cxx1112basic_stringIcSt11char_traitsIcESaIcEEERKT_RKT0_
FN:486,488,_ZN7testing8internal7PrintToIiEEvRKT_PSo
FN:486,488,_ZN7testing8internal7PrintToIjEEvRKT_PSo
FN:486,488,_ZN7testing8internal7PrintToImEEvRKT_PSo
FN:505,507,_ZN7testing8internal7PrintToEbPSo
FN:835,845,_ZN7testing8internal16UniversalPrinterIbE5PrintERKbPSo
FN:835,845,_ZN7testing8internal16UniversalPrinterIiE5PrintERKiPSo
FN:835,845,_ZN7testing8internal16UniversalPrinterIjE5PrintERKjPSo
FN:835,845,_ZN7testing8internal16UniversalPrinterImE5PrintERKmPSo
FNDA:0,_ZN7testing8internal21UniversalTersePrinterIbE5PrintERKbPSo
FNDA:0,_ZN7testing8internal21UniversalTersePrinterIiE5PrintERKiPSo
FNDA:0,_ZN7testing8internal21UniversalTersePrinterIjE5PrintERKjPSo
FNDA:0,_ZN7testing8internal21UniversalTersePrinterImE5PrintERKmPSo
FNDA:0,_ZN7testing8internal14UniversalPrintIbEEvRKT_PSo
FNDA:0,_ZN7testing8internal14UniversalPrintIiEEvRKT_PSo
FNDA:0,_ZN7testing8internal14UniversalPrintIjEEvRKT_PSo
FNDA:0,_ZN7testing8internal14UniversalPrintImEEvRKT_PSo
FNDA:0,_ZN7testing13PrintToStringIbEENSt7__cxx1112basic_stringIcSt11char_traitsIcESaIcEEERKT_
FNDA:0,_ZN7testing13PrintToStringIiEENSt7__cxx1112basic_stringIcSt11char_traitsIcESaIcEEERKT_
FNDA:0,_ZN7testing13PrintToStringIjEENSt7__cxx1112basic_stringIcSt11char_traitsIcESaIcEEERKT_
FNDA:0,_ZN7testing13PrintToStringImEENSt7__cxx1112basic_stringIcSt11char_traitsIcESaIcEEERKT_
FNDA:0,_ZN7testing8internal52internal_stream_operator_without_lexical_name_lookup13StreamPrinter10PrintValueIivEEDTcvvlsdefp0_fp_ERKT_PSo
FNDA:0,_ZN7testing8internal52internal_stream_operator_without_lexical_name_lookup13StreamPrinter10PrintValueIjvEEDTcvvlsdefp0_fp_ERKT_PSo
FNDA:0,_ZN7testing8internal52internal_stream_operator_without_lexical_name_lookup13StreamPrinter10PrintValueImvEEDTcvvlsdefp0_fp_ERKT_PSo
FNDA:0,_ZN7testing8internal17PrintWithFallbackIiEEvRKT_PSo
FNDA:0,_ZN7testing8internal17PrintWithFallbackIjEEvRKT_PSo
FNDA:0,_ZN7testing8internal17PrintWithFallbackImEEvRKT_PSo
FNDA:0,_ZN7testing8internal19FormatForComparisonIbbE6FormatB5cxx11ERKb
FNDA:0,_ZN7testing8internal19FormatForComparisonIimE6FormatB5cxx11ERKi
FNDA:0,_ZN7testing8internal19FormatForComparisonIjjE6FormatB5cxx11ERKj
FNDA:0,_ZN7testing8internal19FormatForComparisonImiE6FormatB5cxx11ERKm
FNDA:0,_ZN7testing8internal19FormatForComparisonImmE6FormatB5cxx11ERKm
FNDA:0,_ZN7testing8internal33FormatForComparisonFailureMessageIbbEENSt7__cxx1112basic_stringIcSt11char_traitsIcESaIcEEERKT_RKT0_
FNDA:0,_ZN7testing8internal33FormatForComparisonFailureMessageIimEENSt7__cxx1112basic_stringIcSt11char_traitsIcESaIcEEERKT_RKT0_
FNDA:0,_ZN7testing8internal33FormatForComparisonFailureMessageIjjEENSt7__cxx1112basic_stringIcSt11char_traitsIcESaIcEEERKT_RKT0_
FNDA:0,_ZN7testing8internal33FormatForComparisonFailureMessageImiEENSt7__cxx1112basic_stringIcSt11char_traitsIcESaIcEEERKT_RKT0_
FNDA:0,_ZN7testing8internal33FormatForComparisonFailureMessageImmEENSt7__cxx1112basic_stringIcSt11char_traitsIcESaIcEEERKT_RKT0_
FNDA:0,_ZN7testing8internal7PrintToIiEEvRKT_PSo
FNDA:0,_ZN7testing8internal7PrintToIjEEvRKT_PSo
FNDA:0,_ZN7testing8internal7PrintToImEEvRKT_PSo
FNDA:0,_ZN7testing8internal7PrintToEbPSo
FNDA:0,_ZN7testing8internal16UniversalPrinterIbE5PrintERKbPSo
FNDA:0,_ZN7testing8internal16UniversalPrinterIiE5PrintERKiPSo
FNDA:0,_ZN7testing8internal16UniversalPrinterIjE5PrintERKjPSo
FNDA:0,_ZN7testing8internal16UniversalPrinterImE5PrintERKmPSo
FNF:36
FNH:0
DA:244,0
DA:248,0
DA:249,0
DA:348,0
DA:358,0
DA:359,0
DA:379,0
DA:380,0
DA:459,0
DA:461,0
DA:486,0
DA:487,0
DA:488,0
DA:505,0
DA:506,0
DA:507,0
DA:835,0
DA:844,0
DA:845,0
DA:1025,0
DA:1026,0
DA:1027,0
DA:1144,0
DA:1148,0
DA:1149,0
DA:1184,0
DA:1185,0
DA:1186,0
DA:1187,0
DA:1188,0
LF:30
LH:0
end_of_record
TN:
SF:/usr/local/include/gtest/gtest.h
FN:1374,1380,_ZN7testing8internal18CmpHelperEQFailureIbbEENS_15AssertionResultEPKcS4_RKT_RKT0_
FN:1374,1380,_ZN7testing8internal18CmpHelperEQFailureIimEENS_15AssertionResultEPKcS4_RKT_RKT0_
FN:1374,1380,_ZN7testing8internal18CmpHelperEQFailureIjjEENS_15AssertionResultEPKcS4_RKT_RKT0_
FN:1374,1380,_ZN7testing8internal18CmpHelperEQFailureImiEENS_15AssertionResultEPKcS4_RKT_RKT0_
FN:1374,1380,_ZN7testing8internal18CmpHelperEQFailureImmEENS_15AssertionResultEPKcS4_RKT_RKT0_
FN:1391,1399,_ZN7testing8internal11CmpHelperEQIbbEENS_15AssertionResultEPKcS4_RKT_RKT0_
FN:1391,1399,_ZN7testing8internal11CmpHelperEQIimEENS_15AssertionResultEPKcS4_RKT_RKT0_
FN:1391,1399,_ZN7testing8internal11CmpHelperEQIjjEENS_15AssertionResultEPKcS4_RKT_RKT0_
FN:1391,1399,_ZN7testing8internal11CmpHelperEQImiEENS_15AssertionResultEPKcS4_RKT_RKT0_
FN:1391,1399,_ZN7testing8internal11CmpHelperEQImmEENS_15AssertionResultEPKcS4_RKT_RKT0_
FN:1410,1414,_ZN7testing8internal8EqHelper7CompareIbbLPv0EEENS_15AssertionResultEPKcS6_RKT_RKT0_
FN:1410,1414,_ZN7testing8internal8EqHelper7CompareIimLPv0EEENS_15AssertionResultEPKcS6_RKT_RKT0_
FN:1410,1414,_ZN7testing8internal8EqHelper7CompareIjjLPv0EEENS_15AssertionResultEPKcS6_RKT_RKT0_
FN:1410,1414,_ZN7testing8internal8EqHelper7CompareImiLPv0EEENS_15AssertionResultEPKcS6_RKT_RKT0_
FN:1410,1414,_ZN7testing8internal8EqHelper7CompareImmLPv0EEENS_15AssertionResultEPKcS6_RKT_RKT0_
FN:2334,2334,_Z13RUN_ALL_TESTSv
FN:255,255,_ZN7testing4Test14SetUpTestSuiteEv
FN:263,263,_ZN7testing4Test17TearDownTestSuiteEv
FN:268,268,_ZN7testing4Test16TearDownTestCaseEv
FN:269,269,_ZN7testing4Test13SetUpTestCaseEv
FN:356,356,_ZN7testing4Test5SetupEv
FNDA:0,_ZN7testing8internal18CmpHelperEQFailureIbbEENS_15AssertionResultEPKcS4_RKT_RKT0_
FNDA:0,_ZN7testing8internal18CmpHelperEQFailureIimEENS_15AssertionResultEPKcS4_RKT_RKT0_
FNDA:0,_ZN7testing8internal18CmpHelperEQFailureIjjEENS_15AssertionResultEPKcS4_RKT_RKT0_
FNDA:0,_ZN7testing8internal18CmpHelperEQFailureImiEENS_15AssertionResultEPKcS4_RKT_RKT0_
FNDA:0,_ZN7testing8internal18CmpHelperEQFailureImmEENS_15AssertionResultEPKcS4_RKT_RKT0_
FNDA:3,_ZN7testing8internal11CmpHelperEQIbbEENS_15AssertionResultEPKcS4_RKT_RKT0_
FNDA:14,_ZN7testing8internal11CmpHelperEQIimEENS_15AssertionResultEPKcS4_RKT_RKT0_
FNDA:4,_ZN7testing8internal11CmpHelperEQIjjEENS_15AssertionResultEPKcS4_RKT_RKT0_
FNDA:5,_ZN7testing8internal11CmpHelperEQImiEENS_15AssertionResultEPKcS4_RKT_RKT0_
FNDA:4,_ZN7testing8internal11CmpHelperEQImmEENS_15AssertionResultEPKcS4_RKT_RKT0_
FNDA:3,_ZN7testing8internal8EqHelper7CompareIbbLPv0EEENS_15AssertionResultEPKcS6_RKT_RKT0_
FNDA:14,_ZN7testing8internal8EqHelper7CompareIimLPv0EEENS_15AssertionResultEPKcS6_RKT_RKT0_
FNDA:4,_ZN7testing8internal8EqHelper7CompareIjjLPv0EEENS_15AssertionResultEPKcS6_RKT_RKT0_
FNDA:5,_ZN7testing8internal8EqHelper7CompareImiLPv0EEENS_15AssertionResultEPKcS6_RKT_RKT0_
FNDA:4,_ZN7testing8internal8EqHelper7CompareImmLPv0EEENS_15AssertionResultEPKcS6_RKT_RKT0_
FNDA:1,_Z13RUN_ALL_TESTSv
FNDA:0,_ZN7testing4Test14SetUpTestSuiteEv
FNDA:0,_ZN7testing4Test17TearDownTestSuiteEv
FNDA:0,_ZN7testing4Test16TearDownTestCaseEv
FNDA:0,_ZN7testing4Test13SetUpTestCaseEv
FNDA:0,_ZN7testing4Test5SetupEv
FNF:21
FNH:11
DA:255,0
DA:263,0
DA:268,0
DA:269,0
DA:356,0
DA:1374,0
DA:1378,0
DA:1379,0
DA:1391,30
DA:1394,30
DA:1395,30
DA:1398,0
DA:1410,30
DA:1413,30
DA:2334,1
LF:15
LH:6
end_of_record
TN:
SF:/usr/local/include/gtest/internal/gtest-internal.h
FN:437,437,_ZN7testing8internal15TestFactoryBaseD0Ev
FN:437,437,_ZN7testing8internal15TestFactoryBaseD2Ev
FN:444,444,_ZN7testing8internal15TestFactoryBaseC2Ev
FN:456,456,_ZN7testing8internal15TestFactoryImplI28methods_tests_at_test_1_TestE10CreateTestEv
FN:456,456,_ZN7testing8internal15TestFactoryImplI28methods_tests_at_test_2_TestE10CreateTestEv
FN:456,456,_ZN7testing8internal15TestFactoryImplI28methods_tests_at_test_3_TestE10CreateTestEv
FN:456,456,_ZN7testing8internal15TestFactoryImplI30methods_tests_swap_test_1_TestE10CreateTestEv
FN:456,456,_ZN7testing8internal15TestFactoryImplI31methods_tests_clear_test_1_TestE10CreateTestEv
FN:456,456,_ZN7testing8internal15TestFactoryImplI31methods_tests_clear_test_2_TestE10CreateTestEv
FN:456,456,_ZN7testing8internal15TestFactoryImplI31methods_tests_clear_test_3_TestE10CreateTestEv
FN:456,456,_ZN7testing8internal15TestFactoryImplI31methods_tests_clear_test_4_TestE10CreateTestEv
FN:456,456,_ZN7testing8internal15TestFactoryImplI31methods_tests_erase_test_1_TestE10CreateTestEv
FN:456,456,_ZN7testing8internal15TestFactoryImplI31methods_tests_erase_test_2_TestE10CreateTestEv
FN:456,456,_ZN7testing8internal15TestFactoryImplI31methods_tests_erase_test_3_TestE10CreateTestEv
FN:456,456,_ZN7testing8internal15TestFactoryImplI31methods_tests_erase_test_4_TestE10CreateTestEv
FN:456,456,_ZN7testing8internal15TestFactoryImplI31methods_tests_erase_test_5_TestE10CreateTestEv
FN:456,456,_ZN7testing8internal15TestFactoryImplI32ctors_tests_empty_ctor_test_TestE10CreateTestEv
FN:456,456,_ZN7testing8internal15TestFactoryImplI32methods_tests_insert_test_1_TestE10CreateTestEv
FN:456,456,_ZN7testing8internal15TestFactoryImplI32methods_tests_insert_test_2_TestE10CreateTestEv
FN:456,456,_ZN7testing8internal15TestFactoryImplI32methods_tests_insert_test_3_TestE10CreateTestEv
FN:456,456,_ZN7testing8internal15TestFactoryImplI32methods_tests_insert_test_4_TestE10CreateTestEv
FN:456,456,_ZN7testing8internal15TestFactoryImplI32methods_tests_insert_test_5_TestE10CreateTestEv
FN:456,456,_ZN7testing8internal15TestFactoryImplI34ctors_tests_copy_cstor_test_1_TestE10CreateTestEv
FN:456,456,_ZN7testing8internal15TestFactoryImplI34ctors_tests_copy_cstor_test_2_TestE10CreateTestEv
FN:456,456,_ZN7testing8internal15TestFactoryImplI34ctors_tests_move_cstor_test_1_TestE10CreateTestEv
FN:456,456,_ZN7testing8internal15TestFactoryImplI34ctors_tests_move_cstor_test_2_TestE10CreateTestEv
FN:456,456,_ZN7testing8internal15TestFactoryImplI35methods_tests_rehashing_test_1_TestE10CreateTestEv
FN:456,456,_ZN7testing8internal15TestFactoryImplI35methods_tests_rehashing_test_2_TestE10CreateTestEv
FN:456,456,_ZN7testing8internal15TestFactoryImplI35operators_tests_isEqual_test_1_TestE10CreateTestEv
FN:456,456,_ZN7testing8internal15TestFactoryImplI35operators_tests_isEqual_test_2_TestE10CreateTestEv
FN:456,456,_ZN7testing8internal15TestFactoryImplI35operators_tests_isEqual_test_3_TestE10CreateTestEv
FN:456,456,_ZN7testing8internal15TestFactoryImplI35operators_tests_isEqual_test_4_TestE10CreateTestEv
FN:456,456,_ZN7testing8internal15TestFactoryImplI35operators_tests_isEqual_test_5_TestE10CreateTestEv
FN:456,456,_ZN7testing8internal15TestFactoryImplI36operators_tests_brackets_test_1_TestE10CreateTestEv
FN:456,456,_ZN7testing8internal15TestFactoryImplI36operators_tests_brackets_test_2_TestE10CreateTestEv
FN:456,456,_ZN7testing8internal15TestFactoryImplI38ctors_tests_capacity_cstor_test_1_TestE10CreateTestEv
FN:456,456,_ZN7testing8internal15TestFactoryImplI38ctors_tests_capacity_cstor_test_2_TestE10CreateTestEv
FN:456,456,_ZN7testing8internal15TestFactoryImplI38operators_tests_isNotEqual_test_1_TestE10CreateTestEv
FN:456,456,_ZN7testing8internal15TestFactoryImplI38operators_tests_isNotEqual_test_2_TestE10CreateTestEv
FN:456,456,_ZN7testing8internal15TestFactoryImplI43operators_tests_copy_assignment_test_1_TestE10CreateTestEv
FN:456,456,_ZN7testing8internal15TestFactoryImplI43operators_tests_copy_assignment_test_2_TestE10CreateTestEv
FN:456,456,_ZN7testing8internal15TestFactoryImplI43operators_tests_copy_assignment_test_3_TestE10CreateTestEv
FN:456,456,_ZN7testing8internal15TestFactoryImplI43operators_tests_move_assignment_test_2_TestE10CreateTestEv
FN:456,456,_ZN7testing8internal15TestFactoryImplI43operators_tests_move_assignment_test_3_TestE10CreateTestEv
FN:456,456,_ZN7testing8internal15TestFactoryImplI43operators_tests_move_assignment_test_4_TestE10CreateTestEv
FN:477,478,_ZN7testing8internal12CodeLocationC2ENSt7__cxx1112basic_stringIcSt11char_traitsIcESaIcEEEi
FN:490,493,_ZN7testing8internal19GetNotDefaultOrNullEPFvvES2_
FN:505,524,_ZN7testing8internal16SuiteApiResolverINS_4TestEE19GetSetUpCaseOrSuiteEPKci
FN:526,545,_ZN7testing8internal16SuiteApiResolverINS_4TestEE22GetTearDownCaseOrSuiteEPKci
FN:837,837,_ZN7testing8internal14TrueWithStringC2Ev
FN:840,840,_ZNK7testing8internal14TrueWithStringcvbEv
FNDA:0,_ZN7testing8internal15TestFactoryBaseD0Ev
FNDA:42,_ZN7testing8internal15TestFactoryBaseD2Ev
FNDA:42,_ZN7testing8internal15TestFactoryBaseC2Ev
FNDA:1,_ZN7testing8internal15TestFactoryImplI28methods_tests_at_test_1_TestE10CreateTestEv
FNDA:1,_ZN7testing8internal15TestFactoryImplI28methods_tests_at_test_2_TestE10CreateTestEv
FNDA:1,_ZN7testing8internal15TestFactoryImplI28methods_tests_at_test_3_TestE10CreateTestEv
FNDA:1,_ZN7testing8internal15TestFactoryImplI30methods_tests_swap_test_1_TestE10CreateTestEv
FNDA:1,_ZN7testing8internal15TestFactoryImplI31methods_tests_clear_test_1_TestE10CreateTestEv
FNDA:1,_ZN7testing8internal15TestFactoryImplI31methods_tests_clear_test_2_TestE10CreateTestEv
FNDA:1,_ZN7testing8internal15TestFactoryImplI31methods_tests_clear_test_3_TestE10CreateTestEv
FNDA:1,_ZN7testing8internal15TestFactoryImplI31methods_tests_clear_test_4_TestE10CreateTestEv
FNDA:1,_ZN7testing8internal15TestFactoryImplI31methods_tests_erase_test_1_TestE10CreateTestEv
FNDA:1,_ZN7testing8internal15TestFactoryImplI31methods_tests_erase_test_2_TestE10CreateTestEv
FNDA:1,_ZN7testing8internal15TestFactoryImplI31methods_tests_erase_test_3_TestE10CreateTestEv
FNDA:1,_ZN7testing8internal15TestFactoryImplI31methods_tests_erase_test_4_TestE10CreateTestEv
FNDA:1,_ZN7testing8internal15TestFactoryImplI31methods_tests_erase_test_5_TestE10CreateTestEv
FNDA:1,_ZN7testing8internal15TestFactoryImplI32ctors_tests_empty_ctor_test_TestE10CreateTestEv
FNDA:1,_ZN7testing8internal15TestFactoryImplI32methods_tests_insert_test_1_TestE10CreateTestEv
FNDA:1,_ZN7testing8internal15TestFactoryImplI32methods_tests_insert_test_2_TestE10CreateTestEv
FNDA:1,_ZN7testing8internal15TestFactoryImplI32methods_tests_insert_test_3_TestE10CreateTestEv
FNDA:1,_ZN7testing8internal15TestFactoryImplI32methods_tests_insert_test_4_TestE10CreateTestEv
FNDA:1,_ZN7testing8internal15TestFactoryImplI32methods_tests_insert_test_5_TestE10CreateTestEv
FNDA:1,_ZN7testing8internal15TestFactoryImplI34ctors_tests_copy_cstor_test_1_TestE10CreateTestEv
FNDA:1,_ZN7testing8internal15TestFactoryImplI34ctors_tests_copy_cstor_test_2_TestE10CreateTestEv
FNDA:1,_ZN7testing8internal15TestFactoryImplI34ctors_tests_move_cstor_test_1_TestE10CreateTestEv
FNDA:1,_ZN7testing8internal15TestFactoryImplI34ctors_tests_move_cstor_test_2_TestE10CreateTestEv
FNDA:1,_ZN7testing8internal15TestFactoryImplI35methods_tests_rehashing_test_1_TestE10CreateTestEv
FNDA:1,_ZN7testing8internal15TestFactoryImplI35methods_tests_rehashing_test_2_TestE10CreateTestEv
FNDA:1,_ZN7testing8internal15TestFactoryImplI35operators_tests_isEqual_test_1_TestE10CreateTestEv
FNDA:1,_ZN7testing8internal15TestFactoryImplI35operators_tests_isEqual_test_2_TestE10CreateTestEv
FNDA:1,_ZN7testing8internal15TestFactoryImplI35operators_tests_isEqual_test_3_TestE10CreateTestEv
FNDA:1,_ZN7testing8internal15TestFactoryImplI35operators_tests_isEqual_test_4_TestE10CreateTestEv
FNDA:1,_ZN7testing8internal15TestFactoryImplI35operators_tests_isEqual_test_5_TestE10CreateTestEv
FNDA:1,_ZN7testing8internal15TestFactoryImplI36operators_tests_brackets_test_1_TestE10CreateTestEv
FNDA:1,_ZN7testing8internal15TestFactoryImplI36operators_tests_brackets_test_2_TestE10CreateTestEv
FNDA:1,_ZN7testing8internal15TestFactoryImplI38ctors_tests_capacity_cstor_test_1_TestE10CreateTestEv
FNDA:1,_ZN7testing8internal15TestFactoryImplI38ctors_tests_capacity_cstor_test_2_TestE10CreateTestEv
FNDA:1,_ZN7testing8internal15TestFactoryImplI38operators_tests_isNotEqual_test_1_TestE10CreateTestEv
FNDA:1,_ZN7testing8internal15TestFactoryImplI38operators_tests_isNotEqual_test_2_TestE10CreateTestEv
FNDA:1,_ZN7testing8internal15TestFactoryImplI43operators_tests_copy_assignment_test_1_TestE10CreateTestEv
FNDA:1,_ZN7testing8internal15TestFactoryImplI43operators_tests_copy_assignment_test_2_TestE10CreateTestEv
FNDA:1,_ZN7testing8internal15TestFactoryImplI43operators_tests_copy_assignment_test_3_TestE10CreateTestEv
FNDA:1,_ZN7testing8internal15TestFactoryImplI43operators_tests_move_assignment_test_2_TestE10CreateTestEv
FNDA:1,_ZN7testing8internal15TestFactoryImplI43operators_tests_move_assignment_test_3_TestE10CreateTestEv
FNDA:1,_ZN7testing8internal15TestFactoryImplI43operators_tests_move_assignment_test_4_TestE10CreateTestEv
FNDA:42,_ZN7testing8internal12CodeLocationC2ENSt7__cxx1112basic_stringIcSt11char_traitsIcESaIcEEEi
FNDA:168,_ZN7testing8internal19GetNotDefaultOrNullEPFvvES2_
FNDA:42,_ZN7testing8internal16SuiteApiResolverINS_4TestEE19GetSetUpCaseOrSuiteEPKci
FNDA:42,_ZN7testing8internal16SuiteApiResolverINS_4TestEE22GetTearDownCaseOrSuiteEPKci
FNDA:6,_ZN7testing8internal14TrueWithStringC2Ev
FNDA:6,_ZNK7testing8internal14TrueWithStringcvbEv
FNF:51
FNH:50
DA:437,42
DA:444,42
DA:456,42
DA:477,42
DA:478,42
DA:490,168
DA:492,168
DA:505,42
DA:509,42
DA:511,42
DA:513,42
DA:516,0
DA:518,42
DA:526,42
DA:530,42
DA:532,42
DA:534,42
DA:537,0
DA:539,42
DA:837,6
DA:840,6
LF:21
LH:19
end_of_record
TN:
SF:/usr/local/include/gtest/internal/gtest-port.h
FN:1082,1082,_ZN7testing8internal8GTestLog9GetStreamEv
FNDA:0,_ZN7testing8internal8GTestLog9GetStreamEv
FNF:1
FNH:0
DA:1082,0
LF:1
LH:0
end_of_record
TN:
SF:/usr/local/include/gtest/internal/gtest-type-util.h
FN:61,87,_ZN7testing8internal31CanonicalizeForStdLibVersioningENSt7__cxx1112basic_stringIcSt11char_traitsIcESaIcEEE
FN:91,121,_ZN7testing8internal11GetTypeNameB5cxx11ERKSt9type_info
FNDA:0,_ZN7testing8internal31CanonicalizeForStdLibVersioningENSt7__cxx1112basic_stringIcSt11char_traitsIcESaIcEEE
FNDA:0,_ZN7testing8internal11GetTypeNameB5cxx11ERKSt9type_info
FNF:2
FNH:0
DA:61,0
DA:63,0
DA:64,0
DA:65,0
DA:67,0
DA:74,0
DA:75,0
DA:78,0
DA:79,0
DA:80,0
DA:83,0
DA:84,0
DA:86,0
DA:91,0
DA:92,0
DA:94,0
DA:100,0
DA:101,0
DA:102,0
DA:103,0
DA:121,0
LF:21
LH:0
end_of_record
